2020-11-17 17:15:15 I/Net 1291517893: Connected to server 42.81.169.46:8080
2020-11-17 17:15:15 V/Net 1291517893: Send: wtlogin.login
2020-11-17 17:15:15 V/Net 1291517893: Recv: LoginPacketResponse.Success
2020-11-17 17:15:15 I/Net 1291517893: Login successful
2020-11-17 17:15:16 V/Net 1291517893: Send: StatSvc.register
2020-11-17 17:15:16 V/Net 1291517893: Recv: Response(StatSvc.register)
2020-11-17 17:15:16 I/Net 1291517893: 开始加载好友信息
2020-11-17 17:15:16 I/Net 1291517893: 开始加载群组列表与群成员列表
2020-11-17 17:15:16 V/Net 1291517893: Send: friendlist.getFriendGroupList
2020-11-17 17:15:16 V/Net 1291517893: Send: friendlist.GetTroopListReqV2
2020-11-17 17:15:16 V/Net 1291517893: Recv: FriendList.GetFriendGroupList.Response
2020-11-17 17:15:16 V/Net 1291517893: 正在加载好友列表 3/3
2020-11-17 17:15:16 I/Net 1291517893: 好友列表加载完成, 共 3个
2020-11-17 17:15:16 V/Net 1291517893: Recv: FriendList.GetFriendGroupList.Response
2020-11-17 17:15:16 V/Net 1291517893: Send: OidbSvc.0x88d_7
2020-11-17 17:15:16 V/Net 1291517893: Send: OidbSvc.0x88d_7
2020-11-17 17:15:16 V/Net 1291517893: Send: OidbSvc.0x88d_7
2020-11-17 17:15:16 V/Net 1291517893: Send: OidbSvc.0x88d_7
2020-11-17 17:15:16 V/Net 1291517893: Send: friendlist.GetTroopMemberListReq
2020-11-17 17:15:16 V/Net 1291517893: Send: friendlist.GetTroopMemberListReq
2020-11-17 17:15:16 V/Net 1291517893: Send: friendlist.GetTroopMemberListReq
2020-11-17 17:15:16 V/Net 1291517893: Send: friendlist.GetTroopMemberListReq
2020-11-17 17:15:17 V/Net 1291517893: Recv: FriendList.GetTroopMemberList.Response
2020-11-17 17:15:17 V/Net 1291517893: Send: friendlist.GetTroopMemberListReq
2020-11-17 17:15:17 V/Net 1291517893: Recv: FriendList.GetTroopMemberList.Response
2020-11-17 17:15:17 V/Net 1291517893: Recv: FriendList.GetTroopMemberList.Response
2020-11-17 17:15:17 V/Net 1291517893: Recv: FriendList.GetTroopMemberList.Response
2020-11-17 17:15:17 V/Net 1291517893: Send: friendlist.GetTroopMemberListReq
2020-11-17 17:15:17 V/Net 1291517893: Recv: FriendList.GetTroopMemberList.Response
2020-11-17 17:15:17 V/Net 1291517893: Recv: FriendList.GetTroopMemberList.Response
2020-11-17 17:15:17 I/Net 1291517893: 群组列表与群成员加载完成, 共 4个
2020-11-17 17:15:17 I/Net 1291517893: Awaiting ConfigPushSvc.PushReq
2020-11-17 17:15:17 I/Net 1291517893: Syncing friend message history...
2020-11-17 17:15:17 V/Net 1291517893: Send: MessageSvc.PbGetMsg
2020-11-17 17:15:17 V/Net 1291517893: Send: MessageSvc.PbDeleteMsg
2020-11-17 17:15:17 V/Net 1291517893: Send: MessageSvc.PbGetMsg
2020-11-17 17:15:18 V/Net 1291517893: Send: MessageSvc.PbDeleteMsg
2020-11-17 17:15:18 I/Net 1291517893: Syncing friend message history: Success
2020-11-17 17:15:19 V/Net 1291517893: Recv: ConfigPushSvc.PushReq.PushReqResponse.Success
2020-11-17 17:15:19 V/Net 1291517893: Send: ConfigPushSvc.PushResp
2020-11-17 17:15:19 I/Net 1291517893: ConfigPushSvc.PushReq: Success
2020-11-17 17:15:19 D/Net 1291517893: Received unknown commandName: ConfigPushSvc.PushDomain
2020-11-17 17:15:19 V/Net 1291517893: Recv: ConfigPushSvc.PushReq.PushReqResponse.Success
2020-11-17 17:15:19 V/Net 1291517893: Send: ConfigPushSvc.PushResp
2020-11-17 17:16:16 V/Net 1291517893: Send: Heartbeat.Alive
2020-11-17 17:16:16 V/Net 1291517893: Recv: Heartbeat.Alive.Response
2020-11-17 17:17:16 V/Net 1291517893: Send: Heartbeat.Alive
2020-11-17 17:17:16 V/Net 1291517893: Recv: Heartbeat.Alive.Response
2020-11-17 17:18:16 V/Net 1291517893: Send: Heartbeat.Alive
2020-11-17 17:18:16 V/Net 1291517893: Recv: Heartbeat.Alive.Response
2020-11-17 17:19:16 V/Net 1291517893: Send: Heartbeat.Alive
2020-11-17 17:19:16 V/Net 1291517893: Recv: Heartbeat.Alive.Response
2020-11-17 17:20:16 V/Net 1291517893: Send: Heartbeat.Alive
2020-11-17 17:20:16 V/Net 1291517893: Recv: Heartbeat.Alive.Response
2020-11-17 17:21:16 V/Net 1291517893: Send: Heartbeat.Alive
2020-11-17 17:21:16 V/Net 1291517893: Recv: Heartbeat.Alive.Response
2020-11-17 17:22:16 V/Net 1291517893: Send: Heartbeat.Alive
2020-11-17 17:22:16 V/Net 1291517893: Recv: Heartbeat.Alive.Response
2020-11-17 17:23:16 V/Net 1291517893: Send: Heartbeat.Alive
2020-11-17 17:23:17 V/Net 1291517893: Recv: Heartbeat.Alive.Response
2020-11-17 17:24:17 V/Net 1291517893: Send: Heartbeat.Alive
2020-11-17 17:24:17 V/Net 1291517893: Recv: Heartbeat.Alive.Response
2020-11-17 17:25:17 V/Net 1291517893: Send: Heartbeat.Alive
2020-11-17 17:25:17 V/Net 1291517893: Recv: Heartbeat.Alive.Response
2020-11-17 17:26:17 V/Net 1291517893: Send: Heartbeat.Alive
2020-11-17 17:26:17 V/Net 1291517893: Recv: Heartbeat.Alive.Response
2020-11-17 17:27:17 V/Net 1291517893: Send: Heartbeat.Alive
2020-11-17 17:27:17 V/Net 1291517893: Recv: Heartbeat.Alive.Response
2020-11-17 17:28:17 V/Net 1291517893: Send: Heartbeat.Alive
2020-11-17 17:28:17 V/Net 1291517893: Recv: Heartbeat.Alive.Response
2020-11-17 17:29:17 V/Net 1291517893: Send: Heartbeat.Alive
2020-11-17 17:29:17 V/Net 1291517893: Recv: Heartbeat.Alive.Response
2020-11-17 17:30:17 V/Net 1291517893: Send: Heartbeat.Alive
2020-11-17 17:30:17 V/Net 1291517893: Recv: Heartbeat.Alive.Response
2020-11-17 17:31:17 V/Net 1291517893: Send: Heartbeat.Alive
2020-11-17 17:31:17 V/Net 1291517893: Recv: Heartbeat.Alive.Response
2020-11-17 17:32:01 I/Net 1291517893: Connected to server 42.81.172.81:80
2020-11-17 17:32:01 V/Net 1291517893: Send: wtlogin.login
2020-11-17 17:32:01 V/Net 1291517893: Recv: LoginPacketResponse.Success
2020-11-17 17:32:01 I/Net 1291517893: Login successful
2020-11-17 17:32:01 V/Net 1291517893: Send: StatSvc.register
2020-11-17 17:32:01 V/Net 1291517893: Recv: Response(StatSvc.register)
2020-11-17 17:32:01 I/Net 1291517893: Syncing friend message history...
2020-11-17 17:32:01 V/Net 1291517893: Send: MessageSvc.PbGetMsg
2020-11-17 17:32:01 I/Net 1291517893: Syncing friend message history: Success
2020-11-17 17:32:04 D/Net 1291517893: Received unknown commandName: ConfigPushSvc.PushDomain
2020-11-17 17:32:04 V/Net 1291517893: Recv: ConfigPushSvc.PushReq.PushReqResponse.Success
2020-11-17 17:32:04 V/Net 1291517893: Send: ConfigPushSvc.PushResp
2020-11-17 17:33:01 V/Net 1291517893: Send: Heartbeat.Alive
2020-11-17 17:33:01 V/Net 1291517893: Recv: Heartbeat.Alive.Response
2020-11-17 17:34:01 V/Net 1291517893: Send: Heartbeat.Alive
2020-11-17 17:34:02 V/Net 1291517893: Recv: Heartbeat.Alive.Response
2020-11-17 17:35:02 V/Net 1291517893: Send: Heartbeat.Alive
2020-11-17 17:35:02 V/Net 1291517893: Recv: Heartbeat.Alive.Response
2020-11-17 17:36:02 V/Net 1291517893: Send: Heartbeat.Alive
2020-11-17 17:36:02 V/Net 1291517893: Recv: Heartbeat.Alive.Response
2020-11-17 17:37:02 V/Net 1291517893: Send: Heartbeat.Alive
2020-11-17 17:37:02 V/Net 1291517893: Recv: Heartbeat.Alive.Response
2020-11-17 17:38:02 V/Net 1291517893: Send: Heartbeat.Alive
2020-11-17 17:38:02 V/Net 1291517893: Recv: Heartbeat.Alive.Response
2020-11-17 17:39:02 V/Net 1291517893: Send: Heartbeat.Alive
2020-11-17 17:39:02 V/Net 1291517893: Recv: Heartbeat.Alive.Response
2020-11-17 17:40:02 V/Net 1291517893: Send: Heartbeat.Alive
2020-11-17 17:40:02 V/Net 1291517893: Recv: Heartbeat.Alive.Response
2020-11-17 17:41:02 V/Net 1291517893: Send: Heartbeat.Alive
2020-11-17 17:41:02 V/Net 1291517893: Recv: Heartbeat.Alive.Response
2020-11-17 17:42:02 V/Net 1291517893: Send: Heartbeat.Alive
2020-11-17 17:42:02 V/Net 1291517893: Recv: Heartbeat.Alive.Response
2020-11-17 17:43:02 V/Net 1291517893: Send: Heartbeat.Alive
2020-11-17 17:43:03 V/Net 1291517893: Recv: Heartbeat.Alive.Response
2020-11-17 17:44:03 V/Net 1291517893: Send: Heartbeat.Alive
2020-11-17 17:44:03 V/Net 1291517893: Recv: Heartbeat.Alive.Response
2020-11-17 17:45:03 V/Net 1291517893: Send: Heartbeat.Alive
2020-11-17 17:45:03 V/Net 1291517893: Recv: Heartbeat.Alive.Response
2020-11-17 17:46:03 V/Net 1291517893: Send: Heartbeat.Alive
2020-11-17 17:46:03 V/Net 1291517893: Recv: Heartbeat.Alive.Response
2020-11-17 17:47:03 V/Net 1291517893: Send: Heartbeat.Alive
2020-11-17 17:47:05 V/Net 1291517893: Recv: Heartbeat.Alive.Response
2020-11-17 17:48:05 V/Net 1291517893: Send: Heartbeat.Alive
2020-11-17 17:48:05 V/Net 1291517893: Recv: Heartbeat.Alive.Response
2020-11-17 17:48:47 I/Net 1291517893: Connected to server 114.221.148.59:14000
2020-11-17 17:48:47 V/Net 1291517893: Send: wtlogin.login
2020-11-17 17:48:47 V/Net 1291517893: Recv: LoginPacketResponse.Success
2020-11-17 17:48:47 I/Net 1291517893: Login successful
2020-11-17 17:48:47 V/Net 1291517893: Send: StatSvc.register
2020-11-17 17:48:47 V/Net 1291517893: Recv: Response(StatSvc.register)
2020-11-17 17:48:47 I/Net 1291517893: Syncing friend message history...
2020-11-17 17:48:47 V/Net 1291517893: Send: MessageSvc.PbGetMsg
2020-11-17 17:48:47 I/Net 1291517893: Syncing friend message history: Success
2020-11-17 17:48:50 V/Net 1291517893: Recv: ConfigPushSvc.PushReq.PushReqResponse.Success
2020-11-17 17:48:50 V/Net 1291517893: Send: ConfigPushSvc.PushResp
2020-11-17 17:48:50 D/Net 1291517893: Received unknown commandName: ConfigPushSvc.PushDomain
2020-11-17 17:48:50 V/Net 1291517893: Recv: ConfigPushSvc.PushReq.PushReqResponse.Success
2020-11-17 17:48:50 V/Net 1291517893: Send: ConfigPushSvc.PushResp
2020-11-17 17:49:47 V/Net 1291517893: Send: Heartbeat.Alive
2020-11-17 17:49:47 V/Net 1291517893: Recv: Heartbeat.Alive.Response
2020-11-17 17:50:47 V/Net 1291517893: Send: Heartbeat.Alive
2020-11-17 17:50:47 V/Net 1291517893: Recv: Heartbeat.Alive.Response
2020-11-17 17:51:47 V/Net 1291517893: Send: Heartbeat.Alive
2020-11-17 17:51:48 V/Net 1291517893: Recv: Heartbeat.Alive.Response
2020-11-17 17:52:48 V/Net 1291517893: Send: Heartbeat.Alive
2020-11-17 17:52:48 V/Net 1291517893: Recv: Heartbeat.Alive.Response
2020-11-17 17:53:48 V/Net 1291517893: Send: Heartbeat.Alive
2020-11-17 17:53:48 V/Net 1291517893: Recv: Heartbeat.Alive.Response
2020-11-17 17:54:48 V/Net 1291517893: Send: Heartbeat.Alive
2020-11-17 17:54:48 V/Net 1291517893: Recv: Heartbeat.Alive.Response
2020-11-17 17:55:48 V/Net 1291517893: Send: Heartbeat.Alive
2020-11-17 17:55:48 V/Net 1291517893: Recv: Heartbeat.Alive.Response
2020-11-17 17:56:48 V/Net 1291517893: Send: Heartbeat.Alive
2020-11-17 17:56:48 V/Net 1291517893: Recv: Heartbeat.Alive.Response
2020-11-17 17:57:48 V/Net 1291517893: Send: Heartbeat.Alive
2020-11-17 17:57:48 V/Net 1291517893: Recv: Heartbeat.Alive.Response
2020-11-17 17:58:48 V/Net 1291517893: Send: Heartbeat.Alive
2020-11-17 17:58:49 V/Net 1291517893: Recv: Heartbeat.Alive.Response
2020-11-17 17:59:49 V/Net 1291517893: Send: Heartbeat.Alive
2020-11-17 17:59:49 V/Net 1291517893: Recv: Heartbeat.Alive.Response
2020-11-17 18:00:49 V/Net 1291517893: Send: Heartbeat.Alive
2020-11-17 18:00:50 V/Net 1291517893: Recv: Heartbeat.Alive.Response
2020-11-17 18:01:50 V/Net 1291517893: Send: Heartbeat.Alive
2020-11-17 18:01:50 V/Net 1291517893: Recv: Heartbeat.Alive.Response
2020-11-17 18:02:50 V/Net 1291517893: Send: Heartbeat.Alive
2020-11-17 18:02:50 V/Net 1291517893: Recv: Heartbeat.Alive.Response
2020-11-17 18:03:50 V/Net 1291517893: Send: Heartbeat.Alive
2020-11-17 18:03:50 V/Net 1291517893: Recv: Heartbeat.Alive.Response
2020-11-17 18:04:50 V/Net 1291517893: Send: Heartbeat.Alive
2020-11-17 18:04:50 V/Net 1291517893: Recv: Heartbeat.Alive.Response
2020-11-17 18:05:33 I/Net 1291517893: Connected to server 42.81.172.147:443
2020-11-17 18:05:33 V/Net 1291517893: Send: wtlogin.login
2020-11-17 18:05:33 V/Net 1291517893: Recv: LoginPacketResponse.Success
2020-11-17 18:05:33 I/Net 1291517893: Login successful
2020-11-17 18:05:33 V/Net 1291517893: Send: StatSvc.register
2020-11-17 18:05:33 V/Net 1291517893: Recv: Response(StatSvc.register)
2020-11-17 18:05:33 I/Net 1291517893: Syncing friend message history...
2020-11-17 18:05:33 V/Net 1291517893: Send: MessageSvc.PbGetMsg
2020-11-17 18:05:33 I/Net 1291517893: Syncing friend message history: Success
2020-11-17 18:05:36 V/Net 1291517893: Recv: ConfigPushSvc.PushReq.PushReqResponse.Success
2020-11-17 18:05:36 V/Net 1291517893: Send: ConfigPushSvc.PushResp
2020-11-17 18:05:36 D/Net 1291517893: Received unknown commandName: ConfigPushSvc.PushDomain
2020-11-17 18:05:36 V/Net 1291517893: Recv: ConfigPushSvc.PushReq.PushReqResponse.Success
2020-11-17 18:05:36 V/Net 1291517893: Send: ConfigPushSvc.PushResp
2020-11-17 18:06:33 V/Net 1291517893: Send: Heartbeat.Alive
2020-11-17 18:06:33 V/Net 1291517893: Recv: Heartbeat.Alive.Response
2020-11-17 18:07:33 V/Net 1291517893: Send: Heartbeat.Alive
2020-11-17 18:07:33 V/Net 1291517893: Recv: Heartbeat.Alive.Response
2020-11-17 18:08:33 V/Net 1291517893: Send: Heartbeat.Alive
2020-11-17 18:08:33 V/Net 1291517893: Recv: Heartbeat.Alive.Response
2020-11-17 18:09:33 V/Net 1291517893: Send: Heartbeat.Alive
2020-11-17 18:09:34 V/Net 1291517893: Recv: Heartbeat.Alive.Response
2020-11-17 18:10:34 V/Net 1291517893: Send: Heartbeat.Alive
2020-11-17 18:10:34 V/Net 1291517893: Recv: Heartbeat.Alive.Response
2020-11-17 18:11:34 V/Net 1291517893: Send: Heartbeat.Alive
2020-11-17 18:11:34 V/Net 1291517893: Recv: Heartbeat.Alive.Response
2020-11-17 18:12:34 V/Net 1291517893: Send: Heartbeat.Alive
2020-11-17 18:12:34 V/Net 1291517893: Recv: Heartbeat.Alive.Response
2020-11-17 18:13:34 V/Net 1291517893: Send: Heartbeat.Alive
2020-11-17 18:13:34 V/Net 1291517893: Recv: Heartbeat.Alive.Response
2020-11-17 18:14:34 V/Net 1291517893: Send: Heartbeat.Alive
2020-11-17 18:14:34 V/Net 1291517893: Recv: Heartbeat.Alive.Response
2020-11-17 18:15:34 V/Net 1291517893: Send: Heartbeat.Alive
2020-11-17 18:15:34 V/Net 1291517893: Recv: Heartbeat.Alive.Response
2020-11-17 18:16:34 V/Net 1291517893: Send: Heartbeat.Alive
2020-11-17 18:16:34 V/Net 1291517893: Recv: Heartbeat.Alive.Response
2020-11-17 18:17:34 V/Net 1291517893: Send: Heartbeat.Alive
2020-11-17 18:17:34 V/Net 1291517893: Recv: Heartbeat.Alive.Response
2020-11-17 18:18:34 V/Net 1291517893: Send: Heartbeat.Alive
2020-11-17 18:18:34 V/Net 1291517893: Recv: Heartbeat.Alive.Response
2020-11-17 18:19:34 V/Net 1291517893: Send: Heartbeat.Alive
2020-11-17 18:19:35 V/Net 1291517893: Recv: Heartbeat.Alive.Response
2020-11-17 18:20:35 V/Net 1291517893: Send: Heartbeat.Alive
2020-11-17 18:20:35 V/Net 1291517893: Recv: Heartbeat.Alive.Response
2020-11-17 18:21:35 V/Net 1291517893: Send: Heartbeat.Alive
2020-11-17 18:21:40 V/Net 1291517893: Send: Heartbeat.Alive
2020-11-17 18:21:45 V/Net 1291517893: Send: Heartbeat.Alive
2020-11-17 18:21:50 V/Net 1291517893: Send: Heartbeat.Alive
2020-11-17 18:21:55 V/Net 1291517893: Send: Heartbeat.Alive
2020-11-17 18:22:00 V/Net 1291517893: Send: Heartbeat.Alive
2020-11-17 18:22:12 I/Net 1291517893: Connected to server 125.94.60.146:80
2020-11-17 18:22:12 V/Net 1291517893: Send: wtlogin.login
2020-11-17 18:22:17 V/Net 1291517893: Recv: LoginPacketResponse.Success
2020-11-17 18:22:17 I/Net 1291517893: Login successful
2020-11-17 18:22:17 V/Net 1291517893: Send: StatSvc.register
2020-11-17 18:22:20 V/Net 1291517893: Send: StatSvc.register
2020-11-17 18:22:21 V/Net 1291517893: Recv: Response(StatSvc.register)
2020-11-17 18:22:22 I/Net 1291517893: Syncing friend message history...
2020-11-17 18:22:22 I/Net 1291517893: Syncing friend message history...
2020-11-17 18:22:22 V/Net 1291517893: Send: MessageSvc.PbGetMsg
2020-11-17 18:22:22 V/Net 1291517893: Send: MessageSvc.PbGetMsg
2020-11-17 18:22:23 D/Net 1291517893: Received unknown commandName: ConfigPushSvc.PushDomain
2020-11-17 18:22:27 V/Net 1291517893: Send: MessageSvc.PbGetMsg
2020-11-17 18:22:27 V/Net 1291517893: Send: MessageSvc.PbGetMsg
2020-11-17 18:22:32 V/Net 1291517893: Send: MessageSvc.PbGetMsg
2020-11-17 18:22:32 V/Net 1291517893: Send: MessageSvc.PbGetMsg
2020-11-17 18:23:22 V/Net 1291517893: Send: Heartbeat.Alive
2020-11-17 18:23:22 V/Net 1291517893: Recv: Heartbeat.Alive.Response
2020-11-17 18:24:22 V/Net 1291517893: Send: Heartbeat.Alive
2020-11-17 18:24:22 V/Net 1291517893: Recv: Heartbeat.Alive.Response
2020-11-17 18:25:22 V/Net 1291517893: Send: Heartbeat.Alive
2020-11-17 18:25:23 V/Net 1291517893: Recv: Heartbeat.Alive.Response
2020-11-17 18:26:05 V/Net 1291517893: Send: MessageSvc.PbSendMsg
2020-11-17 18:26:06 V/Net 1291517893: Recv: MessageSvcPbSendMsg.Response.SUCCESS
2020-11-17 18:26:23 V/Net 1291517893: Send: Heartbeat.Alive
2020-11-17 18:26:23 V/Net 1291517893: Recv: Heartbeat.Alive.Response
2020-11-17 18:26:28 V/Net 1291517893: Send: MessageSvc.PbSendMsg
2020-11-17 18:26:28 V/Net 1291517893: Recv: MessageSvcPbSendMsg.Response.SUCCESS
2020-11-17 18:27:06 V/Net 1291517893: Send: MessageSvc.PbSendMsg
2020-11-17 18:27:06 V/Net 1291517893: Recv: MessageSvcPbSendMsg.Response.SUCCESS
2020-11-17 18:27:08 V/Net 1291517893: Send: MessageSvc.PbSendMsg
2020-11-17 18:27:08 V/Net 1291517893: Recv: MessageSvcPbSendMsg.Response.SUCCESS
2020-11-17 18:27:11 V/Net 1291517893: Send: MessageSvc.PbSendMsg
2020-11-17 18:27:11 V/Net 1291517893: Recv: MessageSvcPbSendMsg.Response.SUCCESS
2020-11-17 18:27:16 V/Net 1291517893: Send: MessageSvc.PbSendMsg
2020-11-17 18:27:16 V/Net 1291517893: Recv: MessageSvcPbSendMsg.Response.SUCCESS
2020-11-17 18:27:20 V/Net 1291517893: Send: MessageSvc.PbSendMsg
2020-11-17 18:27:20 V/Net 1291517893: Recv: MessageSvcPbSendMsg.Response.SUCCESS
2020-11-17 18:27:20 V/Net 1291517893: Send: MessageSvc.PbSendMsg
2020-11-17 18:27:21 V/Net 1291517893: Recv: MessageSvcPbSendMsg.Response.SUCCESS
2020-11-17 18:27:21 V/Net 1291517893: Send: MessageSvc.PbSendMsg
2020-11-17 18:27:21 V/Net 1291517893: Send: MessageSvc.PbSendMsg
2020-11-17 18:27:21 V/Net 1291517893: Recv: MessageSvcPbSendMsg.Response.SUCCESS
2020-11-17 18:27:21 V/Net 1291517893: Recv: MessageSvcPbSendMsg.Response.SUCCESS
2020-11-17 18:27:22 V/Net 1291517893: Send: MessageSvc.PbSendMsg
2020-11-17 18:27:23 V/Net 1291517893: Recv: MessageSvcPbSendMsg.Response.SUCCESS
2020-11-17 18:27:23 V/Net 1291517893: Send: Heartbeat.Alive
2020-11-17 18:27:23 V/Net 1291517893: Recv: Heartbeat.Alive.Response
2020-11-17 18:27:24 V/Net 1291517893: Send: MessageSvc.PbSendMsg
2020-11-17 18:27:25 V/Net 1291517893: Recv: MessageSvcPbSendMsg.Response.SUCCESS
2020-11-17 18:27:25 V/Net 1291517893: Send: MessageSvc.PbSendMsg
2020-11-17 18:27:25 V/Net 1291517893: Recv: MessageSvcPbSendMsg.Response.SUCCESS
2020-11-17 18:27:27 V/Net 1291517893: Send: MessageSvc.PbSendMsg
2020-11-17 18:27:27 V/Net 1291517893: Recv: MessageSvcPbSendMsg.Response.SUCCESS
2020-11-17 18:27:28 V/Net 1291517893: Send: MessageSvc.PbSendMsg
2020-11-17 18:27:28 V/Net 1291517893: Recv: MessageSvcPbSendMsg.Response.SUCCESS
2020-11-17 18:27:28 V/Net 1291517893: Send: MessageSvc.PbSendMsg
2020-11-17 18:27:28 V/Net 1291517893: Recv: MessageSvcPbSendMsg.Response.SUCCESS
2020-11-17 18:27:28 V/Net 1291517893: Send: MessageSvc.PbSendMsg
2020-11-17 18:27:29 V/Net 1291517893: Recv: MessageSvcPbSendMsg.Response.SUCCESS
2020-11-17 18:27:33 V/Net 1291517893: Send: MessageSvc.PbSendMsg
2020-11-17 18:27:33 V/Net 1291517893: Recv: MessageSvcPbSendMsg.Response.SUCCESS
2020-11-17 18:27:57 V/Net 1291517893: Send: MessageSvc.PbSendMsg
2020-11-17 18:27:57 V/Net 1291517893: Recv: MessageSvcPbSendMsg.Response.SUCCESS
2020-11-17 18:28:08 V/Net 1291517893: Send: MessageSvc.PbSendMsg
2020-11-17 18:28:08 V/Net 1291517893: Recv: MessageSvcPbSendMsg.Response.SUCCESS
2020-11-17 18:28:23 V/Net 1291517893: Send: Heartbeat.Alive
2020-11-17 18:28:23 V/Net 1291517893: Recv: Heartbeat.Alive.Response
2020-11-17 18:29:02 V/Net 1291517893: Send: MessageSvc.PbSendMsg
2020-11-17 18:29:03 V/Net 1291517893: Recv: MessageSvcPbSendMsg.Response.SUCCESS
2020-11-17 18:29:03 V/Net 1291517893: Send: MessageSvc.PbSendMsg
2020-11-17 18:29:03 V/Net 1291517893: Recv: MessageSvcPbSendMsg.Response.SUCCESS
2020-11-17 18:29:04 V/Net 1291517893: Send: MessageSvc.PbSendMsg
2020-11-17 18:29:04 V/Net 1291517893: Recv: MessageSvcPbSendMsg.Response.SUCCESS
2020-11-17 18:29:05 V/Net 1291517893: Send: MessageSvc.PbSendMsg
2020-11-17 18:29:06 V/Net 1291517893: Recv: MessageSvcPbSendMsg.Response.SUCCESS
2020-11-17 18:29:08 V/Net 1291517893: Send: MessageSvc.PbSendMsg
2020-11-17 18:29:09 V/Net 1291517893: Recv: MessageSvcPbSendMsg.Response.SUCCESS
2020-11-17 18:29:09 V/Net 1291517893: Send: MessageSvc.PbSendMsg
2020-11-17 18:29:09 V/Net 1291517893: Recv: MessageSvcPbSendMsg.Response.SUCCESS
2020-11-17 18:29:10 V/Net 1291517893: Send: MessageSvc.PbSendMsg
2020-11-17 18:29:10 V/Net 1291517893: Recv: MessageSvcPbSendMsg.Response.SUCCESS
2020-11-17 18:29:11 V/Net 1291517893: Send: MessageSvc.PbSendMsg
2020-11-17 18:29:11 V/Net 1291517893: Recv: MessageSvcPbSendMsg.Response.SUCCESS
2020-11-17 18:29:19 V/Net 1291517893: Send: MessageSvc.PbSendMsg
2020-11-17 18:29:19 V/Net 1291517893: Recv: MessageSvcPbSendMsg.Response.SUCCESS
2020-11-17 18:29:23 V/Net 1291517893: Send: Heartbeat.Alive
2020-11-17 18:29:23 V/Net 1291517893: Recv: Heartbeat.Alive.Response
2020-11-17 18:29:24 V/Net 1291517893: Send: MessageSvc.PbSendMsg
2020-11-17 18:29:24 V/Net 1291517893: Recv: MessageSvcPbSendMsg.Response.SUCCESS
2020-11-17 18:29:28 V/Net 1291517893: Send: MessageSvc.PbSendMsg
2020-11-17 18:29:28 V/Net 1291517893: Recv: MessageSvcPbSendMsg.Response.SUCCESS
2020-11-17 18:30:23 V/Net 1291517893: Send: Heartbeat.Alive
2020-11-17 18:30:23 V/Net 1291517893: Recv: Heartbeat.Alive.Response
2020-11-17 18:31:23 V/Net 1291517893: Send: Heartbeat.Alive
2020-11-17 18:31:23 V/Net 1291517893: Recv: Heartbeat.Alive.Response
2020-11-17 18:31:30 V/Net 1291517893: Send: MessageSvc.PbSendMsg
2020-11-17 18:31:31 V/Net 1291517893: Recv: MessageSvcPbSendMsg.Response.SUCCESS
2020-11-17 18:31:40 V/Net 1291517893: Send: MessageSvc.PbSendMsg
2020-11-17 18:31:40 V/Net 1291517893: Recv: MessageSvcPbSendMsg.Response.SUCCESS
2020-11-17 18:32:23 V/Net 1291517893: Send: Heartbeat.Alive
2020-11-17 18:32:28 V/Net 1291517893: Recv: Heartbeat.Alive.Response
2020-11-17 18:33:28 V/Net 1291517893: Send: Heartbeat.Alive
2020-11-17 18:33:28 V/Net 1291517893: Recv: Heartbeat.Alive.Response
2020-11-17 18:34:28 V/Net 1291517893: Send: Heartbeat.Alive
2020-11-17 18:34:28 V/Net 1291517893: Recv: Heartbeat.Alive.Response
2020-11-17 18:34:52 V/Net 1291517893: Send: MessageSvc.PbSendMsg
2020-11-17 18:34:52 V/Net 1291517893: Recv: MessageSvcPbSendMsg.Response.SUCCESS
2020-11-17 18:35:28 V/Net 1291517893: Send: Heartbeat.Alive
2020-11-17 18:35:28 V/Net 1291517893: Recv: Heartbeat.Alive.Response
2020-11-17 18:36:28 V/Net 1291517893: Send: Heartbeat.Alive
2020-11-17 18:36:29 V/Net 1291517893: Recv: Heartbeat.Alive.Response
2020-11-17 18:37:01 V/Net 1291517893: Send: MessageSvc.PbSendMsg
2020-11-17 18:37:01 V/Net 1291517893: Recv: MessageSvcPbSendMsg.Response.SUCCESS
2020-11-17 18:37:29 V/Net 1291517893: Send: Heartbeat.Alive
2020-11-17 18:37:29 V/Net 1291517893: Recv: Heartbeat.Alive.Response
2020-11-17 18:38:29 V/Net 1291517893: Send: Heartbeat.Alive
2020-11-17 18:38:29 V/Net 1291517893: Recv: Heartbeat.Alive.Response
2020-11-17 18:39:29 V/Net 1291517893: Send: Heartbeat.Alive
2020-11-17 18:39:29 V/Net 1291517893: Recv: Heartbeat.Alive.Response
2020-11-17 18:40:29 V/Net 1291517893: Send: Heartbeat.Alive
2020-11-17 18:40:29 V/Net 1291517893: Recv: Heartbeat.Alive.Response
2020-11-17 18:41:29 V/Net 1291517893: Send: Heartbeat.Alive
2020-11-17 18:41:29 V/Net 1291517893: Recv: Heartbeat.Alive.Response
2020-11-17 18:42:29 V/Net 1291517893: Send: Heartbeat.Alive
2020-11-17 18:42:30 V/Net 1291517893: Recv: Heartbeat.Alive.Response
2020-11-17 18:43:30 V/Net 1291517893: Send: Heartbeat.Alive
2020-11-17 18:43:31 V/Net 1291517893: Recv: Heartbeat.Alive.Response
2020-11-17 18:44:31 V/Net 1291517893: Send: Heartbeat.Alive
2020-11-17 18:44:31 V/Net 1291517893: Recv: Heartbeat.Alive.Response
2020-11-17 18:45:31 V/Net 1291517893: Send: Heartbeat.Alive
2020-11-17 18:45:31 V/Net 1291517893: Recv: Heartbeat.Alive.Response
2020-11-17 18:46:31 V/Net 1291517893: Send: Heartbeat.Alive
2020-11-17 18:46:31 V/Net 1291517893: Recv: Heartbeat.Alive.Response
2020-11-17 18:47:31 V/Net 1291517893: Send: Heartbeat.Alive
2020-11-17 18:47:31 V/Net 1291517893: Recv: Heartbeat.Alive.Response
2020-11-17 18:48:31 V/Net 1291517893: Send: Heartbeat.Alive
2020-11-17 18:48:31 V/Net 1291517893: Recv: Heartbeat.Alive.Response
2020-11-17 18:49:31 V/Net 1291517893: Send: Heartbeat.Alive
2020-11-17 18:49:31 V/Net 1291517893: Recv: Heartbeat.Alive.Response
2020-11-17 18:50:31 V/Net 1291517893: Send: Heartbeat.Alive
2020-11-17 18:50:31 V/Net 1291517893: Recv: Heartbeat.Alive.Response
2020-11-17 18:51:31 V/Net 1291517893: Send: Heartbeat.Alive
2020-11-17 18:51:32 V/Net 1291517893: Recv: Heartbeat.Alive.Response
2020-11-17 18:51:38 I/Net 1291517893: Connected to server 42.81.172.22:80
2020-11-17 18:51:38 V/Net 1291517893: Send: wtlogin.login
2020-11-17 18:51:38 V/Net 1291517893: Recv: LoginPacketResponse.Success
2020-11-17 18:51:38 I/Net 1291517893: Login successful
2020-11-17 18:51:38 V/Net 1291517893: Send: StatSvc.register
2020-11-17 18:51:39 V/Net 1291517893: Recv: Response(StatSvc.register)
2020-11-17 18:51:39 I/Net 1291517893: Syncing friend message history...
2020-11-17 18:51:39 V/Net 1291517893: Send: MessageSvc.PbGetMsg
2020-11-17 18:51:39 I/Net 1291517893: Syncing friend message history: Success
2020-11-17 18:51:42 V/Net 1291517893: Recv: ConfigPushSvc.PushReq.PushReqResponse.Success
2020-11-17 18:51:42 V/Net 1291517893: Send: ConfigPushSvc.PushResp
2020-11-17 18:51:42 D/Net 1291517893: Received unknown commandName: ConfigPushSvc.PushDomain
2020-11-17 18:51:42 V/Net 1291517893: Recv: ConfigPushSvc.PushReq.PushReqResponse.Success
2020-11-17 18:51:42 V/Net 1291517893: Send: ConfigPushSvc.PushResp
2020-11-17 18:52:39 V/Net 1291517893: Send: Heartbeat.Alive
2020-11-17 18:52:39 V/Net 1291517893: Recv: Heartbeat.Alive.Response
2020-11-17 18:53:39 V/Net 1291517893: Send: Heartbeat.Alive
2020-11-17 18:53:44 V/Net 1291517893: Send: Heartbeat.Alive
2020-11-17 18:53:49 V/Net 1291517893: Send: Heartbeat.Alive
2020-11-17 18:53:54 V/Net 1291517893: Send: Heartbeat.Alive
2020-11-17 18:53:59 V/Net 1291517893: Send: Heartbeat.Alive
2020-11-17 18:53:59 V/Net 1291517893: Recv: Heartbeat.Alive.Response
2020-11-17 18:54:04 V/Net 1291517893: Send: Heartbeat.Alive
2020-11-17 18:54:05 V/Net 1291517893: Recv: Heartbeat.Alive.Response
2020-11-17 18:54:06 V/Net 1291517893: Recv: Heartbeat.Alive.Response
2020-11-17 18:54:06 V/Net 1291517893: Recv: Heartbeat.Alive.Response
2020-11-17 18:54:06 V/Net 1291517893: Recv: Heartbeat.Alive.Response
2020-11-17 18:54:09 V/Net 1291517893: Recv: Heartbeat.Alive.Response
2020-11-17 18:55:06 V/Net 1291517893: Send: Heartbeat.Alive
2020-11-17 18:55:11 V/Net 1291517893: Send: Heartbeat.Alive
2020-11-17 18:55:13 V/Net 1291517893: Recv: Heartbeat.Alive.Response
2020-11-17 18:55:22 V/Net 1291517893: Recv: Heartbeat.Alive.Response
2020-11-17 18:56:13 V/Net 1291517893: Send: Heartbeat.Alive
2020-11-17 18:56:18 V/Net 1291517893: Send: Heartbeat.Alive
2020-11-17 18:56:23 V/Net 1291517893: Send: Heartbeat.Alive
2020-11-17 18:56:28 V/Net 1291517893: Send: Heartbeat.Alive
2020-11-17 18:56:33 V/Net 1291517893: Send: Heartbeat.Alive
2020-11-17 18:56:37 V/Net 1291517893: Recv: Heartbeat.Alive.Response
2020-11-17 18:56:38 V/Net 1291517893: Send: Heartbeat.Alive
2020-11-17 18:56:57 I/Net 1291517893: Connected to server msfwifi.3g.qq.com:8080
2020-11-17 18:56:57 V/Net 1291517893: Send: wtlogin.login
2020-11-17 18:56:58 V/Net 1291517893: Recv: LoginPacketResponse.Success
2020-11-17 18:56:58 I/Net 1291517893: Login successful
2020-11-17 18:56:58 V/Net 1291517893: Send: StatSvc.register
2020-11-17 18:57:01 V/Net 1291517893: Recv: Response(StatSvc.register)
2020-11-17 18:57:01 I/Net 1291517893: Syncing friend message history...
2020-11-17 18:57:01 V/Net 1291517893: Send: MessageSvc.PbGetMsg
2020-11-17 18:57:01 I/Net 1291517893: Syncing friend message history...
2020-11-17 18:57:01 V/Net 1291517893: Send: MessageSvc.PbGetMsg
2020-11-17 18:57:06 V/Net 1291517893: Send: MessageSvc.PbGetMsg
2020-11-17 18:57:06 V/Net 1291517893: Send: MessageSvc.PbGetMsg
2020-11-17 18:57:07 I/Net 1291517893: Syncing friend message history: Success
2020-11-17 18:57:07 V/Net 1291517893: Recv: ConfigPushSvc.PushReq.PushReqResponse.Success
2020-11-17 18:57:07 V/Net 1291517893: Send: ConfigPushSvc.PushResp
2020-11-17 18:57:07 D/Net 1291517893: Received unknown commandName: ConfigPushSvc.PushDomain
2020-11-17 18:57:11 V/Net 1291517893: Send: MessageSvc.PbGetMsg
2020-11-17 19:03:08 V/Net 1291517893: Send: Heartbeat.Alive
2020-11-17 19:03:13 V/Net 1291517893: Send: Heartbeat.Alive
2020-11-17 19:03:18 V/Net 1291517893: Send: Heartbeat.Alive
2020-11-17 19:03:23 V/Net 1291517893: Send: Heartbeat.Alive
2020-11-17 19:03:28 V/Net 1291517893: Send: Heartbeat.Alive
2020-11-17 19:03:33 V/Net 1291517893: Send: Heartbeat.Alive
2020-11-17 19:03:45 V/Net 1291517893: Recv: Heartbeat.Alive.Response
2020-11-17 19:04:03 V/Net 1291517893: Recv: Heartbeat.Alive.Response
2020-11-17 19:04:13 V/Net 1291517893: Recv: Heartbeat.Alive.Response
2020-11-17 19:04:13 V/Net 1291517893: Recv: Heartbeat.Alive.Response
2020-11-17 19:04:13 V/Net 1291517893: Recv: Heartbeat.Alive.Response
2020-11-17 19:04:13 V/Net 1291517893: Recv: Heartbeat.Alive.Response
2020-11-17 19:24:11 I/Net 1291517893: Connected to server 42.81.169.46:8080
2020-11-17 19:24:11 V/Net 1291517893: Send: wtlogin.login
2020-11-17 19:24:12 V/Net 1291517893: Recv: LoginPacketResponse.Success
2020-11-17 19:24:12 I/Net 1291517893: Login successful
2020-11-17 19:24:12 V/Net 1291517893: Send: StatSvc.register
2020-11-17 19:24:12 V/Net 1291517893: Recv: Response(StatSvc.register)
2020-11-17 19:24:12 I/Net 1291517893: 开始加载好友信息
2020-11-17 19:24:12 I/Net 1291517893: 开始加载群组列表与群成员列表
2020-11-17 19:24:12 V/Net 1291517893: Send: friendlist.getFriendGroupList
2020-11-17 19:24:12 V/Net 1291517893: Send: friendlist.GetTroopListReqV2
2020-11-17 19:24:12 V/Net 1291517893: Recv: FriendList.GetFriendGroupList.Response
2020-11-17 19:24:12 V/Net 1291517893: 正在加载好友列表 3/3
2020-11-17 19:24:12 I/Net 1291517893: 好友列表加载完成, 共 3个
2020-11-17 19:24:13 V/Net 1291517893: Recv: FriendList.GetFriendGroupList.Response
2020-11-17 19:24:13 V/Net 1291517893: Send: OidbSvc.0x88d_7
2020-11-17 19:24:13 V/Net 1291517893: Send: OidbSvc.0x88d_7
2020-11-17 19:24:13 V/Net 1291517893: Send: OidbSvc.0x88d_7
2020-11-17 19:24:13 V/Net 1291517893: Send: OidbSvc.0x88d_7
2020-11-17 19:24:13 V/Net 1291517893: Send: friendlist.GetTroopMemberListReq
2020-11-17 19:24:13 V/Net 1291517893: Send: friendlist.GetTroopMemberListReq
2020-11-17 19:24:13 V/Net 1291517893: Send: friendlist.GetTroopMemberListReq
2020-11-17 19:24:13 V/Net 1291517893: Send: friendlist.GetTroopMemberListReq
2020-11-17 19:24:13 V/Net 1291517893: Recv: FriendList.GetTroopMemberList.Response
2020-11-17 19:24:13 V/Net 1291517893: Send: friendlist.GetTroopMemberListReq
2020-11-17 19:24:13 V/Net 1291517893: Recv: FriendList.GetTroopMemberList.Response
2020-11-17 19:24:13 V/Net 1291517893: Recv: FriendList.GetTroopMemberList.Response
2020-11-17 19:24:13 V/Net 1291517893: Recv: FriendList.GetTroopMemberList.Response
2020-11-17 19:24:13 V/Net 1291517893: Send: friendlist.GetTroopMemberListReq
2020-11-17 19:24:13 V/Net 1291517893: Recv: FriendList.GetTroopMemberList.Response
2020-11-17 19:24:13 V/Net 1291517893: Recv: FriendList.GetTroopMemberList.Response
2020-11-17 19:24:13 I/Net 1291517893: 群组列表与群成员加载完成, 共 4个
2020-11-17 19:24:13 I/Net 1291517893: Awaiting ConfigPushSvc.PushReq
2020-11-17 19:24:13 I/Net 1291517893: Syncing friend message history...
2020-11-17 19:24:14 V/Net 1291517893: Send: MessageSvc.PbGetMsg
2020-11-17 19:24:14 V/Net 1291517893: Send: MessageSvc.PbDeleteMsg
2020-11-17 19:24:14 V/Net 1291517893: Send: MessageSvc.PbGetMsg
2020-11-17 19:24:14 V/Net 1291517893: Send: MessageSvc.PbDeleteMsg
2020-11-17 19:24:14 I/Net 1291517893: Syncing friend message history: Success
2020-11-17 19:24:15 V/Net 1291517893: Recv: ConfigPushSvc.PushReq.PushReqResponse.Success
2020-11-17 19:24:15 V/Net 1291517893: Send: ConfigPushSvc.PushResp
2020-11-17 19:24:15 I/Net 1291517893: ConfigPushSvc.PushReq: Success
2020-11-17 19:24:15 D/Net 1291517893: Received unknown commandName: ConfigPushSvc.PushDomain
2020-11-17 19:24:15 V/Net 1291517893: Recv: ConfigPushSvc.PushReq.PushReqResponse.Success
2020-11-17 19:24:15 V/Net 1291517893: Send: ConfigPushSvc.PushResp
2020-11-17 19:25:12 V/Net 1291517893: Send: Heartbeat.Alive
2020-11-17 19:25:12 V/Net 1291517893: Recv: Heartbeat.Alive.Response
2020-11-17 19:26:12 V/Net 1291517893: Send: Heartbeat.Alive
2020-11-17 19:26:12 V/Net 1291517893: Recv: Heartbeat.Alive.Response
2020-11-17 19:27:12 V/Net 1291517893: Send: Heartbeat.Alive
2020-11-17 19:27:13 V/Net 1291517893: Recv: Heartbeat.Alive.Response
2020-11-17 19:28:13 V/Net 1291517893: Send: Heartbeat.Alive
2020-11-17 19:28:14 V/Net 1291517893: Recv: Heartbeat.Alive.Response
2020-11-17 19:29:14 V/Net 1291517893: Send: Heartbeat.Alive
2020-11-17 19:29:14 V/Net 1291517893: Recv: Heartbeat.Alive.Response
2020-11-17 19:30:14 V/Net 1291517893: Send: Heartbeat.Alive
2020-11-17 19:30:14 V/Net 1291517893: Recv: Heartbeat.Alive.Response
2020-11-17 19:31:14 V/Net 1291517893: Send: Heartbeat.Alive
2020-11-17 19:31:15 V/Net 1291517893: Recv: Heartbeat.Alive.Response
2020-11-17 19:32:15 V/Net 1291517893: Send: Heartbeat.Alive
2020-11-17 19:32:15 V/Net 1291517893: Recv: Heartbeat.Alive.Response
2020-11-17 19:33:15 V/Net 1291517893: Send: Heartbeat.Alive
2020-11-17 19:33:15 V/Net 1291517893: Recv: Heartbeat.Alive.Response
2020-11-17 19:34:15 V/Net 1291517893: Send: Heartbeat.Alive
2020-11-17 19:34:15 V/Net 1291517893: Recv: Heartbeat.Alive.Response
2020-11-17 19:35:15 V/Net 1291517893: Send: Heartbeat.Alive
2020-11-17 19:35:15 V/Net 1291517893: Recv: Heartbeat.Alive.Response
2020-11-17 19:36:12 V/Net 1291517893: Send: MessageSvc.PbSendMsg
2020-11-17 19:36:12 V/Net 1291517893: Recv: MessageSvcPbSendMsg.Response.SUCCESS
2020-11-17 19:36:15 V/Net 1291517893: Send: Heartbeat.Alive
2020-11-17 19:36:15 V/Net 1291517893: Recv: Heartbeat.Alive.Response
2020-11-17 19:37:15 V/Net 1291517893: Send: Heartbeat.Alive
2020-11-17 19:37:15 V/Net 1291517893: Recv: Heartbeat.Alive.Response
2020-11-17 19:38:15 V/Net 1291517893: Send: Heartbeat.Alive
2020-11-17 19:38:20 V/Net 1291517893: Send: Heartbeat.Alive
2020-11-17 19:38:25 V/Net 1291517893: Recv: Heartbeat.Alive.Response
2020-11-17 19:38:58 V/Net 1291517893: Recv: Heartbeat.Alive.Response
2020-11-17 19:39:25 V/Net 1291517893: Send: Heartbeat.Alive
2020-11-17 19:39:30 V/Net 1291517893: Send: Heartbeat.Alive
2020-11-17 19:39:32 V/Net 1291517893: Recv: Heartbeat.Alive.Response
2020-11-17 19:39:40 V/Net 1291517893: Recv: Heartbeat.Alive.Response
2020-11-17 19:40:32 V/Net 1291517893: Send: Heartbeat.Alive
2020-11-17 19:40:37 V/Net 1291517893: Send: Heartbeat.Alive
2020-11-17 19:40:39 V/Net 1291517893: Recv: Heartbeat.Alive.Response
2020-11-17 19:40:44 V/Net 1291517893: Recv: Heartbeat.Alive.Response
2020-11-17 19:41:39 V/Net 1291517893: Send: Heartbeat.Alive
2020-11-17 19:41:39 V/Net 1291517893: Recv: Heartbeat.Alive.Response
2020-11-17 19:42:39 V/Net 1291517893: Send: Heartbeat.Alive
2020-11-17 19:42:39 V/Net 1291517893: Recv: Heartbeat.Alive.Response
2020-11-17 19:43:39 V/Net 1291517893: Send: Heartbeat.Alive
2020-11-17 19:43:39 V/Net 1291517893: Recv: Heartbeat.Alive.Response
2020-11-17 19:44:39 V/Net 1291517893: Send: Heartbeat.Alive
2020-11-17 19:44:40 V/Net 1291517893: Recv: Heartbeat.Alive.Response
2020-11-17 19:45:40 V/Net 1291517893: Send: Heartbeat.Alive
2020-11-17 19:45:40 V/Net 1291517893: Recv: Heartbeat.Alive.Response
2020-11-17 19:46:40 V/Net 1291517893: Send: Heartbeat.Alive
2020-11-17 19:46:40 V/Net 1291517893: Recv: Heartbeat.Alive.Response
2020-11-17 19:47:07 V/Net 1291517893: Send: MessageSvc.PbSendMsg
2020-11-17 19:47:08 V/Net 1291517893: Recv: MessageSvcPbSendMsg.Response.SUCCESS
2020-11-17 19:47:39 V/Net 1291517893: Send: MessageSvc.PbSendMsg
2020-11-17 19:47:39 V/Net 1291517893: Recv: MessageSvcPbSendMsg.Response.SUCCESS
2020-11-17 19:47:40 V/Net 1291517893: Send: Heartbeat.Alive
2020-11-17 19:47:40 V/Net 1291517893: Recv: Heartbeat.Alive.Response
2020-11-17 19:47:46 V/Net 1291517893: Send: MessageSvc.PbSendMsg
2020-11-17 19:47:46 V/Net 1291517893: Recv: MessageSvcPbSendMsg.Response.SUCCESS
2020-11-17 19:47:52 V/Net 1291517893: Send: MessageSvc.PbSendMsg
2020-11-17 19:47:53 V/Net 1291517893: Recv: MessageSvcPbSendMsg.Response.SUCCESS
2020-11-17 19:48:18 D/Net 1291517893: Received unknown commandName: MessageSvc.PushReaded
2020-11-17 19:48:40 V/Net 1291517893: Send: Heartbeat.Alive
2020-11-17 19:48:45 V/Net 1291517893: Send: Heartbeat.Alive
2020-11-17 19:48:50 V/Net 1291517893: Send: Heartbeat.Alive
2020-11-17 19:48:50 V/Net 1291517893: Recv: Heartbeat.Alive.Response
2020-11-17 19:48:59 V/Net 1291517893: Recv: Heartbeat.Alive.Response
2020-11-17 19:49:08 V/Net 1291517893: Recv: Heartbeat.Alive.Response
2020-11-17 19:49:17 D/Net 1291517893: Received unknown commandName: MessageSvc.PushReaded
2020-11-17 19:49:24 D/Net 1291517893: Received unknown commandName: MessageSvc.PushReaded
2020-11-17 19:49:48 D/Net 1291517893: Received unknown commandName: MessageSvc.PushReaded
2020-11-17 19:49:50 V/Net 1291517893: Send: Heartbeat.Alive
2020-11-17 19:49:55 V/Net 1291517893: Send: Heartbeat.Alive
2020-11-17 19:50:00 V/Net 1291517893: Send: Heartbeat.Alive
2020-11-17 19:50:05 V/Net 1291517893: Send: Heartbeat.Alive
2020-11-17 19:50:09 V/Net 1291517893: Recv: Heartbeat.Alive.Response
2020-11-17 19:50:10 V/Net 1291517893: Send: Heartbeat.Alive
2020-11-17 19:50:15 V/Net 1291517893: Send: Heartbeat.Alive
2020-11-17 19:50:24 V/Net 1291517893: Recv: Heartbeat.Alive.Response
2020-11-17 19:50:33 I/Net 1291517893: Connected to server 42.81.172.81:80
2020-11-17 19:50:33 V/Net 1291517893: Send: wtlogin.login
2020-11-17 19:50:38 V/Net 1291517893: Send: wtlogin.login
2020-11-17 19:50:38 V/Net 1291517893: Recv: LoginPacketResponse.Success
2020-11-17 19:50:38 I/Net 1291517893: Login successful
2020-11-17 19:50:41 V/Net 1291517893: Send: StatSvc.register
2020-11-17 19:50:41 V/Net 1291517893: Recv: LoginPacketResponse.Success
2020-11-17 19:50:44 V/Net 1291517893: Send: StatSvc.register
2020-11-17 19:50:47 V/Net 1291517893: Send: StatSvc.register
2020-11-17 19:50:51 I/Net 1291517893: Connected to server 114.221.148.59:14000
2020-11-17 19:50:51 V/Net 1291517893: Send: wtlogin.login
2020-11-17 19:50:53 V/Net 1291517893: Recv: LoginPacketResponse.Success
2020-11-17 19:50:53 I/Net 1291517893: Login successful
2020-11-17 19:50:53 V/Net 1291517893: Send: StatSvc.register
2020-11-17 19:50:55 V/Net 1291517893: Recv: Response(StatSvc.register)
2020-11-17 19:50:55 I/Net 1291517893: Syncing friend message history...
2020-11-17 19:50:55 V/Net 1291517893: Send: MessageSvc.PbGetMsg
2020-11-17 19:50:55 I/Net 1291517893: Syncing friend message history...
2020-11-17 19:50:55 I/Net 1291517893: Syncing friend message history...
2020-11-17 19:50:55 V/Net 1291517893: Send: MessageSvc.PbGetMsg
2020-11-17 19:50:55 V/Net 1291517893: Send: MessageSvc.PbGetMsg
2020-11-17 19:51:00 V/Net 1291517893: Send: MessageSvc.PbGetMsg
2020-11-17 19:51:00 V/Net 1291517893: Send: MessageSvc.PbGetMsg
2020-11-17 19:51:00 V/Net 1291517893: Send: MessageSvc.PbGetMsg
2020-11-17 19:51:01 I/Net 1291517893: Syncing friend message history: Success
2020-11-17 19:51:02 V/Net 1291517893: Recv: ConfigPushSvc.PushReq.PushReqResponse.Success
2020-11-17 19:51:02 V/Net 1291517893: Send: ConfigPushSvc.PushResp
2020-11-17 19:51:02 D/Net 1291517893: Received unknown commandName: ConfigPushSvc.PushDomain
2020-11-17 19:51:05 V/Net 1291517893: Send: MessageSvc.PbGetMsg
2020-11-17 19:51:05 V/Net 1291517893: Send: MessageSvc.PbGetMsg
2020-11-17 19:51:55 V/Net 1291517893: Send: Heartbeat.Alive
2020-11-17 19:52:00 V/Net 1291517893: Send: Heartbeat.Alive
2020-11-17 19:52:05 V/Net 1291517893: Send: Heartbeat.Alive
2020-11-17 19:52:09 D/Net 1291517893: unknown group 528 type 0x0000000000000095, data: 0A A0 03 08 E9 07 10 08 18 01 22 96 03 08 CA CD 08 10 C0 D1 02 18 EA 07 22 04 08 01 10 01 2A 04 08 01 10 00 32 FC 02 08 20 10 01 1A F5 02 7B 22 45 58 43 22 3A 5B 7B 22 4E 22 3A 22 2F 73 79 73 74 65 6D 2E 2A 22 2C 22 4D 22 3A 20 22 30 22 2C 22 53 22 3A 22 30 22 7D 2C 7B 22 4E 22 3A 22 2F 64 61 74 61 2F 64 61 6C 76 69 6B 2D 63 61 63 68 65 2E 2A 22 2C 22 4D 22 3A 20 22 30 22 2C 22 53 22 3A 22 30 22 7D 2C 7B 22 4E 22 3A 22 2F 64 61 74 61 2F 61 70 70 2D 6C 69 62 2F 63 6F 6D 2E 74 65 6E 63 65 6E 74 2E 6D 6F 62 69 6C 65 71 71 2D 2E 2A 22 2C 22 4D 22 3A 20 22 30 22 2C 22 53 22 3A 22 30 22 7D 2C 7B 22 4E 22 3A 22 2F 64 61 74 61 2F 64 61 74 61 2F 63 6F 6D 2E 74 65 6E 63 65 6E 74 2E 6D 6F 62 69 6C 65 71 71 2E 2A 22 2C 22 4D 22 3A 20 22 30 22 2C 22 53 22 3A 22 30 22 7D 2C 7B 22 4E 22 3A 22 2F 64 65 76 2F 2E 2A 22 2C 22 4D 22 3A 20 22 30 22 2C 22 53 22 3A 22 30 22 7D 2C 7B 22 4E 22 3A 22 5B 2E 2A 22 2C 22 4D 22 3A 20 22 30 22 2C 22 53 22 3A 22 30 22 7D 2C 7B 22 4E 22 3A 22 2F 64 61 74 61 2F 61 70 70 2D 6C 69 62 2E 2A 22 2C 22 4D 22 3A 20 22 30 22 2C 22 53 22 3A 22 30 22 7D 2C 7B 22 4E 22 3A 22 2F 64 61 74 61 2F 61 70 70 2F 63 6F 6D 2E 74 65 6E 63 65 6E 74 2E 6D 6F 62 69 6C 65 71 71 2E 2A 22 2C 22 4D 22 3A 20 22 30 22 2C 22 53 22 3A 22 30 22 7D 5D 7D
2020-11-17 19:52:09 V/Net 1291517893: Send: OnlinePush.RespPush
2020-11-17 19:52:10 V/Net 1291517893: Send: Heartbeat.Alive
2020-11-17 19:52:15 V/Net 1291517893: Send: Heartbeat.Alive
2020-11-17 19:52:20 V/Net 1291517893: Send: Heartbeat.Alive
2020-11-17 19:52:50 I/Net 1291517893: Connected to server 114.221.144.215:80
2020-11-17 19:52:50 V/Net 1291517893: Send: wtlogin.login
2020-11-17 19:52:59 I/Net 1291517893: Connected to server 42.81.172.22:80
2020-11-17 19:52:59 V/Net 1291517893: Send: wtlogin.login
2020-11-17 19:53:04 V/Net 1291517893: Send: wtlogin.login
2020-11-17 19:53:05 V/Net 1291517893: Recv: LoginPacketResponse.Success
2020-11-17 19:53:05 I/Net 1291517893: Login successful
2020-11-17 19:53:05 V/Net 1291517893: Send: StatSvc.register
2020-11-17 19:53:08 V/Net 1291517893: Send: StatSvc.register
2020-11-17 19:53:10 V/Net 1291517893: Recv: LoginPacketResponse.Success
2020-11-17 19:53:11 V/Net 1291517893: Send: StatSvc.register
2020-11-17 19:53:25 I/Net 1291517893: Connected to server msfwifi.3g.qq.com:8080
2020-11-17 19:53:25 V/Net 1291517893: Send: wtlogin.login
2020-11-17 19:53:30 V/Net 1291517893: Send: wtlogin.login
2020-11-17 19:53:33 V/Net 1291517893: Recv: LoginPacketResponse.Success
2020-11-17 19:53:33 I/Net 1291517893: Login successful
2020-11-17 19:53:33 V/Net 1291517893: Send: StatSvc.register
2020-11-17 19:53:36 V/Net 1291517893: Send: StatSvc.register
2020-11-17 19:53:39 V/Net 1291517893: Recv: LoginPacketResponse.Success
2020-11-17 19:53:39 V/Net 1291517893: Send: StatSvc.register
2020-11-17 19:53:49 I/Net 1291517893: Connected to server 42.81.169.46:8080
2020-11-17 19:53:49 V/Net 1291517893: Send: wtlogin.login
2020-11-17 19:53:54 V/Net 1291517893: Send: wtlogin.login
2020-11-17 19:53:55 V/Net 1291517893: Recv: LoginPacketResponse.Success
2020-11-17 19:53:55 I/Net 1291517893: Login successful
2020-11-17 19:53:55 V/Net 1291517893: Send: StatSvc.register
2020-11-17 19:53:58 V/Net 1291517893: Send: StatSvc.register
2020-11-17 19:53:59 V/Net 1291517893: Recv: LoginPacketResponse.Success
2020-11-17 19:54:01 V/Net 1291517893: Send: StatSvc.register
2020-11-17 19:54:05 I/Net 1291517893: Connected to server 42.81.172.81:80
2020-11-17 19:54:05 V/Net 1291517893: Send: wtlogin.login
2020-11-17 19:54:06 V/Net 1291517893: Recv: LoginPacketResponse.Success
2020-11-17 19:54:06 I/Net 1291517893: Login successful
2020-11-17 19:54:06 V/Net 1291517893: Send: StatSvc.register
2020-11-17 19:54:06 V/Net 1291517893: Recv: Response(StatSvc.register)
2020-11-17 19:54:06 I/Net 1291517893: Syncing friend message history...
2020-11-17 19:54:06 I/Net 1291517893: Syncing friend message history...
2020-11-17 19:54:06 V/Net 1291517893: Send: MessageSvc.PbGetMsg
2020-11-17 19:54:06 I/Net 1291517893: Syncing friend message history...
2020-11-17 19:54:06 V/Net 1291517893: Send: MessageSvc.PbGetMsg
2020-11-17 19:54:06 V/Net 1291517893: Send: MessageSvc.PbGetMsg
2020-11-17 19:54:06 I/Net 1291517893: Syncing friend message history...
2020-11-17 19:54:06 I/Net 1291517893: Syncing friend message history...
2020-11-17 19:54:06 V/Net 1291517893: Send: MessageSvc.PbGetMsg
2020-11-17 19:54:06 V/Net 1291517893: Send: MessageSvc.PbGetMsg
2020-11-17 19:54:06 I/Net 1291517893: Syncing friend message history...
2020-11-17 19:54:06 V/Net 1291517893: Send: MessageSvc.PbGetMsg
2020-11-17 19:54:07 I/Net 1291517893: Syncing friend message history: Success
2020-11-17 19:54:07 I/Net 1291517893: Syncing friend message history: Success
2020-11-17 19:54:08 I/Net 1291517893: Syncing friend message history: Success
2020-11-17 19:54:08 I/Net 1291517893: Syncing friend message history: Success
2020-11-17 19:54:08 I/Net 1291517893: Syncing friend message history: Success
2020-11-17 19:54:08 I/Net 1291517893: Syncing friend message history: Success
2020-11-17 19:54:10 D/Net 1291517893: Received unknown commandName: ConfigPushSvc.PushDomain
2020-11-17 19:54:39 V/Net 1291517893: Send: MessageSvc.PbSendMsg
2020-11-17 19:54:39 V/Net 1291517893: Recv: MessageSvcPbSendMsg.Response.SUCCESS
2020-11-17 19:55:06 V/Net 1291517893: Send: Heartbeat.Alive
2020-11-17 19:55:06 V/Net 1291517893: Recv: Heartbeat.Alive.Response
2020-11-17 19:56:00 V/Net 1291517893: Send: MessageSvc.PbSendMsg
2020-11-17 19:56:00 V/Net 1291517893: Recv: MessageSvcPbSendMsg.Response.SUCCESS
2020-11-17 19:56:06 V/Net 1291517893: Send: Heartbeat.Alive
2020-11-17 19:56:06 V/Net 1291517893: Recv: Heartbeat.Alive.Response
2020-11-17 19:56:24 V/Net 1291517893: Send: MessageSvc.PbSendMsg
2020-11-17 19:56:24 V/Net 1291517893: Recv: MessageSvcPbSendMsg.Response.SUCCESS
2020-11-17 19:56:25 V/Net 1291517893: Send: OnlinePush.RespPush
2020-11-17 19:56:34 V/Net 1291517893: Send: OnlinePush.RespPush
2020-11-17 19:56:36 V/Net 1291517893: Send: MessageSvc.PbSendMsg
2020-11-17 19:56:36 V/Net 1291517893: Recv: MessageSvcPbSendMsg.Response.SUCCESS
2020-11-17 19:56:52 V/Net 1291517893: Send: MessageSvc.PbSendMsg
2020-11-17 19:56:53 V/Net 1291517893: Recv: MessageSvcPbSendMsg.Response.SUCCESS
2020-11-17 19:57:06 V/Net 1291517893: Send: Heartbeat.Alive
2020-11-17 19:57:06 V/Net 1291517893: Recv: Heartbeat.Alive.Response
2020-11-17 19:57:13 V/Net 1291517893: Send: MessageSvc.PbSendMsg
2020-11-17 19:57:13 V/Net 1291517893: Recv: MessageSvcPbSendMsg.Response.SUCCESS
2020-11-17 19:57:47 V/Net 1291517893: Send: MessageSvc.PbSendMsg
2020-11-17 19:57:47 V/Net 1291517893: Recv: MessageSvcPbSendMsg.Response.SUCCESS
2020-11-17 19:58:06 V/Net 1291517893: Send: Heartbeat.Alive
2020-11-17 19:58:07 V/Net 1291517893: Recv: Heartbeat.Alive.Response
2020-11-17 19:59:07 V/Net 1291517893: Send: Heartbeat.Alive
2020-11-17 19:59:07 V/Net 1291517893: Recv: Heartbeat.Alive.Response
2020-11-17 20:00:07 V/Net 1291517893: Send: Heartbeat.Alive
2020-11-17 20:00:07 V/Net 1291517893: Recv: Heartbeat.Alive.Response
2020-11-17 20:00:32 V/Net 1291517893: Send: MessageSvc.PbSendMsg
2020-11-17 20:00:35 V/Net 1291517893: Recv: MessageSvcPbSendMsg.Response.SUCCESS
2020-11-17 20:01:07 V/Net 1291517893: Send: Heartbeat.Alive
2020-11-17 20:01:10 V/Net 1291517893: Recv: Heartbeat.Alive.Response
2020-11-17 20:02:10 V/Net 1291517893: Send: Heartbeat.Alive
2020-11-17 20:02:11 V/Net 1291517893: Recv: Heartbeat.Alive.Response
2020-11-17 20:03:11 V/Net 1291517893: Send: Heartbeat.Alive
2020-11-17 20:03:11 V/Net 1291517893: Recv: Heartbeat.Alive.Response
2020-11-17 20:04:11 V/Net 1291517893: Send: Heartbeat.Alive
2020-11-17 20:04:11 V/Net 1291517893: Recv: Heartbeat.Alive.Response
2020-11-17 20:05:11 V/Net 1291517893: Send: Heartbeat.Alive
2020-11-17 20:05:11 V/Net 1291517893: Recv: Heartbeat.Alive.Response
2020-11-17 20:06:11 V/Net 1291517893: Send: Heartbeat.Alive
2020-11-17 20:06:11 V/Net 1291517893: Recv: Heartbeat.Alive.Response
2020-11-17 20:07:11 V/Net 1291517893: Send: Heartbeat.Alive
2020-11-17 20:07:11 V/Net 1291517893: Recv: Heartbeat.Alive.Response
2020-11-17 20:08:11 V/Net 1291517893: Send: Heartbeat.Alive
2020-11-17 20:08:11 V/Net 1291517893: Recv: Heartbeat.Alive.Response
2020-11-17 20:09:11 V/Net 1291517893: Send: Heartbeat.Alive
2020-11-17 20:09:12 V/Net 1291517893: Recv: Heartbeat.Alive.Response
2020-11-17 20:10:12 V/Net 1291517893: Send: Heartbeat.Alive
2020-11-17 20:10:17 V/Net 1291517893: Send: Heartbeat.Alive
2020-11-17 20:10:22 V/Net 1291517893: Send: Heartbeat.Alive
2020-11-17 20:10:27 V/Net 1291517893: Send: Heartbeat.Alive
2020-11-17 20:10:32 V/Net 1291517893: Send: Heartbeat.Alive
2020-11-17 20:10:35 V/Net 1291517893: Recv: Heartbeat.Alive.Response
2020-11-17 20:10:37 V/Net 1291517893: Send: Heartbeat.Alive
2020-11-17 20:10:44 V/Net 1291517893: Recv: Heartbeat.Alive.Response
2020-11-17 20:10:44 V/Net 1291517893: Recv: Heartbeat.Alive.Response
2020-11-17 20:10:46 V/Net 1291517893: Recv: Heartbeat.Alive.Response
2020-11-17 20:10:46 V/Net 1291517893: Recv: Heartbeat.Alive.Response
2020-11-17 20:10:46 V/Net 1291517893: Recv: Heartbeat.Alive.Response
2020-11-17 20:10:51 I/Net 1291517893: Connected to server msfwifi.3g.qq.com:8080
2020-11-17 20:10:51 V/Net 1291517893: Send: wtlogin.login
2020-11-17 20:10:55 V/Net 1291517893: Recv: LoginPacketResponse.Success
2020-11-17 20:10:55 I/Net 1291517893: Login successful
2020-11-17 20:10:55 V/Net 1291517893: Send: StatSvc.register
2020-11-17 20:10:58 V/Net 1291517893: Send: StatSvc.register
2020-11-17 20:11:00 V/Net 1291517893: Recv: Response(StatSvc.register)
2020-11-17 20:11:00 I/Net 1291517893: Syncing friend message history...
2020-11-17 20:11:00 I/Net 1291517893: Syncing friend message history...
2020-11-17 20:11:00 V/Net 1291517893: Send: MessageSvc.PbGetMsg
2020-11-17 20:11:00 V/Net 1291517893: Send: MessageSvc.PbGetMsg
2020-11-17 20:11:05 D/Net 1291517893: Received unknown commandName: ConfigPushSvc.PushDomain
2020-11-17 20:11:05 V/Net 1291517893: Send: MessageSvc.PbGetMsg
2020-11-17 20:11:05 V/Net 1291517893: Send: MessageSvc.PbGetMsg
2020-11-17 20:11:05 V/Net 1291517893: Recv: ConfigPushSvc.PushReq.PushReqResponse.Success
2020-11-17 20:11:05 V/Net 1291517893: Send: ConfigPushSvc.PushResp
2020-11-17 20:11:10 V/Net 1291517893: Send: MessageSvc.PbGetMsg
2020-11-17 20:11:10 V/Net 1291517893: Send: MessageSvc.PbGetMsg
2020-11-17 20:11:11 I/Net 1291517893: Syncing friend message history: Success
2020-11-17 20:11:11 I/Net 1291517893: Syncing friend message history: Success
2020-11-17 20:12:00 V/Net 1291517893: Send: Heartbeat.Alive
2020-11-17 20:12:00 V/Net 1291517893: Recv: Heartbeat.Alive.Response
2020-11-17 20:13:00 V/Net 1291517893: Send: Heartbeat.Alive
2020-11-17 20:13:00 V/Net 1291517893: Recv: Heartbeat.Alive.Response
2020-11-17 20:14:00 V/Net 1291517893: Send: Heartbeat.Alive
2020-11-17 20:14:02 V/Net 1291517893: Recv: Heartbeat.Alive.Response
2020-11-17 20:15:02 V/Net 1291517893: Send: Heartbeat.Alive
2020-11-17 20:15:03 V/Net 1291517893: Recv: Heartbeat.Alive.Response
2020-11-17 20:16:03 V/Net 1291517893: Send: Heartbeat.Alive
2020-11-17 20:16:04 V/Net 1291517893: Recv: Heartbeat.Alive.Response
2020-11-17 20:17:04 V/Net 1291517893: Send: Heartbeat.Alive
2020-11-17 20:17:04 V/Net 1291517893: Recv: Heartbeat.Alive.Response
2020-11-17 20:18:04 V/Net 1291517893: Send: Heartbeat.Alive
2020-11-17 20:18:04 V/Net 1291517893: Recv: Heartbeat.Alive.Response
2020-11-17 20:19:04 V/Net 1291517893: Send: Heartbeat.Alive
2020-11-17 20:19:04 V/Net 1291517893: Recv: Heartbeat.Alive.Response
2020-11-17 20:20:04 V/Net 1291517893: Send: Heartbeat.Alive
2020-11-17 20:20:04 V/Net 1291517893: Recv: Heartbeat.Alive.Response
2020-11-17 20:21:04 V/Net 1291517893: Send: Heartbeat.Alive
2020-11-17 20:21:04 V/Net 1291517893: Recv: Heartbeat.Alive.Response
2020-11-17 20:22:04 V/Net 1291517893: Send: Heartbeat.Alive
2020-11-17 20:22:04 V/Net 1291517893: Recv: Heartbeat.Alive.Response
2020-11-17 20:23:04 V/Net 1291517893: Send: Heartbeat.Alive
2020-11-17 20:23:05 V/Net 1291517893: Recv: Heartbeat.Alive.Response
2020-11-17 20:24:05 V/Net 1291517893: Send: Heartbeat.Alive
2020-11-17 20:24:05 V/Net 1291517893: Recv: Heartbeat.Alive.Response
2020-11-17 20:25:05 V/Net 1291517893: Send: Heartbeat.Alive
2020-11-17 20:25:05 V/Net 1291517893: Recv: Heartbeat.Alive.Response
2020-11-17 20:26:05 V/Net 1291517893: Send: Heartbeat.Alive
2020-11-17 20:26:05 V/Net 1291517893: Recv: Heartbeat.Alive.Response
2020-11-17 20:27:05 V/Net 1291517893: Send: Heartbeat.Alive
2020-11-17 20:27:05 V/Net 1291517893: Recv: Heartbeat.Alive.Response
2020-11-17 20:28:05 V/Net 1291517893: Send: Heartbeat.Alive
