2020-12-13 14:12:48 I/Net 1291517893: Connected to server 42.81.169.46:8080
2020-12-13 14:12:48 V/Net 1291517893: Send: wtlogin.login
2020-12-13 14:12:48 V/Net 1291517893: Recv: LoginPacketResponse.Success
2020-12-13 14:12:48 I/Net 1291517893: Login successful
2020-12-13 14:12:49 V/Net 1291517893: Send: StatSvc.register
2020-12-13 14:12:49 V/Net 1291517893: Recv: Response(StatSvc.register)
2020-12-13 14:12:49 I/Net 1291517893: 开始加载好友信息
2020-12-13 14:12:49 I/Net 1291517893: 开始加载群组列表与群成员列表
2020-12-13 14:12:49 V/Net 1291517893: Send: friendlist.getFriendGroupList
2020-12-13 14:12:49 V/Net 1291517893: Send: friendlist.GetTroopListReqV2
2020-12-13 14:12:49 V/Net 1291517893: Recv: FriendList.GetFriendGroupList.Response
2020-12-13 14:12:49 V/Net 1291517893: 正在加载好友列表 3/3
2020-12-13 14:12:49 I/Net 1291517893: 好友列表加载完成, 共 3个
2020-12-13 14:12:49 V/Net 1291517893: Recv: FriendList.GetFriendGroupList.Response
2020-12-13 14:12:49 V/Net 1291517893: Send: OidbSvc.0x88d_7
2020-12-13 14:12:49 V/Net 1291517893: Send: OidbSvc.0x88d_7
2020-12-13 14:12:49 V/Net 1291517893: Send: OidbSvc.0x88d_7
2020-12-13 14:12:49 V/Net 1291517893: Send: OidbSvc.0x88d_7
2020-12-13 14:12:49 V/Net 1291517893: Send: friendlist.GetTroopMemberListReq
2020-12-13 14:12:49 V/Net 1291517893: Send: friendlist.GetTroopMemberListReq
2020-12-13 14:12:49 V/Net 1291517893: Send: friendlist.GetTroopMemberListReq
2020-12-13 14:12:49 V/Net 1291517893: Send: friendlist.GetTroopMemberListReq
2020-12-13 14:12:49 V/Net 1291517893: Recv: FriendList.GetTroopMemberList.Response
2020-12-13 14:12:49 V/Net 1291517893: Recv: FriendList.GetTroopMemberList.Response
2020-12-13 14:12:49 V/Net 1291517893: Send: friendlist.GetTroopMemberListReq
2020-12-13 14:12:49 V/Net 1291517893: Recv: FriendList.GetTroopMemberList.Response
2020-12-13 14:12:49 V/Net 1291517893: Send: friendlist.GetTroopMemberListReq
2020-12-13 14:12:49 V/Net 1291517893: Recv: FriendList.GetTroopMemberList.Response
2020-12-13 14:12:49 V/Net 1291517893: Recv: FriendList.GetTroopMemberList.Response
2020-12-13 14:12:49 V/Net 1291517893: Recv: FriendList.GetTroopMemberList.Response
2020-12-13 14:12:49 I/Net 1291517893: 群组列表与群成员加载完成, 共 4个
2020-12-13 14:12:49 I/Net 1291517893: Syncing friend message history...
2020-12-13 14:12:49 I/Net 1291517893: Awaiting ConfigPushSvc.PushReq
2020-12-13 14:12:49 V/Net 1291517893: Send: MessageSvc.PbGetMsg
2020-12-13 14:12:50 V/Net 1291517893: Send: MessageSvc.PbDeleteMsg
2020-12-13 14:12:50 I/Net 1291517893: Syncing friend message history: Success
2020-12-13 14:12:52 D/Net 1291517893: Received unknown commandName: ConfigPushSvc.PushDomain
2020-12-13 14:12:52 V/Net 1291517893: Recv: ConfigPushSvc.PushReq.PushReqResponse.Success
2020-12-13 14:12:52 V/Net 1291517893: Recv: ConfigPushSvc.PushReq.PushReqResponse.Success
2020-12-13 14:12:52 V/Net 1291517893: Send: ConfigPushSvc.PushResp
2020-12-13 14:12:52 V/Net 1291517893: Send: ConfigPushSvc.PushResp
2020-12-13 14:12:52 I/Net 1291517893: ConfigPushSvc.PushReq: Success
2020-12-13 14:13:49 V/Net 1291517893: Send: Heartbeat.Alive
2020-12-13 14:13:49 V/Net 1291517893: Recv: Heartbeat.Alive.Response
2020-12-13 14:14:49 V/Net 1291517893: Send: Heartbeat.Alive
2020-12-13 14:14:49 V/Net 1291517893: Recv: Heartbeat.Alive.Response
2020-12-13 14:15:49 V/Net 1291517893: Send: Heartbeat.Alive
2020-12-13 14:15:49 V/Net 1291517893: Recv: Heartbeat.Alive.Response
2020-12-13 14:16:49 V/Net 1291517893: Send: Heartbeat.Alive
2020-12-13 14:16:49 V/Net 1291517893: Recv: Heartbeat.Alive.Response
2020-12-13 14:17:49 V/Net 1291517893: Send: Heartbeat.Alive
2020-12-13 14:17:49 V/Net 1291517893: Recv: Heartbeat.Alive.Response
2020-12-13 14:18:49 V/Net 1291517893: Send: Heartbeat.Alive
2020-12-13 14:18:49 V/Net 1291517893: Recv: Heartbeat.Alive.Response
2020-12-13 14:19:49 V/Net 1291517893: Send: Heartbeat.Alive
2020-12-13 14:19:49 V/Net 1291517893: Recv: Heartbeat.Alive.Response
2020-12-13 14:20:49 V/Net 1291517893: Send: Heartbeat.Alive
2020-12-13 14:20:49 V/Net 1291517893: Recv: Heartbeat.Alive.Response
2020-12-13 14:21:49 V/Net 1291517893: Send: Heartbeat.Alive
2020-12-13 14:21:49 V/Net 1291517893: Recv: Heartbeat.Alive.Response
2020-12-13 14:22:49 V/Net 1291517893: Send: Heartbeat.Alive
2020-12-13 14:22:49 V/Net 1291517893: Recv: Heartbeat.Alive.Response
2020-12-13 14:23:49 V/Net 1291517893: Send: Heartbeat.Alive
2020-12-13 14:23:49 V/Net 1291517893: Recv: Heartbeat.Alive.Response
2020-12-13 14:24:42 V/Net 1291517893: Send: MessageSvc.PbSendMsg
2020-12-13 14:24:42 V/Net 1291517893: Recv: MessageSvcPbSendMsg.Response.SUCCESS
2020-12-13 14:24:49 V/Net 1291517893: Send: MessageSvc.PbSendMsg
2020-12-13 14:24:49 V/Net 1291517893: Recv: MessageSvcPbSendMsg.Response.SUCCESS
2020-12-13 14:24:49 V/Net 1291517893: Send: Heartbeat.Alive
2020-12-13 14:24:49 V/Net 1291517893: Recv: Heartbeat.Alive.Response
2020-12-13 14:24:57 V/Net 1291517893: Send: MessageSvc.PbSendMsg
2020-12-13 14:24:57 V/Net 1291517893: Recv: MessageSvcPbSendMsg.Response.SUCCESS
2020-12-13 14:25:04 V/Net 1291517893: Send: MessageSvc.PbSendMsg
2020-12-13 14:25:04 V/Net 1291517893: Recv: MessageSvcPbSendMsg.Response.SUCCESS
2020-12-13 14:25:08 V/Net 1291517893: Send: MessageSvc.PbSendMsg
2020-12-13 14:25:08 V/Net 1291517893: Recv: MessageSvcPbSendMsg.Response.SUCCESS
2020-12-13 14:25:49 V/Net 1291517893: Send: Heartbeat.Alive
2020-12-13 14:25:49 V/Net 1291517893: Recv: Heartbeat.Alive.Response
2020-12-13 14:26:49 V/Net 1291517893: Send: Heartbeat.Alive
2020-12-13 14:26:50 V/Net 1291517893: Recv: Heartbeat.Alive.Response
2020-12-13 14:27:50 V/Net 1291517893: Send: Heartbeat.Alive
2020-12-13 14:27:50 V/Net 1291517893: Recv: Heartbeat.Alive.Response
2020-12-13 14:28:50 V/Net 1291517893: Send: Heartbeat.Alive
2020-12-13 14:28:50 V/Net 1291517893: Recv: Heartbeat.Alive.Response
2020-12-13 14:29:50 V/Net 1291517893: Send: Heartbeat.Alive
2020-12-13 14:29:50 V/Net 1291517893: Recv: Heartbeat.Alive.Response
2020-12-13 14:30:50 V/Net 1291517893: Send: Heartbeat.Alive
2020-12-13 14:30:50 V/Net 1291517893: Recv: Heartbeat.Alive.Response
2020-12-13 14:31:50 V/Net 1291517893: Send: Heartbeat.Alive
2020-12-13 14:31:50 V/Net 1291517893: Recv: Heartbeat.Alive.Response
2020-12-13 14:32:50 V/Net 1291517893: Send: Heartbeat.Alive
2020-12-13 14:32:50 V/Net 1291517893: Recv: Heartbeat.Alive.Response
2020-12-13 14:33:50 V/Net 1291517893: Send: Heartbeat.Alive
2020-12-13 14:33:50 V/Net 1291517893: Recv: Heartbeat.Alive.Response
2020-12-13 14:34:50 V/Net 1291517893: Send: Heartbeat.Alive
2020-12-13 14:34:50 V/Net 1291517893: Recv: Heartbeat.Alive.Response
2020-12-13 14:35:21 V/Net 1291517893: Send: OnlinePush.RespPush
2020-12-13 14:35:21 V/Net 1291517893: Recv: net.mamoe.mirai.qqandroid.network.protocol.data.jce.RequestPushNotify@3ae9a877
2020-12-13 14:35:21 V/Net 1291517893: Send: MessageSvc.PbGetMsg
2020-12-13 14:35:29 V/Net 1291517893: Send: OnlinePush.RespPush
2020-12-13 14:35:50 V/Net 1291517893: Send: Heartbeat.Alive
2020-12-13 14:35:50 V/Net 1291517893: Recv: Heartbeat.Alive.Response
2020-12-13 14:36:50 V/Net 1291517893: Send: Heartbeat.Alive
2020-12-13 14:36:50 V/Net 1291517893: Recv: Heartbeat.Alive.Response
2020-12-13 14:37:39 V/Net 1291517893: Send: OnlinePush.RespPush
2020-12-13 14:37:47 V/Net 1291517893: Send: OnlinePush.RespPush
2020-12-13 14:37:50 V/Net 1291517893: Send: Heartbeat.Alive
2020-12-13 14:37:50 V/Net 1291517893: Recv: Heartbeat.Alive.Response
2020-12-13 14:38:50 V/Net 1291517893: Send: Heartbeat.Alive
2020-12-13 14:38:50 V/Net 1291517893: Recv: Heartbeat.Alive.Response
2020-12-13 14:39:50 V/Net 1291517893: Send: Heartbeat.Alive
2020-12-13 14:39:50 V/Net 1291517893: Recv: Heartbeat.Alive.Response
2020-12-13 14:40:50 V/Net 1291517893: Send: Heartbeat.Alive
2020-12-13 14:40:50 V/Net 1291517893: Recv: Heartbeat.Alive.Response
2020-12-13 14:41:50 V/Net 1291517893: Send: Heartbeat.Alive
2020-12-13 14:41:50 V/Net 1291517893: Recv: Heartbeat.Alive.Response
2020-12-13 14:42:50 V/Net 1291517893: Send: Heartbeat.Alive
2020-12-13 14:42:51 V/Net 1291517893: Recv: Heartbeat.Alive.Response
2020-12-13 14:43:51 V/Net 1291517893: Send: Heartbeat.Alive
2020-12-13 14:43:51 V/Net 1291517893: Recv: Heartbeat.Alive.Response
2020-12-13 14:44:23 V/Net 1291517893: Send: MessageSvc.PbSendMsg
2020-12-13 14:44:23 V/Net 1291517893: Recv: MessageSvcPbSendMsg.Response.SUCCESS
2020-12-13 14:44:49 V/Net 1291517893: Send: MessageSvc.PbSendMsg
2020-12-13 14:44:49 V/Net 1291517893: Recv: MessageSvcPbSendMsg.Response.SUCCESS
2020-12-13 14:44:51 V/Net 1291517893: Send: Heartbeat.Alive
2020-12-13 14:44:51 V/Net 1291517893: Recv: Heartbeat.Alive.Response
2020-12-13 14:45:39 V/Net 1291517893: Send: MessageSvc.PbSendMsg
2020-12-13 14:45:39 V/Net 1291517893: Recv: MessageSvcPbSendMsg.Response.SUCCESS
2020-12-13 14:45:51 V/Net 1291517893: Send: Heartbeat.Alive
2020-12-13 14:45:51 V/Net 1291517893: Recv: Heartbeat.Alive.Response
2020-12-13 14:46:15 V/Net 1291517893: Send: MessageSvc.PbSendMsg
2020-12-13 14:46:15 V/Net 1291517893: Recv: MessageSvcPbSendMsg.Response.SUCCESS
2020-12-13 14:46:32 V/Net 1291517893: Send: OnlinePush.RespPush
2020-12-13 14:46:40 V/Net 1291517893: Send: OnlinePush.RespPush
2020-12-13 14:46:51 V/Net 1291517893: Send: Heartbeat.Alive
2020-12-13 14:46:51 V/Net 1291517893: Recv: Heartbeat.Alive.Response
2020-12-13 14:47:51 V/Net 1291517893: Send: Heartbeat.Alive
2020-12-13 14:47:51 V/Net 1291517893: Recv: Heartbeat.Alive.Response
2020-12-13 14:48:45 V/Net 1291517893: Send: MessageSvc.PbSendMsg
2020-12-13 14:48:45 V/Net 1291517893: Recv: MessageSvcPbSendMsg.Response.SUCCESS
2020-12-13 14:48:51 V/Net 1291517893: Send: Heartbeat.Alive
2020-12-13 14:48:51 V/Net 1291517893: Recv: Heartbeat.Alive.Response
2020-12-13 14:49:09 V/Net 1291517893: Send: MessageSvc.PbSendMsg
2020-12-13 14:49:09 V/Net 1291517893: Recv: MessageSvcPbSendMsg.Response.SUCCESS
2020-12-13 14:49:19 V/Net 1291517893: Send: MessageSvc.PbSendMsg
2020-12-13 14:49:19 V/Net 1291517893: Recv: MessageSvcPbSendMsg.Response.SUCCESS
2020-12-13 14:49:51 V/Net 1291517893: Send: Heartbeat.Alive
2020-12-13 14:49:51 V/Net 1291517893: Recv: Heartbeat.Alive.Response
2020-12-13 14:50:51 V/Net 1291517893: Send: Heartbeat.Alive
2020-12-13 14:50:51 V/Net 1291517893: Recv: Heartbeat.Alive.Response
2020-12-13 14:50:53 V/Net 1291517893: Send: MessageSvc.PbSendMsg
2020-12-13 14:50:53 V/Net 1291517893: Recv: MessageSvcPbSendMsg.Response.SUCCESS
2020-12-13 14:51:51 V/Net 1291517893: Send: Heartbeat.Alive
2020-12-13 14:51:51 V/Net 1291517893: Recv: Heartbeat.Alive.Response
2020-12-13 14:52:51 V/Net 1291517893: Send: Heartbeat.Alive
2020-12-13 14:52:51 V/Net 1291517893: Recv: Heartbeat.Alive.Response
2020-12-13 14:53:51 V/Net 1291517893: Send: Heartbeat.Alive
2020-12-13 14:53:51 V/Net 1291517893: Recv: Heartbeat.Alive.Response
2020-12-13 14:54:51 V/Net 1291517893: Send: Heartbeat.Alive
2020-12-13 14:54:51 V/Net 1291517893: Recv: Heartbeat.Alive.Response
2020-12-13 14:55:44 V/Net 1291517893: Send: MultiMsg.ApplyUp
2020-12-13 14:55:44 V/Net 1291517893: Recv: MultiMsg.ApplyUp.Response.RequireUpload(proto=net.mamoe.mirai.qqandroid.network.protocol.data.proto.MultiMsg$MultiMsgApplyUpRsp@78d3e6de)
2020-12-13 14:55:44 V/Net 1291517893: [Highway] Uploading group long message to 123.150.76.168:443, size=913 B
2020-12-13 14:55:44 V/Net 1291517893: [Highway] Uploading group long message: succeed at 5 KiB/s
2020-12-13 14:55:44 V/Net 1291517893: Send: MessageSvc.PbSendMsg
2020-12-13 14:55:44 V/Net 1291517893: Recv: MessageSvcPbSendMsg.Response.SUCCESS
2020-12-13 14:55:51 V/Net 1291517893: Send: Heartbeat.Alive
2020-12-13 14:55:51 V/Net 1291517893: Recv: Heartbeat.Alive.Response
2020-12-13 14:56:25 V/Net 1291517893: Send: MultiMsg.ApplyUp
2020-12-13 14:56:25 V/Net 1291517893: Recv: MultiMsg.ApplyUp.Response.RequireUpload(proto=net.mamoe.mirai.qqandroid.network.protocol.data.proto.MultiMsg$MultiMsgApplyUpRsp@502cfee6)
2020-12-13 14:56:25 V/Net 1291517893: [Highway] Uploading group long message to 123.151.190.163:443, size=914 B
2020-12-13 14:56:25 V/Net 1291517893: [Highway] Uploading group long message: succeed at 5 KiB/s
2020-12-13 14:56:25 V/Net 1291517893: Send: MessageSvc.PbSendMsg
2020-12-13 14:56:25 V/Net 1291517893: Recv: MessageSvcPbSendMsg.Response.SUCCESS
2020-12-13 14:56:51 V/Net 1291517893: Send: Heartbeat.Alive
2020-12-13 14:56:51 V/Net 1291517893: Recv: Heartbeat.Alive.Response
2020-12-13 14:56:57 V/Net 1291517893: Send: MultiMsg.ApplyUp
2020-12-13 14:56:57 V/Net 1291517893: Recv: MultiMsg.ApplyUp.Response.RequireUpload(proto=net.mamoe.mirai.qqandroid.network.protocol.data.proto.MultiMsg$MultiMsgApplyUpRsp@d2af3f0)
2020-12-13 14:56:57 V/Net 1291517893: [Highway] Uploading group long message to 123.150.76.170:443, size=914 B
2020-12-13 14:56:57 V/Net 1291517893: [Highway] Uploading group long message: succeed at 5 KiB/s
2020-12-13 14:56:57 V/Net 1291517893: Send: MessageSvc.PbSendMsg
2020-12-13 14:56:57 V/Net 1291517893: Recv: MessageSvcPbSendMsg.Response.SUCCESS
2020-12-13 14:57:51 V/Net 1291517893: Send: Heartbeat.Alive
2020-12-13 14:57:51 V/Net 1291517893: Recv: Heartbeat.Alive.Response
2020-12-13 14:58:03 V/Net 1291517893: Send: MultiMsg.ApplyUp
2020-12-13 14:58:03 V/Net 1291517893: Recv: MultiMsg.ApplyUp.Response.RequireUpload(proto=net.mamoe.mirai.qqandroid.network.protocol.data.proto.MultiMsg$MultiMsgApplyUpRsp@1cba778d)
2020-12-13 14:58:03 V/Net 1291517893: [Highway] Uploading group long message to 123.150.76.168:443, size=904 B
2020-12-13 14:58:04 V/Net 1291517893: [Highway] Uploading group long message: succeed at 4 KiB/s
2020-12-13 14:58:04 V/Net 1291517893: Send: MessageSvc.PbSendMsg
2020-12-13 14:58:04 V/Net 1291517893: Recv: MessageSvcPbSendMsg.Response.SUCCESS
2020-12-13 14:58:51 V/Net 1291517893: Send: Heartbeat.Alive
2020-12-13 14:58:51 V/Net 1291517893: Recv: Heartbeat.Alive.Response
2020-12-13 14:59:51 V/Net 1291517893: Send: Heartbeat.Alive
2020-12-13 14:59:51 V/Net 1291517893: Recv: Heartbeat.Alive.Response
2020-12-13 15:00:51 V/Net 1291517893: Send: Heartbeat.Alive
2020-12-13 15:00:51 V/Net 1291517893: Recv: Heartbeat.Alive.Response
2020-12-13 15:00:54 V/Net 1291517893: Send: MultiMsg.ApplyUp
2020-12-13 15:00:54 V/Net 1291517893: Recv: MultiMsg.ApplyUp.Response.RequireUpload(proto=net.mamoe.mirai.qqandroid.network.protocol.data.proto.MultiMsg$MultiMsgApplyUpRsp@6d8afa9f)
2020-12-13 15:00:54 V/Net 1291517893: [Highway] Uploading group long message to 123.150.76.171:443, size=877 B
2020-12-13 15:00:54 V/Net 1291517893: [Highway] Uploading group long message: succeed at 5 KiB/s
2020-12-13 15:00:54 V/Net 1291517893: Send: MessageSvc.PbSendMsg
2020-12-13 15:00:54 V/Net 1291517893: Recv: MessageSvcPbSendMsg.Response.SUCCESS
2020-12-13 15:01:51 V/Net 1291517893: Send: Heartbeat.Alive
2020-12-13 15:01:51 V/Net 1291517893: Recv: Heartbeat.Alive.Response
2020-12-13 15:02:06 V/Net 1291517893: Send: OnlinePush.RespPush
2020-12-13 15:02:15 V/Net 1291517893: Send: OnlinePush.RespPush
2020-12-13 15:02:51 V/Net 1291517893: Send: Heartbeat.Alive
2020-12-13 15:02:51 V/Net 1291517893: Recv: Heartbeat.Alive.Response
2020-12-13 15:03:51 V/Net 1291517893: Send: Heartbeat.Alive
2020-12-13 15:03:52 V/Net 1291517893: Recv: Heartbeat.Alive.Response
2020-12-13 15:04:52 V/Net 1291517893: Send: Heartbeat.Alive
2020-12-13 15:04:52 V/Net 1291517893: Recv: Heartbeat.Alive.Response
2020-12-13 15:05:52 V/Net 1291517893: Send: Heartbeat.Alive
2020-12-13 15:05:52 V/Net 1291517893: Recv: Heartbeat.Alive.Response
2020-12-13 15:06:52 V/Net 1291517893: Send: Heartbeat.Alive
2020-12-13 15:06:52 V/Net 1291517893: Recv: Heartbeat.Alive.Response
2020-12-13 15:07:52 V/Net 1291517893: Send: Heartbeat.Alive
2020-12-13 15:07:52 V/Net 1291517893: Recv: Heartbeat.Alive.Response
2020-12-13 15:08:52 V/Net 1291517893: Send: Heartbeat.Alive
2020-12-13 15:08:52 V/Net 1291517893: Recv: Heartbeat.Alive.Response
2020-12-13 15:09:52 V/Net 1291517893: Send: Heartbeat.Alive
2020-12-13 15:09:52 V/Net 1291517893: Recv: Heartbeat.Alive.Response
2020-12-13 15:10:52 V/Net 1291517893: Send: Heartbeat.Alive
2020-12-13 15:10:52 V/Net 1291517893: Recv: Heartbeat.Alive.Response
2020-12-13 15:11:52 V/Net 1291517893: Send: Heartbeat.Alive
2020-12-13 15:11:52 V/Net 1291517893: Recv: Heartbeat.Alive.Response
2020-12-13 15:12:52 V/Net 1291517893: Send: Heartbeat.Alive
2020-12-13 15:12:52 V/Net 1291517893: Recv: Heartbeat.Alive.Response
2020-12-13 15:13:52 V/Net 1291517893: Send: Heartbeat.Alive
2020-12-13 15:13:52 V/Net 1291517893: Recv: Heartbeat.Alive.Response
2020-12-13 15:14:52 V/Net 1291517893: Send: Heartbeat.Alive
2020-12-13 15:14:52 V/Net 1291517893: Recv: Heartbeat.Alive.Response
2020-12-13 15:15:52 V/Net 1291517893: Send: Heartbeat.Alive
2020-12-13 15:15:52 V/Net 1291517893: Recv: Heartbeat.Alive.Response
2020-12-13 15:16:47 D/Net 1291517893: Received unknown commandName: MessageSvc.PushReaded
2020-12-13 15:16:47 V/Net 1291517893: Send: OnlinePush.RespPush
2020-12-13 15:16:52 V/Net 1291517893: Send: Heartbeat.Alive
2020-12-13 15:16:52 V/Net 1291517893: Recv: Heartbeat.Alive.Response
2020-12-13 15:16:55 V/Net 1291517893: Send: OnlinePush.RespPush
2020-12-13 15:17:24 D/Net 1291517893: Received unknown commandName: MessageSvc.PushReaded
2020-12-13 15:17:39 I/Net 1291517893: Connected to server 42.81.172.81:80
2020-12-13 15:17:39 V/Net 1291517893: Send: wtlogin.login
2020-12-13 15:17:39 V/Net 1291517893: Recv: LoginPacketResponse.Success
2020-12-13 15:17:39 I/Net 1291517893: Login successful
2020-12-13 15:17:39 V/Net 1291517893: Send: StatSvc.register
2020-12-13 15:17:39 V/Net 1291517893: Recv: Response(StatSvc.register)
2020-12-13 15:17:39 I/Net 1291517893: Syncing friend message history...
2020-12-13 15:17:39 V/Net 1291517893: Send: MessageSvc.PbGetMsg
2020-12-13 15:17:39 V/Net 1291517893: Send: MessageSvc.PbDeleteMsg
2020-12-13 15:17:39 I/Net 1291517893: Syncing friend message history: Success
2020-12-13 15:17:42 V/Net 1291517893: Recv: ConfigPushSvc.PushReq.PushReqResponse.Success
2020-12-13 15:17:42 V/Net 1291517893: Send: ConfigPushSvc.PushResp
2020-12-13 15:17:42 D/Net 1291517893: Received unknown commandName: ConfigPushSvc.PushDomain
2020-12-13 15:17:42 V/Net 1291517893: Recv: ConfigPushSvc.PushReq.PushReqResponse.Success
2020-12-13 15:17:42 V/Net 1291517893: Send: ConfigPushSvc.PushResp
2020-12-13 15:18:39 V/Net 1291517893: Send: Heartbeat.Alive
2020-12-13 15:18:39 V/Net 1291517893: Recv: Heartbeat.Alive.Response
2020-12-13 15:19:39 V/Net 1291517893: Send: Heartbeat.Alive
2020-12-13 15:19:39 V/Net 1291517893: Recv: Heartbeat.Alive.Response
2020-12-13 15:20:39 V/Net 1291517893: Send: Heartbeat.Alive
2020-12-13 15:20:39 V/Net 1291517893: Recv: Heartbeat.Alive.Response
2020-12-13 15:21:39 V/Net 1291517893: Send: Heartbeat.Alive
2020-12-13 15:21:39 V/Net 1291517893: Recv: Heartbeat.Alive.Response
2020-12-13 15:22:34 V/Net 1291517893: Send: MultiMsg.ApplyUp
2020-12-13 15:22:34 V/Net 1291517893: Recv: MultiMsg.ApplyUp.Response.RequireUpload(proto=net.mamoe.mirai.qqandroid.network.protocol.data.proto.MultiMsg$MultiMsgApplyUpRsp@13b5143b)
2020-12-13 15:22:34 V/Net 1291517893: [Highway] Uploading group long message to 123.151.190.162:443, size=942 B
2020-12-13 15:22:34 V/Net 1291517893: [Highway] Uploading group long message: succeed at 6 KiB/s
2020-12-13 15:22:34 V/Net 1291517893: Send: MessageSvc.PbSendMsg
2020-12-13 15:22:34 V/Net 1291517893: Recv: MessageSvcPbSendMsg.Response.SUCCESS
2020-12-13 15:22:39 V/Net 1291517893: Send: Heartbeat.Alive
2020-12-13 15:22:39 V/Net 1291517893: Recv: Heartbeat.Alive.Response
2020-12-13 15:23:36 V/Net 1291517893: Send: MultiMsg.ApplyUp
2020-12-13 15:23:37 V/Net 1291517893: Recv: MultiMsg.ApplyUp.Response.RequireUpload(proto=net.mamoe.mirai.qqandroid.network.protocol.data.proto.MultiMsg$MultiMsgApplyUpRsp@2cc6b762)
2020-12-13 15:23:37 V/Net 1291517893: [Highway] Uploading group long message to 123.151.190.163:443, size=934 B
2020-12-13 15:23:37 V/Net 1291517893: [Highway] Uploading group long message: succeed at 5 KiB/s
2020-12-13 15:23:37 V/Net 1291517893: Send: MessageSvc.PbSendMsg
2020-12-13 15:23:37 V/Net 1291517893: Recv: MessageSvcPbSendMsg.Response.SUCCESS
2020-12-13 15:23:39 V/Net 1291517893: Send: Heartbeat.Alive
2020-12-13 15:23:39 V/Net 1291517893: Recv: Heartbeat.Alive.Response
2020-12-13 15:24:39 V/Net 1291517893: Send: Heartbeat.Alive
2020-12-13 15:24:39 V/Net 1291517893: Recv: Heartbeat.Alive.Response
2020-12-13 15:25:39 V/Net 1291517893: Send: Heartbeat.Alive
2020-12-13 15:25:39 V/Net 1291517893: Recv: Heartbeat.Alive.Response
2020-12-13 15:26:39 V/Net 1291517893: Send: Heartbeat.Alive
2020-12-13 15:26:39 V/Net 1291517893: Recv: Heartbeat.Alive.Response
2020-12-13 15:26:49 V/Net 1291517893: Send: MessageSvc.PbSendMsg
2020-12-13 15:26:50 V/Net 1291517893: Recv: MessageSvcPbSendMsg.Response.SUCCESS
2020-12-13 15:27:00 V/Net 1291517893: Send: MultiMsg.ApplyUp
2020-12-13 15:27:00 V/Net 1291517893: Recv: MultiMsg.ApplyUp.Response.RequireUpload(proto=net.mamoe.mirai.qqandroid.network.protocol.data.proto.MultiMsg$MultiMsgApplyUpRsp@43a1ca95)
2020-12-13 15:27:00 V/Net 1291517893: [Highway] Uploading group long message to 123.151.190.162:443, size=934 B
2020-12-13 15:27:00 V/Net 1291517893: [Highway] Uploading group long message: succeed at 6 KiB/s
2020-12-13 15:27:00 V/Net 1291517893: Send: MessageSvc.PbSendMsg
2020-12-13 15:27:00 V/Net 1291517893: Recv: MessageSvcPbSendMsg.Response.SUCCESS
2020-12-13 15:27:39 V/Net 1291517893: Send: Heartbeat.Alive
2020-12-13 15:27:40 V/Net 1291517893: Recv: Heartbeat.Alive.Response
2020-12-13 15:28:27 D/Net 1291517893: Received unknown commandName: MessageSvc.PushReaded
2020-12-13 15:28:40 V/Net 1291517893: Send: Heartbeat.Alive
2020-12-13 15:28:40 V/Net 1291517893: Recv: Heartbeat.Alive.Response
2020-12-13 15:29:40 V/Net 1291517893: Send: Heartbeat.Alive
2020-12-13 15:29:40 V/Net 1291517893: Recv: Heartbeat.Alive.Response
2020-12-13 15:30:40 V/Net 1291517893: Send: Heartbeat.Alive
2020-12-13 15:30:40 V/Net 1291517893: Recv: Heartbeat.Alive.Response
2020-12-13 15:31:40 V/Net 1291517893: Send: Heartbeat.Alive
2020-12-13 15:31:40 V/Net 1291517893: Recv: Heartbeat.Alive.Response
2020-12-13 15:32:40 V/Net 1291517893: Send: Heartbeat.Alive
2020-12-13 15:32:40 V/Net 1291517893: Recv: Heartbeat.Alive.Response
2020-12-13 15:33:40 V/Net 1291517893: Send: Heartbeat.Alive
2020-12-13 15:33:40 V/Net 1291517893: Recv: Heartbeat.Alive.Response
2020-12-13 15:34:40 V/Net 1291517893: Send: Heartbeat.Alive
2020-12-13 15:34:40 V/Net 1291517893: Recv: Heartbeat.Alive.Response
2020-12-13 15:35:40 V/Net 1291517893: Send: Heartbeat.Alive
2020-12-13 15:35:40 V/Net 1291517893: Recv: Heartbeat.Alive.Response
2020-12-13 15:36:40 V/Net 1291517893: Send: Heartbeat.Alive
2020-12-13 15:36:40 V/Net 1291517893: Recv: Heartbeat.Alive.Response
2020-12-13 15:37:40 V/Net 1291517893: Send: Heartbeat.Alive
2020-12-13 15:37:40 V/Net 1291517893: Recv: Heartbeat.Alive.Response
2020-12-13 15:38:40 V/Net 1291517893: Send: Heartbeat.Alive
2020-12-13 15:38:40 V/Net 1291517893: Recv: Heartbeat.Alive.Response
2020-12-13 15:39:40 V/Net 1291517893: Send: Heartbeat.Alive
2020-12-13 15:39:40 V/Net 1291517893: Recv: Heartbeat.Alive.Response
2020-12-13 15:40:40 V/Net 1291517893: Send: Heartbeat.Alive
2020-12-13 15:40:40 V/Net 1291517893: Recv: Heartbeat.Alive.Response
2020-12-13 15:41:40 V/Net 1291517893: Send: Heartbeat.Alive
2020-12-13 15:41:40 V/Net 1291517893: Recv: Heartbeat.Alive.Response
2020-12-13 15:42:40 V/Net 1291517893: Send: Heartbeat.Alive
2020-12-13 15:42:40 V/Net 1291517893: Recv: Heartbeat.Alive.Response
2020-12-13 15:43:35 I/Net 1291517893: Connected to server 114.221.148.59:14000
2020-12-13 15:43:35 V/Net 1291517893: Send: wtlogin.login
2020-12-13 15:43:35 V/Net 1291517893: Recv: LoginPacketResponse.Success
2020-12-13 15:43:35 I/Net 1291517893: Login successful
2020-12-13 15:43:35 V/Net 1291517893: Send: StatSvc.register
2020-12-13 15:43:35 V/Net 1291517893: Recv: Response(StatSvc.register)
2020-12-13 15:43:35 I/Net 1291517893: Syncing friend message history...
2020-12-13 15:43:35 V/Net 1291517893: Send: MessageSvc.PbGetMsg
2020-12-13 15:43:35 I/Net 1291517893: Syncing friend message history: Success
2020-12-13 15:43:38 V/Net 1291517893: Recv: ConfigPushSvc.PushReq.PushReqResponse.Success
2020-12-13 15:43:38 V/Net 1291517893: Send: ConfigPushSvc.PushResp
2020-12-13 15:43:38 D/Net 1291517893: Received unknown commandName: ConfigPushSvc.PushDomain
2020-12-13 15:43:38 V/Net 1291517893: Recv: ConfigPushSvc.PushReq.PushReqResponse.Success
2020-12-13 15:43:38 V/Net 1291517893: Send: ConfigPushSvc.PushResp
2020-12-13 15:44:35 V/Net 1291517893: Send: Heartbeat.Alive
2020-12-13 15:44:35 V/Net 1291517893: Recv: Heartbeat.Alive.Response
2020-12-13 15:45:35 V/Net 1291517893: Send: Heartbeat.Alive
2020-12-13 15:45:35 V/Net 1291517893: Recv: Heartbeat.Alive.Response
2020-12-13 15:46:35 V/Net 1291517893: Send: Heartbeat.Alive
2020-12-13 15:46:35 V/Net 1291517893: Recv: Heartbeat.Alive.Response
2020-12-13 15:47:35 V/Net 1291517893: Send: Heartbeat.Alive
2020-12-13 15:47:35 V/Net 1291517893: Recv: Heartbeat.Alive.Response
2020-12-13 15:48:35 V/Net 1291517893: Send: Heartbeat.Alive
2020-12-13 15:48:35 V/Net 1291517893: Recv: Heartbeat.Alive.Response
2020-12-13 15:49:35 V/Net 1291517893: Send: Heartbeat.Alive
2020-12-13 15:49:35 V/Net 1291517893: Recv: Heartbeat.Alive.Response
2020-12-13 15:50:35 V/Net 1291517893: Send: Heartbeat.Alive
2020-12-13 15:50:36 V/Net 1291517893: Recv: Heartbeat.Alive.Response
2020-12-13 15:51:36 V/Net 1291517893: Send: Heartbeat.Alive
2020-12-13 15:51:36 V/Net 1291517893: Recv: Heartbeat.Alive.Response
2020-12-13 15:52:36 V/Net 1291517893: Send: Heartbeat.Alive
2020-12-13 15:52:36 V/Net 1291517893: Recv: Heartbeat.Alive.Response
2020-12-13 15:53:36 V/Net 1291517893: Send: Heartbeat.Alive
2020-12-13 15:53:36 V/Net 1291517893: Recv: Heartbeat.Alive.Response
2020-12-13 15:54:36 V/Net 1291517893: Send: Heartbeat.Alive
2020-12-13 15:54:36 V/Net 1291517893: Recv: Heartbeat.Alive.Response
2020-12-13 15:55:36 V/Net 1291517893: Send: Heartbeat.Alive
2020-12-13 15:55:36 V/Net 1291517893: Recv: Heartbeat.Alive.Response
2020-12-13 15:56:36 V/Net 1291517893: Send: Heartbeat.Alive
2020-12-13 15:56:36 V/Net 1291517893: Recv: Heartbeat.Alive.Response
2020-12-13 15:57:36 V/Net 1291517893: Send: Heartbeat.Alive
2020-12-13 15:57:36 V/Net 1291517893: Recv: Heartbeat.Alive.Response
2020-12-13 15:58:36 V/Net 1291517893: Send: Heartbeat.Alive
2020-12-13 15:58:37 V/Net 1291517893: Recv: Heartbeat.Alive.Response
2020-12-13 15:59:37 V/Net 1291517893: Send: Heartbeat.Alive
2020-12-13 15:59:37 V/Net 1291517893: Recv: Heartbeat.Alive.Response
2020-12-13 16:00:20 I/Net 1291517893: Connected to server 42.81.172.147:443
2020-12-13 16:00:20 V/Net 1291517893: Send: wtlogin.login
2020-12-13 16:00:20 V/Net 1291517893: Recv: LoginPacketResponse.Success
2020-12-13 16:00:20 I/Net 1291517893: Login successful
2020-12-13 16:00:20 V/Net 1291517893: Send: StatSvc.register
2020-12-13 16:00:21 V/Net 1291517893: Recv: Response(StatSvc.register)
2020-12-13 16:00:21 I/Net 1291517893: Syncing friend message history...
2020-12-13 16:00:21 V/Net 1291517893: Send: MessageSvc.PbGetMsg
2020-12-13 16:00:21 I/Net 1291517893: Syncing friend message history: Success
2020-12-13 16:00:23 V/Net 1291517893: Recv: ConfigPushSvc.PushReq.PushReqResponse.Success
2020-12-13 16:00:23 V/Net 1291517893: Send: ConfigPushSvc.PushResp
2020-12-13 16:00:24 D/Net 1291517893: Received unknown commandName: ConfigPushSvc.PushDomain
2020-12-13 16:00:24 V/Net 1291517893: Recv: ConfigPushSvc.PushReq.PushReqResponse.Success
2020-12-13 16:00:24 V/Net 1291517893: Send: ConfigPushSvc.PushResp
2020-12-13 16:01:21 V/Net 1291517893: Send: Heartbeat.Alive
2020-12-13 16:01:21 V/Net 1291517893: Recv: Heartbeat.Alive.Response
2020-12-13 16:02:21 V/Net 1291517893: Send: Heartbeat.Alive
2020-12-13 16:02:21 V/Net 1291517893: Recv: Heartbeat.Alive.Response
2020-12-13 16:03:21 V/Net 1291517893: Send: Heartbeat.Alive
2020-12-13 16:03:21 V/Net 1291517893: Recv: Heartbeat.Alive.Response
2020-12-13 16:04:21 V/Net 1291517893: Send: Heartbeat.Alive
2020-12-13 16:04:21 V/Net 1291517893: Recv: Heartbeat.Alive.Response
2020-12-13 16:05:21 V/Net 1291517893: Send: Heartbeat.Alive
2020-12-13 16:05:26 V/Net 1291517893: Send: Heartbeat.Alive
2020-12-13 16:05:31 V/Net 1291517893: Send: Heartbeat.Alive
2020-12-13 16:05:36 V/Net 1291517893: Send: Heartbeat.Alive
2020-12-13 16:05:41 V/Net 1291517893: Send: Heartbeat.Alive
2020-12-13 16:05:46 V/Net 1291517893: Send: Heartbeat.Alive
2020-12-13 16:05:59 W/Net 1291517893: No route to host (Mostly due to no Internet connection). Retrying in 3s...
2020-12-13 16:06:02 W/Net 1291517893: No route to host (Mostly due to no Internet connection). Retrying in 3s...
2020-12-13 16:06:05 W/Net 1291517893: No route to host (Mostly due to no Internet connection). Retrying in 3s...
2020-12-13 16:06:08 W/Net 1291517893: No route to host (Mostly due to no Internet connection). Retrying in 3s...
2020-12-13 16:06:11 W/Net 1291517893: No route to host (Mostly due to no Internet connection). Retrying in 3s...
2020-12-13 16:06:14 W/Net 1291517893: No route to host (Mostly due to no Internet connection). Retrying in 3s...
2020-12-13 16:06:17 W/Net 1291517893: No route to host (Mostly due to no Internet connection). Retrying in 3s...
2020-12-13 16:06:20 W/Net 1291517893: No route to host (Mostly due to no Internet connection). Retrying in 3s...
2020-12-13 16:06:23 W/Net 1291517893: No route to host (Mostly due to no Internet connection). Retrying in 3s...
2020-12-13 16:06:26 W/Net 1291517893: No route to host (Mostly due to no Internet connection). Retrying in 3s...
2020-12-13 16:06:29 W/Net 1291517893: No route to host (Mostly due to no Internet connection). Retrying in 3s...
2020-12-13 16:06:32 W/Net 1291517893: No route to host (Mostly due to no Internet connection). Retrying in 3s...
2020-12-13 16:06:35 W/Net 1291517893: No route to host (Mostly due to no Internet connection). Retrying in 3s...
2020-12-13 16:06:38 W/Net 1291517893: No route to host (Mostly due to no Internet connection). Retrying in 3s...
2020-12-13 16:06:41 W/Net 1291517893: No route to host (Mostly due to no Internet connection). Retrying in 3s...
2020-12-13 16:06:44 W/Net 1291517893: No route to host (Mostly due to no Internet connection). Retrying in 3s...
2020-12-13 16:06:47 W/Net 1291517893: No route to host (Mostly due to no Internet connection). Retrying in 3s...
2020-12-13 16:06:50 W/Net 1291517893: No route to host (Mostly due to no Internet connection). Retrying in 3s...
2020-12-13 16:06:54 W/Net 1291517893: No route to host (Mostly due to no Internet connection). Retrying in 3s...
2020-12-13 16:06:57 W/Net 1291517893: No route to host (Mostly due to no Internet connection). Retrying in 3s...
2020-12-13 16:07:00 W/Net 1291517893: No route to host (Mostly due to no Internet connection). Retrying in 3s...
2020-12-13 16:07:03 W/Net 1291517893: No route to host (Mostly due to no Internet connection). Retrying in 3s...
2020-12-13 16:07:06 W/Net 1291517893: No route to host (Mostly due to no Internet connection). Retrying in 3s...
2020-12-13 16:07:09 W/Net 1291517893: No route to host (Mostly due to no Internet connection). Retrying in 3s...
2020-12-13 16:07:13 W/Net 1291517893: No route to host (Mostly due to no Internet connection). Retrying in 3s...
2020-12-13 16:07:16 W/Net 1291517893: No route to host (Mostly due to no Internet connection). Retrying in 3s...
2020-12-13 16:07:19 W/Net 1291517893: No route to host (Mostly due to no Internet connection). Retrying in 3s...
2020-12-13 16:07:22 W/Net 1291517893: No route to host (Mostly due to no Internet connection). Retrying in 3s...
2020-12-13 16:07:25 W/Net 1291517893: No route to host (Mostly due to no Internet connection). Retrying in 3s...
2020-12-13 16:07:28 I/Net 1291517893: Connected to server 125.94.60.146:80
2020-12-13 16:07:28 V/Net 1291517893: Send: wtlogin.login
2020-12-13 16:07:29 V/Net 1291517893: Recv: LoginPacketResponse.Success
2020-12-13 16:07:29 I/Net 1291517893: Login successful
2020-12-13 16:07:29 V/Net 1291517893: Send: StatSvc.register
2020-12-13 16:07:29 V/Net 1291517893: Recv: Response(StatSvc.register)
2020-12-13 16:07:29 I/Net 1291517893: Syncing friend message history...
2020-12-13 16:07:29 I/Net 1291517893: Syncing friend message history...
2020-12-13 16:07:29 V/Net 1291517893: Send: MessageSvc.PbGetMsg
2020-12-13 16:07:29 V/Net 1291517893: Send: MessageSvc.PbGetMsg
2020-12-13 16:07:29 I/Net 1291517893: Syncing friend message history: Success
2020-12-13 16:07:29 I/Net 1291517893: Syncing friend message history: Success
2020-12-13 16:07:32 V/Net 1291517893: Recv: ConfigPushSvc.PushReq.PushReqResponse.Success
2020-12-13 16:07:32 V/Net 1291517893: Send: ConfigPushSvc.PushResp
2020-12-13 16:07:32 D/Net 1291517893: Received unknown commandName: ConfigPushSvc.PushDomain
2020-12-13 16:07:32 V/Net 1291517893: Recv: ConfigPushSvc.PushReq.PushReqResponse.Success
2020-12-13 16:07:32 V/Net 1291517893: Send: ConfigPushSvc.PushResp
2020-12-13 16:08:29 V/Net 1291517893: Send: Heartbeat.Alive
2020-12-13 16:08:29 V/Net 1291517893: Recv: Heartbeat.Alive.Response
2020-12-13 16:09:29 V/Net 1291517893: Send: Heartbeat.Alive
2020-12-13 16:09:29 V/Net 1291517893: Recv: Heartbeat.Alive.Response
2020-12-13 16:10:29 V/Net 1291517893: Send: Heartbeat.Alive
2020-12-13 16:10:29 V/Net 1291517893: Recv: Heartbeat.Alive.Response
2020-12-13 16:11:29 V/Net 1291517893: Send: Heartbeat.Alive
2020-12-13 16:11:29 V/Net 1291517893: Recv: Heartbeat.Alive.Response
2020-12-13 16:12:29 V/Net 1291517893: Send: Heartbeat.Alive
2020-12-13 16:12:29 V/Net 1291517893: Recv: Heartbeat.Alive.Response
2020-12-13 16:13:29 V/Net 1291517893: Send: Heartbeat.Alive
2020-12-13 16:13:29 V/Net 1291517893: Recv: Heartbeat.Alive.Response
2020-12-13 16:14:29 V/Net 1291517893: Send: Heartbeat.Alive
2020-12-13 16:14:29 V/Net 1291517893: Recv: Heartbeat.Alive.Response
2020-12-13 16:15:29 V/Net 1291517893: Send: Heartbeat.Alive
2020-12-13 16:15:30 V/Net 1291517893: Recv: Heartbeat.Alive.Response
2020-12-13 16:16:30 V/Net 1291517893: Send: Heartbeat.Alive
2020-12-13 16:16:30 V/Net 1291517893: Recv: Heartbeat.Alive.Response
2020-12-13 16:17:30 V/Net 1291517893: Send: Heartbeat.Alive
2020-12-13 16:17:30 V/Net 1291517893: Recv: Heartbeat.Alive.Response
2020-12-13 16:18:30 V/Net 1291517893: Send: Heartbeat.Alive
2020-12-13 16:18:30 V/Net 1291517893: Recv: Heartbeat.Alive.Response
2020-12-13 16:19:30 V/Net 1291517893: Send: Heartbeat.Alive
2020-12-13 16:19:31 V/Net 1291517893: Recv: Heartbeat.Alive.Response
2020-12-13 16:20:31 V/Net 1291517893: Send: Heartbeat.Alive
2020-12-13 16:20:31 V/Net 1291517893: Recv: Heartbeat.Alive.Response
2020-12-13 16:21:31 V/Net 1291517893: Send: Heartbeat.Alive
2020-12-13 16:21:31 V/Net 1291517893: Recv: Heartbeat.Alive.Response
2020-12-13 16:22:31 V/Net 1291517893: Send: Heartbeat.Alive
2020-12-13 16:22:32 V/Net 1291517893: Recv: Heartbeat.Alive.Response
2020-12-13 16:23:32 V/Net 1291517893: Send: Heartbeat.Alive
2020-12-13 16:23:33 V/Net 1291517893: Recv: Heartbeat.Alive.Response
2020-12-13 16:24:14 I/Net 1291517893: Connected to server 42.81.172.22:80
2020-12-13 16:24:14 V/Net 1291517893: Send: wtlogin.login
2020-12-13 16:24:14 V/Net 1291517893: Recv: LoginPacketResponse.Success
2020-12-13 16:24:14 I/Net 1291517893: Login successful
2020-12-13 16:24:14 V/Net 1291517893: Send: StatSvc.register
2020-12-13 16:24:14 V/Net 1291517893: Recv: Response(StatSvc.register)
2020-12-13 16:24:14 I/Net 1291517893: Syncing friend message history...
2020-12-13 16:24:14 V/Net 1291517893: Send: MessageSvc.PbGetMsg
2020-12-13 16:24:14 I/Net 1291517893: Syncing friend message history: Success
2020-12-13 16:24:17 D/Net 1291517893: Received unknown commandName: ConfigPushSvc.PushDomain
2020-12-13 16:24:17 V/Net 1291517893: Recv: ConfigPushSvc.PushReq.PushReqResponse.Success
2020-12-13 16:24:17 V/Net 1291517893: Send: ConfigPushSvc.PushResp
2020-12-13 16:24:17 V/Net 1291517893: Recv: ConfigPushSvc.PushReq.PushReqResponse.Success
2020-12-13 16:24:17 V/Net 1291517893: Send: ConfigPushSvc.PushResp
2020-12-13 16:25:14 V/Net 1291517893: Send: Heartbeat.Alive
2020-12-13 16:25:14 V/Net 1291517893: Recv: Heartbeat.Alive.Response
2020-12-13 16:26:14 V/Net 1291517893: Send: Heartbeat.Alive
2020-12-13 16:26:14 V/Net 1291517893: Recv: Heartbeat.Alive.Response
2020-12-13 16:27:14 V/Net 1291517893: Send: Heartbeat.Alive
2020-12-13 16:27:14 V/Net 1291517893: Recv: Heartbeat.Alive.Response
2020-12-13 16:28:14 V/Net 1291517893: Send: Heartbeat.Alive
2020-12-13 16:28:14 V/Net 1291517893: Recv: Heartbeat.Alive.Response
2020-12-13 16:29:14 V/Net 1291517893: Send: Heartbeat.Alive
2020-12-13 16:29:14 V/Net 1291517893: Recv: Heartbeat.Alive.Response
2020-12-13 16:30:14 V/Net 1291517893: Send: Heartbeat.Alive
2020-12-13 16:30:14 V/Net 1291517893: Recv: Heartbeat.Alive.Response
2020-12-13 16:31:14 V/Net 1291517893: Send: Heartbeat.Alive
2020-12-13 16:31:14 V/Net 1291517893: Recv: Heartbeat.Alive.Response
2020-12-13 16:32:14 V/Net 1291517893: Send: Heartbeat.Alive
2020-12-13 16:32:15 V/Net 1291517893: Recv: Heartbeat.Alive.Response
2020-12-13 16:33:15 V/Net 1291517893: Send: Heartbeat.Alive
2020-12-13 16:33:15 V/Net 1291517893: Recv: Heartbeat.Alive.Response
2020-12-13 16:34:15 V/Net 1291517893: Send: Heartbeat.Alive
2020-12-13 16:34:15 V/Net 1291517893: Recv: Heartbeat.Alive.Response
2020-12-13 16:35:15 V/Net 1291517893: Send: Heartbeat.Alive
2020-12-13 16:35:15 V/Net 1291517893: Recv: Heartbeat.Alive.Response
2020-12-13 16:36:15 V/Net 1291517893: Send: Heartbeat.Alive
2020-12-13 16:36:15 V/Net 1291517893: Recv: Heartbeat.Alive.Response
2020-12-13 16:37:15 V/Net 1291517893: Send: Heartbeat.Alive
2020-12-13 16:37:15 V/Net 1291517893: Recv: Heartbeat.Alive.Response
2020-12-13 16:38:15 V/Net 1291517893: Send: Heartbeat.Alive
2020-12-13 16:38:15 V/Net 1291517893: Recv: Heartbeat.Alive.Response
2020-12-13 16:39:15 V/Net 1291517893: Send: Heartbeat.Alive
2020-12-13 16:39:15 V/Net 1291517893: Recv: Heartbeat.Alive.Response
2020-12-13 16:40:15 V/Net 1291517893: Send: Heartbeat.Alive
2020-12-13 16:40:15 V/Net 1291517893: Recv: Heartbeat.Alive.Response
2020-12-13 16:41:00 I/Net 1291517893: Connected to server msfwifi.3g.qq.com:8080
2020-12-13 16:41:00 V/Net 1291517893: Send: wtlogin.login
2020-12-13 16:41:00 V/Net 1291517893: Recv: LoginPacketResponse.Success
2020-12-13 16:41:00 I/Net 1291517893: Login successful
2020-12-13 16:41:00 V/Net 1291517893: Send: StatSvc.register
2020-12-13 16:41:00 V/Net 1291517893: Recv: Response(StatSvc.register)
2020-12-13 16:41:00 I/Net 1291517893: Syncing friend message history...
2020-12-13 16:41:00 V/Net 1291517893: Send: MessageSvc.PbGetMsg
2020-12-13 16:41:00 I/Net 1291517893: Syncing friend message history: Success
2020-12-13 16:41:03 V/Net 1291517893: Recv: ConfigPushSvc.PushReq.PushReqResponse.Success
2020-12-13 16:41:03 V/Net 1291517893: Send: ConfigPushSvc.PushResp
2020-12-13 16:41:03 V/Net 1291517893: Recv: ConfigPushSvc.PushReq.PushReqResponse.Success
2020-12-13 16:41:03 V/Net 1291517893: Send: ConfigPushSvc.PushResp
2020-12-13 16:41:03 D/Net 1291517893: Received unknown commandName: ConfigPushSvc.PushDomain
2020-12-13 16:42:00 V/Net 1291517893: Send: Heartbeat.Alive
2020-12-13 16:42:00 V/Net 1291517893: Recv: Heartbeat.Alive.Response
2020-12-13 16:43:00 V/Net 1291517893: Send: Heartbeat.Alive
2020-12-13 16:43:00 V/Net 1291517893: Recv: Heartbeat.Alive.Response
2020-12-13 16:44:00 V/Net 1291517893: Send: Heartbeat.Alive
2020-12-13 16:44:00 V/Net 1291517893: Recv: Heartbeat.Alive.Response
2020-12-13 16:45:00 V/Net 1291517893: Send: Heartbeat.Alive
2020-12-13 16:45:00 V/Net 1291517893: Recv: Heartbeat.Alive.Response
2020-12-13 16:46:00 V/Net 1291517893: Send: Heartbeat.Alive
2020-12-13 16:46:01 V/Net 1291517893: Recv: Heartbeat.Alive.Response
2020-12-13 16:47:01 V/Net 1291517893: Send: Heartbeat.Alive
2020-12-13 16:47:01 V/Net 1291517893: Recv: Heartbeat.Alive.Response
2020-12-13 16:48:01 V/Net 1291517893: Send: Heartbeat.Alive
2020-12-13 16:48:01 V/Net 1291517893: Recv: Heartbeat.Alive.Response
2020-12-13 16:49:01 V/Net 1291517893: Send: Heartbeat.Alive
2020-12-13 16:49:01 V/Net 1291517893: Recv: Heartbeat.Alive.Response
2020-12-13 16:50:01 V/Net 1291517893: Send: Heartbeat.Alive
2020-12-13 16:50:01 V/Net 1291517893: Recv: Heartbeat.Alive.Response
2020-12-13 16:51:01 V/Net 1291517893: Send: Heartbeat.Alive
2020-12-13 16:51:01 V/Net 1291517893: Recv: Heartbeat.Alive.Response
2020-12-13 16:52:01 V/Net 1291517893: Send: Heartbeat.Alive
2020-12-13 16:52:01 V/Net 1291517893: Recv: Heartbeat.Alive.Response
2020-12-13 16:53:01 V/Net 1291517893: Send: Heartbeat.Alive
2020-12-13 16:53:01 V/Net 1291517893: Recv: Heartbeat.Alive.Response
2020-12-13 16:54:01 V/Net 1291517893: Send: Heartbeat.Alive
2020-12-13 16:54:01 V/Net 1291517893: Recv: Heartbeat.Alive.Response
2020-12-13 16:55:01 V/Net 1291517893: Send: Heartbeat.Alive
2020-12-13 16:55:02 V/Net 1291517893: Recv: Heartbeat.Alive.Response
2020-12-13 16:56:02 V/Net 1291517893: Send: Heartbeat.Alive
2020-12-13 16:56:02 V/Net 1291517893: Recv: Heartbeat.Alive.Response
2020-12-13 16:57:02 V/Net 1291517893: Send: Heartbeat.Alive
2020-12-13 16:57:02 V/Net 1291517893: Recv: Heartbeat.Alive.Response
2020-12-13 16:57:46 I/Net 1291517893: Connected to server 42.81.169.46:8080
2020-12-13 16:57:46 V/Net 1291517893: Send: wtlogin.login
2020-12-13 16:57:46 V/Net 1291517893: Recv: LoginPacketResponse.Success
2020-12-13 16:57:46 I/Net 1291517893: Login successful
2020-12-13 16:57:46 V/Net 1291517893: Send: StatSvc.register
2020-12-13 16:57:46 V/Net 1291517893: Recv: Response(StatSvc.register)
2020-12-13 16:57:46 I/Net 1291517893: Syncing friend message history...
2020-12-13 16:57:46 V/Net 1291517893: Send: MessageSvc.PbGetMsg
2020-12-13 16:57:46 I/Net 1291517893: Syncing friend message history: Success
2020-12-13 16:57:49 V/Net 1291517893: Recv: ConfigPushSvc.PushReq.PushReqResponse.Success
2020-12-13 16:57:49 V/Net 1291517893: Send: ConfigPushSvc.PushResp
2020-12-13 16:57:49 D/Net 1291517893: Received unknown commandName: ConfigPushSvc.PushDomain
2020-12-13 16:57:49 V/Net 1291517893: Recv: ConfigPushSvc.PushReq.PushReqResponse.Success
2020-12-13 16:57:49 V/Net 1291517893: Send: ConfigPushSvc.PushResp
2020-12-13 16:58:46 V/Net 1291517893: Send: Heartbeat.Alive
2020-12-13 16:58:46 V/Net 1291517893: Recv: Heartbeat.Alive.Response
2020-12-13 16:59:46 V/Net 1291517893: Send: Heartbeat.Alive
2020-12-13 16:59:46 V/Net 1291517893: Recv: Heartbeat.Alive.Response
2020-12-13 17:00:46 V/Net 1291517893: Send: Heartbeat.Alive
2020-12-13 17:00:46 V/Net 1291517893: Recv: Heartbeat.Alive.Response
2020-12-13 17:01:46 V/Net 1291517893: Send: Heartbeat.Alive
2020-12-13 17:01:46 V/Net 1291517893: Recv: Heartbeat.Alive.Response
2020-12-13 17:02:46 V/Net 1291517893: Send: Heartbeat.Alive
2020-12-13 17:02:46 V/Net 1291517893: Recv: Heartbeat.Alive.Response
2020-12-13 17:03:46 V/Net 1291517893: Send: Heartbeat.Alive
2020-12-13 17:03:46 V/Net 1291517893: Recv: Heartbeat.Alive.Response
2020-12-13 17:04:46 V/Net 1291517893: Send: Heartbeat.Alive
2020-12-13 17:04:47 V/Net 1291517893: Recv: Heartbeat.Alive.Response
2020-12-13 17:05:47 V/Net 1291517893: Send: Heartbeat.Alive
2020-12-13 17:05:47 V/Net 1291517893: Recv: Heartbeat.Alive.Response
2020-12-13 17:06:47 V/Net 1291517893: Send: Heartbeat.Alive
2020-12-13 17:06:48 V/Net 1291517893: Recv: Heartbeat.Alive.Response
2020-12-13 17:07:48 V/Net 1291517893: Send: Heartbeat.Alive
2020-12-13 17:07:48 V/Net 1291517893: Recv: Heartbeat.Alive.Response
2020-12-13 17:08:48 V/Net 1291517893: Send: Heartbeat.Alive
2020-12-13 17:08:48 V/Net 1291517893: Recv: Heartbeat.Alive.Response
2020-12-13 17:09:48 V/Net 1291517893: Send: Heartbeat.Alive
2020-12-13 17:09:48 V/Net 1291517893: Recv: Heartbeat.Alive.Response
2020-12-13 17:10:48 V/Net 1291517893: Send: Heartbeat.Alive
2020-12-13 17:10:49 V/Net 1291517893: Recv: Heartbeat.Alive.Response
2020-12-13 17:11:49 V/Net 1291517893: Send: Heartbeat.Alive
2020-12-13 17:11:50 V/Net 1291517893: Recv: Heartbeat.Alive.Response
2020-12-13 17:12:50 V/Net 1291517893: Send: Heartbeat.Alive
2020-12-13 17:12:50 V/Net 1291517893: Recv: Heartbeat.Alive.Response
2020-12-13 17:13:50 V/Net 1291517893: Send: Heartbeat.Alive
2020-12-13 17:13:50 V/Net 1291517893: Recv: Heartbeat.Alive.Response
2020-12-13 17:14:32 I/Net 1291517893: Connected to server 42.81.172.81:80
2020-12-13 17:14:32 V/Net 1291517893: Send: wtlogin.login
2020-12-13 17:14:32 V/Net 1291517893: Recv: LoginPacketResponse.Success
2020-12-13 17:14:32 I/Net 1291517893: Login successful
2020-12-13 17:14:32 V/Net 1291517893: Send: StatSvc.register
2020-12-13 17:14:32 V/Net 1291517893: Recv: Response(StatSvc.register)
2020-12-13 17:14:32 I/Net 1291517893: Syncing friend message history...
2020-12-13 17:14:32 V/Net 1291517893: Send: MessageSvc.PbGetMsg
2020-12-13 17:14:32 I/Net 1291517893: Syncing friend message history: Success
2020-12-13 17:14:35 D/Net 1291517893: Received unknown commandName: ConfigPushSvc.PushDomain
2020-12-13 17:14:35 V/Net 1291517893: Recv: ConfigPushSvc.PushReq.PushReqResponse.Success
2020-12-13 17:14:35 V/Net 1291517893: Send: ConfigPushSvc.PushResp
2020-12-13 17:15:32 V/Net 1291517893: Send: Heartbeat.Alive
2020-12-13 17:15:32 V/Net 1291517893: Recv: Heartbeat.Alive.Response
2020-12-13 17:16:32 V/Net 1291517893: Send: Heartbeat.Alive
2020-12-13 17:16:33 V/Net 1291517893: Recv: Heartbeat.Alive.Response
2020-12-13 17:17:33 V/Net 1291517893: Send: Heartbeat.Alive
2020-12-13 17:17:33 V/Net 1291517893: Recv: Heartbeat.Alive.Response
2020-12-13 17:18:33 V/Net 1291517893: Send: Heartbeat.Alive
2020-12-13 17:18:33 V/Net 1291517893: Recv: Heartbeat.Alive.Response
2020-12-13 17:19:33 V/Net 1291517893: Send: Heartbeat.Alive
2020-12-13 17:19:33 V/Net 1291517893: Recv: Heartbeat.Alive.Response
2020-12-13 17:20:33 V/Net 1291517893: Send: Heartbeat.Alive
2020-12-13 17:20:33 V/Net 1291517893: Recv: Heartbeat.Alive.Response
2020-12-13 17:21:33 V/Net 1291517893: Send: Heartbeat.Alive
2020-12-13 17:21:33 V/Net 1291517893: Recv: Heartbeat.Alive.Response
2020-12-13 17:22:33 V/Net 1291517893: Send: Heartbeat.Alive
2020-12-13 17:22:33 V/Net 1291517893: Recv: Heartbeat.Alive.Response
2020-12-13 17:23:33 V/Net 1291517893: Send: Heartbeat.Alive
2020-12-13 17:23:33 V/Net 1291517893: Recv: Heartbeat.Alive.Response
2020-12-13 17:24:33 V/Net 1291517893: Send: Heartbeat.Alive
2020-12-13 17:24:33 V/Net 1291517893: Recv: Heartbeat.Alive.Response
2020-12-13 17:25:33 V/Net 1291517893: Send: Heartbeat.Alive
2020-12-13 17:25:33 V/Net 1291517893: Recv: Heartbeat.Alive.Response
2020-12-13 17:26:33 V/Net 1291517893: Send: Heartbeat.Alive
2020-12-13 17:26:33 V/Net 1291517893: Recv: Heartbeat.Alive.Response
2020-12-13 17:27:33 V/Net 1291517893: Send: Heartbeat.Alive
2020-12-13 17:27:33 V/Net 1291517893: Recv: Heartbeat.Alive.Response
2020-12-13 17:28:33 V/Net 1291517893: Send: Heartbeat.Alive
2020-12-13 17:28:34 V/Net 1291517893: Recv: Heartbeat.Alive.Response
2020-12-13 17:29:34 V/Net 1291517893: Send: Heartbeat.Alive
2020-12-13 17:29:34 V/Net 1291517893: Recv: Heartbeat.Alive.Response
2020-12-13 17:30:34 V/Net 1291517893: Send: Heartbeat.Alive
2020-12-13 17:30:34 V/Net 1291517893: Recv: Heartbeat.Alive.Response
2020-12-13 17:31:18 I/Net 1291517893: Connected to server 114.221.148.59:14000
2020-12-13 17:31:18 V/Net 1291517893: Send: wtlogin.login
2020-12-13 17:31:18 V/Net 1291517893: Recv: LoginPacketResponse.Success
2020-12-13 17:31:18 I/Net 1291517893: Login successful
2020-12-13 17:31:18 V/Net 1291517893: Send: StatSvc.register
2020-12-13 17:31:18 V/Net 1291517893: Recv: Response(StatSvc.register)
2020-12-13 17:31:18 I/Net 1291517893: Syncing friend message history...
2020-12-13 17:31:18 V/Net 1291517893: Send: MessageSvc.PbGetMsg
2020-12-13 17:31:18 I/Net 1291517893: Syncing friend message history: Success
2020-12-13 17:31:21 D/Net 1291517893: Received unknown commandName: ConfigPushSvc.PushDomain
2020-12-13 17:31:22 V/Net 1291517893: Recv: ConfigPushSvc.PushReq.PushReqResponse.Success
2020-12-13 17:31:22 V/Net 1291517893: Recv: ConfigPushSvc.PushReq.PushReqResponse.Success
2020-12-13 17:31:22 V/Net 1291517893: Send: ConfigPushSvc.PushResp
2020-12-13 17:31:22 V/Net 1291517893: Send: ConfigPushSvc.PushResp
2020-12-13 17:32:18 V/Net 1291517893: Send: Heartbeat.Alive
2020-12-13 17:32:18 V/Net 1291517893: Recv: Heartbeat.Alive.Response
2020-12-13 17:33:18 V/Net 1291517893: Send: Heartbeat.Alive
2020-12-13 17:33:19 V/Net 1291517893: Recv: Heartbeat.Alive.Response
2020-12-13 17:34:19 V/Net 1291517893: Send: Heartbeat.Alive
2020-12-13 17:34:19 V/Net 1291517893: Recv: Heartbeat.Alive.Response
2020-12-13 17:35:19 V/Net 1291517893: Send: Heartbeat.Alive
2020-12-13 17:35:19 V/Net 1291517893: Recv: Heartbeat.Alive.Response
2020-12-13 17:36:19 V/Net 1291517893: Send: Heartbeat.Alive
2020-12-13 17:36:19 V/Net 1291517893: Recv: Heartbeat.Alive.Response
2020-12-13 17:37:19 V/Net 1291517893: Send: Heartbeat.Alive
2020-12-13 17:37:19 V/Net 1291517893: Recv: Heartbeat.Alive.Response
2020-12-13 17:38:19 V/Net 1291517893: Send: Heartbeat.Alive
2020-12-13 17:38:19 V/Net 1291517893: Recv: Heartbeat.Alive.Response
2020-12-13 17:39:19 V/Net 1291517893: Send: Heartbeat.Alive
2020-12-13 17:39:19 V/Net 1291517893: Recv: Heartbeat.Alive.Response
2020-12-13 17:40:19 V/Net 1291517893: Send: Heartbeat.Alive
2020-12-13 17:40:19 V/Net 1291517893: Recv: Heartbeat.Alive.Response
2020-12-13 17:41:19 V/Net 1291517893: Send: Heartbeat.Alive
2020-12-13 17:41:19 V/Net 1291517893: Recv: Heartbeat.Alive.Response
2020-12-13 17:42:19 V/Net 1291517893: Send: Heartbeat.Alive
2020-12-13 17:42:19 V/Net 1291517893: Recv: Heartbeat.Alive.Response
2020-12-13 17:43:19 V/Net 1291517893: Send: Heartbeat.Alive
2020-12-13 17:43:20 V/Net 1291517893: Recv: Heartbeat.Alive.Response
2020-12-13 17:44:20 V/Net 1291517893: Send: Heartbeat.Alive
2020-12-13 17:44:20 V/Net 1291517893: Recv: Heartbeat.Alive.Response
2020-12-13 17:45:20 V/Net 1291517893: Send: Heartbeat.Alive
2020-12-13 17:45:20 V/Net 1291517893: Recv: Heartbeat.Alive.Response
2020-12-13 17:46:20 V/Net 1291517893: Send: Heartbeat.Alive
2020-12-13 17:46:20 V/Net 1291517893: Recv: Heartbeat.Alive.Response
2020-12-13 17:47:20 V/Net 1291517893: Send: Heartbeat.Alive
2020-12-13 17:47:20 V/Net 1291517893: Recv: Heartbeat.Alive.Response
2020-12-13 17:48:03 I/Net 1291517893: Connected to server 42.81.172.147:443
2020-12-13 17:48:03 V/Net 1291517893: Send: wtlogin.login
2020-12-13 17:48:03 V/Net 1291517893: Recv: LoginPacketResponse.Success
2020-12-13 17:48:03 I/Net 1291517893: Login successful
2020-12-13 17:48:03 V/Net 1291517893: Send: StatSvc.register
2020-12-13 17:48:03 V/Net 1291517893: Recv: Response(StatSvc.register)
2020-12-13 17:48:03 I/Net 1291517893: Syncing friend message history...
2020-12-13 17:48:03 V/Net 1291517893: Send: MessageSvc.PbGetMsg
2020-12-13 17:48:03 I/Net 1291517893: Syncing friend message history: Success
2020-12-13 17:48:06 V/Net 1291517893: Recv: ConfigPushSvc.PushReq.PushReqResponse.Success
2020-12-13 17:48:06 V/Net 1291517893: Send: ConfigPushSvc.PushResp
2020-12-13 17:48:06 D/Net 1291517893: Received unknown commandName: ConfigPushSvc.PushDomain
2020-12-13 17:48:06 V/Net 1291517893: Recv: ConfigPushSvc.PushReq.PushReqResponse.Success
2020-12-13 17:48:06 V/Net 1291517893: Send: ConfigPushSvc.PushResp
2020-12-13 17:49:03 V/Net 1291517893: Send: Heartbeat.Alive
2020-12-13 17:49:03 V/Net 1291517893: Recv: Heartbeat.Alive.Response
2020-12-13 17:50:03 V/Net 1291517893: Send: Heartbeat.Alive
2020-12-13 17:50:03 V/Net 1291517893: Recv: Heartbeat.Alive.Response
2020-12-13 17:51:03 V/Net 1291517893: Send: Heartbeat.Alive
2020-12-13 17:51:03 V/Net 1291517893: Recv: Heartbeat.Alive.Response
2020-12-13 17:52:03 V/Net 1291517893: Send: Heartbeat.Alive
2020-12-13 17:52:03 V/Net 1291517893: Recv: Heartbeat.Alive.Response
2020-12-13 17:53:03 V/Net 1291517893: Send: Heartbeat.Alive
2020-12-13 17:53:03 V/Net 1291517893: Recv: Heartbeat.Alive.Response
2020-12-13 17:54:03 V/Net 1291517893: Send: Heartbeat.Alive
2020-12-13 17:54:04 V/Net 1291517893: Recv: Heartbeat.Alive.Response
2020-12-13 17:55:04 V/Net 1291517893: Send: Heartbeat.Alive
2020-12-13 17:55:04 V/Net 1291517893: Recv: Heartbeat.Alive.Response
2020-12-13 17:56:04 V/Net 1291517893: Send: Heartbeat.Alive
2020-12-13 17:56:04 V/Net 1291517893: Recv: Heartbeat.Alive.Response
2020-12-13 17:57:04 V/Net 1291517893: Send: Heartbeat.Alive
2020-12-13 17:57:04 V/Net 1291517893: Recv: Heartbeat.Alive.Response
2020-12-13 17:58:04 V/Net 1291517893: Send: Heartbeat.Alive
2020-12-13 17:58:04 V/Net 1291517893: Recv: Heartbeat.Alive.Response
2020-12-13 17:59:04 V/Net 1291517893: Send: Heartbeat.Alive
2020-12-13 17:59:04 V/Net 1291517893: Recv: Heartbeat.Alive.Response
2020-12-13 18:00:04 V/Net 1291517893: Send: Heartbeat.Alive
2020-12-13 18:00:04 V/Net 1291517893: Recv: Heartbeat.Alive.Response
2020-12-13 18:01:04 V/Net 1291517893: Send: Heartbeat.Alive
2020-12-13 18:01:04 V/Net 1291517893: Recv: Heartbeat.Alive.Response
2020-12-13 18:02:04 V/Net 1291517893: Send: Heartbeat.Alive
2020-12-13 18:02:04 V/Net 1291517893: Recv: Heartbeat.Alive.Response
2020-12-13 18:03:04 V/Net 1291517893: Send: Heartbeat.Alive
2020-12-13 18:03:04 V/Net 1291517893: Recv: Heartbeat.Alive.Response
2020-12-13 18:04:04 V/Net 1291517893: Send: Heartbeat.Alive
2020-12-13 18:04:04 V/Net 1291517893: Recv: Heartbeat.Alive.Response
2020-12-13 18:04:48 I/Net 1291517893: Connected to server 125.94.60.146:80
2020-12-13 18:04:48 V/Net 1291517893: Send: wtlogin.login
2020-12-13 18:04:48 V/Net 1291517893: Recv: LoginPacketResponse.Success
2020-12-13 18:04:48 I/Net 1291517893: Login successful
2020-12-13 18:04:48 V/Net 1291517893: Send: StatSvc.register
2020-12-13 18:04:48 V/Net 1291517893: Recv: Response(StatSvc.register)
2020-12-13 18:04:48 I/Net 1291517893: Syncing friend message history...
2020-12-13 18:04:48 V/Net 1291517893: Send: MessageSvc.PbGetMsg
2020-12-13 18:04:48 I/Net 1291517893: Syncing friend message history: Success
2020-12-13 18:04:51 V/Net 1291517893: Recv: ConfigPushSvc.PushReq.PushReqResponse.Success
2020-12-13 18:04:51 V/Net 1291517893: Send: ConfigPushSvc.PushResp
2020-12-13 18:04:51 D/Net 1291517893: Received unknown commandName: ConfigPushSvc.PushDomain
2020-12-13 18:04:51 V/Net 1291517893: Recv: ConfigPushSvc.PushReq.PushReqResponse.Success
2020-12-13 18:04:51 V/Net 1291517893: Send: ConfigPushSvc.PushResp
2020-12-13 18:05:48 V/Net 1291517893: Send: Heartbeat.Alive
2020-12-13 18:05:48 V/Net 1291517893: Recv: Heartbeat.Alive.Response
2020-12-13 18:06:48 V/Net 1291517893: Send: Heartbeat.Alive
2020-12-13 18:06:48 V/Net 1291517893: Recv: Heartbeat.Alive.Response
2020-12-13 18:07:48 V/Net 1291517893: Send: Heartbeat.Alive
2020-12-13 18:07:48 V/Net 1291517893: Recv: Heartbeat.Alive.Response
2020-12-13 18:08:48 V/Net 1291517893: Send: Heartbeat.Alive
2020-12-13 18:08:49 V/Net 1291517893: Recv: Heartbeat.Alive.Response
2020-12-13 18:09:49 V/Net 1291517893: Send: Heartbeat.Alive
2020-12-13 18:09:49 V/Net 1291517893: Recv: Heartbeat.Alive.Response
2020-12-13 18:10:49 V/Net 1291517893: Send: Heartbeat.Alive
2020-12-13 18:10:49 V/Net 1291517893: Recv: Heartbeat.Alive.Response
2020-12-13 18:11:49 V/Net 1291517893: Send: Heartbeat.Alive
2020-12-13 18:11:49 V/Net 1291517893: Recv: Heartbeat.Alive.Response
2020-12-13 18:12:49 V/Net 1291517893: Send: Heartbeat.Alive
2020-12-13 18:12:49 V/Net 1291517893: Recv: Heartbeat.Alive.Response
2020-12-13 18:13:49 V/Net 1291517893: Send: Heartbeat.Alive
2020-12-13 18:13:49 V/Net 1291517893: Recv: Heartbeat.Alive.Response
2020-12-13 18:14:49 V/Net 1291517893: Send: Heartbeat.Alive
2020-12-13 18:14:49 V/Net 1291517893: Recv: Heartbeat.Alive.Response
2020-12-13 18:15:49 V/Net 1291517893: Send: Heartbeat.Alive
2020-12-13 18:15:49 V/Net 1291517893: Recv: Heartbeat.Alive.Response
2020-12-13 18:16:49 V/Net 1291517893: Send: Heartbeat.Alive
2020-12-13 18:16:49 V/Net 1291517893: Recv: Heartbeat.Alive.Response
2020-12-13 18:17:49 V/Net 1291517893: Send: Heartbeat.Alive
2020-12-13 18:17:49 V/Net 1291517893: Recv: Heartbeat.Alive.Response
2020-12-13 18:18:49 V/Net 1291517893: Send: Heartbeat.Alive
2020-12-13 18:18:49 V/Net 1291517893: Recv: Heartbeat.Alive.Response
2020-12-13 18:19:49 V/Net 1291517893: Send: Heartbeat.Alive
2020-12-13 18:19:49 V/Net 1291517893: Recv: Heartbeat.Alive.Response
2020-12-13 18:20:49 V/Net 1291517893: Send: Heartbeat.Alive
2020-12-13 18:20:49 V/Net 1291517893: Recv: Heartbeat.Alive.Response
2020-12-13 18:21:34 I/Net 1291517893: Connected to server 114.221.144.215:80
2020-12-13 18:21:34 V/Net 1291517893: Send: wtlogin.login
2020-12-13 18:21:34 V/Net 1291517893: Recv: LoginPacketResponse.Success
2020-12-13 18:21:34 I/Net 1291517893: Login successful
2020-12-13 18:21:34 V/Net 1291517893: Send: StatSvc.register
2020-12-13 18:21:34 V/Net 1291517893: Recv: Response(StatSvc.register)
2020-12-13 18:21:34 I/Net 1291517893: Syncing friend message history...
2020-12-13 18:21:34 V/Net 1291517893: Send: MessageSvc.PbGetMsg
2020-12-13 18:21:34 I/Net 1291517893: Syncing friend message history: Success
2020-12-13 18:21:37 V/Net 1291517893: Recv: ConfigPushSvc.PushReq.PushReqResponse.Success
2020-12-13 18:21:37 V/Net 1291517893: Send: ConfigPushSvc.PushResp
2020-12-13 18:21:37 D/Net 1291517893: Received unknown commandName: ConfigPushSvc.PushDomain
2020-12-13 18:21:37 V/Net 1291517893: Recv: ConfigPushSvc.PushReq.PushReqResponse.Success
2020-12-13 18:21:37 V/Net 1291517893: Send: ConfigPushSvc.PushResp
2020-12-13 18:22:34 V/Net 1291517893: Send: Heartbeat.Alive
2020-12-13 18:22:34 V/Net 1291517893: Recv: Heartbeat.Alive.Response
2020-12-13 18:23:34 V/Net 1291517893: Send: Heartbeat.Alive
2020-12-13 18:23:34 V/Net 1291517893: Recv: Heartbeat.Alive.Response
2020-12-13 18:24:34 V/Net 1291517893: Send: Heartbeat.Alive
2020-12-13 18:24:34 V/Net 1291517893: Recv: Heartbeat.Alive.Response
2020-12-13 18:25:34 V/Net 1291517893: Send: Heartbeat.Alive
2020-12-13 18:25:34 V/Net 1291517893: Recv: Heartbeat.Alive.Response
2020-12-13 18:26:34 V/Net 1291517893: Send: Heartbeat.Alive
2020-12-13 18:26:34 V/Net 1291517893: Recv: Heartbeat.Alive.Response
2020-12-13 18:27:34 V/Net 1291517893: Send: Heartbeat.Alive
2020-12-13 18:27:34 V/Net 1291517893: Recv: Heartbeat.Alive.Response
2020-12-13 18:28:34 V/Net 1291517893: Send: Heartbeat.Alive
2020-12-13 18:28:34 V/Net 1291517893: Recv: Heartbeat.Alive.Response
2020-12-13 18:29:34 V/Net 1291517893: Send: Heartbeat.Alive
2020-12-13 18:29:35 V/Net 1291517893: Recv: Heartbeat.Alive.Response
2020-12-13 18:30:35 V/Net 1291517893: Send: Heartbeat.Alive
2020-12-13 18:30:35 V/Net 1291517893: Recv: Heartbeat.Alive.Response
2020-12-13 18:31:35 V/Net 1291517893: Send: Heartbeat.Alive
2020-12-13 18:31:35 V/Net 1291517893: Recv: Heartbeat.Alive.Response
2020-12-13 18:32:35 V/Net 1291517893: Send: Heartbeat.Alive
2020-12-13 18:32:35 V/Net 1291517893: Recv: Heartbeat.Alive.Response
2020-12-13 18:33:35 V/Net 1291517893: Send: Heartbeat.Alive
2020-12-13 18:33:35 V/Net 1291517893: Recv: Heartbeat.Alive.Response
2020-12-13 18:34:35 V/Net 1291517893: Send: Heartbeat.Alive
2020-12-13 18:34:35 V/Net 1291517893: Recv: Heartbeat.Alive.Response
2020-12-13 18:35:35 V/Net 1291517893: Send: Heartbeat.Alive
2020-12-13 18:35:35 V/Net 1291517893: Recv: Heartbeat.Alive.Response
2020-12-13 18:36:35 V/Net 1291517893: Send: Heartbeat.Alive
2020-12-13 18:36:35 V/Net 1291517893: Recv: Heartbeat.Alive.Response
2020-12-13 18:37:35 V/Net 1291517893: Send: Heartbeat.Alive
2020-12-13 18:37:35 V/Net 1291517893: Recv: Heartbeat.Alive.Response
2020-12-13 18:38:20 I/Net 1291517893: Connected to server 42.81.172.22:80
2020-12-13 18:38:20 V/Net 1291517893: Send: wtlogin.login
2020-12-13 18:38:20 V/Net 1291517893: Recv: LoginPacketResponse.Success
2020-12-13 18:38:20 I/Net 1291517893: Login successful
2020-12-13 18:38:20 V/Net 1291517893: Send: StatSvc.register
2020-12-13 18:38:20 V/Net 1291517893: Recv: Response(StatSvc.register)
2020-12-13 18:38:20 I/Net 1291517893: Syncing friend message history...
2020-12-13 18:38:20 V/Net 1291517893: Send: MessageSvc.PbGetMsg
2020-12-13 18:38:20 I/Net 1291517893: Syncing friend message history: Success
2020-12-13 18:38:23 V/Net 1291517893: Recv: ConfigPushSvc.PushReq.PushReqResponse.Success
2020-12-13 18:38:23 V/Net 1291517893: Send: ConfigPushSvc.PushResp
2020-12-13 18:38:23 D/Net 1291517893: Received unknown commandName: ConfigPushSvc.PushDomain
2020-12-13 18:38:23 V/Net 1291517893: Recv: ConfigPushSvc.PushReq.PushReqResponse.Success
2020-12-13 18:38:23 V/Net 1291517893: Send: ConfigPushSvc.PushResp
2020-12-13 18:38:32 I/Net 1291517893: Connected to server 42.81.169.46:8080
2020-12-13 18:38:32 V/Net 1291517893: Send: wtlogin.login
2020-12-13 18:38:32 V/Net 1291517893: Recv: LoginPacketResponse.Success
2020-12-13 18:38:32 I/Net 1291517893: Login successful
2020-12-13 18:38:33 V/Net 1291517893: Send: StatSvc.register
2020-12-13 18:38:33 V/Net 1291517893: Recv: Response(StatSvc.register)
2020-12-13 18:38:33 I/Net 1291517893: 开始加载好友信息
2020-12-13 18:38:33 I/Net 1291517893: 开始加载群组列表与群成员列表
2020-12-13 18:38:33 V/Net 1291517893: Send: friendlist.getFriendGroupList
2020-12-13 18:38:33 V/Net 1291517893: Send: friendlist.GetTroopListReqV2
2020-12-13 18:38:33 V/Net 1291517893: Recv: FriendList.GetFriendGroupList.Response
2020-12-13 18:38:33 V/Net 1291517893: 正在加载好友列表 3/3
2020-12-13 18:38:33 I/Net 1291517893: 好友列表加载完成, 共 3个
2020-12-13 18:38:33 V/Net 1291517893: Recv: FriendList.GetFriendGroupList.Response
2020-12-13 18:38:33 V/Net 1291517893: Send: OidbSvc.0x88d_7
2020-12-13 18:38:33 V/Net 1291517893: Send: OidbSvc.0x88d_7
2020-12-13 18:38:33 V/Net 1291517893: Send: OidbSvc.0x88d_7
2020-12-13 18:38:33 V/Net 1291517893: Send: OidbSvc.0x88d_7
2020-12-13 18:38:33 V/Net 1291517893: Send: friendlist.GetTroopMemberListReq
2020-12-13 18:38:33 V/Net 1291517893: Send: friendlist.GetTroopMemberListReq
2020-12-13 18:38:33 V/Net 1291517893: Send: friendlist.GetTroopMemberListReq
2020-12-13 18:38:33 V/Net 1291517893: Send: friendlist.GetTroopMemberListReq
2020-12-13 18:38:33 V/Net 1291517893: Recv: FriendList.GetTroopMemberList.Response
2020-12-13 18:38:33 V/Net 1291517893: Recv: FriendList.GetTroopMemberList.Response
2020-12-13 18:38:33 V/Net 1291517893: Recv: FriendList.GetTroopMemberList.Response
2020-12-13 18:38:33 V/Net 1291517893: Send: friendlist.GetTroopMemberListReq
2020-12-13 18:38:33 V/Net 1291517893: Send: friendlist.GetTroopMemberListReq
2020-12-13 18:38:33 V/Net 1291517893: Recv: FriendList.GetTroopMemberList.Response
2020-12-13 18:38:33 V/Net 1291517893: Recv: FriendList.GetTroopMemberList.Response
2020-12-13 18:38:33 V/Net 1291517893: Recv: FriendList.GetTroopMemberList.Response
2020-12-13 18:38:33 I/Net 1291517893: 群组列表与群成员加载完成, 共 4个
2020-12-13 18:38:33 I/Net 1291517893: Awaiting ConfigPushSvc.PushReq
2020-12-13 18:38:33 I/Net 1291517893: Syncing friend message history...
2020-12-13 18:38:33 V/Net 1291517893: Send: MessageSvc.PbGetMsg
2020-12-13 18:38:34 V/Net 1291517893: Send: MessageSvc.PbDeleteMsg
2020-12-13 18:38:34 I/Net 1291517893: Syncing friend message history: Success
2020-12-13 18:38:36 D/Net 1291517893: Received unknown commandName: ConfigPushSvc.PushDomain
2020-12-13 18:38:36 V/Net 1291517893: Recv: ConfigPushSvc.PushReq.PushReqResponse.Success
2020-12-13 18:38:36 V/Net 1291517893: Send: ConfigPushSvc.PushResp
2020-12-13 18:38:36 I/Net 1291517893: ConfigPushSvc.PushReq: Success
