2020-11-05 16:05:23 I/Net 1291517893: Connected to server 42.81.169.46:8080
2020-11-05 16:05:23 V/Net 1291517893: Send: wtlogin.login
2020-11-05 16:05:23 V/Net 1291517893: Recv: LoginPacketResponse.Success
2020-11-05 16:05:23 I/Net 1291517893: Login successful
2020-11-05 16:05:24 V/Net 1291517893: Send: StatSvc.register
2020-11-05 16:05:24 V/Net 1291517893: Recv: Response(StatSvc.register)
2020-11-05 16:05:24 I/Net 1291517893: 开始加载好友信息
2020-11-05 16:05:24 I/Net 1291517893: 开始加载群组列表与群成员列表
2020-11-05 16:05:24 V/Net 1291517893: Send: friendlist.getFriendGroupList
2020-11-05 16:05:24 V/Net 1291517893: Send: friendlist.GetTroopListReqV2
2020-11-05 16:05:24 V/Net 1291517893: Recv: FriendList.GetFriendGroupList.Response
2020-11-05 16:05:24 V/Net 1291517893: 正在加载好友列表 3/3
2020-11-05 16:05:24 I/Net 1291517893: 好友列表加载完成, 共 3个
2020-11-05 16:05:25 V/Net 1291517893: Recv: FriendList.GetFriendGroupList.Response
2020-11-05 16:05:25 V/Net 1291517893: Send: OidbSvc.0x88d_7
2020-11-05 16:05:25 V/Net 1291517893: Send: OidbSvc.0x88d_7
2020-11-05 16:05:25 V/Net 1291517893: Send: OidbSvc.0x88d_7
2020-11-05 16:05:25 V/Net 1291517893: Send: OidbSvc.0x88d_7
2020-11-05 16:05:25 V/Net 1291517893: Send: friendlist.GetTroopMemberListReq
2020-11-05 16:05:25 V/Net 1291517893: Send: friendlist.GetTroopMemberListReq
2020-11-05 16:05:25 V/Net 1291517893: Send: friendlist.GetTroopMemberListReq
2020-11-05 16:05:25 V/Net 1291517893: Send: friendlist.GetTroopMemberListReq
2020-11-05 16:05:25 V/Net 1291517893: Recv: FriendList.GetTroopMemberList.Response
2020-11-05 16:05:25 V/Net 1291517893: Recv: FriendList.GetTroopMemberList.Response
2020-11-05 16:05:25 V/Net 1291517893: Send: friendlist.GetTroopMemberListReq
2020-11-05 16:05:25 V/Net 1291517893: Recv: FriendList.GetTroopMemberList.Response
2020-11-05 16:05:25 V/Net 1291517893: Recv: FriendList.GetTroopMemberList.Response
2020-11-05 16:05:25 V/Net 1291517893: Send: friendlist.GetTroopMemberListReq
2020-11-05 16:05:26 V/Net 1291517893: Recv: FriendList.GetTroopMemberList.Response
2020-11-05 16:05:26 V/Net 1291517893: Recv: FriendList.GetTroopMemberList.Response
2020-11-05 16:05:26 I/Net 1291517893: 群组列表与群成员加载完成, 共 4个
2020-11-05 16:05:26 I/Net 1291517893: Awaiting ConfigPushSvc.PushReq
2020-11-05 16:05:26 I/Net 1291517893: Syncing friend message history...
2020-11-05 16:05:26 V/Net 1291517893: Send: MessageSvc.PbGetMsg
2020-11-05 16:05:26 V/Net 1291517893: Send: MessageSvc.PbDeleteMsg
2020-11-05 16:05:26 V/Net 1291517893: Send: MessageSvc.PbGetMsg
2020-11-05 16:05:27 V/Net 1291517893: Send: MessageSvc.PbDeleteMsg
2020-11-05 16:05:27 I/Net 1291517893: Syncing friend message history: Success
2020-11-05 16:05:27 V/Net 1291517893: Recv: ConfigPushSvc.PushReq.PushReqResponse.Success
2020-11-05 16:05:27 V/Net 1291517893: Send: ConfigPushSvc.PushResp
2020-11-05 16:05:27 I/Net 1291517893: ConfigPushSvc.PushReq: Success
2020-11-05 16:05:27 D/Net 1291517893: Received unknown commandName: ConfigPushSvc.PushDomain
2020-11-05 16:05:27 V/Net 1291517893: Recv: ConfigPushSvc.PushReq.PushReqResponse.Success
2020-11-05 16:05:27 V/Net 1291517893: Send: ConfigPushSvc.PushResp
2020-11-05 16:05:47 V/Net 1291517893: Send: MessageSvc.PbSendMsg
2020-11-05 16:05:47 V/Net 1291517893: Recv: MessageSvcPbSendMsg.Response.SUCCESS
2020-11-05 16:05:53 V/Net 1291517893: Send: MessageSvc.PbSendMsg
2020-11-05 16:05:53 V/Net 1291517893: Recv: MessageSvcPbSendMsg.Response.SUCCESS
2020-11-05 16:06:24 V/Net 1291517893: Send: Heartbeat.Alive
2020-11-05 16:06:24 V/Net 1291517893: Recv: Heartbeat.Alive.Response
2020-11-05 16:06:34 V/Net 1291517893: Send: MessageSvc.PbSendMsg
2020-11-05 16:06:34 V/Net 1291517893: Recv: MessageSvcPbSendMsg.Response.SUCCESS
2020-11-05 16:06:34 V/Net 1291517893: Send: ImgStore.GroupPicUp
2020-11-05 16:06:34 V/Net 1291517893: Recv: FileExists(fileId=2649145920, fileInfo=ImgInfo(fileMd5=[8, 12, -49, -23, -110, -73, 49, 116, -56, -14, 48, -98, -13, 35, -105, 72], fileType=1000, fileSize=221730, fileWidth=0, fileHeight=0))
2020-11-05 16:06:34 V/Net 1291517893: Send: MessageSvc.PbSendMsg
2020-11-05 16:06:35 V/Net 1291517893: Recv: MessageSvcPbSendMsg.Response.SUCCESS
2020-11-05 16:06:35 V/Net 1291517893: Send: MessageSvc.PbSendMsg
2020-11-05 16:06:35 V/Net 1291517893: Recv: MessageSvcPbSendMsg.Response.SUCCESS
2020-11-05 16:07:24 V/Net 1291517893: Send: Heartbeat.Alive
2020-11-05 16:07:24 V/Net 1291517893: Recv: Heartbeat.Alive.Response
2020-11-05 16:08:24 V/Net 1291517893: Send: Heartbeat.Alive
2020-11-05 16:08:24 V/Net 1291517893: Recv: Heartbeat.Alive.Response
2020-11-05 16:09:24 V/Net 1291517893: Send: Heartbeat.Alive
2020-11-05 16:09:24 V/Net 1291517893: Recv: Heartbeat.Alive.Response
2020-11-05 16:10:24 V/Net 1291517893: Send: Heartbeat.Alive
2020-11-05 16:10:25 V/Net 1291517893: Recv: Heartbeat.Alive.Response
2020-11-05 16:11:14 V/Net 1291517893: Send: OnlinePush.RespPush
2020-11-05 16:11:24 V/Net 1291517893: Send: OnlinePush.RespPush
2020-11-05 16:11:25 V/Net 1291517893: Send: Heartbeat.Alive
2020-11-05 16:11:25 V/Net 1291517893: Recv: Heartbeat.Alive.Response
2020-11-05 16:12:25 V/Net 1291517893: Send: Heartbeat.Alive
2020-11-05 16:12:25 V/Net 1291517893: Recv: Heartbeat.Alive.Response
2020-11-05 16:13:25 V/Net 1291517893: Send: Heartbeat.Alive
2020-11-05 16:13:25 V/Net 1291517893: Recv: Heartbeat.Alive.Response
2020-11-05 16:14:25 V/Net 1291517893: Send: Heartbeat.Alive
2020-11-05 16:14:25 V/Net 1291517893: Recv: Heartbeat.Alive.Response
2020-11-05 16:15:25 V/Net 1291517893: Send: Heartbeat.Alive
2020-11-05 16:15:25 V/Net 1291517893: Recv: Heartbeat.Alive.Response
2020-11-05 16:16:25 V/Net 1291517893: Send: Heartbeat.Alive
2020-11-05 16:16:25 V/Net 1291517893: Recv: Heartbeat.Alive.Response
2020-11-05 16:17:25 V/Net 1291517893: Send: Heartbeat.Alive
2020-11-05 16:17:25 V/Net 1291517893: Recv: Heartbeat.Alive.Response
2020-11-05 16:18:25 V/Net 1291517893: Send: Heartbeat.Alive
2020-11-05 16:18:25 V/Net 1291517893: Recv: Heartbeat.Alive.Response
2020-11-05 16:19:25 V/Net 1291517893: Send: Heartbeat.Alive
2020-11-05 16:19:26 V/Net 1291517893: Recv: Heartbeat.Alive.Response
2020-11-05 16:20:26 V/Net 1291517893: Send: Heartbeat.Alive
2020-11-05 16:20:26 V/Net 1291517893: Recv: Heartbeat.Alive.Response
2020-11-05 16:21:26 V/Net 1291517893: Send: Heartbeat.Alive
2020-11-05 16:21:26 V/Net 1291517893: Recv: Heartbeat.Alive.Response
2020-11-05 16:22:08 I/Net 1291517893: Connected to server 42.81.172.81:80
2020-11-05 16:22:08 V/Net 1291517893: Send: wtlogin.login
2020-11-05 16:22:08 V/Net 1291517893: Recv: LoginPacketResponse.Success
2020-11-05 16:22:08 I/Net 1291517893: Login successful
2020-11-05 16:22:08 V/Net 1291517893: Send: StatSvc.register
2020-11-05 16:22:08 V/Net 1291517893: Recv: Response(StatSvc.register)
2020-11-05 16:22:08 I/Net 1291517893: Syncing friend message history...
2020-11-05 16:22:08 V/Net 1291517893: Send: MessageSvc.PbGetMsg
2020-11-05 16:22:08 I/Net 1291517893: Syncing friend message history: Success
2020-11-05 16:22:11 D/Net 1291517893: Received unknown commandName: ConfigPushSvc.PushDomain
2020-11-05 16:22:11 V/Net 1291517893: Recv: ConfigPushSvc.PushReq.PushReqResponse.Success
2020-11-05 16:22:11 V/Net 1291517893: Send: ConfigPushSvc.PushResp
2020-11-05 16:23:08 V/Net 1291517893: Send: Heartbeat.Alive
2020-11-05 16:23:08 V/Net 1291517893: Recv: Heartbeat.Alive.Response
2020-11-05 16:24:08 V/Net 1291517893: Send: Heartbeat.Alive
2020-11-05 16:24:08 V/Net 1291517893: Recv: Heartbeat.Alive.Response
2020-11-05 16:25:08 V/Net 1291517893: Send: Heartbeat.Alive
2020-11-05 16:25:08 V/Net 1291517893: Recv: Heartbeat.Alive.Response
2020-11-05 16:26:08 V/Net 1291517893: Send: Heartbeat.Alive
2020-11-05 16:26:08 V/Net 1291517893: Recv: Heartbeat.Alive.Response
2020-11-05 16:27:08 V/Net 1291517893: Send: Heartbeat.Alive
2020-11-05 16:27:09 V/Net 1291517893: Recv: Heartbeat.Alive.Response
2020-11-05 16:28:09 V/Net 1291517893: Send: Heartbeat.Alive
2020-11-05 16:28:09 V/Net 1291517893: Recv: Heartbeat.Alive.Response
2020-11-05 16:29:09 V/Net 1291517893: Send: Heartbeat.Alive
2020-11-05 16:29:09 V/Net 1291517893: Recv: Heartbeat.Alive.Response
2020-11-05 16:30:09 V/Net 1291517893: Send: Heartbeat.Alive
2020-11-05 16:30:09 V/Net 1291517893: Recv: Heartbeat.Alive.Response
2020-11-05 16:31:09 V/Net 1291517893: Send: Heartbeat.Alive
2020-11-05 16:31:09 V/Net 1291517893: Recv: Heartbeat.Alive.Response
2020-11-05 16:32:09 V/Net 1291517893: Send: Heartbeat.Alive
2020-11-05 16:32:09 V/Net 1291517893: Recv: Heartbeat.Alive.Response
2020-11-05 16:33:09 V/Net 1291517893: Send: Heartbeat.Alive
2020-11-05 16:33:09 V/Net 1291517893: Recv: Heartbeat.Alive.Response
2020-11-05 16:34:09 V/Net 1291517893: Send: Heartbeat.Alive
2020-11-05 16:34:09 V/Net 1291517893: Recv: Heartbeat.Alive.Response
2020-11-05 16:35:09 V/Net 1291517893: Send: Heartbeat.Alive
2020-11-05 16:35:09 V/Net 1291517893: Recv: Heartbeat.Alive.Response
2020-11-05 16:36:09 V/Net 1291517893: Send: Heartbeat.Alive
2020-11-05 16:36:09 V/Net 1291517893: Recv: Heartbeat.Alive.Response
2020-11-05 16:37:09 V/Net 1291517893: Send: Heartbeat.Alive
2020-11-05 16:37:10 V/Net 1291517893: Recv: Heartbeat.Alive.Response
2020-11-05 16:38:10 V/Net 1291517893: Send: Heartbeat.Alive
2020-11-05 16:38:10 V/Net 1291517893: Recv: Heartbeat.Alive.Response
2020-11-05 16:38:14 V/Net 1291517893: Send: MessageSvc.PbSendMsg
2020-11-05 16:38:15 V/Net 1291517893: Recv: MessageSvcPbSendMsg.Response.SUCCESS
2020-11-05 16:39:10 V/Net 1291517893: Send: Heartbeat.Alive
2020-11-05 16:39:10 V/Net 1291517893: Recv: Heartbeat.Alive.Response
2020-11-05 16:40:10 V/Net 1291517893: Send: Heartbeat.Alive
2020-11-05 16:40:10 V/Net 1291517893: Recv: Heartbeat.Alive.Response
2020-11-05 16:41:03 V/Net 1291517893: Send: MessageSvc.PbSendMsg
2020-11-05 16:41:04 V/Net 1291517893: Recv: MessageSvcPbSendMsg.Response.SUCCESS
2020-11-05 16:41:10 V/Net 1291517893: Send: Heartbeat.Alive
2020-11-05 16:41:10 V/Net 1291517893: Recv: Heartbeat.Alive.Response
2020-11-05 16:42:10 V/Net 1291517893: Send: Heartbeat.Alive
2020-11-05 16:42:10 V/Net 1291517893: Recv: Heartbeat.Alive.Response
2020-11-05 16:42:28 V/Net 1291517893: Send: MessageSvc.PbSendMsg
2020-11-05 16:42:28 V/Net 1291517893: Recv: MessageSvcPbSendMsg.Response.SUCCESS
2020-11-05 16:43:09 V/Net 1291517893: Send: MessageSvc.PbSendMsg
2020-11-05 16:43:10 V/Net 1291517893: Recv: MessageSvcPbSendMsg.Response.SUCCESS
2020-11-05 16:43:10 V/Net 1291517893: Send: Heartbeat.Alive
2020-11-05 16:43:10 V/Net 1291517893: Recv: Heartbeat.Alive.Response
2020-11-05 16:44:10 V/Net 1291517893: Send: Heartbeat.Alive
2020-11-05 16:44:10 V/Net 1291517893: Recv: Heartbeat.Alive.Response
2020-11-05 16:45:10 V/Net 1291517893: Send: Heartbeat.Alive
2020-11-05 16:45:10 V/Net 1291517893: Recv: Heartbeat.Alive.Response
2020-11-05 16:45:26 V/Net 1291517893: Send: MessageSvc.PbSendMsg
2020-11-05 16:45:26 V/Net 1291517893: Recv: MessageSvcPbSendMsg.Response.SUCCESS
2020-11-05 16:46:10 V/Net 1291517893: Send: Heartbeat.Alive
2020-11-05 16:46:10 V/Net 1291517893: Recv: Heartbeat.Alive.Response
2020-11-05 16:47:10 V/Net 1291517893: Send: Heartbeat.Alive
2020-11-05 16:47:11 V/Net 1291517893: Recv: Heartbeat.Alive.Response
2020-11-05 16:48:11 V/Net 1291517893: Send: Heartbeat.Alive
2020-11-05 16:48:11 V/Net 1291517893: Recv: Heartbeat.Alive.Response
2020-11-05 16:49:11 V/Net 1291517893: Send: Heartbeat.Alive
2020-11-05 16:49:11 V/Net 1291517893: Recv: Heartbeat.Alive.Response
2020-11-05 16:50:11 V/Net 1291517893: Send: Heartbeat.Alive
2020-11-05 16:50:11 V/Net 1291517893: Recv: Heartbeat.Alive.Response
2020-11-05 16:51:11 V/Net 1291517893: Send: Heartbeat.Alive
2020-11-05 16:51:11 V/Net 1291517893: Recv: Heartbeat.Alive.Response
2020-11-05 16:52:11 V/Net 1291517893: Send: Heartbeat.Alive
2020-11-05 16:52:11 V/Net 1291517893: Recv: Heartbeat.Alive.Response
2020-11-05 16:53:11 V/Net 1291517893: Send: Heartbeat.Alive
2020-11-05 16:53:11 V/Net 1291517893: Recv: Heartbeat.Alive.Response
2020-11-05 16:53:58 V/Net 1291517893: Send: MessageSvc.PbSendMsg
2020-11-05 16:53:58 V/Net 1291517893: Recv: MessageSvcPbSendMsg.Response.SUCCESS
2020-11-05 16:54:10 V/Net 1291517893: Send: MessageSvc.PbSendMsg
2020-11-05 16:54:10 V/Net 1291517893: Recv: MessageSvcPbSendMsg.Response.SUCCESS
2020-11-05 16:54:11 V/Net 1291517893: Send: Heartbeat.Alive
2020-11-05 16:54:11 V/Net 1291517893: Recv: Heartbeat.Alive.Response
2020-11-05 16:55:11 V/Net 1291517893: Send: Heartbeat.Alive
2020-11-05 16:55:11 V/Net 1291517893: Recv: Heartbeat.Alive.Response
2020-11-05 16:55:27 V/Net 1291517893: Send: MessageSvc.PbSendMsg
2020-11-05 16:55:27 V/Net 1291517893: Recv: MessageSvcPbSendMsg.Response.SUCCESS
2020-11-05 16:55:52 V/Net 1291517893: Send: MessageSvc.PbSendMsg
2020-11-05 16:55:52 V/Net 1291517893: Recv: MessageSvcPbSendMsg.Response.SUCCESS
2020-11-05 16:56:11 V/Net 1291517893: Send: Heartbeat.Alive
2020-11-05 16:56:11 V/Net 1291517893: Recv: Heartbeat.Alive.Response
2020-11-05 16:57:11 V/Net 1291517893: Send: Heartbeat.Alive
2020-11-05 16:57:12 V/Net 1291517893: Recv: Heartbeat.Alive.Response
2020-11-05 16:58:06 V/Net 1291517893: Send: MessageSvc.PbSendMsg
2020-11-05 16:58:06 V/Net 1291517893: Recv: MessageSvcPbSendMsg.Response.SUCCESS
2020-11-05 16:58:12 V/Net 1291517893: Send: Heartbeat.Alive
2020-11-05 16:58:12 V/Net 1291517893: Recv: Heartbeat.Alive.Response
2020-11-05 16:58:33 V/Net 1291517893: Send: MessageSvc.PbSendMsg
2020-11-05 16:58:33 V/Net 1291517893: Recv: MessageSvcPbSendMsg.Response.SUCCESS
2020-11-05 16:59:12 V/Net 1291517893: Send: Heartbeat.Alive
2020-11-05 16:59:12 V/Net 1291517893: Recv: Heartbeat.Alive.Response
2020-11-05 16:59:49 V/Net 1291517893: Send: MessageSvc.PbSendMsg
2020-11-05 16:59:50 V/Net 1291517893: Recv: MessageSvcPbSendMsg.Response.SUCCESS
2020-11-05 17:00:12 V/Net 1291517893: Send: Heartbeat.Alive
2020-11-05 17:00:12 V/Net 1291517893: Recv: Heartbeat.Alive.Response
2020-11-05 17:00:12 V/Net 1291517893: Send: MessageSvc.PbSendMsg
2020-11-05 17:00:13 V/Net 1291517893: Recv: MessageSvcPbSendMsg.Response.SUCCESS
2020-11-05 17:00:23 V/Net 1291517893: Send: MessageSvc.PbSendMsg
2020-11-05 17:00:23 V/Net 1291517893: Recv: MessageSvcPbSendMsg.Response.SUCCESS
2020-11-05 17:00:41 V/Net 1291517893: Send: MessageSvc.PbSendMsg
2020-11-05 17:00:42 V/Net 1291517893: Recv: MessageSvcPbSendMsg.Response.SUCCESS
2020-11-05 17:00:51 V/Net 1291517893: Send: MessageSvc.PbSendMsg
2020-11-05 17:00:51 V/Net 1291517893: Recv: MessageSvcPbSendMsg.Response.SUCCESS
2020-11-05 17:01:11 V/Net 1291517893: Send: MessageSvc.PbSendMsg
2020-11-05 17:01:12 V/Net 1291517893: Recv: MessageSvcPbSendMsg.Response.SUCCESS
2020-11-05 17:01:12 V/Net 1291517893: Send: Heartbeat.Alive
2020-11-05 17:01:12 V/Net 1291517893: Recv: Heartbeat.Alive.Response
2020-11-05 17:01:25 V/Net 1291517893: Send: MessageSvc.PbSendMsg
2020-11-05 17:01:25 V/Net 1291517893: Recv: MessageSvcPbSendMsg.Response.SUCCESS
2020-11-05 17:02:12 V/Net 1291517893: Send: Heartbeat.Alive
2020-11-05 17:02:12 V/Net 1291517893: Recv: Heartbeat.Alive.Response
2020-11-05 17:03:12 V/Net 1291517893: Send: Heartbeat.Alive
2020-11-05 17:03:12 V/Net 1291517893: Recv: Heartbeat.Alive.Response
2020-11-05 17:04:12 V/Net 1291517893: Send: Heartbeat.Alive
2020-11-05 17:04:12 V/Net 1291517893: Recv: Heartbeat.Alive.Response
2020-11-05 17:05:12 V/Net 1291517893: Send: Heartbeat.Alive
2020-11-05 17:05:12 V/Net 1291517893: Recv: Heartbeat.Alive.Response
2020-11-05 17:06:12 V/Net 1291517893: Send: Heartbeat.Alive
2020-11-05 17:06:17 V/Net 1291517893: Send: Heartbeat.Alive
2020-11-05 17:06:22 V/Net 1291517893: Send: Heartbeat.Alive
2020-11-05 17:06:23 V/Net 1291517893: Recv: Heartbeat.Alive.Response
2020-11-05 17:06:27 V/Net 1291517893: Recv: Heartbeat.Alive.Response
2020-11-05 17:06:27 V/Net 1291517893: Recv: Heartbeat.Alive.Response
2020-11-05 17:07:11 V/Net 1291517893: Send: MessageSvc.PbSendMsg
2020-11-05 17:07:12 V/Net 1291517893: Recv: MessageSvcPbSendMsg.Response.SUCCESS
2020-11-05 17:07:23 V/Net 1291517893: Send: Heartbeat.Alive
2020-11-05 17:07:23 V/Net 1291517893: Recv: Heartbeat.Alive.Response
2020-11-05 17:07:25 V/Net 1291517893: Send: MessageSvc.PbSendMsg
2020-11-05 17:07:25 V/Net 1291517893: Recv: MessageSvcPbSendMsg.Response.SUCCESS
2020-11-05 17:07:37 V/Net 1291517893: Send: MessageSvc.PbSendMsg
2020-11-05 17:07:38 V/Net 1291517893: Recv: MessageSvcPbSendMsg.Response.SUCCESS
2020-11-05 17:07:53 V/Net 1291517893: Send: MessageSvc.PbSendMsg
2020-11-05 17:07:53 V/Net 1291517893: Recv: MessageSvcPbSendMsg.Response.SUCCESS
2020-11-05 17:08:23 V/Net 1291517893: Send: Heartbeat.Alive
2020-11-05 17:08:23 V/Net 1291517893: Recv: Heartbeat.Alive.Response
2020-11-05 17:09:23 V/Net 1291517893: Send: Heartbeat.Alive
2020-11-05 17:09:23 V/Net 1291517893: Recv: Heartbeat.Alive.Response
2020-11-05 17:09:30 V/Net 1291517893: Send: MessageSvc.PbSendMsg
2020-11-05 17:09:30 V/Net 1291517893: Recv: MessageSvcPbSendMsg.Response.SUCCESS
2020-11-05 17:09:44 V/Net 1291517893: Send: MessageSvc.PbSendMsg
2020-11-05 17:09:44 V/Net 1291517893: Recv: MessageSvcPbSendMsg.Response.SUCCESS
2020-11-05 17:10:23 V/Net 1291517893: Send: Heartbeat.Alive
2020-11-05 17:10:23 V/Net 1291517893: Recv: Heartbeat.Alive.Response
2020-11-05 17:11:23 V/Net 1291517893: Send: Heartbeat.Alive
2020-11-05 17:11:23 V/Net 1291517893: Recv: Heartbeat.Alive.Response
2020-11-05 17:12:23 V/Net 1291517893: Send: Heartbeat.Alive
2020-11-05 17:12:24 V/Net 1291517893: Recv: Heartbeat.Alive.Response
2020-11-05 17:13:03 V/Net 1291517893: Send: MessageSvc.PbSendMsg
2020-11-05 17:13:03 V/Net 1291517893: Recv: MessageSvcPbSendMsg.Response.SUCCESS
2020-11-05 17:13:10 V/Net 1291517893: Send: MessageSvc.PbSendMsg
2020-11-05 17:13:11 V/Net 1291517893: Recv: MessageSvcPbSendMsg.Response.SUCCESS
2020-11-05 17:13:24 V/Net 1291517893: Send: Heartbeat.Alive
2020-11-05 17:13:24 V/Net 1291517893: Recv: Heartbeat.Alive.Response
2020-11-05 17:14:22 V/Net 1291517893: Send: MessageSvc.PbSendMsg
2020-11-05 17:14:23 V/Net 1291517893: Recv: MessageSvcPbSendMsg.Response.SUCCESS
2020-11-05 17:14:24 V/Net 1291517893: Send: Heartbeat.Alive
2020-11-05 17:14:24 V/Net 1291517893: Recv: Heartbeat.Alive.Response
2020-11-05 17:15:09 V/Net 1291517893: Send: MessageSvc.PbSendMsg
2020-11-05 17:15:09 V/Net 1291517893: Recv: MessageSvcPbSendMsg.Response.SUCCESS
2020-11-05 17:15:16 V/Net 1291517893: Send: MessageSvc.PbSendMsg
2020-11-05 17:15:16 V/Net 1291517893: Recv: MessageSvcPbSendMsg.Response.SUCCESS
2020-11-05 17:15:24 V/Net 1291517893: Send: Heartbeat.Alive
2020-11-05 17:15:24 V/Net 1291517893: Recv: Heartbeat.Alive.Response
2020-11-05 17:16:20 V/Net 1291517893: Send: MessageSvc.PbSendMsg
2020-11-05 17:16:20 V/Net 1291517893: Recv: MessageSvcPbSendMsg.Response.SUCCESS
2020-11-05 17:16:24 V/Net 1291517893: Send: Heartbeat.Alive
2020-11-05 17:16:24 V/Net 1291517893: Recv: Heartbeat.Alive.Response
2020-11-05 17:17:24 V/Net 1291517893: Send: Heartbeat.Alive
2020-11-05 17:17:24 V/Net 1291517893: Recv: Heartbeat.Alive.Response
2020-11-05 17:18:03 V/Net 1291517893: Send: MessageSvc.PbSendMsg
2020-11-05 17:18:03 V/Net 1291517893: Recv: MessageSvcPbSendMsg.Response.SUCCESS
2020-11-05 17:18:24 V/Net 1291517893: Send: Heartbeat.Alive
2020-11-05 17:18:24 V/Net 1291517893: Recv: Heartbeat.Alive.Response
2020-11-05 17:19:16 V/Net 1291517893: Send: MessageSvc.PbSendMsg
2020-11-05 17:19:17 V/Net 1291517893: Recv: MessageSvcPbSendMsg.Response.SUCCESS
2020-11-05 17:19:24 V/Net 1291517893: Send: Heartbeat.Alive
2020-11-05 17:19:24 V/Net 1291517893: Recv: Heartbeat.Alive.Response
2020-11-05 17:20:04 V/Net 1291517893: Send: MessageSvc.PbSendMsg
2020-11-05 17:20:04 V/Net 1291517893: Recv: MessageSvcPbSendMsg.Response.SUCCESS
2020-11-05 17:20:24 V/Net 1291517893: Send: Heartbeat.Alive
2020-11-05 17:20:24 V/Net 1291517893: Recv: Heartbeat.Alive.Response
2020-11-05 17:21:24 V/Net 1291517893: Send: Heartbeat.Alive
2020-11-05 17:21:25 V/Net 1291517893: Recv: Heartbeat.Alive.Response
2020-11-05 17:22:25 V/Net 1291517893: Send: Heartbeat.Alive
2020-11-05 17:22:25 V/Net 1291517893: Recv: Heartbeat.Alive.Response
2020-11-05 17:23:25 V/Net 1291517893: Send: Heartbeat.Alive
2020-11-05 17:23:25 V/Net 1291517893: Recv: Heartbeat.Alive.Response
2020-11-05 17:24:25 V/Net 1291517893: Send: Heartbeat.Alive
2020-11-05 17:24:25 V/Net 1291517893: Recv: Heartbeat.Alive.Response
2020-11-05 17:25:25 V/Net 1291517893: Send: Heartbeat.Alive
2020-11-05 17:25:25 V/Net 1291517893: Recv: Heartbeat.Alive.Response
2020-11-05 17:25:37 V/Net 1291517893: Send: MessageSvc.PbSendMsg
2020-11-05 17:25:38 V/Net 1291517893: Recv: MessageSvcPbSendMsg.Response.SUCCESS
2020-11-05 17:25:41 V/Net 1291517893: Send: MessageSvc.PbSendMsg
2020-11-05 17:25:42 V/Net 1291517893: Recv: MessageSvcPbSendMsg.Response.SUCCESS
2020-11-05 17:25:45 V/Net 1291517893: Send: MessageSvc.PbSendMsg
2020-11-05 17:25:45 V/Net 1291517893: Recv: MessageSvcPbSendMsg.Response.SUCCESS
2020-11-05 17:25:52 V/Net 1291517893: Send: MessageSvc.PbSendMsg
2020-11-05 17:25:52 V/Net 1291517893: Recv: MessageSvcPbSendMsg.Response.SUCCESS
2020-11-05 17:25:55 V/Net 1291517893: Send: ImgStore.GroupPicUp
2020-11-05 17:25:55 V/Net 1291517893: Recv: FileExists(fileId=3196143096, fileInfo=ImgInfo(fileMd5=[18, 36, -79, 76, -76, 71, 119, 92, -71, 84, 46, 47, 79, 30, -121, 27], fileType=1000, fileSize=726678, fileWidth=0, fileHeight=0))
2020-11-05 17:25:55 V/Net 1291517893: Send: MessageSvc.PbSendMsg
2020-11-05 17:25:55 V/Net 1291517893: Recv: MessageSvcPbSendMsg.Response.SUCCESS
2020-11-05 17:26:01 V/Net 1291517893: Send: MessageSvc.PbSendMsg
2020-11-05 17:26:02 V/Net 1291517893: Recv: MessageSvcPbSendMsg.Response.SUCCESS
2020-11-05 17:26:25 V/Net 1291517893: Send: Heartbeat.Alive
2020-11-05 17:26:25 V/Net 1291517893: Recv: Heartbeat.Alive.Response
2020-11-05 17:27:25 V/Net 1291517893: Send: Heartbeat.Alive
2020-11-05 17:27:26 V/Net 1291517893: Recv: Heartbeat.Alive.Response
2020-11-05 17:28:26 V/Net 1291517893: Send: Heartbeat.Alive
2020-11-05 17:28:26 V/Net 1291517893: Recv: Heartbeat.Alive.Response
2020-11-05 17:29:26 V/Net 1291517893: Send: Heartbeat.Alive
2020-11-05 17:29:26 V/Net 1291517893: Recv: Heartbeat.Alive.Response
2020-11-05 17:30:26 V/Net 1291517893: Send: Heartbeat.Alive
2020-11-05 17:30:26 V/Net 1291517893: Recv: Heartbeat.Alive.Response
2020-11-05 17:31:26 V/Net 1291517893: Send: Heartbeat.Alive
2020-11-05 17:31:26 V/Net 1291517893: Recv: Heartbeat.Alive.Response
2020-11-05 17:32:26 V/Net 1291517893: Send: Heartbeat.Alive
2020-11-05 17:32:26 V/Net 1291517893: Recv: Heartbeat.Alive.Response
2020-11-05 17:33:26 V/Net 1291517893: Send: Heartbeat.Alive
2020-11-05 17:33:28 V/Net 1291517893: Recv: Heartbeat.Alive.Response
2020-11-05 17:34:28 V/Net 1291517893: Send: Heartbeat.Alive
2020-11-05 17:34:28 V/Net 1291517893: Recv: Heartbeat.Alive.Response
2020-11-05 17:35:28 V/Net 1291517893: Send: Heartbeat.Alive
2020-11-05 17:35:28 V/Net 1291517893: Recv: Heartbeat.Alive.Response
2020-11-05 17:36:28 V/Net 1291517893: Send: Heartbeat.Alive
2020-11-05 17:36:28 V/Net 1291517893: Recv: Heartbeat.Alive.Response
2020-11-05 17:37:28 V/Net 1291517893: Send: Heartbeat.Alive
2020-11-05 17:37:28 V/Net 1291517893: Recv: Heartbeat.Alive.Response
2020-11-05 17:38:28 V/Net 1291517893: Send: Heartbeat.Alive
2020-11-05 17:38:28 V/Net 1291517893: Recv: Heartbeat.Alive.Response
2020-11-05 17:39:28 V/Net 1291517893: Send: Heartbeat.Alive
2020-11-05 17:39:28 V/Net 1291517893: Recv: Heartbeat.Alive.Response
2020-11-05 17:40:28 V/Net 1291517893: Send: Heartbeat.Alive
2020-11-05 17:40:28 V/Net 1291517893: Recv: Heartbeat.Alive.Response
2020-11-05 17:41:28 V/Net 1291517893: Send: Heartbeat.Alive
2020-11-05 17:41:28 V/Net 1291517893: Recv: Heartbeat.Alive.Response
2020-11-05 17:42:23 I/Net 1291517893: Connected to server 114.221.148.59:14000
2020-11-05 17:42:23 V/Net 1291517893: Send: wtlogin.login
2020-11-05 17:42:23 V/Net 1291517893: Recv: LoginPacketResponse.Success
2020-11-05 17:42:23 I/Net 1291517893: Login successful
2020-11-05 17:42:23 V/Net 1291517893: Send: StatSvc.register
2020-11-05 17:42:23 V/Net 1291517893: Recv: Response(StatSvc.register)
2020-11-05 17:42:23 I/Net 1291517893: Syncing friend message history...
2020-11-05 17:42:23 V/Net 1291517893: Send: MessageSvc.PbGetMsg
2020-11-05 17:42:23 I/Net 1291517893: Syncing friend message history: Success
2020-11-05 17:42:26 V/Net 1291517893: Recv: ConfigPushSvc.PushReq.PushReqResponse.Success
2020-11-05 17:42:26 V/Net 1291517893: Send: ConfigPushSvc.PushResp
2020-11-05 17:42:26 D/Net 1291517893: Received unknown commandName: ConfigPushSvc.PushDomain
2020-11-05 17:42:26 V/Net 1291517893: Recv: ConfigPushSvc.PushReq.PushReqResponse.Success
2020-11-05 17:42:26 V/Net 1291517893: Send: ConfigPushSvc.PushResp
2020-11-05 17:43:23 V/Net 1291517893: Send: Heartbeat.Alive
2020-11-05 17:43:23 V/Net 1291517893: Recv: Heartbeat.Alive.Response
2020-11-05 17:44:23 V/Net 1291517893: Send: Heartbeat.Alive
2020-11-05 17:44:25 V/Net 1291517893: Recv: Heartbeat.Alive.Response
2020-11-05 17:45:25 V/Net 1291517893: Send: Heartbeat.Alive
2020-11-05 17:45:25 V/Net 1291517893: Recv: Heartbeat.Alive.Response
2020-11-05 17:46:25 V/Net 1291517893: Send: Heartbeat.Alive
2020-11-05 17:46:27 V/Net 1291517893: Recv: Heartbeat.Alive.Response
