2020-12-12 11:47:36 I/Net 1291517893: Connected to server 42.81.169.46:8080
2020-12-12 11:47:36 V/Net 1291517893: Send: wtlogin.login
2020-12-12 11:47:36 V/Net 1291517893: Recv: LoginPacketResponse.Success
2020-12-12 11:47:36 I/Net 1291517893: Login successful
2020-12-12 11:47:36 V/Net 1291517893: Send: StatSvc.register
2020-12-12 11:47:36 V/Net 1291517893: Recv: Response(StatSvc.register)
2020-12-12 11:47:36 I/Net 1291517893: 开始加载好友信息
2020-12-12 11:47:36 I/Net 1291517893: 开始加载群组列表与群成员列表
2020-12-12 11:47:36 V/Net 1291517893: Send: friendlist.getFriendGroupList
2020-12-12 11:47:36 V/Net 1291517893: Send: friendlist.GetTroopListReqV2
2020-12-12 11:47:36 V/Net 1291517893: Recv: FriendList.GetFriendGroupList.Response
2020-12-12 11:47:36 V/Net 1291517893: 正在加载好友列表 3/3
2020-12-12 11:47:36 I/Net 1291517893: 好友列表加载完成, 共 3个
2020-12-12 11:47:36 V/Net 1291517893: Recv: FriendList.GetFriendGroupList.Response
2020-12-12 11:47:36 V/Net 1291517893: Send: OidbSvc.0x88d_7
2020-12-12 11:47:36 V/Net 1291517893: Send: OidbSvc.0x88d_7
2020-12-12 11:47:36 V/Net 1291517893: Send: OidbSvc.0x88d_7
2020-12-12 11:47:36 V/Net 1291517893: Send: OidbSvc.0x88d_7
2020-12-12 11:47:36 V/Net 1291517893: Send: friendlist.GetTroopMemberListReq
2020-12-12 11:47:36 V/Net 1291517893: Send: friendlist.GetTroopMemberListReq
2020-12-12 11:47:37 V/Net 1291517893: Send: friendlist.GetTroopMemberListReq
2020-12-12 11:47:37 V/Net 1291517893: Send: friendlist.GetTroopMemberListReq
2020-12-12 11:47:37 V/Net 1291517893: Recv: FriendList.GetTroopMemberList.Response
2020-12-12 11:47:37 V/Net 1291517893: Recv: FriendList.GetTroopMemberList.Response
2020-12-12 11:47:37 V/Net 1291517893: Send: friendlist.GetTroopMemberListReq
2020-12-12 11:47:37 V/Net 1291517893: Recv: FriendList.GetTroopMemberList.Response
2020-12-12 11:47:37 V/Net 1291517893: Send: friendlist.GetTroopMemberListReq
2020-12-12 11:47:37 V/Net 1291517893: Recv: FriendList.GetTroopMemberList.Response
2020-12-12 11:47:37 V/Net 1291517893: Recv: FriendList.GetTroopMemberList.Response
2020-12-12 11:47:37 V/Net 1291517893: Recv: FriendList.GetTroopMemberList.Response
2020-12-12 11:47:37 I/Net 1291517893: 群组列表与群成员加载完成, 共 4个
2020-12-12 11:47:37 I/Net 1291517893: Syncing friend message history...
2020-12-12 11:47:37 I/Net 1291517893: Awaiting ConfigPushSvc.PushReq
2020-12-12 11:47:37 V/Net 1291517893: Send: MessageSvc.PbGetMsg
2020-12-12 11:47:37 V/Net 1291517893: Send: MessageSvc.PbDeleteMsg
2020-12-12 11:47:37 I/Net 1291517893: Syncing friend message history: Success
2020-12-12 11:47:39 V/Net 1291517893: Recv: ConfigPushSvc.PushReq.PushReqResponse.Success
2020-12-12 11:47:39 V/Net 1291517893: Send: ConfigPushSvc.PushResp
2020-12-12 11:47:39 I/Net 1291517893: ConfigPushSvc.PushReq: Success
2020-12-12 11:47:39 D/Net 1291517893: Received unknown commandName: ConfigPushSvc.PushDomain
2020-12-12 11:47:39 V/Net 1291517893: Recv: ConfigPushSvc.PushReq.PushReqResponse.Success
2020-12-12 11:47:39 V/Net 1291517893: Send: ConfigPushSvc.PushResp
2020-12-12 11:48:36 V/Net 1291517893: Send: Heartbeat.Alive
2020-12-12 11:48:36 V/Net 1291517893: Recv: Heartbeat.Alive.Response
2020-12-12 11:49:36 V/Net 1291517893: Send: Heartbeat.Alive
2020-12-12 11:49:36 V/Net 1291517893: Recv: Heartbeat.Alive.Response
2020-12-12 11:50:36 V/Net 1291517893: Send: Heartbeat.Alive
2020-12-12 11:50:36 V/Net 1291517893: Recv: Heartbeat.Alive.Response
2020-12-12 11:51:36 V/Net 1291517893: Send: Heartbeat.Alive
2020-12-12 11:51:36 V/Net 1291517893: Recv: Heartbeat.Alive.Response
2020-12-12 11:52:36 V/Net 1291517893: Send: Heartbeat.Alive
2020-12-12 11:52:36 V/Net 1291517893: Recv: Heartbeat.Alive.Response
2020-12-12 11:53:36 V/Net 1291517893: Send: Heartbeat.Alive
2020-12-12 11:53:36 V/Net 1291517893: Recv: Heartbeat.Alive.Response
2020-12-12 11:54:36 V/Net 1291517893: Send: Heartbeat.Alive
2020-12-12 11:54:36 V/Net 1291517893: Recv: Heartbeat.Alive.Response
2020-12-12 11:55:36 V/Net 1291517893: Send: Heartbeat.Alive
2020-12-12 11:55:37 V/Net 1291517893: Recv: Heartbeat.Alive.Response
2020-12-12 11:56:37 V/Net 1291517893: Send: Heartbeat.Alive
2020-12-12 11:56:37 V/Net 1291517893: Recv: Heartbeat.Alive.Response
2020-12-12 11:57:37 V/Net 1291517893: Send: Heartbeat.Alive
2020-12-12 11:57:37 V/Net 1291517893: Recv: Heartbeat.Alive.Response
2020-12-12 11:58:13 V/Net 1291517893: Send: MessageSvc.PbSendMsg
2020-12-12 11:58:14 V/Net 1291517893: Recv: MessageSvcPbSendMsg.Response.SUCCESS
2020-12-12 11:58:26 V/Net 1291517893: Send: ImgStore.GroupPicUp
2020-12-12 11:58:26 V/Net 1291517893: Recv: FileExists(fileId=2605527167, fileInfo=ImgInfo(fileMd5=[-9, -14, -42, -73, 45, -6, -5, -48, -43, 115, 43, -94, 32, -118, -109, -84], fileType=1000, fileSize=22131, fileWidth=0, fileHeight=0))
2020-12-12 11:58:26 V/Net 1291517893: Send: MessageSvc.PbSendMsg
2020-12-12 11:58:26 V/Net 1291517893: Recv: MessageSvcPbSendMsg.Response.SUCCESS
2020-12-12 11:58:37 V/Net 1291517893: Send: Heartbeat.Alive
2020-12-12 11:58:37 V/Net 1291517893: Recv: Heartbeat.Alive.Response
2020-12-12 11:59:37 V/Net 1291517893: Send: Heartbeat.Alive
2020-12-12 11:59:37 V/Net 1291517893: Recv: Heartbeat.Alive.Response
2020-12-12 12:00:37 V/Net 1291517893: Send: Heartbeat.Alive
2020-12-12 12:00:37 V/Net 1291517893: Recv: Heartbeat.Alive.Response
2020-12-12 12:01:37 V/Net 1291517893: Send: Heartbeat.Alive
2020-12-12 12:01:37 V/Net 1291517893: Recv: Heartbeat.Alive.Response
2020-12-12 12:02:37 V/Net 1291517893: Send: Heartbeat.Alive
2020-12-12 12:02:37 V/Net 1291517893: Recv: Heartbeat.Alive.Response
2020-12-12 12:03:26 V/Net 1291517893: Send: MessageSvc.PbSendMsg
2020-12-12 12:03:27 V/Net 1291517893: Recv: MessageSvcPbSendMsg.Response.SUCCESS
2020-12-12 12:03:37 V/Net 1291517893: Send: Heartbeat.Alive
2020-12-12 12:03:37 V/Net 1291517893: Recv: Heartbeat.Alive.Response
2020-12-12 12:04:00 V/Net 1291517893: Send: ImgStore.GroupPicUp
2020-12-12 12:04:00 V/Net 1291517893: Recv: FileExists(fileId=3047026629, fileInfo=ImgInfo(fileMd5=[-9, -14, -42, -73, 45, -6, -5, -48, -43, 115, 43, -94, 32, -118, -109, -84], fileType=1000, fileSize=22131, fileWidth=0, fileHeight=0))
2020-12-12 12:04:00 V/Net 1291517893: Send: MessageSvc.PbSendMsg
2020-12-12 12:04:00 V/Net 1291517893: Recv: MessageSvcPbSendMsg.Response.SUCCESS
2020-12-12 12:04:37 V/Net 1291517893: Send: Heartbeat.Alive
2020-12-12 12:04:37 V/Net 1291517893: Recv: Heartbeat.Alive.Response
2020-12-12 12:05:37 V/Net 1291517893: Send: Heartbeat.Alive
2020-12-12 12:05:37 V/Net 1291517893: Recv: Heartbeat.Alive.Response
2020-12-12 12:06:07 V/Net 1291517893: Send: MessageSvc.PbSendMsg
2020-12-12 12:06:07 V/Net 1291517893: Recv: MessageSvcPbSendMsg.Response.SUCCESS
2020-12-12 12:06:29 V/Net 1291517893: Send: ImgStore.GroupPicUp
2020-12-12 12:06:29 V/Net 1291517893: Recv: FileExists(fileId=3196528929, fileInfo=ImgInfo(fileMd5=[-9, -14, -42, -73, 45, -6, -5, -48, -43, 115, 43, -94, 32, -118, -109, -84], fileType=1000, fileSize=22131, fileWidth=0, fileHeight=0))
2020-12-12 12:06:29 V/Net 1291517893: Send: MessageSvc.PbSendMsg
2020-12-12 12:06:30 V/Net 1291517893: Recv: MessageSvcPbSendMsg.Response.SUCCESS
2020-12-12 12:06:37 V/Net 1291517893: Send: Heartbeat.Alive
2020-12-12 12:06:37 V/Net 1291517893: Recv: Heartbeat.Alive.Response
2020-12-12 12:07:37 V/Net 1291517893: Send: Heartbeat.Alive
2020-12-12 12:07:37 V/Net 1291517893: Recv: Heartbeat.Alive.Response
2020-12-12 12:07:58 V/Net 1291517893: Send: MessageSvc.PbSendMsg
2020-12-12 12:07:58 V/Net 1291517893: Recv: MessageSvcPbSendMsg.Response.SUCCESS
2020-12-12 12:08:37 V/Net 1291517893: Send: Heartbeat.Alive
2020-12-12 12:08:37 V/Net 1291517893: Recv: Heartbeat.Alive.Response
2020-12-12 17:48:54 I/Net 1291517893: Connected to server 42.81.169.46:8080
2020-12-12 17:48:54 V/Net 1291517893: Send: wtlogin.login
2020-12-12 17:48:54 V/Net 1291517893: Recv: LoginPacketResponse.Success
2020-12-12 17:48:54 I/Net 1291517893: Login successful
2020-12-12 17:48:54 V/Net 1291517893: Send: StatSvc.register
2020-12-12 17:48:54 V/Net 1291517893: Recv: Response(StatSvc.register)
2020-12-12 17:48:54 I/Net 1291517893: 开始加载好友信息
2020-12-12 17:48:55 I/Net 1291517893: 开始加载群组列表与群成员列表
2020-12-12 17:48:55 V/Net 1291517893: Send: friendlist.getFriendGroupList
2020-12-12 17:48:55 V/Net 1291517893: Send: friendlist.GetTroopListReqV2
2020-12-12 17:48:55 V/Net 1291517893: Recv: FriendList.GetFriendGroupList.Response
2020-12-12 17:48:55 V/Net 1291517893: 正在加载好友列表 3/3
2020-12-12 17:48:55 I/Net 1291517893: 好友列表加载完成, 共 3个
2020-12-12 17:48:55 V/Net 1291517893: Recv: FriendList.GetFriendGroupList.Response
2020-12-12 17:48:55 V/Net 1291517893: Send: OidbSvc.0x88d_7
2020-12-12 17:48:55 V/Net 1291517893: Send: OidbSvc.0x88d_7
2020-12-12 17:48:55 V/Net 1291517893: Send: OidbSvc.0x88d_7
2020-12-12 17:48:55 V/Net 1291517893: Send: OidbSvc.0x88d_7
2020-12-12 17:48:55 V/Net 1291517893: Send: friendlist.GetTroopMemberListReq
2020-12-12 17:48:55 V/Net 1291517893: Send: friendlist.GetTroopMemberListReq
2020-12-12 17:48:55 V/Net 1291517893: Send: friendlist.GetTroopMemberListReq
2020-12-12 17:48:55 V/Net 1291517893: Send: friendlist.GetTroopMemberListReq
2020-12-12 17:48:55 V/Net 1291517893: Recv: FriendList.GetTroopMemberList.Response
2020-12-12 17:48:55 V/Net 1291517893: Recv: FriendList.GetTroopMemberList.Response
2020-12-12 17:48:55 V/Net 1291517893: Send: friendlist.GetTroopMemberListReq
2020-12-12 17:48:55 V/Net 1291517893: Recv: FriendList.GetTroopMemberList.Response
2020-12-12 17:48:55 V/Net 1291517893: Recv: FriendList.GetTroopMemberList.Response
2020-12-12 17:48:55 V/Net 1291517893: Send: friendlist.GetTroopMemberListReq
2020-12-12 17:48:55 V/Net 1291517893: Recv: FriendList.GetTroopMemberList.Response
2020-12-12 17:48:55 V/Net 1291517893: Recv: FriendList.GetTroopMemberList.Response
2020-12-12 17:48:55 I/Net 1291517893: 群组列表与群成员加载完成, 共 4个
2020-12-12 17:48:55 I/Net 1291517893: Awaiting ConfigPushSvc.PushReq
2020-12-12 17:48:55 I/Net 1291517893: Syncing friend message history...
2020-12-12 17:48:55 V/Net 1291517893: Send: MessageSvc.PbGetMsg
2020-12-12 17:48:55 V/Net 1291517893: Send: MessageSvc.PbDeleteMsg
2020-12-12 17:48:55 I/Net 1291517893: Syncing friend message history: Success
2020-12-12 17:48:57 V/Net 1291517893: Recv: ConfigPushSvc.PushReq.PushReqResponse.Success
2020-12-12 17:48:57 V/Net 1291517893: Send: ConfigPushSvc.PushResp
2020-12-12 17:48:57 I/Net 1291517893: ConfigPushSvc.PushReq: Success
2020-12-12 17:48:58 V/Net 1291517893: Recv: ConfigPushSvc.PushReq.PushReqResponse.Success
2020-12-12 17:48:58 V/Net 1291517893: Send: ConfigPushSvc.PushResp
2020-12-12 17:48:58 D/Net 1291517893: Received unknown commandName: ConfigPushSvc.PushDomain
2020-12-12 17:49:54 V/Net 1291517893: Send: Heartbeat.Alive
2020-12-12 17:49:55 V/Net 1291517893: Recv: Heartbeat.Alive.Response
2020-12-12 17:50:55 V/Net 1291517893: Send: Heartbeat.Alive
2020-12-12 17:50:55 V/Net 1291517893: Recv: Heartbeat.Alive.Response
2020-12-12 17:51:55 V/Net 1291517893: Send: Heartbeat.Alive
2020-12-12 17:51:55 V/Net 1291517893: Recv: Heartbeat.Alive.Response
2020-12-12 17:52:55 V/Net 1291517893: Send: Heartbeat.Alive
2020-12-12 17:52:55 V/Net 1291517893: Recv: Heartbeat.Alive.Response
2020-12-12 17:53:55 V/Net 1291517893: Send: Heartbeat.Alive
2020-12-12 17:53:55 V/Net 1291517893: Recv: Heartbeat.Alive.Response
2020-12-12 17:54:55 V/Net 1291517893: Send: Heartbeat.Alive
2020-12-12 17:54:55 V/Net 1291517893: Recv: Heartbeat.Alive.Response
2020-12-12 17:55:55 V/Net 1291517893: Send: Heartbeat.Alive
2020-12-12 17:55:55 V/Net 1291517893: Recv: Heartbeat.Alive.Response
2020-12-12 17:56:55 V/Net 1291517893: Send: Heartbeat.Alive
2020-12-12 17:56:55 V/Net 1291517893: Recv: Heartbeat.Alive.Response
2020-12-12 17:57:55 V/Net 1291517893: Send: Heartbeat.Alive
2020-12-12 17:57:55 V/Net 1291517893: Recv: Heartbeat.Alive.Response
2020-12-12 17:58:55 V/Net 1291517893: Send: Heartbeat.Alive
2020-12-12 17:58:55 V/Net 1291517893: Recv: Heartbeat.Alive.Response
2020-12-12 17:59:55 V/Net 1291517893: Send: Heartbeat.Alive
2020-12-12 17:59:55 V/Net 1291517893: Recv: Heartbeat.Alive.Response
2020-12-12 18:00:55 V/Net 1291517893: Send: Heartbeat.Alive
2020-12-12 18:00:55 V/Net 1291517893: Recv: Heartbeat.Alive.Response
2020-12-12 18:01:55 V/Net 1291517893: Send: Heartbeat.Alive
2020-12-12 18:01:55 V/Net 1291517893: Recv: Heartbeat.Alive.Response
2020-12-12 18:02:55 V/Net 1291517893: Send: Heartbeat.Alive
2020-12-12 18:02:55 V/Net 1291517893: Recv: Heartbeat.Alive.Response
2020-12-12 18:03:55 V/Net 1291517893: Send: Heartbeat.Alive
2020-12-12 18:03:55 V/Net 1291517893: Recv: Heartbeat.Alive.Response
2020-12-12 18:04:55 V/Net 1291517893: Send: Heartbeat.Alive
2020-12-12 18:04:55 V/Net 1291517893: Recv: Heartbeat.Alive.Response
2020-12-12 18:05:40 I/Net 1291517893: Connected to server 42.81.172.81:80
2020-12-12 18:05:40 V/Net 1291517893: Send: wtlogin.login
2020-12-12 18:05:40 V/Net 1291517893: Recv: LoginPacketResponse.Success
2020-12-12 18:05:40 I/Net 1291517893: Login successful
2020-12-12 18:05:40 V/Net 1291517893: Send: StatSvc.register
2020-12-12 18:05:40 V/Net 1291517893: Recv: Response(StatSvc.register)
2020-12-12 18:05:40 I/Net 1291517893: Syncing friend message history...
2020-12-12 18:05:40 V/Net 1291517893: Send: MessageSvc.PbGetMsg
2020-12-12 18:05:40 I/Net 1291517893: Syncing friend message history: Success
2020-12-12 18:05:43 D/Net 1291517893: Received unknown commandName: ConfigPushSvc.PushDomain
2020-12-12 18:05:43 V/Net 1291517893: Recv: ConfigPushSvc.PushReq.PushReqResponse.Success
2020-12-12 18:05:43 V/Net 1291517893: Send: ConfigPushSvc.PushResp
2020-12-12 18:06:40 V/Net 1291517893: Send: Heartbeat.Alive
2020-12-12 18:06:40 V/Net 1291517893: Recv: Heartbeat.Alive.Response
2020-12-12 18:07:40 V/Net 1291517893: Send: Heartbeat.Alive
2020-12-12 18:07:40 V/Net 1291517893: Recv: Heartbeat.Alive.Response
2020-12-12 18:08:40 V/Net 1291517893: Send: Heartbeat.Alive
2020-12-12 18:08:40 V/Net 1291517893: Recv: Heartbeat.Alive.Response
2020-12-12 18:09:40 V/Net 1291517893: Send: Heartbeat.Alive
2020-12-12 18:09:40 V/Net 1291517893: Recv: Heartbeat.Alive.Response
2020-12-12 18:10:40 V/Net 1291517893: Send: Heartbeat.Alive
2020-12-12 18:10:40 V/Net 1291517893: Recv: Heartbeat.Alive.Response
2020-12-12 18:11:40 V/Net 1291517893: Send: Heartbeat.Alive
2020-12-12 18:11:40 V/Net 1291517893: Recv: Heartbeat.Alive.Response
2020-12-12 18:12:40 V/Net 1291517893: Send: Heartbeat.Alive
2020-12-12 18:12:40 V/Net 1291517893: Recv: Heartbeat.Alive.Response
2020-12-12 18:13:40 V/Net 1291517893: Send: Heartbeat.Alive
2020-12-12 18:13:40 V/Net 1291517893: Recv: Heartbeat.Alive.Response
2020-12-12 18:14:40 V/Net 1291517893: Send: Heartbeat.Alive
2020-12-12 18:14:40 V/Net 1291517893: Recv: Heartbeat.Alive.Response
2020-12-12 18:15:40 V/Net 1291517893: Send: Heartbeat.Alive
2020-12-12 18:15:41 V/Net 1291517893: Recv: Heartbeat.Alive.Response
2020-12-12 18:16:41 V/Net 1291517893: Send: Heartbeat.Alive
2020-12-12 18:16:41 V/Net 1291517893: Recv: Heartbeat.Alive.Response
2020-12-12 18:17:41 V/Net 1291517893: Send: Heartbeat.Alive
2020-12-12 18:17:41 V/Net 1291517893: Recv: Heartbeat.Alive.Response
2020-12-12 18:18:41 V/Net 1291517893: Send: Heartbeat.Alive
2020-12-12 18:18:41 V/Net 1291517893: Recv: Heartbeat.Alive.Response
2020-12-12 18:19:41 V/Net 1291517893: Send: Heartbeat.Alive
2020-12-12 18:19:41 V/Net 1291517893: Recv: Heartbeat.Alive.Response
2020-12-12 18:20:41 V/Net 1291517893: Send: Heartbeat.Alive
2020-12-12 18:20:41 V/Net 1291517893: Recv: Heartbeat.Alive.Response
2020-12-12 18:21:41 V/Net 1291517893: Send: Heartbeat.Alive
2020-12-12 18:21:41 V/Net 1291517893: Recv: Heartbeat.Alive.Response
2020-12-12 18:22:26 I/Net 1291517893: Connected to server 114.221.148.59:14000
2020-12-12 18:22:26 V/Net 1291517893: Send: wtlogin.login
2020-12-12 18:22:26 V/Net 1291517893: Recv: LoginPacketResponse.Success
2020-12-12 18:22:26 I/Net 1291517893: Login successful
2020-12-12 18:22:26 V/Net 1291517893: Send: StatSvc.register
2020-12-12 18:22:26 V/Net 1291517893: Recv: Response(StatSvc.register)
2020-12-12 18:22:26 I/Net 1291517893: Syncing friend message history...
2020-12-12 18:22:26 V/Net 1291517893: Send: MessageSvc.PbGetMsg
2020-12-12 18:22:26 I/Net 1291517893: Syncing friend message history: Success
2020-12-12 18:22:29 V/Net 1291517893: Recv: ConfigPushSvc.PushReq.PushReqResponse.Success
2020-12-12 18:22:29 V/Net 1291517893: Send: ConfigPushSvc.PushResp
2020-12-12 18:22:29 D/Net 1291517893: Received unknown commandName: ConfigPushSvc.PushDomain
2020-12-12 18:22:29 V/Net 1291517893: Recv: ConfigPushSvc.PushReq.PushReqResponse.Success
2020-12-12 18:22:29 V/Net 1291517893: Send: ConfigPushSvc.PushResp
2020-12-12 18:23:26 V/Net 1291517893: Send: Heartbeat.Alive
2020-12-12 18:23:26 V/Net 1291517893: Recv: Heartbeat.Alive.Response
2020-12-12 18:24:26 V/Net 1291517893: Send: Heartbeat.Alive
2020-12-12 18:24:26 V/Net 1291517893: Recv: Heartbeat.Alive.Response
2020-12-12 18:25:26 V/Net 1291517893: Send: Heartbeat.Alive
2020-12-12 18:25:26 V/Net 1291517893: Recv: Heartbeat.Alive.Response
2020-12-12 18:26:26 V/Net 1291517893: Send: Heartbeat.Alive
2020-12-12 18:26:26 V/Net 1291517893: Recv: Heartbeat.Alive.Response
2020-12-12 18:27:26 V/Net 1291517893: Send: Heartbeat.Alive
2020-12-12 18:27:26 V/Net 1291517893: Recv: Heartbeat.Alive.Response
2020-12-12 18:28:26 V/Net 1291517893: Send: Heartbeat.Alive
2020-12-12 18:28:26 V/Net 1291517893: Recv: Heartbeat.Alive.Response
2020-12-12 18:29:26 V/Net 1291517893: Send: Heartbeat.Alive
2020-12-12 18:29:26 V/Net 1291517893: Recv: Heartbeat.Alive.Response
2020-12-12 18:30:26 V/Net 1291517893: Send: Heartbeat.Alive
2020-12-12 18:30:26 V/Net 1291517893: Recv: Heartbeat.Alive.Response
2020-12-12 18:31:26 V/Net 1291517893: Send: Heartbeat.Alive
2020-12-12 18:31:27 V/Net 1291517893: Recv: Heartbeat.Alive.Response
2020-12-12 18:32:27 V/Net 1291517893: Send: Heartbeat.Alive
2020-12-12 18:32:27 V/Net 1291517893: Recv: Heartbeat.Alive.Response
2020-12-12 18:33:27 V/Net 1291517893: Send: Heartbeat.Alive
2020-12-12 18:33:27 V/Net 1291517893: Recv: Heartbeat.Alive.Response
2020-12-12 18:34:27 V/Net 1291517893: Send: Heartbeat.Alive
2020-12-12 18:34:27 V/Net 1291517893: Recv: Heartbeat.Alive.Response
2020-12-12 18:35:27 V/Net 1291517893: Send: Heartbeat.Alive
2020-12-12 18:35:27 V/Net 1291517893: Recv: Heartbeat.Alive.Response
2020-12-12 18:36:27 V/Net 1291517893: Send: Heartbeat.Alive
2020-12-12 18:36:27 V/Net 1291517893: Recv: Heartbeat.Alive.Response
2020-12-12 18:37:27 V/Net 1291517893: Send: Heartbeat.Alive
2020-12-12 18:37:27 V/Net 1291517893: Recv: Heartbeat.Alive.Response
2020-12-12 18:38:27 V/Net 1291517893: Send: Heartbeat.Alive
2020-12-12 18:38:27 V/Net 1291517893: Recv: Heartbeat.Alive.Response
2020-12-12 18:39:11 I/Net 1291517893: Connected to server 42.81.172.147:443
2020-12-12 18:39:11 V/Net 1291517893: Send: wtlogin.login
2020-12-12 18:39:11 V/Net 1291517893: Recv: LoginPacketResponse.Success
2020-12-12 18:39:11 I/Net 1291517893: Login successful
2020-12-12 18:39:11 V/Net 1291517893: Send: StatSvc.register
2020-12-12 18:39:11 V/Net 1291517893: Recv: Response(StatSvc.register)
2020-12-12 18:39:11 I/Net 1291517893: Syncing friend message history...
2020-12-12 18:39:11 V/Net 1291517893: Send: MessageSvc.PbGetMsg
2020-12-12 18:39:11 I/Net 1291517893: Syncing friend message history: Success
2020-12-12 18:39:14 V/Net 1291517893: Recv: ConfigPushSvc.PushReq.PushReqResponse.Success
2020-12-12 18:39:14 V/Net 1291517893: Send: ConfigPushSvc.PushResp
2020-12-12 18:39:14 D/Net 1291517893: Received unknown commandName: ConfigPushSvc.PushDomain
2020-12-12 18:39:14 V/Net 1291517893: Recv: ConfigPushSvc.PushReq.PushReqResponse.Success
2020-12-12 18:39:14 V/Net 1291517893: Send: ConfigPushSvc.PushResp
2020-12-12 18:40:11 V/Net 1291517893: Send: Heartbeat.Alive
2020-12-12 18:40:11 V/Net 1291517893: Recv: Heartbeat.Alive.Response
2020-12-12 18:41:11 V/Net 1291517893: Send: Heartbeat.Alive
2020-12-12 18:41:11 V/Net 1291517893: Recv: Heartbeat.Alive.Response
2020-12-12 18:42:11 V/Net 1291517893: Send: Heartbeat.Alive
2020-12-12 18:42:11 V/Net 1291517893: Recv: Heartbeat.Alive.Response
2020-12-12 18:43:11 V/Net 1291517893: Send: Heartbeat.Alive
2020-12-12 18:43:11 V/Net 1291517893: Recv: Heartbeat.Alive.Response
2020-12-12 18:44:11 V/Net 1291517893: Send: Heartbeat.Alive
2020-12-12 18:44:11 V/Net 1291517893: Recv: Heartbeat.Alive.Response
2020-12-12 18:45:11 V/Net 1291517893: Send: Heartbeat.Alive
2020-12-12 18:45:11 V/Net 1291517893: Recv: Heartbeat.Alive.Response
2020-12-12 18:46:11 V/Net 1291517893: Send: Heartbeat.Alive
2020-12-12 18:46:11 V/Net 1291517893: Recv: Heartbeat.Alive.Response
2020-12-12 18:47:11 V/Net 1291517893: Send: Heartbeat.Alive
2020-12-12 18:47:11 V/Net 1291517893: Recv: Heartbeat.Alive.Response
2020-12-12 18:48:11 V/Net 1291517893: Send: Heartbeat.Alive
2020-12-12 18:48:11 V/Net 1291517893: Recv: Heartbeat.Alive.Response
2020-12-12 18:49:11 V/Net 1291517893: Send: Heartbeat.Alive
2020-12-12 18:49:11 V/Net 1291517893: Recv: Heartbeat.Alive.Response
2020-12-12 18:50:11 V/Net 1291517893: Send: Heartbeat.Alive
2020-12-12 18:50:11 V/Net 1291517893: Recv: Heartbeat.Alive.Response
2020-12-12 18:51:11 V/Net 1291517893: Send: Heartbeat.Alive
2020-12-12 18:51:11 V/Net 1291517893: Recv: Heartbeat.Alive.Response
2020-12-12 18:52:11 V/Net 1291517893: Send: Heartbeat.Alive
2020-12-12 18:52:12 V/Net 1291517893: Recv: Heartbeat.Alive.Response
2020-12-12 18:53:12 V/Net 1291517893: Send: Heartbeat.Alive
2020-12-12 18:53:12 V/Net 1291517893: Recv: Heartbeat.Alive.Response
2020-12-12 18:54:12 V/Net 1291517893: Send: Heartbeat.Alive
2020-12-12 18:54:12 V/Net 1291517893: Recv: Heartbeat.Alive.Response
2020-12-12 18:55:12 V/Net 1291517893: Send: Heartbeat.Alive
2020-12-12 18:55:12 V/Net 1291517893: Recv: Heartbeat.Alive.Response
2020-12-12 18:55:56 I/Net 1291517893: Connected to server 125.94.60.146:80
2020-12-12 18:55:56 V/Net 1291517893: Send: wtlogin.login
2020-12-12 18:55:56 V/Net 1291517893: Recv: LoginPacketResponse.Success
2020-12-12 18:55:56 I/Net 1291517893: Login successful
2020-12-12 18:55:56 V/Net 1291517893: Send: StatSvc.register
2020-12-12 18:55:56 V/Net 1291517893: Recv: Response(StatSvc.register)
2020-12-12 18:55:56 I/Net 1291517893: Syncing friend message history...
2020-12-12 18:55:56 V/Net 1291517893: Send: MessageSvc.PbGetMsg
2020-12-12 18:55:56 I/Net 1291517893: Syncing friend message history: Success
2020-12-12 18:55:59 V/Net 1291517893: Recv: ConfigPushSvc.PushReq.PushReqResponse.Success
2020-12-12 18:55:59 V/Net 1291517893: Send: ConfigPushSvc.PushResp
2020-12-12 18:55:59 D/Net 1291517893: Received unknown commandName: ConfigPushSvc.PushDomain
2020-12-12 18:55:59 V/Net 1291517893: Recv: ConfigPushSvc.PushReq.PushReqResponse.Success
2020-12-12 18:55:59 V/Net 1291517893: Send: ConfigPushSvc.PushResp
2020-12-12 18:56:56 V/Net 1291517893: Send: Heartbeat.Alive
2020-12-12 18:56:56 V/Net 1291517893: Recv: Heartbeat.Alive.Response
2020-12-12 18:57:56 V/Net 1291517893: Send: Heartbeat.Alive
2020-12-12 18:57:56 V/Net 1291517893: Recv: Heartbeat.Alive.Response
2020-12-12 18:58:56 V/Net 1291517893: Send: Heartbeat.Alive
2020-12-12 18:58:56 V/Net 1291517893: Recv: Heartbeat.Alive.Response
2020-12-12 18:59:56 V/Net 1291517893: Send: Heartbeat.Alive
2020-12-12 18:59:56 V/Net 1291517893: Recv: Heartbeat.Alive.Response
2020-12-12 19:00:46 V/Net 1291517893: Send: MessageSvc.PbSendMsg
2020-12-12 19:00:46 V/Net 1291517893: Recv: MessageSvcPbSendMsg.Response.SUCCESS
2020-12-12 19:00:56 V/Net 1291517893: Send: Heartbeat.Alive
2020-12-12 19:00:56 V/Net 1291517893: Recv: Heartbeat.Alive.Response
2020-12-12 19:01:26 V/Net 1291517893: Send: MessageSvc.PbSendMsg
2020-12-12 19:01:26 V/Net 1291517893: Recv: MessageSvcPbSendMsg.Response.SUCCESS
2020-12-12 19:01:56 V/Net 1291517893: Send: Heartbeat.Alive
2020-12-12 19:01:57 V/Net 1291517893: Recv: Heartbeat.Alive.Response
2020-12-12 19:02:57 V/Net 1291517893: Send: Heartbeat.Alive
2020-12-12 19:02:57 V/Net 1291517893: Recv: Heartbeat.Alive.Response
2020-12-12 19:03:57 V/Net 1291517893: Send: Heartbeat.Alive
2020-12-12 19:03:57 V/Net 1291517893: Recv: Heartbeat.Alive.Response
2020-12-12 19:04:27 V/Net 1291517893: Send: MessageSvc.PbSendMsg
2020-12-12 19:04:27 V/Net 1291517893: Recv: MessageSvcPbSendMsg.Response.SUCCESS
2020-12-12 19:04:57 V/Net 1291517893: Send: Heartbeat.Alive
2020-12-12 19:04:57 V/Net 1291517893: Recv: Heartbeat.Alive.Response
2020-12-12 19:05:57 V/Net 1291517893: Send: Heartbeat.Alive
2020-12-12 19:05:57 V/Net 1291517893: Recv: Heartbeat.Alive.Response
2020-12-12 19:06:57 V/Net 1291517893: Send: Heartbeat.Alive
2020-12-12 19:06:57 V/Net 1291517893: Recv: Heartbeat.Alive.Response
2020-12-12 19:07:57 V/Net 1291517893: Send: Heartbeat.Alive
2020-12-12 19:07:57 V/Net 1291517893: Recv: Heartbeat.Alive.Response
2020-12-12 19:08:57 V/Net 1291517893: Send: Heartbeat.Alive
2020-12-12 19:08:57 V/Net 1291517893: Recv: Heartbeat.Alive.Response
2020-12-12 19:09:57 V/Net 1291517893: Send: Heartbeat.Alive
2020-12-12 19:09:57 V/Net 1291517893: Recv: Heartbeat.Alive.Response
2020-12-12 19:10:35 V/Net 1291517893: Send: MessageSvc.PbSendMsg
2020-12-12 19:10:35 V/Net 1291517893: Recv: MessageSvcPbSendMsg.Response.SUCCESS
2020-12-12 19:10:57 V/Net 1291517893: Send: Heartbeat.Alive
2020-12-12 19:10:57 V/Net 1291517893: Recv: Heartbeat.Alive.Response
2020-12-12 19:11:13 V/Net 1291517893: Send: MessageSvc.PbSendMsg
2020-12-12 19:11:13 V/Net 1291517893: Recv: MessageSvcPbSendMsg.Response.SUCCESS
2020-12-12 19:11:57 V/Net 1291517893: Send: Heartbeat.Alive
2020-12-12 19:11:57 V/Net 1291517893: Recv: Heartbeat.Alive.Response
2020-12-12 19:12:57 V/Net 1291517893: Send: Heartbeat.Alive
2020-12-12 19:12:57 V/Net 1291517893: Recv: Heartbeat.Alive.Response
2020-12-12 19:13:57 V/Net 1291517893: Send: Heartbeat.Alive
2020-12-12 19:13:57 V/Net 1291517893: Recv: Heartbeat.Alive.Response
2020-12-12 19:14:57 V/Net 1291517893: Send: Heartbeat.Alive
2020-12-12 19:14:57 V/Net 1291517893: Recv: Heartbeat.Alive.Response
2020-12-12 19:15:57 V/Net 1291517893: Send: Heartbeat.Alive
2020-12-12 19:15:57 V/Net 1291517893: Recv: Heartbeat.Alive.Response
2020-12-12 19:16:32 V/Net 1291517893: Send: MessageSvc.PbSendMsg
2020-12-12 19:16:32 V/Net 1291517893: Recv: MessageSvcPbSendMsg.Response.SUCCESS
2020-12-12 19:16:43 V/Net 1291517893: Send: ImgStore.GroupPicUp
2020-12-12 19:16:44 V/Net 1291517893: Recv: FileExists(fileId=2836300219, fileInfo=ImgInfo(fileMd5=[-9, -14, -42, -73, 45, -6, -5, -48, -43, 115, 43, -94, 32, -118, -109, -84], fileType=1000, fileSize=22131, fileWidth=0, fileHeight=0))
2020-12-12 19:16:44 V/Net 1291517893: Send: MessageSvc.PbSendMsg
2020-12-12 19:16:44 V/Net 1291517893: Recv: MessageSvcPbSendMsg.Response.SUCCESS
2020-12-12 19:16:57 V/Net 1291517893: Send: Heartbeat.Alive
2020-12-12 19:16:58 V/Net 1291517893: Recv: Heartbeat.Alive.Response
2020-12-12 19:17:58 V/Net 1291517893: Send: Heartbeat.Alive
2020-12-12 19:17:58 V/Net 1291517893: Recv: Heartbeat.Alive.Response
2020-12-12 19:18:58 V/Net 1291517893: Send: Heartbeat.Alive
2020-12-12 19:18:58 V/Net 1291517893: Recv: Heartbeat.Alive.Response
2020-12-12 19:19:58 V/Net 1291517893: Send: Heartbeat.Alive
2020-12-12 19:19:58 V/Net 1291517893: Recv: Heartbeat.Alive.Response
2020-12-12 19:20:58 V/Net 1291517893: Send: Heartbeat.Alive
2020-12-12 19:20:58 V/Net 1291517893: Recv: Heartbeat.Alive.Response
2020-12-12 19:21:58 V/Net 1291517893: Send: Heartbeat.Alive
2020-12-12 19:21:58 V/Net 1291517893: Recv: Heartbeat.Alive.Response
2020-12-12 19:22:58 V/Net 1291517893: Send: Heartbeat.Alive
2020-12-12 19:22:58 V/Net 1291517893: Recv: Heartbeat.Alive.Response
2020-12-12 19:23:58 V/Net 1291517893: Send: Heartbeat.Alive
2020-12-12 19:23:58 V/Net 1291517893: Recv: Heartbeat.Alive.Response
2020-12-12 19:24:58 V/Net 1291517893: Send: Heartbeat.Alive
2020-12-12 19:24:58 V/Net 1291517893: Recv: Heartbeat.Alive.Response
2020-12-12 19:25:58 V/Net 1291517893: Send: Heartbeat.Alive
2020-12-12 19:25:58 V/Net 1291517893: Recv: Heartbeat.Alive.Response
2020-12-12 19:26:58 V/Net 1291517893: Send: Heartbeat.Alive
2020-12-12 19:26:58 V/Net 1291517893: Recv: Heartbeat.Alive.Response
2020-12-12 19:27:58 V/Net 1291517893: Send: Heartbeat.Alive
2020-12-12 19:27:58 V/Net 1291517893: Recv: Heartbeat.Alive.Response
2020-12-12 19:28:58 V/Net 1291517893: Send: Heartbeat.Alive
2020-12-12 19:28:58 V/Net 1291517893: Recv: Heartbeat.Alive.Response
2020-12-12 19:29:58 V/Net 1291517893: Send: Heartbeat.Alive
2020-12-12 19:29:58 V/Net 1291517893: Recv: Heartbeat.Alive.Response
2020-12-12 19:30:58 V/Net 1291517893: Send: Heartbeat.Alive
2020-12-12 19:30:59 V/Net 1291517893: Recv: Heartbeat.Alive.Response
2020-12-12 19:31:07 V/Net 1291517893: Send: MessageSvc.PbSendMsg
2020-12-12 19:31:07 V/Net 1291517893: Recv: MessageSvcPbSendMsg.Response.SUCCESS
2020-12-12 19:31:12 V/Net 1291517893: Send: MessageSvc.PbSendMsg
2020-12-12 19:31:12 V/Net 1291517893: Recv: MessageSvcPbSendMsg.Response.SUCCESS
2020-12-12 19:31:59 V/Net 1291517893: Send: Heartbeat.Alive
2020-12-12 19:31:59 V/Net 1291517893: Recv: Heartbeat.Alive.Response
2020-12-12 19:38:45 I/Net 1291517893: Connected to server 42.81.169.46:8080
2020-12-12 19:38:45 V/Net 1291517893: Send: wtlogin.login
2020-12-12 19:38:46 V/Net 1291517893: Recv: LoginPacketResponse.Success
2020-12-12 19:38:46 I/Net 1291517893: Login successful
2020-12-12 19:38:46 V/Net 1291517893: Send: StatSvc.register
2020-12-12 19:38:46 V/Net 1291517893: Recv: Response(StatSvc.register)
2020-12-12 19:38:46 I/Net 1291517893: 开始加载好友信息
2020-12-12 19:38:46 I/Net 1291517893: 开始加载群组列表与群成员列表
2020-12-12 19:38:46 V/Net 1291517893: Send: friendlist.getFriendGroupList
2020-12-12 19:38:46 V/Net 1291517893: Send: friendlist.GetTroopListReqV2
2020-12-12 19:38:47 V/Net 1291517893: Recv: FriendList.GetFriendGroupList.Response
2020-12-12 19:38:47 V/Net 1291517893: 正在加载好友列表 3/3
2020-12-12 19:38:47 I/Net 1291517893: 好友列表加载完成, 共 3个
2020-12-12 19:38:47 V/Net 1291517893: Recv: FriendList.GetFriendGroupList.Response
2020-12-12 19:38:47 V/Net 1291517893: Send: OidbSvc.0x88d_7
2020-12-12 19:38:47 V/Net 1291517893: Send: OidbSvc.0x88d_7
2020-12-12 19:38:47 V/Net 1291517893: Send: OidbSvc.0x88d_7
2020-12-12 19:38:47 V/Net 1291517893: Send: OidbSvc.0x88d_7
2020-12-12 19:38:47 V/Net 1291517893: Send: friendlist.GetTroopMemberListReq
2020-12-12 19:38:47 V/Net 1291517893: Send: friendlist.GetTroopMemberListReq
2020-12-12 19:38:47 V/Net 1291517893: Send: friendlist.GetTroopMemberListReq
2020-12-12 19:38:47 V/Net 1291517893: Send: friendlist.GetTroopMemberListReq
2020-12-12 19:38:48 V/Net 1291517893: Recv: FriendList.GetTroopMemberList.Response
2020-12-12 19:38:48 V/Net 1291517893: Recv: FriendList.GetTroopMemberList.Response
2020-12-12 19:38:48 V/Net 1291517893: Recv: FriendList.GetTroopMemberList.Response
2020-12-12 19:38:48 V/Net 1291517893: Send: friendlist.GetTroopMemberListReq
2020-12-12 19:38:48 V/Net 1291517893: Recv: FriendList.GetTroopMemberList.Response
2020-12-12 19:38:48 V/Net 1291517893: Send: friendlist.GetTroopMemberListReq
2020-12-12 19:38:48 V/Net 1291517893: Recv: FriendList.GetTroopMemberList.Response
2020-12-12 19:38:48 V/Net 1291517893: Recv: FriendList.GetTroopMemberList.Response
2020-12-12 19:38:48 I/Net 1291517893: 群组列表与群成员加载完成, 共 4个
2020-12-12 19:38:48 I/Net 1291517893: Awaiting ConfigPushSvc.PushReq
2020-12-12 19:38:48 I/Net 1291517893: Syncing friend message history...
2020-12-12 19:38:48 V/Net 1291517893: Send: MessageSvc.PbGetMsg
2020-12-12 19:38:48 V/Net 1291517893: Send: MessageSvc.PbDeleteMsg
2020-12-12 19:38:48 I/Net 1291517893: Syncing friend message history: Success
2020-12-12 19:38:49 V/Net 1291517893: Recv: ConfigPushSvc.PushReq.PushReqResponse.Success
2020-12-12 19:38:49 V/Net 1291517893: Send: ConfigPushSvc.PushResp
2020-12-12 19:38:49 I/Net 1291517893: ConfigPushSvc.PushReq: Success
2020-12-12 19:38:50 D/Net 1291517893: Received unknown commandName: ConfigPushSvc.PushDomain
2020-12-12 19:38:50 V/Net 1291517893: Recv: ConfigPushSvc.PushReq.PushReqResponse.Success
2020-12-12 19:38:50 V/Net 1291517893: Send: ConfigPushSvc.PushResp
2020-12-12 19:39:46 V/Net 1291517893: Send: Heartbeat.Alive
2020-12-12 19:39:46 V/Net 1291517893: Recv: Heartbeat.Alive.Response
2020-12-12 19:40:46 V/Net 1291517893: Send: Heartbeat.Alive
2020-12-12 19:40:46 V/Net 1291517893: Recv: Heartbeat.Alive.Response
2020-12-12 19:41:46 V/Net 1291517893: Send: Heartbeat.Alive
2020-12-12 19:41:47 V/Net 1291517893: Recv: Heartbeat.Alive.Response
2020-12-12 19:42:47 V/Net 1291517893: Send: Heartbeat.Alive
2020-12-12 19:42:47 V/Net 1291517893: Recv: Heartbeat.Alive.Response
2020-12-12 19:43:47 V/Net 1291517893: Send: Heartbeat.Alive
2020-12-12 19:43:47 V/Net 1291517893: Recv: Heartbeat.Alive.Response
2020-12-12 19:44:47 V/Net 1291517893: Send: Heartbeat.Alive
2020-12-12 19:44:47 V/Net 1291517893: Recv: Heartbeat.Alive.Response
2020-12-12 19:45:47 V/Net 1291517893: Send: Heartbeat.Alive
2020-12-12 19:45:47 V/Net 1291517893: Recv: Heartbeat.Alive.Response
2020-12-12 19:46:47 V/Net 1291517893: Send: Heartbeat.Alive
2020-12-12 19:46:47 V/Net 1291517893: Recv: Heartbeat.Alive.Response
2020-12-12 19:47:47 V/Net 1291517893: Send: Heartbeat.Alive
2020-12-12 19:47:47 V/Net 1291517893: Recv: Heartbeat.Alive.Response
2020-12-12 19:48:47 V/Net 1291517893: Send: Heartbeat.Alive
2020-12-12 19:48:47 V/Net 1291517893: Recv: Heartbeat.Alive.Response
2020-12-12 19:49:47 V/Net 1291517893: Send: Heartbeat.Alive
2020-12-12 19:49:47 V/Net 1291517893: Recv: Heartbeat.Alive.Response
2020-12-12 19:50:47 V/Net 1291517893: Send: Heartbeat.Alive
2020-12-12 19:50:47 V/Net 1291517893: Recv: Heartbeat.Alive.Response
2020-12-12 19:51:47 V/Net 1291517893: Send: Heartbeat.Alive
2020-12-12 19:51:47 V/Net 1291517893: Recv: Heartbeat.Alive.Response
2020-12-12 19:52:47 V/Net 1291517893: Send: Heartbeat.Alive
2020-12-12 19:52:47 V/Net 1291517893: Recv: Heartbeat.Alive.Response
2020-12-12 19:52:47 V/Net 1291517893: Send: MessageSvc.PbSendMsg
2020-12-12 19:52:48 V/Net 1291517893: Recv: MessageSvcPbSendMsg.Response.SUCCESS
2020-12-12 19:53:22 V/Net 1291517893: Send: MessageSvc.PbSendMsg
2020-12-12 19:53:22 V/Net 1291517893: Recv: MessageSvcPbSendMsg.Response.SUCCESS
2020-12-12 19:53:47 V/Net 1291517893: Send: Heartbeat.Alive
2020-12-12 19:53:47 V/Net 1291517893: Recv: Heartbeat.Alive.Response
2020-12-12 19:54:47 V/Net 1291517893: Send: Heartbeat.Alive
2020-12-12 19:54:47 V/Net 1291517893: Recv: Heartbeat.Alive.Response
2020-12-12 19:55:47 V/Net 1291517893: Send: Heartbeat.Alive
2020-12-12 19:55:47 V/Net 1291517893: Recv: Heartbeat.Alive.Response
2020-12-12 19:56:47 V/Net 1291517893: Send: Heartbeat.Alive
2020-12-12 19:56:47 V/Net 1291517893: Recv: Heartbeat.Alive.Response
2020-12-12 19:57:47 V/Net 1291517893: Send: Heartbeat.Alive
2020-12-12 19:57:47 V/Net 1291517893: Recv: Heartbeat.Alive.Response
2020-12-12 19:58:47 V/Net 1291517893: Send: Heartbeat.Alive
2020-12-12 19:58:47 V/Net 1291517893: Recv: Heartbeat.Alive.Response
2020-12-12 19:59:47 V/Net 1291517893: Send: Heartbeat.Alive
2020-12-12 19:59:47 V/Net 1291517893: Recv: Heartbeat.Alive.Response
2020-12-12 20:00:47 V/Net 1291517893: Send: Heartbeat.Alive
2020-12-12 20:00:47 V/Net 1291517893: Recv: Heartbeat.Alive.Response
2020-12-12 20:01:47 V/Net 1291517893: Send: Heartbeat.Alive
2020-12-12 20:01:47 V/Net 1291517893: Recv: Heartbeat.Alive.Response
2020-12-12 20:02:47 V/Net 1291517893: Send: Heartbeat.Alive
2020-12-12 20:02:47 V/Net 1291517893: Recv: Heartbeat.Alive.Response
2020-12-12 20:03:47 V/Net 1291517893: Send: Heartbeat.Alive
2020-12-12 20:03:47 V/Net 1291517893: Recv: Heartbeat.Alive.Response
2020-12-12 20:04:47 V/Net 1291517893: Send: Heartbeat.Alive
2020-12-12 20:04:47 V/Net 1291517893: Recv: Heartbeat.Alive.Response
2020-12-12 20:05:47 V/Net 1291517893: Send: Heartbeat.Alive
2020-12-12 20:05:47 V/Net 1291517893: Recv: Heartbeat.Alive.Response
2020-12-12 20:06:47 V/Net 1291517893: Send: Heartbeat.Alive
2020-12-12 20:06:48 V/Net 1291517893: Recv: Heartbeat.Alive.Response
2020-12-12 20:07:48 V/Net 1291517893: Send: Heartbeat.Alive
2020-12-12 20:07:48 V/Net 1291517893: Recv: Heartbeat.Alive.Response
2020-12-12 20:08:48 V/Net 1291517893: Send: Heartbeat.Alive
2020-12-12 20:08:48 V/Net 1291517893: Recv: Heartbeat.Alive.Response
2020-12-12 20:09:33 I/Net 1291517893: Connected to server 42.81.172.81:80
2020-12-12 20:09:33 V/Net 1291517893: Send: wtlogin.login
2020-12-12 20:09:33 V/Net 1291517893: Recv: LoginPacketResponse.Success
2020-12-12 20:09:33 I/Net 1291517893: Login successful
2020-12-12 20:09:33 V/Net 1291517893: Send: StatSvc.register
2020-12-12 20:09:33 V/Net 1291517893: Recv: Response(StatSvc.register)
2020-12-12 20:09:33 I/Net 1291517893: Syncing friend message history...
2020-12-12 20:09:33 V/Net 1291517893: Send: MessageSvc.PbGetMsg
2020-12-12 20:09:33 I/Net 1291517893: Syncing friend message history: Success
2020-12-12 20:09:36 V/Net 1291517893: Recv: ConfigPushSvc.PushReq.PushReqResponse.Success
2020-12-12 20:09:36 V/Net 1291517893: Send: ConfigPushSvc.PushResp
2020-12-12 20:09:38 D/Net 1291517893: Received unknown commandName: ConfigPushSvc.PushDomain
2020-12-12 20:09:38 V/Net 1291517893: Recv: ConfigPushSvc.PushReq.PushReqResponse.Success
2020-12-12 20:09:38 V/Net 1291517893: Send: ConfigPushSvc.PushResp
2020-12-12 20:10:33 V/Net 1291517893: Send: Heartbeat.Alive
2020-12-12 20:10:33 V/Net 1291517893: Recv: Heartbeat.Alive.Response
2020-12-12 20:11:33 V/Net 1291517893: Send: Heartbeat.Alive
2020-12-12 20:11:33 V/Net 1291517893: Recv: Heartbeat.Alive.Response
2020-12-12 20:11:39 V/Net 1291517893: Send: MessageSvc.PbSendMsg
2020-12-12 20:11:39 V/Net 1291517893: Recv: MessageSvcPbSendMsg.Response.SUCCESS
2020-12-12 20:12:32 V/Net 1291517893: Send: MessageSvc.PbSendMsg
2020-12-12 20:12:32 V/Net 1291517893: Recv: MessageSvcPbSendMsg.Response.SUCCESS
2020-12-12 20:12:32 V/Net 1291517893: Send: MessageSvc.PbSendMsg
2020-12-12 20:12:32 V/Net 1291517893: Recv: MessageSvcPbSendMsg.Response.SUCCESS
2020-12-12 20:12:33 V/Net 1291517893: Send: Heartbeat.Alive
2020-12-12 20:12:33 V/Net 1291517893: Recv: Heartbeat.Alive.Response
2020-12-12 20:12:41 V/Net 1291517893: Send: MessageSvc.PbSendMsg
2020-12-12 20:12:41 V/Net 1291517893: Recv: MessageSvcPbSendMsg.Response.SUCCESS
2020-12-12 20:12:41 V/Net 1291517893: Send: MessageSvc.PbSendMsg
2020-12-12 20:12:42 V/Net 1291517893: Recv: MessageSvcPbSendMsg.Response.SUCCESS
2020-12-12 20:12:42 V/Net 1291517893: Send: MessageSvc.PbSendMsg
2020-12-12 20:12:42 V/Net 1291517893: Recv: MessageSvcPbSendMsg.Response.SUCCESS
2020-12-12 20:12:42 V/Net 1291517893: Send: MessageSvc.PbSendMsg
2020-12-12 20:12:42 V/Net 1291517893: Recv: MessageSvcPbSendMsg.Response.SUCCESS
2020-12-12 20:13:33 V/Net 1291517893: Send: Heartbeat.Alive
2020-12-12 20:13:33 V/Net 1291517893: Recv: Heartbeat.Alive.Response
2020-12-12 20:14:33 V/Net 1291517893: Send: Heartbeat.Alive
2020-12-12 20:14:33 V/Net 1291517893: Recv: Heartbeat.Alive.Response
2020-12-12 20:14:37 V/Net 1291517893: Send: MessageSvc.PbSendMsg
2020-12-12 20:14:37 V/Net 1291517893: Recv: MessageSvcPbSendMsg.Response.SUCCESS
2020-12-12 20:14:37 V/Net 1291517893: Send: MessageSvc.PbSendMsg
2020-12-12 20:14:37 V/Net 1291517893: Recv: MessageSvcPbSendMsg.Response.SUCCESS
2020-12-12 20:15:33 V/Net 1291517893: Send: Heartbeat.Alive
2020-12-12 20:15:33 V/Net 1291517893: Recv: Heartbeat.Alive.Response
2020-12-12 20:16:33 V/Net 1291517893: Send: Heartbeat.Alive
2020-12-12 20:16:33 V/Net 1291517893: Recv: Heartbeat.Alive.Response
2020-12-12 20:16:53 V/Net 1291517893: Send: MessageSvc.PbSendMsg
2020-12-12 20:16:54 V/Net 1291517893: Recv: MessageSvcPbSendMsg.Response.SUCCESS
2020-12-12 20:16:58 V/Net 1291517893: Send: MessageSvc.PbSendMsg
2020-12-12 20:16:58 V/Net 1291517893: Recv: MessageSvcPbSendMsg.Response.SUCCESS
2020-12-12 20:17:33 V/Net 1291517893: Send: Heartbeat.Alive
2020-12-12 20:17:34 V/Net 1291517893: Recv: Heartbeat.Alive.Response
2020-12-12 20:17:46 V/Net 1291517893: Send: MessageSvc.PbSendMsg
2020-12-12 20:17:47 V/Net 1291517893: Recv: MessageSvcPbSendMsg.Response.SUCCESS
2020-12-12 20:17:47 V/Net 1291517893: Send: MessageSvc.PbSendMsg
2020-12-12 20:17:47 V/Net 1291517893: Send: OnlinePush.RespPush
2020-12-12 20:17:47 V/Net 1291517893: Recv: MessageSvcPbSendMsg.Response.SUCCESS
2020-12-12 20:17:47 V/Net 1291517893: Send: MessageSvc.PbSendMsg
2020-12-12 20:17:47 V/Net 1291517893: Recv: MessageSvcPbSendMsg.Response.SUCCESS
2020-12-12 20:17:55 V/Net 1291517893: Send: OnlinePush.RespPush
2020-12-12 20:18:34 V/Net 1291517893: Send: Heartbeat.Alive
2020-12-12 20:18:34 V/Net 1291517893: Recv: Heartbeat.Alive.Response
2020-12-12 20:19:34 V/Net 1291517893: Send: Heartbeat.Alive
2020-12-12 20:19:34 V/Net 1291517893: Recv: Heartbeat.Alive.Response
2020-12-12 20:20:03 V/Net 1291517893: Send: MessageSvc.PbSendMsg
2020-12-12 20:20:03 V/Net 1291517893: Recv: MessageSvcPbSendMsg.Response.SUCCESS
2020-12-12 20:20:03 V/Net 1291517893: Send: MessageSvc.PbSendMsg
2020-12-12 20:20:04 V/Net 1291517893: Recv: MessageSvcPbSendMsg.Response.SUCCESS
2020-12-12 20:20:34 V/Net 1291517893: Send: Heartbeat.Alive
2020-12-12 20:20:34 V/Net 1291517893: Recv: Heartbeat.Alive.Response
2020-12-12 20:21:34 V/Net 1291517893: Send: Heartbeat.Alive
2020-12-12 20:21:34 V/Net 1291517893: Recv: Heartbeat.Alive.Response
2020-12-12 20:22:34 V/Net 1291517893: Send: Heartbeat.Alive
2020-12-12 20:22:34 V/Net 1291517893: Recv: Heartbeat.Alive.Response
2020-12-12 20:23:34 V/Net 1291517893: Send: Heartbeat.Alive
2020-12-12 20:23:34 V/Net 1291517893: Recv: Heartbeat.Alive.Response
2020-12-12 20:23:59 V/Net 1291517893: Send: MessageSvc.PbSendMsg
2020-12-12 20:23:59 V/Net 1291517893: Recv: MessageSvcPbSendMsg.Response.SUCCESS
2020-12-12 20:23:59 V/Net 1291517893: Send: MessageSvc.PbSendMsg
2020-12-12 20:23:59 V/Net 1291517893: Recv: MessageSvcPbSendMsg.Response.SUCCESS
2020-12-12 20:24:34 V/Net 1291517893: Send: Heartbeat.Alive
2020-12-12 20:24:34 V/Net 1291517893: Recv: Heartbeat.Alive.Response
2020-12-12 20:25:34 V/Net 1291517893: Send: Heartbeat.Alive
2020-12-12 20:25:34 V/Net 1291517893: Recv: Heartbeat.Alive.Response
2020-12-12 20:26:33 V/Net 1291517893: Send: MessageSvc.PbSendMsg
2020-12-12 20:26:33 V/Net 1291517893: Recv: MessageSvcPbSendMsg.Response.SUCCESS
2020-12-12 20:26:33 V/Net 1291517893: Send: MessageSvc.PbSendMsg
2020-12-12 20:26:33 V/Net 1291517893: Recv: MessageSvcPbSendMsg.Response.SUCCESS
2020-12-12 20:26:34 V/Net 1291517893: Send: Heartbeat.Alive
2020-12-12 20:26:34 V/Net 1291517893: Recv: Heartbeat.Alive.Response
2020-12-12 20:27:34 V/Net 1291517893: Send: Heartbeat.Alive
2020-12-12 20:27:34 V/Net 1291517893: Recv: Heartbeat.Alive.Response
2020-12-12 20:28:34 V/Net 1291517893: Send: Heartbeat.Alive
2020-12-12 20:28:34 V/Net 1291517893: Recv: Heartbeat.Alive.Response
2020-12-12 20:29:34 V/Net 1291517893: Send: Heartbeat.Alive
2020-12-12 20:29:34 V/Net 1291517893: Recv: Heartbeat.Alive.Response
2020-12-12 20:30:34 V/Net 1291517893: Send: Heartbeat.Alive
2020-12-12 20:30:34 V/Net 1291517893: Recv: Heartbeat.Alive.Response
2020-12-12 20:31:01 V/Net 1291517893: Send: MessageSvc.PbSendMsg
2020-12-12 20:31:01 V/Net 1291517893: Recv: MessageSvcPbSendMsg.Response.SUCCESS
2020-12-12 20:31:34 V/Net 1291517893: Send: Heartbeat.Alive
2020-12-12 20:31:34 V/Net 1291517893: Recv: Heartbeat.Alive.Response
2020-12-12 20:32:34 V/Net 1291517893: Send: Heartbeat.Alive
2020-12-12 20:32:34 V/Net 1291517893: Recv: Heartbeat.Alive.Response
2020-12-12 20:33:34 V/Net 1291517893: Send: Heartbeat.Alive
2020-12-12 20:33:34 V/Net 1291517893: Recv: Heartbeat.Alive.Response
2020-12-12 20:34:34 V/Net 1291517893: Send: Heartbeat.Alive
2020-12-12 20:34:34 V/Net 1291517893: Recv: Heartbeat.Alive.Response
2020-12-12 20:35:34 V/Net 1291517893: Send: Heartbeat.Alive
2020-12-12 20:35:34 V/Net 1291517893: Recv: Heartbeat.Alive.Response
2020-12-12 20:36:34 V/Net 1291517893: Send: Heartbeat.Alive
2020-12-12 20:36:34 V/Net 1291517893: Recv: Heartbeat.Alive.Response
2020-12-12 20:37:34 V/Net 1291517893: Send: Heartbeat.Alive
2020-12-12 20:37:34 V/Net 1291517893: Recv: Heartbeat.Alive.Response
2020-12-12 20:38:34 V/Net 1291517893: Send: Heartbeat.Alive
2020-12-12 20:38:34 V/Net 1291517893: Recv: Heartbeat.Alive.Response
2020-12-12 20:39:34 V/Net 1291517893: Send: Heartbeat.Alive
2020-12-12 20:39:35 V/Net 1291517893: Recv: Heartbeat.Alive.Response
2020-12-12 20:40:35 V/Net 1291517893: Send: Heartbeat.Alive
2020-12-12 20:40:35 V/Net 1291517893: Recv: Heartbeat.Alive.Response
2020-12-12 20:41:35 V/Net 1291517893: Send: Heartbeat.Alive
2020-12-12 20:41:35 V/Net 1291517893: Recv: Heartbeat.Alive.Response
2020-12-12 20:42:35 V/Net 1291517893: Send: Heartbeat.Alive
2020-12-12 20:42:35 V/Net 1291517893: Recv: Heartbeat.Alive.Response
2020-12-12 20:43:35 V/Net 1291517893: Send: Heartbeat.Alive
2020-12-12 20:43:35 V/Net 1291517893: Recv: Heartbeat.Alive.Response
2020-12-12 20:44:35 V/Net 1291517893: Send: Heartbeat.Alive
2020-12-12 20:44:35 V/Net 1291517893: Recv: Heartbeat.Alive.Response
2020-12-12 20:45:35 V/Net 1291517893: Send: Heartbeat.Alive
2020-12-12 20:45:35 V/Net 1291517893: Recv: Heartbeat.Alive.Response
2020-12-12 20:46:35 V/Net 1291517893: Send: Heartbeat.Alive
2020-12-12 20:46:35 V/Net 1291517893: Recv: Heartbeat.Alive.Response
2020-12-12 20:47:35 V/Net 1291517893: Send: Heartbeat.Alive
2020-12-12 20:47:35 V/Net 1291517893: Recv: Heartbeat.Alive.Response
2020-12-12 20:47:47 I/Net 1291517893: Connected to server 114.221.148.59:14000
2020-12-12 20:47:47 V/Net 1291517893: Send: wtlogin.login
2020-12-12 20:47:47 V/Net 1291517893: Recv: LoginPacketResponse.Success
2020-12-12 20:47:47 I/Net 1291517893: Login successful
2020-12-12 20:47:47 V/Net 1291517893: Send: StatSvc.register
2020-12-12 20:47:47 V/Net 1291517893: Recv: Response(StatSvc.register)
2020-12-12 20:47:47 I/Net 1291517893: Syncing friend message history...
2020-12-12 20:47:47 V/Net 1291517893: Send: MessageSvc.PbGetMsg
2020-12-12 20:47:47 I/Net 1291517893: Syncing friend message history: Success
2020-12-12 20:47:50 V/Net 1291517893: Recv: ConfigPushSvc.PushReq.PushReqResponse.Success
2020-12-12 20:47:50 V/Net 1291517893: Send: ConfigPushSvc.PushResp
2020-12-12 20:47:50 D/Net 1291517893: Received unknown commandName: ConfigPushSvc.PushDomain
2020-12-12 20:47:50 V/Net 1291517893: Recv: ConfigPushSvc.PushReq.PushReqResponse.Success
2020-12-12 20:47:50 V/Net 1291517893: Send: ConfigPushSvc.PushResp
2020-12-12 20:48:47 V/Net 1291517893: Send: Heartbeat.Alive
2020-12-12 20:48:47 V/Net 1291517893: Recv: Heartbeat.Alive.Response
2020-12-12 20:49:10 V/Net 1291517893: Send: MessageSvc.PbSendMsg
2020-12-12 20:49:10 V/Net 1291517893: Recv: MessageSvcPbSendMsg.Response.SUCCESS
2020-12-12 20:49:47 V/Net 1291517893: Send: Heartbeat.Alive
2020-12-12 20:49:47 V/Net 1291517893: Recv: Heartbeat.Alive.Response
2020-12-12 20:50:47 V/Net 1291517893: Send: Heartbeat.Alive
2020-12-12 20:50:47 V/Net 1291517893: Recv: Heartbeat.Alive.Response
2020-12-12 20:51:47 V/Net 1291517893: Send: Heartbeat.Alive
2020-12-12 20:51:47 V/Net 1291517893: Recv: Heartbeat.Alive.Response
2020-12-12 20:52:16 V/Net 1291517893: Send: MessageSvc.PbSendMsg
2020-12-12 20:52:17 V/Net 1291517893: Recv: MessageSvcPbSendMsg.Response.SUCCESS
2020-12-12 20:52:47 V/Net 1291517893: Send: Heartbeat.Alive
2020-12-12 20:52:47 V/Net 1291517893: Recv: Heartbeat.Alive.Response
2020-12-12 20:53:19 V/Net 1291517893: Send: MessageSvc.PbSendMsg
2020-12-12 20:53:19 V/Net 1291517893: Recv: MessageSvcPbSendMsg.Response.SUCCESS
2020-12-12 20:53:29 V/Net 1291517893: Send: MessageSvc.PbSendMsg
2020-12-12 20:53:29 V/Net 1291517893: Recv: MessageSvcPbSendMsg.Response.SUCCESS
2020-12-12 20:53:37 V/Net 1291517893: Send: ImgStore.GroupPicUp
2020-12-12 20:53:37 V/Net 1291517893: Recv: FileExists(fileId=3015914770, fileInfo=ImgInfo(fileMd5=[-9, -14, -42, -73, 45, -6, -5, -48, -43, 115, 43, -94, 32, -118, -109, -84], fileType=1000, fileSize=22131, fileWidth=0, fileHeight=0))
2020-12-12 20:53:37 V/Net 1291517893: Send: MessageSvc.PbSendMsg
2020-12-12 20:53:37 V/Net 1291517893: Recv: MessageSvcPbSendMsg.Response.SUCCESS
2020-12-12 20:53:47 V/Net 1291517893: Send: Heartbeat.Alive
2020-12-12 20:53:48 V/Net 1291517893: Recv: Heartbeat.Alive.Response
2020-12-12 20:54:48 V/Net 1291517893: Send: Heartbeat.Alive
2020-12-12 20:54:48 V/Net 1291517893: Recv: Heartbeat.Alive.Response
2020-12-12 20:55:48 V/Net 1291517893: Send: Heartbeat.Alive
2020-12-12 20:55:48 V/Net 1291517893: Recv: Heartbeat.Alive.Response
2020-12-12 20:56:48 V/Net 1291517893: Send: Heartbeat.Alive
2020-12-12 20:56:48 V/Net 1291517893: Recv: Heartbeat.Alive.Response
2020-12-12 20:57:48 V/Net 1291517893: Send: Heartbeat.Alive
2020-12-12 20:57:48 V/Net 1291517893: Recv: Heartbeat.Alive.Response
2020-12-12 20:58:08 V/Net 1291517893: Send: MessageSvc.PbSendMsg
2020-12-12 20:58:08 V/Net 1291517893: Recv: MessageSvcPbSendMsg.Response.SUCCESS
2020-12-12 20:58:16 V/Net 1291517893: Send: MessageSvc.PbSendMsg
2020-12-12 20:58:16 V/Net 1291517893: Recv: MessageSvcPbSendMsg.Response.SUCCESS
2020-12-12 20:58:16 V/Net 1291517893: Send: MessageSvc.PbSendMsg
2020-12-12 20:58:16 V/Net 1291517893: Recv: MessageSvcPbSendMsg.Response.SUCCESS
2020-12-12 20:58:48 V/Net 1291517893: Send: Heartbeat.Alive
2020-12-12 20:58:48 V/Net 1291517893: Recv: Heartbeat.Alive.Response
2020-12-12 20:59:28 V/Net 1291517893: Recv: net.mamoe.mirai.qqandroid.network.protocol.data.jce.RequestPushNotify@427fa814
2020-12-12 20:59:28 V/Net 1291517893: Send: MessageSvc.PbGetMsg
2020-12-12 20:59:28 V/Net 1291517893: Send: OnlinePush.RespPush
2020-12-12 20:59:34 V/Net 1291517893: Send: MessageSvc.PbSendMsg
2020-12-12 20:59:34 V/Net 1291517893: Send: OnlinePush.RespPush
2020-12-12 20:59:34 V/Net 1291517893: Recv: net.mamoe.mirai.qqandroid.network.protocol.data.jce.RequestPushNotify@526f26fe
2020-12-12 20:59:34 V/Net 1291517893: Send: MessageSvc.PbGetMsg
2020-12-12 20:59:34 V/Net 1291517893: Send: MessageSvc.PbDeleteMsg
2020-12-12 20:59:34 V/Net 1291517893: Recv: MessageSvcPbSendMsg.Response.SUCCESS
2020-12-12 20:59:36 V/Net 1291517893: Send: OnlinePush.RespPush
2020-12-12 20:59:43 V/Net 1291517893: Send: OnlinePush.RespPush
2020-12-12 20:59:45 V/Net 1291517893: Send: MessageSvc.PbSendMsg
2020-12-12 20:59:46 V/Net 1291517893: Send: OnlinePush.RespPush
2020-12-12 20:59:46 V/Net 1291517893: Recv: net.mamoe.mirai.qqandroid.network.protocol.data.jce.RequestPushNotify@e3c57bf
2020-12-12 20:59:46 V/Net 1291517893: Send: MessageSvc.PbGetMsg
2020-12-12 20:59:46 V/Net 1291517893: Send: MessageSvc.PbDeleteMsg
2020-12-12 20:59:46 V/Net 1291517893: Recv: MessageSvcPbSendMsg.Response.SUCCESS
2020-12-12 20:59:48 V/Net 1291517893: Send: Heartbeat.Alive
2020-12-12 20:59:48 V/Net 1291517893: Recv: Heartbeat.Alive.Response
2020-12-12 20:59:54 V/Net 1291517893: Send: OnlinePush.RespPush
2020-12-12 21:00:48 V/Net 1291517893: Send: Heartbeat.Alive
2020-12-12 21:00:48 V/Net 1291517893: Recv: Heartbeat.Alive.Response
2020-12-12 21:01:34 V/Net 1291517893: Send: OnlinePush.RespPush
2020-12-12 21:01:34 V/Net 1291517893: Recv: net.mamoe.mirai.qqandroid.network.protocol.data.jce.RequestPushNotify@14d1fc
2020-12-12 21:01:34 V/Net 1291517893: Send: MessageSvc.PbGetMsg
2020-12-12 21:01:34 V/Net 1291517893: Send: MessageSvc.PbDeleteMsg
2020-12-12 21:01:42 V/Net 1291517893: Send: OnlinePush.RespPush
2020-12-12 21:01:48 V/Net 1291517893: Send: Heartbeat.Alive
2020-12-12 21:01:48 V/Net 1291517893: Recv: Heartbeat.Alive.Response
2020-12-12 21:02:48 V/Net 1291517893: Send: Heartbeat.Alive
2020-12-12 21:02:48 V/Net 1291517893: Recv: Heartbeat.Alive.Response
2020-12-12 21:03:30 V/Net 1291517893: Recv: net.mamoe.mirai.qqandroid.network.protocol.data.jce.RequestPushNotify@450c615e
2020-12-12 21:03:30 V/Net 1291517893: Send: MessageSvc.PbGetMsg
2020-12-12 21:03:30 V/Net 1291517893: Send: OnlinePush.RespPush
2020-12-12 21:03:30 V/Net 1291517893: Send: MessageSvc.PbDeleteMsg
2020-12-12 21:03:36 V/Net 1291517893: Send: OnlinePush.RespPush
2020-12-12 21:03:36 V/Net 1291517893: Recv: net.mamoe.mirai.qqandroid.network.protocol.data.jce.RequestPushNotify@78668aab
2020-12-12 21:03:36 V/Net 1291517893: Send: MessageSvc.PbGetMsg
2020-12-12 21:03:36 V/Net 1291517893: Send: MessageSvc.PbDeleteMsg
2020-12-12 21:03:38 V/Net 1291517893: Send: OnlinePush.RespPush
2020-12-12 21:03:44 V/Net 1291517893: Send: OnlinePush.RespPush
2020-12-12 21:03:48 V/Net 1291517893: Send: Heartbeat.Alive
2020-12-12 21:03:48 V/Net 1291517893: Recv: Heartbeat.Alive.Response
2020-12-12 21:04:48 V/Net 1291517893: Send: Heartbeat.Alive
2020-12-12 21:04:48 V/Net 1291517893: Recv: Heartbeat.Alive.Response
2020-12-12 21:05:43 V/Net 1291517893: Send: MessageSvc.PbSendMsg
2020-12-12 21:05:43 V/Net 1291517893: Recv: MessageSvcPbSendMsg.Response.SUCCESS
2020-12-12 21:05:43 V/Net 1291517893: Send: ImgStore.GroupPicUp
2020-12-12 21:05:43 V/Net 1291517893: Recv: FileExists(fileId=2807114750, fileInfo=ImgInfo(fileMd5=[-9, -14, -42, -73, 45, -6, -5, -48, -43, 115, 43, -94, 32, -118, -109, -84], fileType=1000, fileSize=22131, fileWidth=0, fileHeight=0))
2020-12-12 21:05:43 V/Net 1291517893: Send: MessageSvc.PbSendMsg
2020-12-12 21:05:43 V/Net 1291517893: Recv: MessageSvcPbSendMsg.Response.SUCCESS
2020-12-12 21:05:48 V/Net 1291517893: Send: Heartbeat.Alive
2020-12-12 21:05:48 V/Net 1291517893: Recv: Heartbeat.Alive.Response
2020-12-12 21:06:48 V/Net 1291517893: Send: Heartbeat.Alive
2020-12-12 21:06:48 V/Net 1291517893: Recv: Heartbeat.Alive.Response
2020-12-12 21:07:48 V/Net 1291517893: Send: Heartbeat.Alive
2020-12-12 21:07:48 V/Net 1291517893: Recv: Heartbeat.Alive.Response
2020-12-12 21:08:48 V/Net 1291517893: Send: Heartbeat.Alive
2020-12-12 21:08:48 V/Net 1291517893: Recv: Heartbeat.Alive.Response
2020-12-12 21:09:24 V/Net 1291517893: Send: MessageSvc.PbSendMsg
2020-12-12 21:09:24 V/Net 1291517893: Recv: MessageSvcPbSendMsg.Response.SUCCESS
2020-12-12 21:09:48 V/Net 1291517893: Send: Heartbeat.Alive
2020-12-12 21:09:48 V/Net 1291517893: Recv: Heartbeat.Alive.Response
2020-12-12 21:10:48 V/Net 1291517893: Send: Heartbeat.Alive
2020-12-12 21:10:48 V/Net 1291517893: Recv: Heartbeat.Alive.Response
2020-12-12 21:11:48 V/Net 1291517893: Send: Heartbeat.Alive
2020-12-12 21:11:48 V/Net 1291517893: Recv: Heartbeat.Alive.Response
