2020-11-22 11:39:46 I/Net 1291517893: Connected to server 42.81.169.46:8080
2020-11-22 11:39:46 V/Net 1291517893: Send: wtlogin.login
2020-11-22 11:39:46 V/Net 1291517893: Recv: LoginPacketResponse.Success
2020-11-22 11:39:46 I/Net 1291517893: Login successful
2020-11-22 11:39:51 V/Net 1291517893: Send: StatSvc.register
2020-11-22 11:39:51 V/Net 1291517893: Recv: Response(StatSvc.register)
2020-11-22 11:39:51 I/Net 1291517893: 开始加载好友信息
2020-11-22 11:39:51 I/Net 1291517893: 开始加载群组列表与群成员列表
2020-11-22 11:39:51 V/Net 1291517893: Send: friendlist.getFriendGroupList
2020-11-22 11:39:51 V/Net 1291517893: Send: friendlist.GetTroopListReqV2
2020-11-22 11:39:52 V/Net 1291517893: Recv: FriendList.GetFriendGroupList.Response
2020-11-22 11:39:52 V/Net 1291517893: 正在加载好友列表 3/3
2020-11-22 11:39:52 I/Net 1291517893: 好友列表加载完成, 共 3个
2020-11-22 11:39:52 V/Net 1291517893: Recv: FriendList.GetFriendGroupList.Response
2020-11-22 11:39:52 V/Net 1291517893: Send: OidbSvc.0x88d_7
2020-11-22 11:39:52 V/Net 1291517893: Send: OidbSvc.0x88d_7
2020-11-22 11:39:52 V/Net 1291517893: Send: OidbSvc.0x88d_7
2020-11-22 11:39:52 V/Net 1291517893: Send: OidbSvc.0x88d_7
2020-11-22 11:39:52 V/Net 1291517893: Send: friendlist.GetTroopMemberListReq
2020-11-22 11:39:52 V/Net 1291517893: Send: friendlist.GetTroopMemberListReq
2020-11-22 11:39:52 V/Net 1291517893: Send: friendlist.GetTroopMemberListReq
2020-11-22 11:39:52 V/Net 1291517893: Send: friendlist.GetTroopMemberListReq
2020-11-22 11:39:52 V/Net 1291517893: Recv: FriendList.GetTroopMemberList.Response
2020-11-22 11:39:52 V/Net 1291517893: Send: friendlist.GetTroopMemberListReq
2020-11-22 11:39:52 V/Net 1291517893: Recv: FriendList.GetTroopMemberList.Response
2020-11-22 11:39:52 V/Net 1291517893: Recv: FriendList.GetTroopMemberList.Response
2020-11-22 11:39:52 V/Net 1291517893: Recv: FriendList.GetTroopMemberList.Response
2020-11-22 11:39:52 V/Net 1291517893: Recv: FriendList.GetTroopMemberList.Response
2020-11-22 11:39:52 V/Net 1291517893: Send: friendlist.GetTroopMemberListReq
2020-11-22 11:39:52 V/Net 1291517893: Recv: FriendList.GetTroopMemberList.Response
2020-11-22 11:39:52 I/Net 1291517893: 群组列表与群成员加载完成, 共 4个
2020-11-22 11:39:52 I/Net 1291517893: Awaiting ConfigPushSvc.PushReq
2020-11-22 11:39:52 I/Net 1291517893: Syncing friend message history...
2020-11-22 11:39:52 V/Net 1291517893: Send: MessageSvc.PbGetMsg
2020-11-22 11:39:53 V/Net 1291517893: Send: MessageSvc.PbDeleteMsg
2020-11-22 11:39:53 V/Net 1291517893: Send: MessageSvc.PbGetMsg
2020-11-22 11:39:53 V/Net 1291517893: Send: MessageSvc.PbDeleteMsg
2020-11-22 11:39:53 I/Net 1291517893: Syncing friend message history: Success
2020-11-22 11:39:54 V/Net 1291517893: Recv: ConfigPushSvc.PushReq.PushReqResponse.Success
2020-11-22 11:39:54 V/Net 1291517893: Send: ConfigPushSvc.PushResp
2020-11-22 11:39:54 I/Net 1291517893: ConfigPushSvc.PushReq: Success
2020-11-22 11:39:54 D/Net 1291517893: Received unknown commandName: ConfigPushSvc.PushDomain
2020-11-22 11:39:54 V/Net 1291517893: Recv: ConfigPushSvc.PushReq.PushReqResponse.Success
2020-11-22 11:39:54 V/Net 1291517893: Send: ConfigPushSvc.PushResp
2020-11-22 11:40:51 V/Net 1291517893: Send: Heartbeat.Alive
2020-11-22 11:40:52 V/Net 1291517893: Recv: Heartbeat.Alive.Response
2020-11-22 11:41:52 V/Net 1291517893: Send: Heartbeat.Alive
2020-11-22 11:41:52 V/Net 1291517893: Recv: Heartbeat.Alive.Response
2020-11-22 11:42:52 V/Net 1291517893: Send: Heartbeat.Alive
2020-11-22 11:42:52 V/Net 1291517893: Recv: Heartbeat.Alive.Response
2020-11-22 11:43:52 V/Net 1291517893: Send: Heartbeat.Alive
2020-11-22 11:43:53 V/Net 1291517893: Recv: Heartbeat.Alive.Response
2020-11-22 11:44:53 V/Net 1291517893: Send: Heartbeat.Alive
2020-11-22 11:44:53 V/Net 1291517893: Recv: Heartbeat.Alive.Response
2020-11-22 11:45:53 V/Net 1291517893: Send: Heartbeat.Alive
2020-11-22 11:45:53 V/Net 1291517893: Recv: Heartbeat.Alive.Response
2020-11-22 11:46:53 V/Net 1291517893: Send: Heartbeat.Alive
2020-11-22 11:46:53 V/Net 1291517893: Recv: Heartbeat.Alive.Response
2020-11-22 11:47:53 V/Net 1291517893: Send: Heartbeat.Alive
2020-11-22 11:47:53 V/Net 1291517893: Recv: Heartbeat.Alive.Response
2020-11-22 11:48:53 V/Net 1291517893: Send: Heartbeat.Alive
2020-11-22 11:48:55 V/Net 1291517893: Recv: Heartbeat.Alive.Response
2020-11-22 11:49:55 V/Net 1291517893: Send: Heartbeat.Alive
2020-11-22 11:49:55 V/Net 1291517893: Recv: Heartbeat.Alive.Response
2020-11-22 11:50:55 V/Net 1291517893: Send: Heartbeat.Alive
2020-11-22 11:50:55 V/Net 1291517893: Recv: Heartbeat.Alive.Response
2020-11-22 11:51:14 V/Net 1291517893: Send: OnlinePush.RespPush
2020-11-22 11:51:23 V/Net 1291517893: Send: OnlinePush.RespPush
2020-11-22 11:51:55 V/Net 1291517893: Send: Heartbeat.Alive
2020-11-22 11:51:55 V/Net 1291517893: Recv: Heartbeat.Alive.Response
2020-11-22 11:52:55 V/Net 1291517893: Send: Heartbeat.Alive
2020-11-22 11:52:55 V/Net 1291517893: Recv: Heartbeat.Alive.Response
2020-11-22 11:53:04 V/Net 1291517893: Send: MessageSvc.PbSendMsg
2020-11-22 11:53:04 V/Net 1291517893: Recv: MessageSvcPbSendMsg.Response.SUCCESS
2020-11-22 11:53:05 V/Net 1291517893: Send: MessageSvc.PbSendMsg
2020-11-22 11:53:05 V/Net 1291517893: Recv: MessageSvcPbSendMsg.Response.SUCCESS
2020-11-22 11:53:15 V/Net 1291517893: Send: MessageSvc.PbSendMsg
2020-11-22 11:53:16 V/Net 1291517893: Recv: MessageSvcPbSendMsg.Response.SUCCESS
2020-11-22 11:53:31 V/Net 1291517893: Send: MessageSvc.PbSendMsg
2020-11-22 11:53:31 V/Net 1291517893: Recv: MessageSvcPbSendMsg.Response.SUCCESS
2020-11-22 11:53:55 V/Net 1291517893: Send: Heartbeat.Alive
2020-11-22 11:53:55 V/Net 1291517893: Recv: Heartbeat.Alive.Response
2020-11-22 11:54:55 V/Net 1291517893: Send: Heartbeat.Alive
2020-11-22 11:54:55 V/Net 1291517893: Recv: Heartbeat.Alive.Response
2020-11-22 11:55:55 V/Net 1291517893: Send: Heartbeat.Alive
2020-11-22 11:55:55 V/Net 1291517893: Recv: Heartbeat.Alive.Response
2020-11-22 11:56:42 V/Net 1291517893: Send: MessageSvc.PbSendMsg
2020-11-22 11:56:43 V/Net 1291517893: Recv: MessageSvcPbSendMsg.Response.SUCCESS
2020-11-22 11:56:55 V/Net 1291517893: Send: Heartbeat.Alive
2020-11-22 11:56:55 V/Net 1291517893: Recv: Heartbeat.Alive.Response
2020-11-22 11:57:55 V/Net 1291517893: Send: Heartbeat.Alive
2020-11-22 11:57:55 V/Net 1291517893: Recv: Heartbeat.Alive.Response
2020-11-22 11:58:55 V/Net 1291517893: Send: Heartbeat.Alive
2020-11-22 11:58:56 V/Net 1291517893: Recv: Heartbeat.Alive.Response
2020-11-22 11:59:56 V/Net 1291517893: Send: Heartbeat.Alive
2020-11-22 11:59:56 V/Net 1291517893: Recv: Heartbeat.Alive.Response
2020-11-22 12:00:56 V/Net 1291517893: Send: Heartbeat.Alive
2020-11-22 12:00:56 V/Net 1291517893: Recv: Heartbeat.Alive.Response
2020-11-22 12:01:56 V/Net 1291517893: Send: Heartbeat.Alive
2020-11-22 12:01:56 V/Net 1291517893: Recv: Heartbeat.Alive.Response
2020-11-22 12:02:56 V/Net 1291517893: Send: Heartbeat.Alive
2020-11-22 12:02:56 V/Net 1291517893: Recv: Heartbeat.Alive.Response
2020-11-22 12:03:56 V/Net 1291517893: Send: Heartbeat.Alive
2020-11-22 12:03:56 V/Net 1291517893: Recv: Heartbeat.Alive.Response
2020-11-22 12:04:56 V/Net 1291517893: Send: Heartbeat.Alive
2020-11-22 12:04:56 V/Net 1291517893: Recv: Heartbeat.Alive.Response
2020-11-22 12:05:56 V/Net 1291517893: Send: Heartbeat.Alive
2020-11-22 12:05:56 V/Net 1291517893: Recv: Heartbeat.Alive.Response
2020-11-22 12:06:56 V/Net 1291517893: Send: Heartbeat.Alive
2020-11-22 12:06:56 V/Net 1291517893: Recv: Heartbeat.Alive.Response
2020-11-22 12:07:56 V/Net 1291517893: Send: Heartbeat.Alive
2020-11-22 12:07:56 V/Net 1291517893: Recv: Heartbeat.Alive.Response
2020-11-22 12:08:56 V/Net 1291517893: Send: Heartbeat.Alive
2020-11-22 12:08:56 V/Net 1291517893: Recv: Heartbeat.Alive.Response
2020-11-22 12:09:56 V/Net 1291517893: Send: Heartbeat.Alive
2020-11-22 12:09:56 V/Net 1291517893: Recv: Heartbeat.Alive.Response
2020-11-22 12:10:56 V/Net 1291517893: Send: Heartbeat.Alive
2020-11-22 12:10:56 V/Net 1291517893: Recv: Heartbeat.Alive.Response
2020-11-22 12:11:56 V/Net 1291517893: Send: Heartbeat.Alive
2020-11-22 12:11:56 V/Net 1291517893: Recv: Heartbeat.Alive.Response
2020-11-22 12:12:56 V/Net 1291517893: Send: Heartbeat.Alive
2020-11-22 12:12:56 V/Net 1291517893: Recv: Heartbeat.Alive.Response
2020-11-22 12:13:28 I/Net 1291517893: Connected to server 42.81.172.81:80
2020-11-22 12:13:28 V/Net 1291517893: Send: wtlogin.login
2020-11-22 12:13:28 V/Net 1291517893: Recv: LoginPacketResponse.Success
2020-11-22 12:13:28 I/Net 1291517893: Login successful
2020-11-22 12:13:33 V/Net 1291517893: Send: StatSvc.register
2020-11-22 12:13:33 V/Net 1291517893: Recv: Response(StatSvc.register)
2020-11-22 12:13:33 I/Net 1291517893: Syncing friend message history...
2020-11-22 12:13:33 V/Net 1291517893: Send: MessageSvc.PbGetMsg
2020-11-22 12:13:33 V/Net 1291517893: Send: MessageSvc.PbDeleteMsg
2020-11-22 12:13:33 I/Net 1291517893: Syncing friend message history: Success
2020-11-22 12:13:36 V/Net 1291517893: Recv: ConfigPushSvc.PushReq.PushReqResponse.Success
2020-11-22 12:13:36 V/Net 1291517893: Send: ConfigPushSvc.PushResp
2020-11-22 12:13:36 D/Net 1291517893: Received unknown commandName: ConfigPushSvc.PushDomain
2020-11-22 12:13:36 V/Net 1291517893: Recv: ConfigPushSvc.PushReq.PushReqResponse.Success
2020-11-22 12:13:36 V/Net 1291517893: Send: ConfigPushSvc.PushResp
2020-11-22 12:14:33 V/Net 1291517893: Send: Heartbeat.Alive
2020-11-22 12:14:33 V/Net 1291517893: Recv: Heartbeat.Alive.Response
2020-11-22 12:15:33 V/Net 1291517893: Send: Heartbeat.Alive
2020-11-22 12:15:33 V/Net 1291517893: Recv: Heartbeat.Alive.Response
2020-11-22 12:16:33 V/Net 1291517893: Send: Heartbeat.Alive
2020-11-22 12:16:33 V/Net 1291517893: Recv: Heartbeat.Alive.Response
2020-11-22 12:17:33 V/Net 1291517893: Send: Heartbeat.Alive
2020-11-22 12:17:33 V/Net 1291517893: Recv: Heartbeat.Alive.Response
2020-11-22 12:18:33 V/Net 1291517893: Send: Heartbeat.Alive
2020-11-22 12:18:33 V/Net 1291517893: Recv: Heartbeat.Alive.Response
2020-11-22 12:19:33 V/Net 1291517893: Send: Heartbeat.Alive
2020-11-22 12:19:33 V/Net 1291517893: Recv: Heartbeat.Alive.Response
2020-11-22 12:20:33 V/Net 1291517893: Send: Heartbeat.Alive
2020-11-22 12:20:33 V/Net 1291517893: Recv: Heartbeat.Alive.Response
2020-11-22 12:21:33 V/Net 1291517893: Send: Heartbeat.Alive
2020-11-22 12:21:33 V/Net 1291517893: Recv: Heartbeat.Alive.Response
2020-11-22 12:22:33 V/Net 1291517893: Send: Heartbeat.Alive
2020-11-22 12:22:33 V/Net 1291517893: Recv: Heartbeat.Alive.Response
2020-11-22 12:23:33 V/Net 1291517893: Send: Heartbeat.Alive
2020-11-22 12:23:33 V/Net 1291517893: Recv: Heartbeat.Alive.Response
2020-11-22 12:24:33 V/Net 1291517893: Send: Heartbeat.Alive
2020-11-22 12:24:34 V/Net 1291517893: Recv: Heartbeat.Alive.Response
2020-11-22 12:25:34 V/Net 1291517893: Send: Heartbeat.Alive
2020-11-22 12:25:34 V/Net 1291517893: Recv: Heartbeat.Alive.Response
2020-11-22 12:26:34 V/Net 1291517893: Send: Heartbeat.Alive
2020-11-22 12:26:34 V/Net 1291517893: Recv: Heartbeat.Alive.Response
2020-11-22 12:27:34 V/Net 1291517893: Send: Heartbeat.Alive
2020-11-22 12:27:34 V/Net 1291517893: Recv: Heartbeat.Alive.Response
2020-11-22 12:28:34 V/Net 1291517893: Send: Heartbeat.Alive
2020-11-22 12:28:34 V/Net 1291517893: Recv: Heartbeat.Alive.Response
2020-11-22 12:29:34 V/Net 1291517893: Send: Heartbeat.Alive
2020-11-22 12:29:34 V/Net 1291517893: Recv: Heartbeat.Alive.Response
2020-11-22 12:30:18 I/Net 1291517893: Connected to server 114.221.148.59:14000
2020-11-22 12:30:18 V/Net 1291517893: Send: wtlogin.login
2020-11-22 12:30:18 V/Net 1291517893: Recv: LoginPacketResponse.Success
2020-11-22 12:30:18 I/Net 1291517893: Login successful
2020-11-22 12:30:23 V/Net 1291517893: Send: StatSvc.register
2020-11-22 12:30:23 V/Net 1291517893: Recv: Response(StatSvc.register)
2020-11-22 12:30:23 I/Net 1291517893: Syncing friend message history...
2020-11-22 12:30:23 V/Net 1291517893: Send: MessageSvc.PbGetMsg
2020-11-22 12:30:23 V/Net 1291517893: Send: MessageSvc.PbDeleteMsg
2020-11-22 12:30:23 I/Net 1291517893: Syncing friend message history: Success
2020-11-22 12:30:26 V/Net 1291517893: Recv: ConfigPushSvc.PushReq.PushReqResponse.Success
2020-11-22 12:30:26 V/Net 1291517893: Send: ConfigPushSvc.PushResp
2020-11-22 12:30:26 D/Net 1291517893: Received unknown commandName: ConfigPushSvc.PushDomain
2020-11-22 12:30:26 V/Net 1291517893: Recv: ConfigPushSvc.PushReq.PushReqResponse.Success
2020-11-22 12:30:26 V/Net 1291517893: Send: ConfigPushSvc.PushResp
2020-11-22 12:31:23 V/Net 1291517893: Send: Heartbeat.Alive
2020-11-22 12:31:23 V/Net 1291517893: Recv: Heartbeat.Alive.Response
2020-11-22 12:32:23 V/Net 1291517893: Send: Heartbeat.Alive
2020-11-22 12:32:23 V/Net 1291517893: Recv: Heartbeat.Alive.Response
2020-11-22 12:33:23 V/Net 1291517893: Send: Heartbeat.Alive
2020-11-22 12:33:23 V/Net 1291517893: Recv: Heartbeat.Alive.Response
2020-11-22 12:34:23 V/Net 1291517893: Send: Heartbeat.Alive
2020-11-22 12:34:24 V/Net 1291517893: Recv: Heartbeat.Alive.Response
2020-11-22 12:35:24 V/Net 1291517893: Send: Heartbeat.Alive
2020-11-22 12:35:24 V/Net 1291517893: Recv: Heartbeat.Alive.Response
2020-11-22 12:36:24 V/Net 1291517893: Send: Heartbeat.Alive
2020-11-22 12:36:24 V/Net 1291517893: Recv: Heartbeat.Alive.Response
2020-11-22 12:37:24 V/Net 1291517893: Send: Heartbeat.Alive
2020-11-22 12:37:24 V/Net 1291517893: Recv: Heartbeat.Alive.Response
2020-11-22 12:38:24 V/Net 1291517893: Send: Heartbeat.Alive
2020-11-22 12:38:24 V/Net 1291517893: Recv: Heartbeat.Alive.Response
2020-11-22 12:39:24 V/Net 1291517893: Send: Heartbeat.Alive
2020-11-22 12:39:24 V/Net 1291517893: Recv: Heartbeat.Alive.Response
2020-11-22 12:40:24 V/Net 1291517893: Send: Heartbeat.Alive
2020-11-22 12:40:24 V/Net 1291517893: Recv: Heartbeat.Alive.Response
2020-11-22 12:41:24 V/Net 1291517893: Send: Heartbeat.Alive
2020-11-22 12:41:24 V/Net 1291517893: Recv: Heartbeat.Alive.Response
2020-11-22 12:42:24 V/Net 1291517893: Send: Heartbeat.Alive
2020-11-22 12:42:24 V/Net 1291517893: Recv: Heartbeat.Alive.Response
2020-11-22 12:43:24 V/Net 1291517893: Send: Heartbeat.Alive
2020-11-22 12:43:24 V/Net 1291517893: Recv: Heartbeat.Alive.Response
2020-11-22 12:44:24 V/Net 1291517893: Send: Heartbeat.Alive
2020-11-22 12:44:24 V/Net 1291517893: Recv: Heartbeat.Alive.Response
2020-11-22 12:45:24 V/Net 1291517893: Send: Heartbeat.Alive
2020-11-22 12:45:24 V/Net 1291517893: Recv: Heartbeat.Alive.Response
2020-11-22 12:46:24 V/Net 1291517893: Send: Heartbeat.Alive
2020-11-22 12:46:24 V/Net 1291517893: Recv: Heartbeat.Alive.Response
2020-11-22 12:47:09 I/Net 1291517893: Connected to server 42.81.172.147:443
2020-11-22 12:47:09 V/Net 1291517893: Send: wtlogin.login
2020-11-22 12:47:09 V/Net 1291517893: Recv: LoginPacketResponse.Success
2020-11-22 12:47:09 I/Net 1291517893: Login successful
2020-11-22 12:47:14 V/Net 1291517893: Send: StatSvc.register
2020-11-22 12:47:14 V/Net 1291517893: Recv: Response(StatSvc.register)
2020-11-22 12:47:14 I/Net 1291517893: Syncing friend message history...
2020-11-22 12:47:14 V/Net 1291517893: Send: MessageSvc.PbGetMsg
2020-11-22 12:47:14 V/Net 1291517893: Send: MessageSvc.PbDeleteMsg
2020-11-22 12:47:14 I/Net 1291517893: Syncing friend message history: Success
2020-11-22 12:47:17 V/Net 1291517893: Recv: ConfigPushSvc.PushReq.PushReqResponse.Success
2020-11-22 12:47:17 V/Net 1291517893: Send: ConfigPushSvc.PushResp
2020-11-22 12:47:17 D/Net 1291517893: Received unknown commandName: ConfigPushSvc.PushDomain
2020-11-22 12:47:17 V/Net 1291517893: Recv: ConfigPushSvc.PushReq.PushReqResponse.Success
2020-11-22 12:47:17 V/Net 1291517893: Send: ConfigPushSvc.PushResp
2020-11-22 12:48:14 V/Net 1291517893: Send: Heartbeat.Alive
2020-11-22 12:48:14 V/Net 1291517893: Recv: Heartbeat.Alive.Response
2020-11-22 12:49:14 V/Net 1291517893: Send: Heartbeat.Alive
2020-11-22 12:49:14 V/Net 1291517893: Recv: Heartbeat.Alive.Response
2020-11-22 12:49:52 V/Net 1291517893: Send: MessageSvc.PbSendMsg
2020-11-22 12:49:52 V/Net 1291517893: Recv: MessageSvcPbSendMsg.Response.SUCCESS
2020-11-22 12:50:14 V/Net 1291517893: Send: Heartbeat.Alive
2020-11-22 12:50:14 V/Net 1291517893: Recv: Heartbeat.Alive.Response
2020-11-22 12:51:14 V/Net 1291517893: Send: Heartbeat.Alive
2020-11-22 12:51:14 V/Net 1291517893: Recv: Heartbeat.Alive.Response
2020-11-22 12:52:14 V/Net 1291517893: Send: Heartbeat.Alive
2020-11-22 12:52:14 V/Net 1291517893: Recv: Heartbeat.Alive.Response
2020-11-22 12:53:14 V/Net 1291517893: Send: Heartbeat.Alive
2020-11-22 12:53:14 V/Net 1291517893: Recv: Heartbeat.Alive.Response
2020-11-22 12:54:14 V/Net 1291517893: Send: Heartbeat.Alive
2020-11-22 12:54:14 V/Net 1291517893: Recv: Heartbeat.Alive.Response
2020-11-22 12:55:14 V/Net 1291517893: Send: Heartbeat.Alive
2020-11-22 12:55:14 V/Net 1291517893: Recv: Heartbeat.Alive.Response
2020-11-22 12:56:14 V/Net 1291517893: Send: Heartbeat.Alive
2020-11-22 12:56:14 V/Net 1291517893: Recv: Heartbeat.Alive.Response
2020-11-22 12:57:06 V/Net 1291517893: Send: OnlinePush.RespPush
2020-11-22 12:57:14 V/Net 1291517893: Send: OnlinePush.RespPush
2020-11-22 12:57:14 V/Net 1291517893: Send: Heartbeat.Alive
2020-11-22 12:57:14 V/Net 1291517893: Recv: Heartbeat.Alive.Response
2020-11-22 12:58:14 V/Net 1291517893: Send: Heartbeat.Alive
2020-11-22 12:58:14 V/Net 1291517893: Recv: Heartbeat.Alive.Response
2020-11-22 12:59:14 V/Net 1291517893: Send: Heartbeat.Alive
2020-11-22 12:59:14 V/Net 1291517893: Recv: Heartbeat.Alive.Response
2020-11-22 13:00:14 V/Net 1291517893: Send: Heartbeat.Alive
2020-11-22 13:00:14 V/Net 1291517893: Recv: Heartbeat.Alive.Response
2020-11-22 13:01:14 V/Net 1291517893: Send: Heartbeat.Alive
2020-11-22 13:01:14 V/Net 1291517893: Recv: Heartbeat.Alive.Response
2020-11-22 13:02:14 V/Net 1291517893: Send: Heartbeat.Alive
2020-11-22 13:02:14 V/Net 1291517893: Recv: Heartbeat.Alive.Response
2020-11-22 13:02:42 V/Net 1291517893: Send: MessageSvc.PbSendMsg
2020-11-22 13:02:42 V/Net 1291517893: Recv: MessageSvcPbSendMsg.Response.SUCCESS
2020-11-22 13:02:43 V/Net 1291517893: Send: MessageSvc.PbSendMsg
2020-11-22 13:02:43 V/Net 1291517893: Recv: MessageSvcPbSendMsg.Response.SUCCESS
2020-11-22 13:02:43 V/Net 1291517893: Send: MessageSvc.PbSendMsg
2020-11-22 13:02:43 V/Net 1291517893: Send: MessageSvc.PbSendMsg
2020-11-22 13:02:43 V/Net 1291517893: Send: OnlinePush.RespPush
2020-11-22 13:02:43 V/Net 1291517893: Recv: MessageSvcPbSendMsg.Response.SUCCESS
2020-11-22 13:02:43 V/Net 1291517893: Recv: MessageSvcPbSendMsg.Response.SUCCESS
2020-11-22 13:02:52 V/Net 1291517893: Send: OnlinePush.RespPush
2020-11-22 13:03:14 V/Net 1291517893: Send: Heartbeat.Alive
2020-11-22 13:03:14 V/Net 1291517893: Recv: Heartbeat.Alive.Response
2020-11-22 13:04:14 V/Net 1291517893: Send: Heartbeat.Alive
2020-11-22 13:04:14 V/Net 1291517893: Recv: Heartbeat.Alive.Response
2020-11-22 13:05:14 V/Net 1291517893: Send: Heartbeat.Alive
2020-11-22 13:05:15 V/Net 1291517893: Recv: Heartbeat.Alive.Response
2020-11-22 13:05:59 V/Net 1291517893: Send: MessageSvc.PbSendMsg
2020-11-22 13:06:00 V/Net 1291517893: Recv: MessageSvcPbSendMsg.Response.SUCCESS
2020-11-22 13:06:15 V/Net 1291517893: Send: Heartbeat.Alive
2020-11-22 13:06:15 V/Net 1291517893: Recv: Heartbeat.Alive.Response
2020-11-22 13:07:15 V/Net 1291517893: Send: Heartbeat.Alive
2020-11-22 13:07:15 V/Net 1291517893: Recv: Heartbeat.Alive.Response
2020-11-22 13:07:51 V/Net 1291517893: Send: OnlinePush.RespPush
2020-11-22 13:08:00 V/Net 1291517893: Send: OnlinePush.RespPush
2020-11-22 13:08:15 V/Net 1291517893: Send: Heartbeat.Alive
2020-11-22 13:08:15 V/Net 1291517893: Recv: Heartbeat.Alive.Response
2020-11-22 13:09:15 V/Net 1291517893: Send: Heartbeat.Alive
2020-11-22 13:09:15 V/Net 1291517893: Recv: Heartbeat.Alive.Response
2020-11-22 13:10:15 V/Net 1291517893: Send: Heartbeat.Alive
2020-11-22 13:10:15 V/Net 1291517893: Recv: Heartbeat.Alive.Response
2020-11-22 13:11:15 V/Net 1291517893: Send: Heartbeat.Alive
2020-11-22 13:11:15 V/Net 1291517893: Recv: Heartbeat.Alive.Response
2020-11-22 13:11:16 V/Net 1291517893: Send: MessageSvc.PbSendMsg
2020-11-22 13:11:16 V/Net 1291517893: Recv: MessageSvcPbSendMsg.Response.SUCCESS
2020-11-22 13:11:17 V/Net 1291517893: Send: MessageSvc.PbSendMsg
2020-11-22 13:11:18 V/Net 1291517893: Send: MessageSvc.PbSendMsg
2020-11-22 13:11:18 V/Net 1291517893: Recv: MessageSvcPbSendMsg.Response.SUCCESS
2020-11-22 13:11:18 V/Net 1291517893: Recv: MessageSvcPbSendMsg.Response.SUCCESS
2020-11-22 13:11:18 V/Net 1291517893: Send: MessageSvc.PbSendMsg
2020-11-22 13:11:18 V/Net 1291517893: Recv: MessageSvcPbSendMsg.Response.SUCCESS
2020-11-22 13:12:15 V/Net 1291517893: Send: Heartbeat.Alive
2020-11-22 13:12:15 V/Net 1291517893: Recv: Heartbeat.Alive.Response
2020-11-22 13:12:25 V/Net 1291517893: Send: MessageSvc.PbSendMsg
2020-11-22 13:12:25 V/Net 1291517893: Recv: MessageSvcPbSendMsg.Response.SUCCESS
2020-11-22 13:13:15 V/Net 1291517893: Send: Heartbeat.Alive
2020-11-22 13:13:15 V/Net 1291517893: Recv: Heartbeat.Alive.Response
2020-11-22 13:13:35 V/Net 1291517893: Send: MessageSvc.PbSendMsg
2020-11-22 13:13:36 V/Net 1291517893: Recv: MessageSvcPbSendMsg.Response.SUCCESS
2020-11-22 13:14:15 V/Net 1291517893: Send: Heartbeat.Alive
2020-11-22 13:14:15 V/Net 1291517893: Recv: Heartbeat.Alive.Response
2020-11-22 13:15:15 V/Net 1291517893: Send: Heartbeat.Alive
2020-11-22 13:15:15 V/Net 1291517893: Recv: Heartbeat.Alive.Response
2020-11-22 13:16:15 V/Net 1291517893: Send: Heartbeat.Alive
2020-11-22 13:16:15 V/Net 1291517893: Recv: Heartbeat.Alive.Response
2020-11-22 13:17:15 V/Net 1291517893: Send: Heartbeat.Alive
2020-11-22 13:17:15 V/Net 1291517893: Recv: Heartbeat.Alive.Response
2020-11-22 13:18:08 V/Net 1291517893: Send: MessageSvc.PbSendMsg
2020-11-22 13:18:08 V/Net 1291517893: Recv: MessageSvcPbSendMsg.Response.SUCCESS
2020-11-22 13:18:15 V/Net 1291517893: Send: Heartbeat.Alive
2020-11-22 13:18:15 V/Net 1291517893: Recv: Heartbeat.Alive.Response
2020-11-22 13:18:49 V/Net 1291517893: Send: OnlinePush.RespPush
2020-11-22 13:18:58 V/Net 1291517893: Send: OnlinePush.RespPush
2020-11-22 13:19:15 V/Net 1291517893: Send: Heartbeat.Alive
2020-11-22 13:19:15 V/Net 1291517893: Recv: Heartbeat.Alive.Response
2020-11-22 13:20:15 V/Net 1291517893: Send: Heartbeat.Alive
2020-11-22 13:20:15 V/Net 1291517893: Recv: Heartbeat.Alive.Response
2020-11-22 13:21:15 V/Net 1291517893: Send: Heartbeat.Alive
2020-11-22 13:21:15 V/Net 1291517893: Recv: Heartbeat.Alive.Response
2020-11-22 13:22:15 V/Net 1291517893: Send: Heartbeat.Alive
2020-11-22 13:22:15 V/Net 1291517893: Recv: Heartbeat.Alive.Response
2020-11-22 13:23:15 V/Net 1291517893: Send: Heartbeat.Alive
2020-11-22 13:23:15 V/Net 1291517893: Recv: Heartbeat.Alive.Response
2020-11-22 13:24:15 V/Net 1291517893: Send: Heartbeat.Alive
2020-11-22 13:24:15 V/Net 1291517893: Recv: Heartbeat.Alive.Response
2020-11-22 13:25:15 V/Net 1291517893: Send: Heartbeat.Alive
2020-11-22 13:25:15 V/Net 1291517893: Recv: Heartbeat.Alive.Response
2020-11-22 13:25:25 V/Net 1291517893: Send: OnlinePush.RespPush
2020-11-22 13:25:33 V/Net 1291517893: Send: OnlinePush.RespPush
2020-11-22 13:25:36 V/Net 1291517893: Send: OnlinePush.RespPush
2020-11-22 13:25:45 V/Net 1291517893: Send: OnlinePush.RespPush
2020-11-22 13:25:59 V/Net 1291517893: Send: OnlinePush.RespPush
2020-11-22 13:26:07 V/Net 1291517893: Send: OnlinePush.RespPush
2020-11-22 13:26:11 V/Net 1291517893: Send: MessageSvc.PbSendMsg
2020-11-22 13:26:11 V/Net 1291517893: Recv: MessageSvcPbSendMsg.Response.SUCCESS
2020-11-22 13:26:15 V/Net 1291517893: Send: Heartbeat.Alive
2020-11-22 13:26:15 V/Net 1291517893: Recv: Heartbeat.Alive.Response
2020-11-22 13:26:57 V/Net 1291517893: Send: OnlinePush.RespPush
2020-11-22 13:27:05 V/Net 1291517893: Send: OnlinePush.RespPush
2020-11-22 13:27:15 V/Net 1291517893: Send: Heartbeat.Alive
2020-11-22 13:27:15 V/Net 1291517893: Recv: Heartbeat.Alive.Response
2020-11-22 13:27:54 V/Net 1291517893: Send: OnlinePush.RespPush
2020-11-22 13:28:02 V/Net 1291517893: Send: OnlinePush.RespPush
2020-11-22 13:28:15 V/Net 1291517893: Send: Heartbeat.Alive
2020-11-22 13:28:15 V/Net 1291517893: Recv: Heartbeat.Alive.Response
2020-11-22 13:28:24 V/Net 1291517893: Send: MessageSvc.PbSendMsg
2020-11-22 13:28:24 V/Net 1291517893: Recv: MessageSvcPbSendMsg.Response.SUCCESS
2020-11-22 13:29:15 V/Net 1291517893: Send: Heartbeat.Alive
2020-11-22 13:29:15 V/Net 1291517893: Recv: Heartbeat.Alive.Response
2020-11-22 13:29:18 V/Net 1291517893: Send: MessageSvc.PbSendMsg
2020-11-22 13:29:18 V/Net 1291517893: Recv: MessageSvcPbSendMsg.Response.SUCCESS
2020-11-22 13:29:19 V/Net 1291517893: Send: MessageSvc.PbSendMsg
2020-11-22 13:29:19 V/Net 1291517893: Recv: MessageSvcPbSendMsg.Response.SUCCESS
2020-11-22 13:29:19 V/Net 1291517893: Send: MessageSvc.PbSendMsg
2020-11-22 13:29:20 V/Net 1291517893: Recv: MessageSvcPbSendMsg.Response.SUCCESS
2020-11-22 13:29:20 V/Net 1291517893: Send: MessageSvc.PbSendMsg
2020-11-22 13:29:21 V/Net 1291517893: Recv: MessageSvcPbSendMsg.Response.SUCCESS
2020-11-22 13:29:22 V/Net 1291517893: Send: MessageSvc.PbSendMsg
2020-11-22 13:29:23 V/Net 1291517893: Recv: MessageSvcPbSendMsg.Response.SUCCESS
2020-11-22 13:29:24 V/Net 1291517893: Send: MessageSvc.PbSendMsg
2020-11-22 13:29:24 V/Net 1291517893: Send: MessageSvc.PbSendMsg
2020-11-22 13:29:24 V/Net 1291517893: Recv: MessageSvcPbSendMsg.Response.SUCCESS
2020-11-22 13:29:24 V/Net 1291517893: Recv: MessageSvcPbSendMsg.Response.SUCCESS
2020-11-22 13:29:27 V/Net 1291517893: Send: MessageSvc.PbSendMsg
2020-11-22 13:29:28 V/Net 1291517893: Recv: MessageSvcPbSendMsg.Response.SUCCESS
2020-11-22 13:29:35 V/Net 1291517893: Send: MessageSvc.PbSendMsg
2020-11-22 13:29:35 V/Net 1291517893: Send: MessageSvc.PbSendMsg
2020-11-22 13:29:36 V/Net 1291517893: Recv: MessageSvcPbSendMsg.Response.SUCCESS
2020-11-22 13:29:36 V/Net 1291517893: Recv: MessageSvcPbSendMsg.Response.SUCCESS
2020-11-22 13:29:36 V/Net 1291517893: Send: MessageSvc.PbSendMsg
2020-11-22 13:29:36 V/Net 1291517893: Recv: MessageSvcPbSendMsg.Response.SUCCESS
2020-11-22 13:29:37 V/Net 1291517893: Send: MessageSvc.PbSendMsg
2020-11-22 13:29:37 V/Net 1291517893: Recv: MessageSvcPbSendMsg.Response.SUCCESS
2020-11-22 13:29:39 V/Net 1291517893: Send: MessageSvc.PbSendMsg
2020-11-22 13:29:40 V/Net 1291517893: Recv: MessageSvcPbSendMsg.Response.SUCCESS
2020-11-22 13:30:08 V/Net 1291517893: Send: OnlinePush.RespPush
2020-11-22 13:30:15 V/Net 1291517893: Send: Heartbeat.Alive
2020-11-22 13:30:15 V/Net 1291517893: Recv: Heartbeat.Alive.Response
2020-11-22 13:30:17 V/Net 1291517893: Send: OnlinePush.RespPush
2020-11-22 13:30:44 V/Net 1291517893: Send: MessageSvc.PbSendMsg
2020-11-22 13:30:44 V/Net 1291517893: Recv: MessageSvcPbSendMsg.Response.SUCCESS
2020-11-22 13:30:59 V/Net 1291517893: Send: OnlinePush.RespPush
2020-11-22 13:31:05 V/Net 1291517893: Send: MessageSvc.PbSendMsg
2020-11-22 13:31:06 V/Net 1291517893: Recv: MessageSvcPbSendMsg.Response.SUCCESS
2020-11-22 13:31:07 V/Net 1291517893: Send: OnlinePush.RespPush
2020-11-22 13:31:15 V/Net 1291517893: Send: Heartbeat.Alive
2020-11-22 13:31:15 V/Net 1291517893: Recv: Heartbeat.Alive.Response
2020-11-22 13:31:31 V/Net 1291517893: Send: MessageSvc.PbSendMsg
2020-11-22 13:31:32 V/Net 1291517893: Recv: MessageSvcPbSendMsg.Response.SUCCESS
2020-11-22 13:31:53 V/Net 1291517893: Send: MessageSvc.PbSendMsg
2020-11-22 13:31:53 V/Net 1291517893: Recv: MessageSvcPbSendMsg.Response.SUCCESS
2020-11-22 13:32:15 V/Net 1291517893: Send: Heartbeat.Alive
2020-11-22 13:32:15 V/Net 1291517893: Recv: Heartbeat.Alive.Response
2020-11-22 13:32:21 V/Net 1291517893: Send: MessageSvc.PbSendMsg
2020-11-22 13:32:22 V/Net 1291517893: Recv: MessageSvcPbSendMsg.Response.SUCCESS
2020-11-22 13:33:04 V/Net 1291517893: Send: MessageSvc.PbSendMsg
2020-11-22 13:33:04 V/Net 1291517893: Recv: MessageSvcPbSendMsg.Response.SUCCESS
2020-11-22 13:33:15 V/Net 1291517893: Send: Heartbeat.Alive
2020-11-22 13:33:15 V/Net 1291517893: Recv: Heartbeat.Alive.Response
2020-11-22 13:34:15 V/Net 1291517893: Send: Heartbeat.Alive
2020-11-22 13:34:15 V/Net 1291517893: Recv: Heartbeat.Alive.Response
2020-11-22 13:35:15 V/Net 1291517893: Send: Heartbeat.Alive
2020-11-22 13:35:15 V/Net 1291517893: Recv: Heartbeat.Alive.Response
2020-11-22 13:36:15 V/Net 1291517893: Send: Heartbeat.Alive
2020-11-22 13:36:15 V/Net 1291517893: Recv: Heartbeat.Alive.Response
2020-11-22 13:37:15 V/Net 1291517893: Send: Heartbeat.Alive
2020-11-22 13:37:15 V/Net 1291517893: Recv: Heartbeat.Alive.Response
2020-11-22 13:38:15 V/Net 1291517893: Send: Heartbeat.Alive
2020-11-22 13:38:15 V/Net 1291517893: Recv: Heartbeat.Alive.Response
2020-11-22 13:38:19 V/Net 1291517893: Send: OnlinePush.RespPush
2020-11-22 13:38:28 V/Net 1291517893: Send: OnlinePush.RespPush
2020-11-22 13:39:15 V/Net 1291517893: Send: Heartbeat.Alive
2020-11-22 13:39:16 V/Net 1291517893: Recv: Heartbeat.Alive.Response
2020-11-22 13:40:16 V/Net 1291517893: Send: Heartbeat.Alive
2020-11-22 13:40:16 V/Net 1291517893: Recv: Heartbeat.Alive.Response
2020-11-22 13:41:16 V/Net 1291517893: Send: Heartbeat.Alive
2020-11-22 13:41:16 V/Net 1291517893: Recv: Heartbeat.Alive.Response
2020-11-22 13:42:16 V/Net 1291517893: Send: Heartbeat.Alive
2020-11-22 13:42:16 V/Net 1291517893: Recv: Heartbeat.Alive.Response
2020-11-22 13:43:16 V/Net 1291517893: Send: Heartbeat.Alive
2020-11-22 13:43:16 V/Net 1291517893: Recv: Heartbeat.Alive.Response
2020-11-22 13:44:16 V/Net 1291517893: Send: Heartbeat.Alive
2020-11-22 13:44:16 V/Net 1291517893: Recv: Heartbeat.Alive.Response
2020-11-22 13:45:16 V/Net 1291517893: Send: Heartbeat.Alive
2020-11-22 13:45:16 V/Net 1291517893: Recv: Heartbeat.Alive.Response
2020-11-22 13:46:16 V/Net 1291517893: Send: Heartbeat.Alive
2020-11-22 13:46:16 V/Net 1291517893: Recv: Heartbeat.Alive.Response
2020-11-22 13:47:16 V/Net 1291517893: Send: Heartbeat.Alive
2020-11-22 13:47:16 V/Net 1291517893: Recv: Heartbeat.Alive.Response
2020-11-22 13:48:16 V/Net 1291517893: Send: Heartbeat.Alive
2020-11-22 13:48:16 V/Net 1291517893: Recv: Heartbeat.Alive.Response
2020-11-22 13:48:39 I/Net 1291517893: Connected to server 125.94.60.146:80
2020-11-22 13:48:39 V/Net 1291517893: Send: wtlogin.login
2020-11-22 13:48:39 V/Net 1291517893: Recv: LoginPacketResponse.Success
2020-11-22 13:48:39 I/Net 1291517893: Login successful
2020-11-22 13:48:44 V/Net 1291517893: Send: StatSvc.register
2020-11-22 13:48:44 V/Net 1291517893: Recv: Response(StatSvc.register)
2020-11-22 13:48:44 I/Net 1291517893: Syncing friend message history...
2020-11-22 13:48:44 V/Net 1291517893: Send: MessageSvc.PbGetMsg
2020-11-22 13:48:44 V/Net 1291517893: Send: MessageSvc.PbDeleteMsg
2020-11-22 13:48:44 I/Net 1291517893: Syncing friend message history: Success
2020-11-22 13:48:47 D/Net 1291517893: Received unknown commandName: ConfigPushSvc.PushDomain
2020-11-22 13:48:47 V/Net 1291517893: Recv: ConfigPushSvc.PushReq.PushReqResponse.Success
2020-11-22 13:48:47 V/Net 1291517893: Send: ConfigPushSvc.PushResp
2020-11-22 13:48:47 V/Net 1291517893: Recv: ConfigPushSvc.PushReq.PushReqResponse.Success
2020-11-22 13:48:47 V/Net 1291517893: Send: ConfigPushSvc.PushResp
2020-11-22 13:49:44 V/Net 1291517893: Send: Heartbeat.Alive
2020-11-22 13:49:44 V/Net 1291517893: Recv: Heartbeat.Alive.Response
2020-11-22 13:50:44 V/Net 1291517893: Send: Heartbeat.Alive
2020-11-22 13:50:44 V/Net 1291517893: Recv: Heartbeat.Alive.Response
2020-11-22 13:51:44 V/Net 1291517893: Send: Heartbeat.Alive
2020-11-22 13:51:44 V/Net 1291517893: Recv: Heartbeat.Alive.Response
2020-11-22 13:52:44 V/Net 1291517893: Send: Heartbeat.Alive
2020-11-22 13:52:44 V/Net 1291517893: Recv: Heartbeat.Alive.Response
2020-11-22 13:53:44 V/Net 1291517893: Send: Heartbeat.Alive
2020-11-22 13:53:44 V/Net 1291517893: Recv: Heartbeat.Alive.Response
2020-11-22 13:54:44 V/Net 1291517893: Send: Heartbeat.Alive
2020-11-22 13:54:44 V/Net 1291517893: Recv: Heartbeat.Alive.Response
2020-11-22 13:55:44 V/Net 1291517893: Send: Heartbeat.Alive
2020-11-22 13:55:44 V/Net 1291517893: Recv: Heartbeat.Alive.Response
2020-11-22 13:56:44 V/Net 1291517893: Send: Heartbeat.Alive
2020-11-22 13:56:44 V/Net 1291517893: Recv: Heartbeat.Alive.Response
2020-11-22 13:57:44 V/Net 1291517893: Send: Heartbeat.Alive
2020-11-22 13:57:44 V/Net 1291517893: Recv: Heartbeat.Alive.Response
2020-11-22 13:58:44 V/Net 1291517893: Send: Heartbeat.Alive
2020-11-22 13:58:44 V/Net 1291517893: Recv: Heartbeat.Alive.Response
2020-11-22 13:59:44 V/Net 1291517893: Send: Heartbeat.Alive
2020-11-22 13:59:45 V/Net 1291517893: Recv: Heartbeat.Alive.Response
2020-11-22 14:00:45 V/Net 1291517893: Send: Heartbeat.Alive
2020-11-22 14:00:45 V/Net 1291517893: Recv: Heartbeat.Alive.Response
2020-11-22 14:01:45 V/Net 1291517893: Send: Heartbeat.Alive
2020-11-22 14:01:45 V/Net 1291517893: Recv: Heartbeat.Alive.Response
2020-11-22 14:02:45 V/Net 1291517893: Send: Heartbeat.Alive
2020-11-22 14:02:45 V/Net 1291517893: Recv: Heartbeat.Alive.Response
2020-11-22 14:03:45 V/Net 1291517893: Send: Heartbeat.Alive
2020-11-22 14:03:45 V/Net 1291517893: Recv: Heartbeat.Alive.Response
2020-11-22 14:04:45 V/Net 1291517893: Send: Heartbeat.Alive
2020-11-22 14:04:45 V/Net 1291517893: Recv: Heartbeat.Alive.Response
2020-11-22 14:05:29 I/Net 1291517893: Connected to server 114.221.144.215:80
2020-11-22 14:05:29 V/Net 1291517893: Send: wtlogin.login
2020-11-22 14:05:29 V/Net 1291517893: Recv: LoginPacketResponse.Success
2020-11-22 14:05:29 I/Net 1291517893: Login successful
2020-11-22 14:05:33 V/Net 1291517893: Send: StatSvc.register
2020-11-22 14:05:33 V/Net 1291517893: Recv: Response(StatSvc.register)
2020-11-22 14:05:33 I/Net 1291517893: Syncing friend message history...
2020-11-22 14:05:33 V/Net 1291517893: Send: MessageSvc.PbGetMsg
2020-11-22 14:05:33 V/Net 1291517893: Send: MessageSvc.PbDeleteMsg
2020-11-22 14:05:33 I/Net 1291517893: Syncing friend message history: Success
2020-11-22 14:05:36 V/Net 1291517893: Recv: ConfigPushSvc.PushReq.PushReqResponse.Success
2020-11-22 14:05:36 V/Net 1291517893: Send: ConfigPushSvc.PushResp
2020-11-22 14:05:36 D/Net 1291517893: Received unknown commandName: ConfigPushSvc.PushDomain
2020-11-22 14:05:36 V/Net 1291517893: Recv: ConfigPushSvc.PushReq.PushReqResponse.Success
2020-11-22 14:05:36 V/Net 1291517893: Send: ConfigPushSvc.PushResp
2020-11-22 14:06:33 V/Net 1291517893: Send: Heartbeat.Alive
2020-11-22 14:06:33 V/Net 1291517893: Recv: Heartbeat.Alive.Response
2020-11-22 14:07:33 V/Net 1291517893: Send: Heartbeat.Alive
2020-11-22 14:07:33 V/Net 1291517893: Recv: Heartbeat.Alive.Response
2020-11-22 14:08:33 V/Net 1291517893: Send: Heartbeat.Alive
2020-11-22 14:08:33 V/Net 1291517893: Recv: Heartbeat.Alive.Response
2020-11-22 14:09:33 V/Net 1291517893: Send: Heartbeat.Alive
2020-11-22 14:09:33 V/Net 1291517893: Recv: Heartbeat.Alive.Response
2020-11-22 14:10:33 V/Net 1291517893: Send: Heartbeat.Alive
2020-11-22 14:10:33 V/Net 1291517893: Recv: Heartbeat.Alive.Response
2020-11-22 14:11:33 V/Net 1291517893: Send: Heartbeat.Alive
2020-11-22 14:11:33 V/Net 1291517893: Recv: Heartbeat.Alive.Response
2020-11-22 14:12:33 V/Net 1291517893: Send: Heartbeat.Alive
2020-11-22 14:12:33 V/Net 1291517893: Recv: Heartbeat.Alive.Response
2020-11-22 14:13:33 V/Net 1291517893: Send: Heartbeat.Alive
2020-11-22 14:13:33 V/Net 1291517893: Recv: Heartbeat.Alive.Response
2020-11-22 14:14:33 V/Net 1291517893: Send: Heartbeat.Alive
2020-11-22 14:14:34 V/Net 1291517893: Recv: Heartbeat.Alive.Response
2020-11-22 14:15:34 V/Net 1291517893: Send: Heartbeat.Alive
2020-11-22 14:15:34 V/Net 1291517893: Recv: Heartbeat.Alive.Response
2020-11-22 14:16:34 V/Net 1291517893: Send: Heartbeat.Alive
2020-11-22 14:16:34 V/Net 1291517893: Recv: Heartbeat.Alive.Response
2020-11-22 14:17:34 V/Net 1291517893: Send: Heartbeat.Alive
2020-11-22 14:17:34 V/Net 1291517893: Recv: Heartbeat.Alive.Response
2020-11-22 14:18:34 V/Net 1291517893: Send: Heartbeat.Alive
2020-11-22 14:18:34 V/Net 1291517893: Recv: Heartbeat.Alive.Response
2020-11-22 14:19:34 V/Net 1291517893: Send: Heartbeat.Alive
2020-11-22 14:19:34 V/Net 1291517893: Recv: Heartbeat.Alive.Response
2020-11-22 14:20:34 V/Net 1291517893: Send: Heartbeat.Alive
2020-11-22 14:20:34 V/Net 1291517893: Recv: Heartbeat.Alive.Response
2020-11-22 14:21:34 V/Net 1291517893: Send: Heartbeat.Alive
2020-11-22 14:21:34 V/Net 1291517893: Recv: Heartbeat.Alive.Response
2020-11-22 14:22:18 I/Net 1291517893: Connected to server 42.81.172.22:80
2020-11-22 14:22:18 V/Net 1291517893: Send: wtlogin.login
2020-11-22 14:22:18 V/Net 1291517893: Recv: LoginPacketResponse.Success
2020-11-22 14:22:18 I/Net 1291517893: Login successful
2020-11-22 14:22:23 V/Net 1291517893: Send: StatSvc.register
2020-11-22 14:22:23 V/Net 1291517893: Recv: Response(StatSvc.register)
2020-11-22 14:22:23 I/Net 1291517893: Syncing friend message history...
2020-11-22 14:22:23 V/Net 1291517893: Send: MessageSvc.PbGetMsg
2020-11-22 14:22:23 V/Net 1291517893: Send: MessageSvc.PbDeleteMsg
2020-11-22 14:22:23 I/Net 1291517893: Syncing friend message history: Success
2020-11-22 14:22:26 V/Net 1291517893: Recv: ConfigPushSvc.PushReq.PushReqResponse.Success
2020-11-22 14:22:26 V/Net 1291517893: Send: ConfigPushSvc.PushResp
2020-11-22 14:22:26 D/Net 1291517893: Received unknown commandName: ConfigPushSvc.PushDomain
2020-11-22 14:22:26 V/Net 1291517893: Recv: ConfigPushSvc.PushReq.PushReqResponse.Success
2020-11-22 14:22:26 V/Net 1291517893: Send: ConfigPushSvc.PushResp
2020-11-22 14:23:23 V/Net 1291517893: Send: Heartbeat.Alive
2020-11-22 14:23:23 V/Net 1291517893: Recv: Heartbeat.Alive.Response
2020-11-22 14:24:23 V/Net 1291517893: Send: Heartbeat.Alive
2020-11-22 14:24:23 V/Net 1291517893: Recv: Heartbeat.Alive.Response
2020-11-22 14:25:23 V/Net 1291517893: Send: Heartbeat.Alive
2020-11-22 14:25:23 V/Net 1291517893: Recv: Heartbeat.Alive.Response
2020-11-22 14:26:23 V/Net 1291517893: Send: Heartbeat.Alive
2020-11-22 14:26:23 V/Net 1291517893: Recv: Heartbeat.Alive.Response
2020-11-22 14:27:23 V/Net 1291517893: Send: Heartbeat.Alive
2020-11-22 14:27:23 V/Net 1291517893: Recv: Heartbeat.Alive.Response
2020-11-22 14:28:23 V/Net 1291517893: Send: Heartbeat.Alive
2020-11-22 14:28:23 V/Net 1291517893: Recv: Heartbeat.Alive.Response
2020-11-22 14:28:49 V/Net 1291517893: Recv: net.mamoe.mirai.qqandroid.network.protocol.data.jce.RequestPushNotify@5a39cfbf
2020-11-22 14:28:49 V/Net 1291517893: Send: MessageSvc.PbGetMsg
2020-11-22 14:28:49 V/Net 1291517893: Send: MessageSvc.PbDeleteMsg
2020-11-22 14:28:49 V/Net 1291517893: Send: ProfileService.Pb.ReqSystemMsgNew.Group
2020-11-22 14:28:49 V/Net 1291517893: Recv: net.mamoe.mirai.qqandroid.network.protocol.data.jce.RequestPushNotify@275874a2
2020-11-22 14:28:49 V/Net 1291517893: Send: MessageSvc.PbGetMsg
2020-11-22 14:28:49 V/Net 1291517893: Send: MessageSvc.PbDeleteMsg
2020-11-22 14:28:49 V/Net 1291517893: Send: MessageSvc.PbGetMsg
2020-11-22 14:28:49 V/Net 1291517893: Send: MessageSvc.PbDeleteMsg
2020-11-22 14:29:23 V/Net 1291517893: Send: Heartbeat.Alive
2020-11-22 14:29:23 V/Net 1291517893: Recv: Heartbeat.Alive.Response
2020-11-22 14:30:23 V/Net 1291517893: Send: Heartbeat.Alive
2020-11-22 14:30:23 V/Net 1291517893: Recv: Heartbeat.Alive.Response
2020-11-22 14:31:23 V/Net 1291517893: Send: Heartbeat.Alive
2020-11-22 14:31:23 V/Net 1291517893: Recv: Heartbeat.Alive.Response
2020-11-22 14:32:23 V/Net 1291517893: Send: Heartbeat.Alive
2020-11-22 14:32:23 V/Net 1291517893: Recv: Heartbeat.Alive.Response
2020-11-22 14:33:23 V/Net 1291517893: Send: Heartbeat.Alive
2020-11-22 14:33:23 V/Net 1291517893: Recv: Heartbeat.Alive.Response
2020-11-22 14:34:23 V/Net 1291517893: Send: Heartbeat.Alive
2020-11-22 14:34:23 V/Net 1291517893: Recv: Heartbeat.Alive.Response
2020-11-22 14:35:23 V/Net 1291517893: Send: Heartbeat.Alive
2020-11-22 14:35:23 V/Net 1291517893: Recv: Heartbeat.Alive.Response
2020-11-22 14:36:23 V/Net 1291517893: Send: Heartbeat.Alive
2020-11-22 14:36:24 V/Net 1291517893: Recv: Heartbeat.Alive.Response
2020-11-22 14:37:24 V/Net 1291517893: Send: Heartbeat.Alive
2020-11-22 14:37:24 V/Net 1291517893: Recv: Heartbeat.Alive.Response
2020-11-22 14:38:24 V/Net 1291517893: Send: Heartbeat.Alive
2020-11-22 14:38:24 V/Net 1291517893: Recv: Heartbeat.Alive.Response
2020-11-22 14:39:24 V/Net 1291517893: Send: Heartbeat.Alive
2020-11-22 14:39:24 V/Net 1291517893: Recv: Heartbeat.Alive.Response
2020-11-22 14:39:49 D/Net 1291517893: Received unknown commandName: StatSvc.SvcReqMSFLoginNotify
2020-11-22 14:39:49 D/Net 1291517893: Received unknown commandName: StatSvc.SvcReqMSFLoginNotify
2020-11-22 14:39:49 D/Net 1291517893: Received unknown commandName: StatSvc.SvcReqMSFLoginNotify
2020-11-22 14:39:49 D/Net 1291517893: Received unknown commandName: StatSvc.SvcReqMSFLoginNotify
2020-11-22 14:39:49 D/Net 1291517893: Received unknown commandName: StatSvc.SvcReqMSFLoginNotify
2020-11-22 14:39:49 D/Net 1291517893: Received unknown commandName: StatSvc.SvcReqMSFLoginNotify
2020-11-22 14:39:53 D/Net 1291517893: Received unknown commandName: MessageSvc.PushReaded
2020-11-22 14:39:59 V/Net 1291517893: Send: OnlinePush.RespPush
2020-11-22 14:39:59 V/Net 1291517893: Recv: net.mamoe.mirai.qqandroid.network.protocol.data.jce.RequestPushNotify@76bdcf55
2020-11-22 14:39:59 V/Net 1291517893: Send: MessageSvc.PbGetMsg
2020-11-22 14:39:59 V/Net 1291517893: Send: MessageSvc.PbDeleteMsg
2020-11-22 14:39:59 V/Net 1291517893: Send: friendlist.GetTroopListReqV2
2020-11-22 14:39:59 V/Net 1291517893: Recv: FriendList.GetFriendGroupList.Response
2020-11-22 14:39:59 V/Net 1291517893: Send: OidbSvc.0x88d_7
2020-11-22 14:39:59 V/Net 1291517893: Send: friendlist.GetTroopMemberListReq
2020-11-22 14:39:59 V/Net 1291517893: Recv: FriendList.GetTroopMemberList.Response
2020-11-22 14:39:59 E/Net 1291517893: Exception in NetworkHandler
java.util.NoSuchElementException: member -1751143677 not found in group 697418744
	at net.mamoe.mirai.qqandroid.contact.GroupImpl.get(GroupImpl.kt:277)
	at net.mamoe.mirai.qqandroid.network.protocol.packet.chat.receive.MessageSvcPbGetMsg$decode$$inlined$mapNotNull$1$2.emit(Collect.kt:164)
	at net.mamoe.mirai.qqandroid.network.protocol.packet.chat.receive.MessageSvcPbGetMsg$decode$$inlined$mapNotNull$1$2$1.invokeSuspend(Unknown Source)
	at kotlin.coroutines.jvm.internal.BaseContinuationImpl.resumeWith(ContinuationImpl.kt:33)
	at kotlinx.coroutines.internal.ScopeCoroutine.afterResume(Scopes.kt:32)
	at kotlinx.coroutines.AbstractCoroutine.resumeWith(AbstractCoroutine.kt:113)
	at kotlin.coroutines.jvm.internal.BaseContinuationImpl.resumeWith(ContinuationImpl.kt:46)
	at kotlinx.coroutines.DispatchedTask.run(DispatchedTask.kt:56)
	at kotlinx.coroutines.scheduling.CoroutineScheduler.runSafely(CoroutineScheduler.kt:571)
	at kotlinx.coroutines.scheduling.CoroutineScheduler$Worker.executeTask(CoroutineScheduler.kt:738)
	at kotlinx.coroutines.scheduling.CoroutineScheduler$Worker.runWorker(CoroutineScheduler.kt:678)
	at kotlinx.coroutines.scheduling.CoroutineScheduler$Worker.run(CoroutineScheduler.kt:665)

2020-11-22 14:40:07 V/Net 1291517893: Send: OnlinePush.RespPush
2020-11-22 14:40:13 V/Net 1291517893: Send: MessageSvc.PbSendMsg
2020-11-22 14:40:13 V/Net 1291517893: Recv: MessageSvcPbSendMsg.Response.SUCCESS
2020-11-22 14:40:14 V/Net 1291517893: Send: OnlinePush.RespPush
2020-11-22 14:40:14 V/Net 1291517893: Send: OnlinePush.RespPush
2020-11-22 14:40:22 V/Net 1291517893: Send: OnlinePush.RespPush
2020-11-22 14:40:22 V/Net 1291517893: Send: OnlinePush.RespPush
2020-11-22 14:40:24 V/Net 1291517893: Send: Heartbeat.Alive
2020-11-22 14:40:24 V/Net 1291517893: Send: OnlinePush.RespPush
2020-11-22 14:40:24 V/Net 1291517893: Recv: Heartbeat.Alive.Response
2020-11-22 14:40:28 D/Net 1291517893: Received unknown commandName: MessageSvc.PushReaded
2020-11-22 14:40:32 V/Net 1291517893: Send: OnlinePush.RespPush
2020-11-22 14:40:34 V/Net 1291517893: Send: OnlinePush.RespPush
2020-11-22 14:40:42 V/Net 1291517893: Send: OnlinePush.RespPush
2020-11-22 14:41:24 V/Net 1291517893: Send: Heartbeat.Alive
2020-11-22 14:41:24 V/Net 1291517893: Recv: Heartbeat.Alive.Response
2020-11-22 14:41:44 V/Net 1291517893: Send: OnlinePush.RespPush
2020-11-22 14:41:52 D/Net 1291517893: Received unknown commandName: MessageSvc.PushReaded
2020-11-22 14:41:53 V/Net 1291517893: Send: OnlinePush.RespPush
2020-11-22 14:42:24 V/Net 1291517893: Send: Heartbeat.Alive
2020-11-22 14:42:24 V/Net 1291517893: Recv: Heartbeat.Alive.Response
2020-11-22 14:42:58 D/Net 1291517893: unknown group 528 type 0x000000000000004A, data: 08 07 12 90 01 08 01 10 01 18 00 20 00 28 00 30 03 38 00 40 00 4A 7C 5B 7B 22 74 79 70 65 22 3A 22 41 70 70 22 2C 22 69 6E 74 65 72 76 61 6C 22 3A 38 36 34 30 30 2C 22 66 69 6C 74 65 72 22 3A 5B 7B 22 6E 61 6D 65 22 3A 22 61 70 70 6C 69 63 61 74 69 6F 6E 49 6E 66 6F 2E 73 6F 75 72 63 65 44 69 72 22 2C 22 6F 70 22 3A 22 62 65 67 69 6E 73 22 2C 22 76 61 6C 22 3A 22 2F 73 79 73 74 65 6D 2F 22 2C 22 61 63 74 22 3A 22 65 78 63 22 7D 5D 7D 5D 52 00
2020-11-22 14:42:58 V/Net 1291517893: Send: OnlinePush.RespPush
2020-11-22 14:43:06 V/Net 1291517893: Send: OnlinePush.RespPush
2020-11-22 14:43:24 V/Net 1291517893: Send: Heartbeat.Alive
2020-11-22 14:43:24 V/Net 1291517893: Recv: Heartbeat.Alive.Response
2020-11-22 14:44:24 V/Net 1291517893: Send: Heartbeat.Alive
2020-11-22 14:44:24 V/Net 1291517893: Recv: Heartbeat.Alive.Response
2020-11-22 14:45:24 V/Net 1291517893: Send: Heartbeat.Alive
2020-11-22 14:45:24 V/Net 1291517893: Recv: Heartbeat.Alive.Response
2020-11-22 14:46:24 V/Net 1291517893: Send: Heartbeat.Alive
2020-11-22 14:46:24 V/Net 1291517893: Recv: Heartbeat.Alive.Response
2020-11-22 14:47:24 V/Net 1291517893: Send: Heartbeat.Alive
2020-11-22 14:47:24 V/Net 1291517893: Recv: Heartbeat.Alive.Response
2020-11-22 14:48:24 D/Net 1291517893: Received unknown commandName: MessageSvc.PushReaded
2020-11-22 14:48:24 V/Net 1291517893: Send: Heartbeat.Alive
2020-11-22 14:48:24 V/Net 1291517893: Recv: Heartbeat.Alive.Response
2020-11-22 14:48:32 D/Net 1291517893: Received unknown commandName: MessageSvc.PushReaded
2020-11-22 14:48:35 V/Net 1291517893: Recv: net.mamoe.mirai.qqandroid.network.protocol.data.jce.RequestPushNotify@6845146e
2020-11-22 14:48:35 V/Net 1291517893: Send: MessageSvc.PbGetMsg
2020-11-22 14:48:35 V/Net 1291517893: Send: MessageSvc.PbDeleteMsg
2020-11-22 14:48:35 V/Net 1291517893: Send: MessageSvc.PbGetMsg
2020-11-22 14:48:35 V/Net 1291517893: Send: MessageSvc.PbDeleteMsg
2020-11-22 14:48:41 D/Net 1291517893: Received unknown commandName: MessageSvc.PushReaded
2020-11-22 14:48:44 D/Net 1291517893: Received unknown commandName: MessageSvc.PushReaded
2020-11-22 14:48:50 D/Net 1291517893: Received unknown commandName: MessageSvc.PushReaded
2020-11-22 14:48:59 D/Net 1291517893: Received unknown commandName: MessageSvc.PushReaded
2020-11-22 14:49:00 V/Net 1291517893: Send: OnlinePush.RespPush
2020-11-22 14:49:01 D/Net 1291517893: Received unknown commandName: MessageSvc.PushReaded
2020-11-22 14:49:01 V/Net 1291517893: Send: OnlinePush.RespPush
2020-11-22 14:49:08 V/Net 1291517893: Send: OnlinePush.RespPush
2020-11-22 14:49:10 V/Net 1291517893: Send: OnlinePush.RespPush
2020-11-22 14:49:21 D/Net 1291517893: Received unknown commandName: MessageSvc.PushReaded
2020-11-22 14:49:24 V/Net 1291517893: Send: Heartbeat.Alive
2020-11-22 14:49:24 V/Net 1291517893: Recv: Heartbeat.Alive.Response
2020-11-22 14:49:30 V/Net 1291517893: Send: OnlinePush.RespPush
2020-11-22 14:49:38 D/Net 1291517893: Received unknown commandName: MessageSvc.PushReaded
2020-11-22 14:49:38 V/Net 1291517893: Send: OnlinePush.RespPush
2020-11-22 14:50:24 V/Net 1291517893: Send: Heartbeat.Alive
2020-11-22 14:50:24 V/Net 1291517893: Recv: Heartbeat.Alive.Response
2020-11-22 14:50:36 D/Net 1291517893: Received unknown commandName: MessageSvc.PushReaded
2020-11-22 14:51:24 V/Net 1291517893: Send: Heartbeat.Alive
2020-11-22 14:51:24 V/Net 1291517893: Recv: Heartbeat.Alive.Response
2020-11-22 14:51:38 V/Net 1291517893: Send: OnlinePush.RespPush
2020-11-22 14:51:46 V/Net 1291517893: Send: OnlinePush.RespPush
2020-11-22 14:52:24 V/Net 1291517893: Send: Heartbeat.Alive
2020-11-22 14:52:24 V/Net 1291517893: Recv: Heartbeat.Alive.Response
2020-11-22 14:53:24 V/Net 1291517893: Send: Heartbeat.Alive
2020-11-22 14:53:24 V/Net 1291517893: Recv: Heartbeat.Alive.Response
2020-11-22 14:54:24 V/Net 1291517893: Send: Heartbeat.Alive
2020-11-22 14:54:24 V/Net 1291517893: Recv: Heartbeat.Alive.Response
2020-11-22 14:55:24 V/Net 1291517893: Send: Heartbeat.Alive
2020-11-22 14:55:24 V/Net 1291517893: Recv: Heartbeat.Alive.Response
2020-11-22 14:56:24 V/Net 1291517893: Send: Heartbeat.Alive
2020-11-22 14:56:24 V/Net 1291517893: Recv: Heartbeat.Alive.Response
2020-11-22 14:57:24 V/Net 1291517893: Send: Heartbeat.Alive
2020-11-22 14:57:24 V/Net 1291517893: Recv: Heartbeat.Alive.Response
2020-11-22 14:58:24 V/Net 1291517893: Send: Heartbeat.Alive
2020-11-22 14:58:24 V/Net 1291517893: Recv: Heartbeat.Alive.Response
2020-11-22 14:59:24 V/Net 1291517893: Send: Heartbeat.Alive
2020-11-22 14:59:24 V/Net 1291517893: Recv: Heartbeat.Alive.Response
2020-11-22 15:00:24 V/Net 1291517893: Send: Heartbeat.Alive
2020-11-22 15:00:24 V/Net 1291517893: Recv: Heartbeat.Alive.Response
2020-11-22 15:01:24 V/Net 1291517893: Send: Heartbeat.Alive
2020-11-22 15:01:24 V/Net 1291517893: Recv: Heartbeat.Alive.Response
2020-11-22 15:02:24 V/Net 1291517893: Send: Heartbeat.Alive
2020-11-22 15:02:24 V/Net 1291517893: Recv: Heartbeat.Alive.Response
2020-11-22 15:03:24 V/Net 1291517893: Send: Heartbeat.Alive
2020-11-22 15:03:24 V/Net 1291517893: Recv: Heartbeat.Alive.Response
2020-11-22 15:04:24 V/Net 1291517893: Send: Heartbeat.Alive
2020-11-22 15:04:25 V/Net 1291517893: Recv: Heartbeat.Alive.Response
2020-11-22 15:05:22 I/Net 1291517893: Connected to server msfwifi.3g.qq.com:8080
2020-11-22 15:05:22 V/Net 1291517893: Send: wtlogin.login
2020-11-22 15:05:23 V/Net 1291517893: Recv: LoginPacketResponse.Success
2020-11-22 15:05:23 I/Net 1291517893: Login successful
2020-11-22 15:05:28 V/Net 1291517893: Send: StatSvc.register
2020-11-22 15:05:28 V/Net 1291517893: Recv: Response(StatSvc.register)
2020-11-22 15:05:28 I/Net 1291517893: Syncing friend message history...
2020-11-22 15:05:28 V/Net 1291517893: Send: MessageSvc.PbGetMsg
2020-11-22 15:05:28 V/Net 1291517893: Send: MessageSvc.PbDeleteMsg
2020-11-22 15:05:28 I/Net 1291517893: Syncing friend message history: Success
2020-11-22 15:05:31 V/Net 1291517893: Recv: ConfigPushSvc.PushReq.PushReqResponse.Success
2020-11-22 15:05:31 V/Net 1291517893: Send: ConfigPushSvc.PushResp
2020-11-22 15:05:31 D/Net 1291517893: Received unknown commandName: ConfigPushSvc.PushDomain
2020-11-22 15:05:31 V/Net 1291517893: Recv: ConfigPushSvc.PushReq.PushReqResponse.Success
2020-11-22 15:05:31 V/Net 1291517893: Send: ConfigPushSvc.PushResp
2020-11-22 15:06:28 V/Net 1291517893: Send: Heartbeat.Alive
2020-11-22 15:06:28 V/Net 1291517893: Recv: Heartbeat.Alive.Response
2020-11-22 15:07:13 V/Net 1291517893: Send: MessageSvc.PbSendMsg
2020-11-22 15:07:13 V/Net 1291517893: Recv: MessageSvcPbSendMsg.Response.SUCCESS
2020-11-22 15:07:28 V/Net 1291517893: Send: Heartbeat.Alive
2020-11-22 15:07:28 V/Net 1291517893: Recv: Heartbeat.Alive.Response
2020-11-22 15:08:28 V/Net 1291517893: Send: Heartbeat.Alive
2020-11-22 15:08:28 V/Net 1291517893: Recv: Heartbeat.Alive.Response
2020-11-22 15:09:28 V/Net 1291517893: Send: Heartbeat.Alive
2020-11-22 15:09:28 V/Net 1291517893: Recv: Heartbeat.Alive.Response
2020-11-22 15:10:28 V/Net 1291517893: Send: Heartbeat.Alive
2020-11-22 15:10:28 V/Net 1291517893: Recv: Heartbeat.Alive.Response
2020-11-22 15:11:18 V/Net 1291517893: Recv: net.mamoe.mirai.qqandroid.network.protocol.data.jce.RequestPushNotify@60130428
2020-11-22 15:11:18 V/Net 1291517893: Send: MessageSvc.PbGetMsg
2020-11-22 15:11:18 E/Net 1291517893: Exception in NetworkHandler
java.util.NoSuchElementException: member 851432449 not found in group 697418744
	at net.mamoe.mirai.qqandroid.contact.GroupImpl.get(GroupImpl.kt:277)
	at net.mamoe.mirai.qqandroid.network.protocol.packet.chat.receive.OnlinePushPbPushGroupMsg.decode(OnlinePush.PbPushGroupMsg.kt:80)
	at net.mamoe.mirai.qqandroid.network.protocol.packet.KnownPacketFactories.handleIncomingPacket$mirai_core_qqandroid(PacketFactory.kt:501)
	at net.mamoe.mirai.qqandroid.network.protocol.packet.KnownPacketFactories.parseIncomingPacket(PacketFactory.kt:237)
	at net.mamoe.mirai.qqandroid.network.QQAndroidBotNetworkHandler.generifiedParsePacket(QQAndroidBotNetworkHandler.kt:485)
	at net.mamoe.mirai.qqandroid.network.QQAndroidBotNetworkHandler.parsePacket(QQAndroidBotNetworkHandler.kt:480)
	at net.mamoe.mirai.qqandroid.network.QQAndroidBotNetworkHandler$parsePacketAsync$1.invokeSuspend(QQAndroidBotNetworkHandler.kt:463)
	at kotlin.coroutines.jvm.internal.BaseContinuationImpl.resumeWith(ContinuationImpl.kt:33)
	at kotlinx.coroutines.DispatchedTask.run(DispatchedTask.kt:56)
	at kotlinx.coroutines.scheduling.CoroutineScheduler.runSafely(CoroutineScheduler.kt:571)
	at kotlinx.coroutines.scheduling.CoroutineScheduler$Worker.executeTask(CoroutineScheduler.kt:738)
	at kotlinx.coroutines.scheduling.CoroutineScheduler$Worker.runWorker(CoroutineScheduler.kt:678)
	at kotlinx.coroutines.scheduling.CoroutineScheduler$Worker.run(CoroutineScheduler.kt:665)

2020-11-22 15:11:18 V/Net 1291517893: Send: MessageSvc.PbDeleteMsg
2020-11-22 15:11:18 V/Net 1291517893: Send: MessageSvc.PbGetMsg
2020-11-22 15:11:18 V/Net 1291517893: Send: MessageSvc.PbDeleteMsg
2020-11-22 15:11:18 D/Net 1291517893: Received unknown commandName: MessageSvc.PushReaded
2020-11-22 15:11:28 V/Net 1291517893: Send: Heartbeat.Alive
2020-11-22 15:11:28 V/Net 1291517893: Recv: Heartbeat.Alive.Response
2020-11-22 15:12:28 V/Net 1291517893: Send: Heartbeat.Alive
2020-11-22 15:12:28 V/Net 1291517893: Recv: Heartbeat.Alive.Response
2020-11-22 15:13:10 V/Net 1291517893: Send: OnlinePush.RespPush
2020-11-22 15:13:18 V/Net 1291517893: Send: OnlinePush.RespPush
2020-11-22 15:13:28 V/Net 1291517893: Send: Heartbeat.Alive
2020-11-22 15:13:28 V/Net 1291517893: Recv: Heartbeat.Alive.Response
2020-11-22 15:13:55 V/Net 1291517893: Send: OnlinePush.RespPush
2020-11-22 15:14:04 V/Net 1291517893: Send: OnlinePush.RespPush
2020-11-22 15:14:27 V/Net 1291517893: Send: OnlinePush.RespPush
2020-11-22 15:14:28 V/Net 1291517893: Send: Heartbeat.Alive
2020-11-22 15:14:28 V/Net 1291517893: Recv: Heartbeat.Alive.Response
2020-11-22 15:14:35 V/Net 1291517893: Send: OnlinePush.RespPush
2020-11-22 15:14:45 V/Net 1291517893: Send: MessageSvc.PbSendMsg
2020-11-22 15:14:45 V/Net 1291517893: Recv: MessageSvcPbSendMsg.Response.SUCCESS
2020-11-22 15:14:50 V/Net 1291517893: Send: MessageSvc.PbSendMsg
2020-11-22 15:14:50 V/Net 1291517893: Recv: MessageSvcPbSendMsg.Response.SUCCESS
2020-11-22 15:14:51 V/Net 1291517893: Send: MessageSvc.PbSendMsg
2020-11-22 15:14:51 V/Net 1291517893: Recv: MessageSvcPbSendMsg.Response.SUCCESS
2020-11-22 15:15:28 V/Net 1291517893: Send: Heartbeat.Alive
2020-11-22 15:15:28 V/Net 1291517893: Recv: Heartbeat.Alive.Response
2020-11-22 15:16:28 V/Net 1291517893: Send: Heartbeat.Alive
2020-11-22 15:16:28 V/Net 1291517893: Recv: Heartbeat.Alive.Response
2020-11-22 15:17:28 V/Net 1291517893: Send: Heartbeat.Alive
2020-11-22 15:17:29 V/Net 1291517893: Recv: Heartbeat.Alive.Response
2020-11-22 15:18:29 V/Net 1291517893: Send: Heartbeat.Alive
2020-11-22 15:18:29 V/Net 1291517893: Recv: Heartbeat.Alive.Response
2020-11-22 15:19:29 V/Net 1291517893: Send: Heartbeat.Alive
2020-11-22 15:19:29 V/Net 1291517893: Recv: Heartbeat.Alive.Response
2020-11-22 15:20:05 V/Net 1291517893: Send: OnlinePush.RespPush
2020-11-22 15:20:13 V/Net 1291517893: Send: OnlinePush.RespPush
2020-11-22 15:20:29 V/Net 1291517893: Send: Heartbeat.Alive
2020-11-22 15:20:29 V/Net 1291517893: Recv: Heartbeat.Alive.Response
2020-11-22 15:21:29 V/Net 1291517893: Send: Heartbeat.Alive
2020-11-22 15:21:29 V/Net 1291517893: Recv: Heartbeat.Alive.Response
2020-11-22 15:22:29 V/Net 1291517893: Send: Heartbeat.Alive
2020-11-22 15:22:29 V/Net 1291517893: Recv: Heartbeat.Alive.Response
2020-11-22 15:23:29 V/Net 1291517893: Send: Heartbeat.Alive
2020-11-22 15:23:29 V/Net 1291517893: Recv: Heartbeat.Alive.Response
2020-11-22 15:24:29 V/Net 1291517893: Send: Heartbeat.Alive
2020-11-22 15:24:29 V/Net 1291517893: Recv: Heartbeat.Alive.Response
2020-11-22 15:25:29 V/Net 1291517893: Send: Heartbeat.Alive
2020-11-22 15:25:30 V/Net 1291517893: Recv: Heartbeat.Alive.Response
2020-11-22 15:26:30 V/Net 1291517893: Send: Heartbeat.Alive
2020-11-22 15:26:30 V/Net 1291517893: Recv: Heartbeat.Alive.Response
2020-11-22 15:27:30 V/Net 1291517893: Send: Heartbeat.Alive
2020-11-22 15:27:30 V/Net 1291517893: Recv: Heartbeat.Alive.Response
2020-11-22 15:28:30 V/Net 1291517893: Send: Heartbeat.Alive
2020-11-22 15:28:30 V/Net 1291517893: Recv: Heartbeat.Alive.Response
2020-11-22 15:29:30 V/Net 1291517893: Send: Heartbeat.Alive
2020-11-22 15:29:30 V/Net 1291517893: Recv: Heartbeat.Alive.Response
2020-11-22 15:30:30 V/Net 1291517893: Send: Heartbeat.Alive
2020-11-22 15:30:30 V/Net 1291517893: Recv: Heartbeat.Alive.Response
2020-11-22 15:31:30 V/Net 1291517893: Send: Heartbeat.Alive
2020-11-22 15:31:30 V/Net 1291517893: Recv: Heartbeat.Alive.Response
2020-11-22 15:31:31 I/Net 1291517893: Connected to server 42.81.169.46:8080
2020-11-22 15:31:31 V/Net 1291517893: Send: wtlogin.login
2020-11-22 15:31:31 V/Net 1291517893: Recv: LoginPacketResponse.Success
2020-11-22 15:31:31 I/Net 1291517893: Login successful
2020-11-22 15:31:36 V/Net 1291517893: Send: StatSvc.register
2020-11-22 15:31:37 V/Net 1291517893: Recv: Response(StatSvc.register)
2020-11-22 15:31:37 I/Net 1291517893: Syncing friend message history...
2020-11-22 15:31:37 V/Net 1291517893: Send: MessageSvc.PbGetMsg
2020-11-22 15:31:37 V/Net 1291517893: Send: MessageSvc.PbDeleteMsg
2020-11-22 15:31:37 I/Net 1291517893: Syncing friend message history: Success
2020-11-22 15:31:40 V/Net 1291517893: Recv: ConfigPushSvc.PushReq.PushReqResponse.Success
2020-11-22 15:31:40 V/Net 1291517893: Send: ConfigPushSvc.PushResp
2020-11-22 15:31:40 D/Net 1291517893: Received unknown commandName: ConfigPushSvc.PushDomain
2020-11-22 15:31:40 V/Net 1291517893: Recv: ConfigPushSvc.PushReq.PushReqResponse.Success
2020-11-22 15:31:40 V/Net 1291517893: Send: ConfigPushSvc.PushResp
2020-11-22 15:32:37 V/Net 1291517893: Send: Heartbeat.Alive
2020-11-22 15:32:37 V/Net 1291517893: Recv: Heartbeat.Alive.Response
2020-11-22 15:32:44 V/Net 1291517893: Send: OnlinePush.RespPush
2020-11-22 15:32:52 V/Net 1291517893: Send: OnlinePush.RespPush
2020-11-22 15:33:37 V/Net 1291517893: Send: Heartbeat.Alive
2020-11-22 15:33:37 V/Net 1291517893: Recv: Heartbeat.Alive.Response
2020-11-22 15:34:37 V/Net 1291517893: Send: Heartbeat.Alive
2020-11-22 15:34:37 V/Net 1291517893: Recv: Heartbeat.Alive.Response
2020-11-22 15:35:37 V/Net 1291517893: Send: Heartbeat.Alive
2020-11-22 15:35:37 V/Net 1291517893: Recv: Heartbeat.Alive.Response
2020-11-22 15:36:37 V/Net 1291517893: Send: Heartbeat.Alive
2020-11-22 15:36:37 V/Net 1291517893: Recv: Heartbeat.Alive.Response
2020-11-22 15:37:37 V/Net 1291517893: Send: Heartbeat.Alive
2020-11-22 15:37:37 V/Net 1291517893: Recv: Heartbeat.Alive.Response
2020-11-22 15:38:37 V/Net 1291517893: Send: Heartbeat.Alive
2020-11-22 15:38:37 V/Net 1291517893: Recv: Heartbeat.Alive.Response
2020-11-22 15:39:37 V/Net 1291517893: Send: Heartbeat.Alive
2020-11-22 15:39:37 V/Net 1291517893: Recv: Heartbeat.Alive.Response
2020-11-22 15:40:37 V/Net 1291517893: Send: Heartbeat.Alive
2020-11-22 15:40:37 V/Net 1291517893: Recv: Heartbeat.Alive.Response
2020-11-22 15:41:37 V/Net 1291517893: Send: Heartbeat.Alive
2020-11-22 15:41:37 V/Net 1291517893: Recv: Heartbeat.Alive.Response
2020-11-22 15:42:37 V/Net 1291517893: Send: Heartbeat.Alive
2020-11-22 15:42:37 V/Net 1291517893: Recv: Heartbeat.Alive.Response
2020-11-22 15:43:37 V/Net 1291517893: Send: Heartbeat.Alive
2020-11-22 15:43:37 V/Net 1291517893: Recv: Heartbeat.Alive.Response
2020-11-22 15:44:37 V/Net 1291517893: Send: Heartbeat.Alive
2020-11-22 15:44:37 V/Net 1291517893: Recv: Heartbeat.Alive.Response
2020-11-22 15:45:37 V/Net 1291517893: Send: Heartbeat.Alive
2020-11-22 15:45:37 V/Net 1291517893: Recv: Heartbeat.Alive.Response
2020-11-22 15:46:37 V/Net 1291517893: Send: Heartbeat.Alive
2020-11-22 15:46:37 V/Net 1291517893: Recv: Heartbeat.Alive.Response
2020-11-22 18:10:00 V/Net 1291517893: Send: Heartbeat.Alive
2020-11-22 18:10:05 V/Net 1291517893: Send: Heartbeat.Alive
2020-11-22 18:10:10 V/Net 1291517893: Send: Heartbeat.Alive
2020-11-22 18:10:15 V/Net 1291517893: Send: Heartbeat.Alive
2020-11-22 18:10:20 V/Net 1291517893: Send: Heartbeat.Alive
2020-11-22 18:10:25 V/Net 1291517893: Send: Heartbeat.Alive
2020-11-22 18:10:35 W/Net 1291517893: No route to host (Mostly due to no Internet connection). Retrying in 3s...
2020-11-22 18:10:38 W/Net 1291517893: No route to host (Mostly due to no Internet connection). Retrying in 3s...
2020-11-22 18:10:41 W/Net 1291517893: No route to host (Mostly due to no Internet connection). Retrying in 3s...
2020-11-22 18:10:44 W/Net 1291517893: No route to host (Mostly due to no Internet connection). Retrying in 3s...
2020-11-22 18:10:47 W/Net 1291517893: No route to host (Mostly due to no Internet connection). Retrying in 3s...
2020-11-22 18:10:50 W/Net 1291517893: No route to host (Mostly due to no Internet connection). Retrying in 3s...
2020-11-22 18:10:53 W/Net 1291517893: No route to host (Mostly due to no Internet connection). Retrying in 3s...
2020-11-22 18:10:56 W/Net 1291517893: No route to host (Mostly due to no Internet connection). Retrying in 3s...
2020-11-22 18:10:59 W/Net 1291517893: No route to host (Mostly due to no Internet connection). Retrying in 3s...
2020-11-22 18:11:02 W/Net 1291517893: No route to host (Mostly due to no Internet connection). Retrying in 3s...
2020-11-22 18:11:05 W/Net 1291517893: No route to host (Mostly due to no Internet connection). Retrying in 3s...
2020-11-22 18:11:08 W/Net 1291517893: No route to host (Mostly due to no Internet connection). Retrying in 3s...
2020-11-22 18:11:11 W/Net 1291517893: No route to host (Mostly due to no Internet connection). Retrying in 3s...
2020-11-22 18:11:14 W/Net 1291517893: No route to host (Mostly due to no Internet connection). Retrying in 3s...
2020-11-22 18:11:17 W/Net 1291517893: No route to host (Mostly due to no Internet connection). Retrying in 3s...
2020-11-22 18:11:20 I/Net 1291517893: Connected to server 42.81.172.81:80
2020-11-22 18:11:20 V/Net 1291517893: Send: wtlogin.login
2020-11-22 18:11:20 V/Net 1291517893: Recv: LoginPacketResponse.Success
2020-11-22 18:11:20 I/Net 1291517893: Login successful
2020-11-22 18:11:21 V/Net 1291517893: Send: StatSvc.register
2020-11-22 18:11:21 V/Net 1291517893: Recv: Response(StatSvc.register)
2020-11-22 18:11:21 I/Net 1291517893: Syncing friend message history...
2020-11-22 18:11:21 V/Net 1291517893: Send: MessageSvc.PbGetMsg
2020-11-22 18:11:21 I/Net 1291517893: Syncing friend message history...
2020-11-22 18:11:21 V/Net 1291517893: Send: MessageSvc.PbGetMsg
2020-11-22 18:11:21 V/Net 1291517893: Send: MessageSvc.PbDeleteMsg
2020-11-22 18:11:21 I/Net 1291517893: Syncing friend message history: Success
2020-11-22 18:11:22 V/Net 1291517893: Send: MessageSvc.PbDeleteMsg
2020-11-22 18:11:22 I/Net 1291517893: Syncing friend message history: Success
2020-11-22 18:11:24 V/Net 1291517893: Recv: ConfigPushSvc.PushReq.PushReqResponse.Success
2020-11-22 18:11:24 V/Net 1291517893: Send: ConfigPushSvc.PushResp
2020-11-22 18:11:24 D/Net 1291517893: Received unknown commandName: ConfigPushSvc.PushDomain
2020-11-22 18:11:24 V/Net 1291517893: Recv: ConfigPushSvc.PushReq.PushReqResponse.Success
2020-11-22 18:11:24 V/Net 1291517893: Send: ConfigPushSvc.PushResp
2020-11-22 18:12:21 V/Net 1291517893: Send: Heartbeat.Alive
2020-11-22 18:12:21 V/Net 1291517893: Recv: Heartbeat.Alive.Response
2020-11-22 18:13:21 V/Net 1291517893: Send: Heartbeat.Alive
2020-11-22 18:13:21 V/Net 1291517893: Recv: Heartbeat.Alive.Response
2020-11-22 18:14:21 V/Net 1291517893: Send: Heartbeat.Alive
2020-11-22 18:14:21 V/Net 1291517893: Recv: Heartbeat.Alive.Response
2020-11-22 18:14:46 V/Net 1291517893: Send: MessageSvc.PbSendMsg
2020-11-22 18:14:46 V/Net 1291517893: Recv: MessageSvcPbSendMsg.Response.SUCCESS
2020-11-22 18:14:53 V/Net 1291517893: Send: MessageSvc.PbSendMsg
2020-11-22 18:14:53 V/Net 1291517893: Recv: MessageSvcPbSendMsg.Response.SUCCESS
2020-11-22 18:14:54 V/Net 1291517893: Send: MessageSvc.PbSendMsg
2020-11-22 18:14:54 V/Net 1291517893: Recv: MessageSvcPbSendMsg.Response.SUCCESS
2020-11-22 18:14:57 V/Net 1291517893: Send: MessageSvc.PbSendMsg
2020-11-22 18:14:57 V/Net 1291517893: Recv: MessageSvcPbSendMsg.Response.SUCCESS
2020-11-22 18:15:21 V/Net 1291517893: Send: Heartbeat.Alive
2020-11-22 18:15:22 V/Net 1291517893: Recv: Heartbeat.Alive.Response
2020-11-22 18:16:22 V/Net 1291517893: Send: Heartbeat.Alive
2020-11-22 18:16:22 V/Net 1291517893: Recv: Heartbeat.Alive.Response
2020-11-22 18:16:31 V/Net 1291517893: Send: MessageSvc.PbSendMsg
2020-11-22 18:16:31 V/Net 1291517893: Recv: MessageSvcPbSendMsg.Response.SUCCESS
2020-11-22 18:17:22 V/Net 1291517893: Send: Heartbeat.Alive
2020-11-22 18:17:23 V/Net 1291517893: Recv: Heartbeat.Alive.Response
2020-11-22 18:18:23 V/Net 1291517893: Send: Heartbeat.Alive
2020-11-22 18:18:23 V/Net 1291517893: Recv: Heartbeat.Alive.Response
2020-11-22 18:19:23 V/Net 1291517893: Send: Heartbeat.Alive
2020-11-22 18:19:23 V/Net 1291517893: Recv: Heartbeat.Alive.Response
2020-11-22 18:20:23 V/Net 1291517893: Send: Heartbeat.Alive
2020-11-22 18:20:28 V/Net 1291517893: Send: Heartbeat.Alive
2020-11-22 18:20:33 V/Net 1291517893: Send: Heartbeat.Alive
2020-11-22 18:20:38 V/Net 1291517893: Send: Heartbeat.Alive
2020-11-22 18:20:43 V/Net 1291517893: Send: Heartbeat.Alive
2020-11-22 18:20:48 V/Net 1291517893: Send: Heartbeat.Alive
2020-11-22 18:20:58 W/Net 1291517893: No route to host (Mostly due to no Internet connection). Retrying in 3s...
2020-11-22 18:21:01 I/Net 1291517893: Connected to server 42.81.172.147:443
2020-11-22 18:21:01 V/Net 1291517893: Send: wtlogin.login
2020-11-22 18:21:01 V/Net 1291517893: Recv: LoginPacketResponse.Success
2020-11-22 18:21:01 I/Net 1291517893: Login successful
2020-11-22 18:21:01 V/Net 1291517893: Send: StatSvc.register
2020-11-22 18:21:01 V/Net 1291517893: Recv: Response(StatSvc.register)
2020-11-22 18:21:01 I/Net 1291517893: Syncing friend message history...
2020-11-22 18:21:01 I/Net 1291517893: Syncing friend message history...
2020-11-22 18:21:01 V/Net 1291517893: Send: MessageSvc.PbGetMsg
2020-11-22 18:21:01 V/Net 1291517893: Send: MessageSvc.PbGetMsg
2020-11-22 18:21:02 I/Net 1291517893: Syncing friend message history: Success
2020-11-22 18:21:02 I/Net 1291517893: Syncing friend message history: Success
2020-11-22 18:21:04 V/Net 1291517893: Recv: ConfigPushSvc.PushReq.PushReqResponse.Success
2020-11-22 18:21:04 V/Net 1291517893: Send: ConfigPushSvc.PushResp
2020-11-22 18:21:05 D/Net 1291517893: Received unknown commandName: ConfigPushSvc.PushDomain
2020-11-22 18:21:05 V/Net 1291517893: Recv: ConfigPushSvc.PushReq.PushReqResponse.Success
2020-11-22 18:21:05 V/Net 1291517893: Send: ConfigPushSvc.PushResp
2020-11-22 18:22:01 V/Net 1291517893: Send: Heartbeat.Alive
2020-11-22 18:22:02 V/Net 1291517893: Recv: Heartbeat.Alive.Response
2020-11-22 18:23:02 V/Net 1291517893: Send: Heartbeat.Alive
2020-11-22 18:23:02 V/Net 1291517893: Recv: Heartbeat.Alive.Response
2020-11-22 18:24:02 V/Net 1291517893: Send: Heartbeat.Alive
2020-11-22 18:24:02 V/Net 1291517893: Recv: Heartbeat.Alive.Response
2020-11-22 18:25:02 V/Net 1291517893: Send: Heartbeat.Alive
2020-11-22 18:25:02 V/Net 1291517893: Recv: Heartbeat.Alive.Response
2020-11-22 18:26:02 V/Net 1291517893: Send: Heartbeat.Alive
2020-11-22 18:26:02 V/Net 1291517893: Recv: Heartbeat.Alive.Response
2020-11-22 18:27:02 V/Net 1291517893: Send: Heartbeat.Alive
2020-11-22 18:27:02 V/Net 1291517893: Recv: Heartbeat.Alive.Response
2020-11-22 18:28:02 V/Net 1291517893: Send: Heartbeat.Alive
2020-11-22 18:28:02 V/Net 1291517893: Recv: Heartbeat.Alive.Response
2020-11-22 18:29:02 V/Net 1291517893: Send: Heartbeat.Alive
2020-11-22 18:29:02 V/Net 1291517893: Recv: Heartbeat.Alive.Response
2020-11-22 18:30:02 V/Net 1291517893: Send: Heartbeat.Alive
2020-11-22 18:30:02 V/Net 1291517893: Recv: Heartbeat.Alive.Response
2020-11-22 18:31:02 V/Net 1291517893: Send: Heartbeat.Alive
2020-11-22 18:31:07 V/Net 1291517893: Send: Heartbeat.Alive
2020-11-22 18:31:12 V/Net 1291517893: Send: Heartbeat.Alive
2020-11-22 18:31:17 V/Net 1291517893: Send: Heartbeat.Alive
2020-11-22 18:31:22 V/Net 1291517893: Send: Heartbeat.Alive
2020-11-22 18:31:27 V/Net 1291517893: Send: Heartbeat.Alive
2020-11-22 18:31:57 I/Net 1291517893: Connected to server 114.221.144.215:80
2020-11-22 18:31:57 V/Net 1291517893: Send: wtlogin.login
2020-11-22 18:32:02 V/Net 1291517893: Send: wtlogin.login
2020-11-22 18:32:07 V/Net 1291517893: Send: wtlogin.login
2020-11-22 18:32:13 I/Net 1291517893: Connected to server 42.81.172.22:80
2020-11-22 18:32:13 V/Net 1291517893: Send: wtlogin.login
2020-11-22 18:32:13 V/Net 1291517893: Recv: LoginPacketResponse.Success
2020-11-22 18:32:13 I/Net 1291517893: Login successful
2020-11-22 18:32:13 V/Net 1291517893: Send: StatSvc.register
2020-11-22 18:32:13 V/Net 1291517893: Recv: Response(StatSvc.register)
2020-11-22 18:32:13 I/Net 1291517893: Syncing friend message history...
2020-11-22 18:32:13 I/Net 1291517893: Syncing friend message history...
2020-11-22 18:32:13 I/Net 1291517893: Syncing friend message history...
2020-11-22 18:32:13 V/Net 1291517893: Send: MessageSvc.PbGetMsg
2020-11-22 18:32:13 V/Net 1291517893: Send: MessageSvc.PbGetMsg
2020-11-22 18:32:13 V/Net 1291517893: Send: MessageSvc.PbGetMsg
2020-11-22 18:32:14 I/Net 1291517893: Syncing friend message history: Success
2020-11-22 18:32:14 I/Net 1291517893: Syncing friend message history: Success
2020-11-22 18:32:14 I/Net 1291517893: Syncing friend message history: Success
2020-11-22 18:32:16 D/Net 1291517893: Received unknown commandName: ConfigPushSvc.PushDomain
2020-11-22 18:32:16 V/Net 1291517893: Recv: ConfigPushSvc.PushReq.PushReqResponse.Success
2020-11-22 18:32:16 V/Net 1291517893: Send: ConfigPushSvc.PushResp
2020-11-22 18:32:16 V/Net 1291517893: Recv: ConfigPushSvc.PushReq.PushReqResponse.Success
2020-11-22 18:32:16 V/Net 1291517893: Send: ConfigPushSvc.PushResp
2020-11-22 18:33:13 V/Net 1291517893: Send: Heartbeat.Alive
2020-11-22 18:33:13 V/Net 1291517893: Recv: Heartbeat.Alive.Response
2020-11-22 18:34:13 V/Net 1291517893: Send: Heartbeat.Alive
2020-11-22 18:34:14 V/Net 1291517893: Recv: Heartbeat.Alive.Response
2020-11-22 18:35:14 V/Net 1291517893: Send: Heartbeat.Alive
2020-11-22 18:35:14 V/Net 1291517893: Recv: Heartbeat.Alive.Response
2020-11-22 18:36:14 V/Net 1291517893: Send: Heartbeat.Alive
2020-11-22 18:36:14 V/Net 1291517893: Recv: Heartbeat.Alive.Response
2020-11-22 18:37:14 V/Net 1291517893: Send: Heartbeat.Alive
2020-11-22 18:37:14 V/Net 1291517893: Recv: Heartbeat.Alive.Response
2020-11-22 18:38:14 V/Net 1291517893: Send: Heartbeat.Alive
2020-11-22 18:38:14 V/Net 1291517893: Recv: Heartbeat.Alive.Response
2020-11-22 18:39:14 V/Net 1291517893: Send: Heartbeat.Alive
2020-11-22 18:39:15 V/Net 1291517893: Recv: Heartbeat.Alive.Response
2020-11-22 18:40:15 V/Net 1291517893: Send: Heartbeat.Alive
2020-11-22 18:40:15 V/Net 1291517893: Recv: Heartbeat.Alive.Response
2020-11-22 18:41:15 V/Net 1291517893: Send: Heartbeat.Alive
2020-11-22 18:41:15 V/Net 1291517893: Recv: Heartbeat.Alive.Response
2020-11-22 18:42:15 V/Net 1291517893: Send: Heartbeat.Alive
2020-11-22 18:42:20 V/Net 1291517893: Send: Heartbeat.Alive
2020-11-22 18:42:25 V/Net 1291517893: Send: Heartbeat.Alive
2020-11-22 18:42:30 V/Net 1291517893: Send: Heartbeat.Alive
2020-11-22 18:42:35 V/Net 1291517893: Send: Heartbeat.Alive
2020-11-22 18:42:40 V/Net 1291517893: Send: Heartbeat.Alive
2020-11-22 18:42:47 V/Net 1291517893: Recv: Heartbeat.Alive.Response
2020-11-22 18:42:47 V/Net 1291517893: Recv: Heartbeat.Alive.Response
2020-11-22 18:42:47 V/Net 1291517893: Recv: Heartbeat.Alive.Response
2020-11-22 18:42:47 V/Net 1291517893: Recv: Heartbeat.Alive.Response
2020-11-22 18:42:47 V/Net 1291517893: Recv: Heartbeat.Alive.Response
2020-11-22 18:42:47 V/Net 1291517893: Recv: Heartbeat.Alive.Response
2020-11-22 21:41:17 I/Net 1291517893: Connected to server 42.81.169.46:8080
2020-11-22 21:41:17 V/Net 1291517893: Send: wtlogin.login
2020-11-22 21:41:17 V/Net 1291517893: Recv: LoginPacketResponse.Success
2020-11-22 21:41:17 I/Net 1291517893: Login successful
2020-11-22 21:41:17 V/Net 1291517893: Send: StatSvc.register
2020-11-22 21:41:17 V/Net 1291517893: Recv: Response(StatSvc.register)
2020-11-22 21:41:17 I/Net 1291517893: 开始加载好友信息
2020-11-22 21:41:17 I/Net 1291517893: 开始加载群组列表与群成员列表
2020-11-22 21:41:17 V/Net 1291517893: Send: friendlist.getFriendGroupList
2020-11-22 21:41:17 V/Net 1291517893: Send: friendlist.GetTroopListReqV2
2020-11-22 21:41:18 V/Net 1291517893: Recv: FriendList.GetFriendGroupList.Response
2020-11-22 21:41:18 V/Net 1291517893: 正在加载好友列表 3/3
2020-11-22 21:41:18 I/Net 1291517893: 好友列表加载完成, 共 3个
2020-11-22 21:41:18 V/Net 1291517893: Recv: FriendList.GetFriendGroupList.Response
2020-11-22 21:41:18 V/Net 1291517893: Send: OidbSvc.0x88d_7
2020-11-22 21:41:18 V/Net 1291517893: Send: OidbSvc.0x88d_7
2020-11-22 21:41:18 V/Net 1291517893: Send: OidbSvc.0x88d_7
2020-11-22 21:41:18 V/Net 1291517893: Send: OidbSvc.0x88d_7
2020-11-22 21:41:18 V/Net 1291517893: Send: OidbSvc.0x88d_7
2020-11-22 21:41:18 V/Net 1291517893: Send: friendlist.GetTroopMemberListReq
2020-11-22 21:41:18 V/Net 1291517893: Send: friendlist.GetTroopMemberListReq
2020-11-22 21:41:18 V/Net 1291517893: Send: friendlist.GetTroopMemberListReq
2020-11-22 21:41:18 V/Net 1291517893: Send: friendlist.GetTroopMemberListReq
2020-11-22 21:41:18 V/Net 1291517893: Send: friendlist.GetTroopMemberListReq
2020-11-22 21:41:18 V/Net 1291517893: Recv: FriendList.GetTroopMemberList.Response
2020-11-22 21:41:18 V/Net 1291517893: Recv: FriendList.GetTroopMemberList.Response
2020-11-22 21:41:18 V/Net 1291517893: Recv: FriendList.GetTroopMemberList.Response
2020-11-22 21:41:18 V/Net 1291517893: Send: friendlist.GetTroopMemberListReq
2020-11-22 21:41:18 V/Net 1291517893: Recv: FriendList.GetTroopMemberList.Response
2020-11-22 21:41:18 V/Net 1291517893: Recv: FriendList.GetTroopMemberList.Response
2020-11-22 21:41:18 V/Net 1291517893: Send: friendlist.GetTroopMemberListReq
2020-11-22 21:41:19 V/Net 1291517893: Recv: FriendList.GetTroopMemberList.Response
2020-11-22 21:41:19 V/Net 1291517893: Recv: FriendList.GetTroopMemberList.Response
2020-11-22 21:41:19 I/Net 1291517893: 群组列表与群成员加载完成, 共 5个
2020-11-22 21:41:19 I/Net 1291517893: Awaiting ConfigPushSvc.PushReq
2020-11-22 21:41:19 I/Net 1291517893: Syncing friend message history...
2020-11-22 21:41:19 V/Net 1291517893: Send: MessageSvc.PbGetMsg
2020-11-22 21:41:19 V/Net 1291517893: Send: MessageSvc.PbDeleteMsg
2020-11-22 21:41:19 V/Net 1291517893: Send: MessageSvc.PbGetMsg
2020-11-22 21:41:19 V/Net 1291517893: Send: MessageSvc.PbDeleteMsg
2020-11-22 21:41:19 I/Net 1291517893: Syncing friend message history: Success
2020-11-22 21:41:20 V/Net 1291517893: Recv: ConfigPushSvc.PushReq.PushReqResponse.Success
2020-11-22 21:41:21 V/Net 1291517893: Send: ConfigPushSvc.PushResp
2020-11-22 21:41:21 I/Net 1291517893: ConfigPushSvc.PushReq: Success
2020-11-22 21:41:21 D/Net 1291517893: Received unknown commandName: ConfigPushSvc.PushDomain
2020-11-22 21:41:21 V/Net 1291517893: Recv: ConfigPushSvc.PushReq.PushReqResponse.Success
2020-11-22 21:41:21 V/Net 1291517893: Send: ConfigPushSvc.PushResp
2020-11-22 21:41:33 V/Net 1291517893: Send: MessageSvc.PbSendMsg
2020-11-22 21:41:33 V/Net 1291517893: Recv: MessageSvcPbSendMsg.Response.SUCCESS
2020-11-22 21:41:50 V/Net 1291517893: Send: OnlinePush.RespPush
2020-11-22 21:41:58 V/Net 1291517893: Send: OnlinePush.RespPush
2020-11-22 21:42:17 V/Net 1291517893: Send: Heartbeat.Alive
2020-11-22 21:42:18 V/Net 1291517893: Recv: Heartbeat.Alive.Response
2020-11-22 21:43:18 V/Net 1291517893: Send: Heartbeat.Alive
2020-11-22 21:43:18 V/Net 1291517893: Recv: Heartbeat.Alive.Response
2020-11-22 21:44:18 V/Net 1291517893: Send: Heartbeat.Alive
2020-11-22 21:44:18 V/Net 1291517893: Recv: Heartbeat.Alive.Response
2020-11-22 21:45:18 V/Net 1291517893: Send: Heartbeat.Alive
2020-11-22 21:45:18 V/Net 1291517893: Recv: Heartbeat.Alive.Response
2020-11-22 21:46:18 V/Net 1291517893: Send: Heartbeat.Alive
2020-11-22 21:46:18 V/Net 1291517893: Recv: Heartbeat.Alive.Response
2020-11-22 21:47:18 V/Net 1291517893: Send: Heartbeat.Alive
2020-11-22 21:47:18 V/Net 1291517893: Recv: Heartbeat.Alive.Response
2020-11-22 21:48:18 V/Net 1291517893: Send: Heartbeat.Alive
2020-11-22 21:48:18 V/Net 1291517893: Recv: Heartbeat.Alive.Response
2020-11-22 21:49:18 V/Net 1291517893: Send: Heartbeat.Alive
2020-11-22 21:49:18 V/Net 1291517893: Recv: Heartbeat.Alive.Response
2020-11-22 21:50:18 V/Net 1291517893: Send: Heartbeat.Alive
2020-11-22 21:50:18 V/Net 1291517893: Recv: Heartbeat.Alive.Response
2020-11-22 21:51:18 V/Net 1291517893: Send: Heartbeat.Alive
2020-11-22 21:51:19 V/Net 1291517893: Recv: Heartbeat.Alive.Response
2020-11-22 21:52:19 V/Net 1291517893: Send: Heartbeat.Alive
2020-11-22 21:52:19 V/Net 1291517893: Recv: Heartbeat.Alive.Response
2020-11-22 21:53:19 V/Net 1291517893: Send: Heartbeat.Alive
2020-11-22 21:53:19 V/Net 1291517893: Recv: Heartbeat.Alive.Response
2020-11-22 21:54:19 V/Net 1291517893: Send: Heartbeat.Alive
2020-11-22 21:54:19 V/Net 1291517893: Recv: Heartbeat.Alive.Response
2020-11-22 21:55:19 V/Net 1291517893: Send: Heartbeat.Alive
2020-11-22 21:55:19 V/Net 1291517893: Recv: Heartbeat.Alive.Response
2020-11-22 21:56:19 V/Net 1291517893: Send: Heartbeat.Alive
2020-11-22 21:56:20 V/Net 1291517893: Recv: Heartbeat.Alive.Response
2020-11-22 21:57:20 V/Net 1291517893: Send: Heartbeat.Alive
2020-11-22 21:57:20 V/Net 1291517893: Recv: Heartbeat.Alive.Response
2020-11-22 21:58:03 I/Net 1291517893: Connected to server 42.81.172.81:80
2020-11-22 21:58:03 V/Net 1291517893: Send: wtlogin.login
2020-11-22 21:58:03 V/Net 1291517893: Recv: LoginPacketResponse.Success
2020-11-22 21:58:03 I/Net 1291517893: Login successful
2020-11-22 21:58:03 V/Net 1291517893: Send: StatSvc.register
2020-11-22 21:58:03 V/Net 1291517893: Recv: Response(StatSvc.register)
2020-11-22 21:58:03 I/Net 1291517893: Syncing friend message history...
2020-11-22 21:58:03 V/Net 1291517893: Send: MessageSvc.PbGetMsg
2020-11-22 21:58:03 V/Net 1291517893: Send: MessageSvc.PbDeleteMsg
2020-11-22 21:58:03 I/Net 1291517893: Syncing friend message history: Success
2020-11-22 21:58:06 D/Net 1291517893: Received unknown commandName: ConfigPushSvc.PushDomain
2020-11-22 21:58:06 V/Net 1291517893: Recv: ConfigPushSvc.PushReq.PushReqResponse.Success
2020-11-22 21:58:06 V/Net 1291517893: Send: ConfigPushSvc.PushResp
2020-11-22 21:58:06 V/Net 1291517893: Recv: ConfigPushSvc.PushReq.PushReqResponse.Success
2020-11-22 21:58:06 V/Net 1291517893: Send: ConfigPushSvc.PushResp
2020-11-22 21:59:03 V/Net 1291517893: Send: Heartbeat.Alive
2020-11-22 21:59:03 V/Net 1291517893: Recv: Heartbeat.Alive.Response
2020-11-22 22:00:03 V/Net 1291517893: Send: Heartbeat.Alive
2020-11-22 22:00:03 V/Net 1291517893: Recv: Heartbeat.Alive.Response
2020-11-22 22:01:03 V/Net 1291517893: Send: Heartbeat.Alive
2020-11-22 22:01:03 V/Net 1291517893: Recv: Heartbeat.Alive.Response
2020-11-22 22:02:03 V/Net 1291517893: Send: Heartbeat.Alive
2020-11-22 22:02:04 V/Net 1291517893: Recv: Heartbeat.Alive.Response
2020-11-22 22:03:04 V/Net 1291517893: Send: Heartbeat.Alive
2020-11-22 22:03:04 V/Net 1291517893: Recv: Heartbeat.Alive.Response
2020-11-22 22:04:04 V/Net 1291517893: Send: Heartbeat.Alive
2020-11-22 22:04:04 V/Net 1291517893: Recv: Heartbeat.Alive.Response
2020-11-22 22:04:37 V/Net 1291517893: Send: OnlinePush.RespPush
2020-11-22 22:04:46 V/Net 1291517893: Send: OnlinePush.RespPush
2020-11-22 22:05:04 V/Net 1291517893: Send: Heartbeat.Alive
2020-11-22 22:05:04 V/Net 1291517893: Recv: Heartbeat.Alive.Response
