2020-10-30 01:31:40 I/Net 1291517893: Connected to server 42.81.169.46:8080
2020-10-30 01:31:40 V/Net 1291517893: Send: wtlogin.login
2020-10-30 01:31:40 V/Net 1291517893: Recv: LoginPacketResponse.Success
2020-10-30 01:31:40 I/Net 1291517893: Login successful
2020-10-30 01:31:55 V/Net 1291517893: Send: StatSvc.register
2020-10-30 01:31:55 V/Net 1291517893: Recv: Response(StatSvc.register)
2020-10-30 01:31:55 I/Net 1291517893: 开始加载好友信息
2020-10-30 01:31:55 I/Net 1291517893: 开始加载群组列表与群成员列表
2020-10-30 01:31:55 V/Net 1291517893: Send: friendlist.getFriendGroupList
2020-10-30 01:31:55 V/Net 1291517893: Send: friendlist.GetTroopListReqV2
2020-10-30 01:31:55 V/Net 1291517893: Recv: FriendList.GetFriendGroupList.Response
2020-10-30 01:31:55 V/Net 1291517893: Send: OidbSvc.0x88d_7
2020-10-30 01:31:55 V/Net 1291517893: Send: OidbSvc.0x88d_7
2020-10-30 01:31:55 V/Net 1291517893: Send: OidbSvc.0x88d_7
2020-10-30 01:31:55 V/Net 1291517893: Send: OidbSvc.0x88d_7
2020-10-30 01:31:55 V/Net 1291517893: Recv: FriendList.GetFriendGroupList.Response
2020-10-30 01:31:55 V/Net 1291517893: 正在加载好友列表 3/3
2020-10-30 01:31:55 I/Net 1291517893: 好友列表加载完成, 共 3个
2020-10-30 01:31:55 V/Net 1291517893: Send: friendlist.GetTroopMemberListReq
2020-10-30 01:31:55 V/Net 1291517893: Send: friendlist.GetTroopMemberListReq
2020-10-30 01:31:55 V/Net 1291517893: Send: friendlist.GetTroopMemberListReq
2020-10-30 01:31:55 V/Net 1291517893: Send: friendlist.GetTroopMemberListReq
2020-10-30 01:31:56 V/Net 1291517893: Recv: FriendList.GetTroopMemberList.Response
2020-10-30 01:31:56 V/Net 1291517893: Send: friendlist.GetTroopMemberListReq
2020-10-30 01:31:56 V/Net 1291517893: Recv: FriendList.GetTroopMemberList.Response
2020-10-30 01:31:56 V/Net 1291517893: Recv: FriendList.GetTroopMemberList.Response
2020-10-30 01:31:56 V/Net 1291517893: Recv: FriendList.GetTroopMemberList.Response
2020-10-30 01:31:56 V/Net 1291517893: Send: friendlist.GetTroopMemberListReq
2020-10-30 01:31:56 V/Net 1291517893: Recv: FriendList.GetTroopMemberList.Response
2020-10-30 01:31:56 V/Net 1291517893: Recv: FriendList.GetTroopMemberList.Response
2020-10-30 01:31:56 I/Net 1291517893: 群组列表与群成员加载完成, 共 4个
2020-10-30 01:31:56 I/Net 1291517893: Awaiting ConfigPushSvc.PushReq
2020-10-30 01:31:56 I/Net 1291517893: Syncing friend message history...
2020-10-30 01:31:56 V/Net 1291517893: Send: MessageSvc.PbGetMsg
2020-10-30 01:31:56 V/Net 1291517893: Send: MessageSvc.PbDeleteMsg
2020-10-30 01:31:56 V/Net 1291517893: Send: MessageSvc.PbGetMsg
2020-10-30 01:31:56 V/Net 1291517893: Send: MessageSvc.PbDeleteMsg
2020-10-30 01:31:56 I/Net 1291517893: Syncing friend message history: Success
2020-10-30 01:31:58 V/Net 1291517893: Recv: ConfigPushSvc.PushReq.PushReqResponse.Success
2020-10-30 01:31:58 V/Net 1291517893: Send: ConfigPushSvc.PushResp
2020-10-30 01:31:58 I/Net 1291517893: ConfigPushSvc.PushReq: Success
2020-10-30 01:31:58 D/Net 1291517893: Received unknown commandName: ConfigPushSvc.PushDomain
2020-10-30 01:31:58 V/Net 1291517893: Recv: ConfigPushSvc.PushReq.PushReqResponse.Success
2020-10-30 01:31:58 V/Net 1291517893: Send: ConfigPushSvc.PushResp
2020-10-30 01:32:55 V/Net 1291517893: Send: Heartbeat.Alive
2020-10-30 01:32:55 V/Net 1291517893: Recv: Heartbeat.Alive.Response
2020-10-30 01:33:55 V/Net 1291517893: Send: Heartbeat.Alive
2020-10-30 01:33:55 V/Net 1291517893: Recv: Heartbeat.Alive.Response
2020-10-30 01:34:55 V/Net 1291517893: Send: Heartbeat.Alive
2020-10-30 01:34:55 V/Net 1291517893: Recv: Heartbeat.Alive.Response
2020-10-30 01:35:55 V/Net 1291517893: Send: Heartbeat.Alive
2020-10-30 01:35:55 V/Net 1291517893: Recv: Heartbeat.Alive.Response
2020-10-30 01:36:55 V/Net 1291517893: Send: Heartbeat.Alive
2020-10-30 01:36:55 V/Net 1291517893: Recv: Heartbeat.Alive.Response
2020-10-30 01:37:55 V/Net 1291517893: Send: Heartbeat.Alive
2020-10-30 01:37:55 V/Net 1291517893: Recv: Heartbeat.Alive.Response
2020-10-30 01:38:55 V/Net 1291517893: Send: Heartbeat.Alive
2020-10-30 01:38:55 V/Net 1291517893: Recv: Heartbeat.Alive.Response
2020-10-30 01:39:55 V/Net 1291517893: Send: Heartbeat.Alive
2020-10-30 01:39:55 V/Net 1291517893: Recv: Heartbeat.Alive.Response
2020-10-30 01:40:55 V/Net 1291517893: Send: Heartbeat.Alive
2020-10-30 01:40:55 V/Net 1291517893: Recv: Heartbeat.Alive.Response
2020-10-30 01:41:55 V/Net 1291517893: Send: Heartbeat.Alive
2020-10-30 01:41:55 V/Net 1291517893: Recv: Heartbeat.Alive.Response
2020-10-30 01:42:55 V/Net 1291517893: Send: Heartbeat.Alive
2020-10-30 01:42:55 V/Net 1291517893: Recv: Heartbeat.Alive.Response
2020-10-30 01:43:55 V/Net 1291517893: Send: Heartbeat.Alive
2020-10-30 01:43:55 V/Net 1291517893: Recv: Heartbeat.Alive.Response
2020-10-30 01:44:55 V/Net 1291517893: Send: Heartbeat.Alive
2020-10-30 01:44:55 V/Net 1291517893: Recv: Heartbeat.Alive.Response
2020-10-30 01:45:55 V/Net 1291517893: Send: Heartbeat.Alive
2020-10-30 01:45:56 V/Net 1291517893: Recv: Heartbeat.Alive.Response
2020-10-30 01:46:56 V/Net 1291517893: Send: Heartbeat.Alive
2020-10-30 01:46:56 V/Net 1291517893: Recv: Heartbeat.Alive.Response
2020-10-30 01:47:56 V/Net 1291517893: Send: Heartbeat.Alive
2020-10-30 01:47:56 V/Net 1291517893: Recv: Heartbeat.Alive.Response
2020-10-30 01:48:40 I/Net 1291517893: Connected to server 42.81.172.81:80
2020-10-30 01:48:40 V/Net 1291517893: Send: wtlogin.login
2020-10-30 01:48:40 V/Net 1291517893: Recv: LoginPacketResponse.Success
2020-10-30 01:48:40 I/Net 1291517893: Login successful
2020-10-30 01:48:55 V/Net 1291517893: Send: StatSvc.register
2020-10-30 01:48:55 V/Net 1291517893: Recv: Response(StatSvc.register)
2020-10-30 01:48:55 I/Net 1291517893: Syncing friend message history...
2020-10-30 01:48:55 V/Net 1291517893: Send: MessageSvc.PbGetMsg
2020-10-30 01:48:55 I/Net 1291517893: Syncing friend message history: Success
2020-10-30 01:48:58 D/Net 1291517893: Received unknown commandName: ConfigPushSvc.PushDomain
2020-10-30 01:48:58 V/Net 1291517893: Recv: ConfigPushSvc.PushReq.PushReqResponse.Success
2020-10-30 01:48:58 V/Net 1291517893: Send: ConfigPushSvc.PushResp
2020-10-30 01:49:55 V/Net 1291517893: Send: Heartbeat.Alive
2020-10-30 01:49:55 V/Net 1291517893: Recv: Heartbeat.Alive.Response
2020-10-30 01:50:55 V/Net 1291517893: Send: Heartbeat.Alive
2020-10-30 01:50:55 V/Net 1291517893: Recv: Heartbeat.Alive.Response
2020-10-30 01:51:55 V/Net 1291517893: Send: Heartbeat.Alive
2020-10-30 01:51:55 V/Net 1291517893: Recv: Heartbeat.Alive.Response
2020-10-30 01:52:55 V/Net 1291517893: Send: Heartbeat.Alive
2020-10-30 01:52:55 V/Net 1291517893: Recv: Heartbeat.Alive.Response
2020-10-30 01:53:55 V/Net 1291517893: Send: Heartbeat.Alive
2020-10-30 01:53:55 V/Net 1291517893: Recv: Heartbeat.Alive.Response
2020-10-30 01:54:55 V/Net 1291517893: Send: Heartbeat.Alive
2020-10-30 01:54:55 V/Net 1291517893: Recv: Heartbeat.Alive.Response
2020-10-30 01:55:55 V/Net 1291517893: Send: Heartbeat.Alive
2020-10-30 01:55:55 V/Net 1291517893: Recv: Heartbeat.Alive.Response
2020-10-30 01:56:55 V/Net 1291517893: Send: Heartbeat.Alive
2020-10-30 01:56:56 V/Net 1291517893: Recv: Heartbeat.Alive.Response
2020-10-30 01:57:56 V/Net 1291517893: Send: Heartbeat.Alive
2020-10-30 01:57:56 V/Net 1291517893: Recv: Heartbeat.Alive.Response
2020-10-30 01:58:56 V/Net 1291517893: Send: Heartbeat.Alive
2020-10-30 01:58:56 V/Net 1291517893: Recv: Heartbeat.Alive.Response
2020-10-30 01:59:56 V/Net 1291517893: Send: Heartbeat.Alive
2020-10-30 01:59:56 V/Net 1291517893: Recv: Heartbeat.Alive.Response
2020-10-30 02:00:55 V/Net 1291517893: Send: Heartbeat.Alive
2020-10-30 02:00:55 V/Net 1291517893: Recv: Heartbeat.Alive.Response
2020-10-30 02:01:55 V/Net 1291517893: Send: Heartbeat.Alive
2020-10-30 02:01:55 V/Net 1291517893: Recv: Heartbeat.Alive.Response
2020-10-30 02:02:55 V/Net 1291517893: Send: Heartbeat.Alive
2020-10-30 02:02:55 V/Net 1291517893: Recv: Heartbeat.Alive.Response
2020-10-30 02:03:55 V/Net 1291517893: Send: Heartbeat.Alive
2020-10-30 02:03:55 V/Net 1291517893: Recv: Heartbeat.Alive.Response
2020-10-30 02:04:55 V/Net 1291517893: Send: Heartbeat.Alive
2020-10-30 02:04:55 V/Net 1291517893: Recv: Heartbeat.Alive.Response
2020-10-30 02:05:39 I/Net 1291517893: Connected to server 114.221.148.59:14000
2020-10-30 02:05:39 V/Net 1291517893: Send: wtlogin.login
2020-10-30 02:05:39 V/Net 1291517893: Recv: LoginPacketResponse.Success
2020-10-30 02:05:39 I/Net 1291517893: Login successful
2020-10-30 02:05:54 V/Net 1291517893: Send: StatSvc.register
2020-10-30 02:05:54 V/Net 1291517893: Recv: Response(StatSvc.register)
2020-10-30 02:05:54 I/Net 1291517893: Syncing friend message history...
2020-10-30 02:05:54 V/Net 1291517893: Send: MessageSvc.PbGetMsg
2020-10-30 02:05:54 I/Net 1291517893: Syncing friend message history: Success
2020-10-30 02:05:57 D/Net 1291517893: Received unknown commandName: ConfigPushSvc.PushDomain
2020-10-30 02:05:57 V/Net 1291517893: Recv: ConfigPushSvc.PushReq.PushReqResponse.Success
2020-10-30 02:05:57 V/Net 1291517893: Send: ConfigPushSvc.PushResp
2020-10-30 02:05:57 V/Net 1291517893: Recv: ConfigPushSvc.PushReq.PushReqResponse.Success
2020-10-30 02:05:57 V/Net 1291517893: Send: ConfigPushSvc.PushResp
2020-10-30 02:06:54 V/Net 1291517893: Send: Heartbeat.Alive
2020-10-30 02:06:54 V/Net 1291517893: Recv: Heartbeat.Alive.Response
2020-10-30 02:07:54 V/Net 1291517893: Send: Heartbeat.Alive
2020-10-30 02:07:54 V/Net 1291517893: Recv: Heartbeat.Alive.Response
2020-10-30 02:08:54 V/Net 1291517893: Send: Heartbeat.Alive
2020-10-30 02:08:54 V/Net 1291517893: Recv: Heartbeat.Alive.Response
2020-10-30 02:09:54 V/Net 1291517893: Send: Heartbeat.Alive
2020-10-30 02:09:54 V/Net 1291517893: Recv: Heartbeat.Alive.Response
2020-10-30 02:10:54 V/Net 1291517893: Send: Heartbeat.Alive
2020-10-30 02:10:54 V/Net 1291517893: Recv: Heartbeat.Alive.Response
2020-10-30 02:11:54 V/Net 1291517893: Send: Heartbeat.Alive
2020-10-30 02:11:54 V/Net 1291517893: Recv: Heartbeat.Alive.Response
2020-10-30 02:12:54 V/Net 1291517893: Send: Heartbeat.Alive
2020-10-30 02:12:55 V/Net 1291517893: Recv: Heartbeat.Alive.Response
2020-10-30 02:13:55 V/Net 1291517893: Send: Heartbeat.Alive
2020-10-30 02:13:55 V/Net 1291517893: Recv: Heartbeat.Alive.Response
2020-10-30 02:14:55 V/Net 1291517893: Send: Heartbeat.Alive
2020-10-30 02:14:55 V/Net 1291517893: Recv: Heartbeat.Alive.Response
2020-10-30 02:15:55 V/Net 1291517893: Send: Heartbeat.Alive
2020-10-30 02:15:55 V/Net 1291517893: Recv: Heartbeat.Alive.Response
2020-10-30 02:16:55 V/Net 1291517893: Send: Heartbeat.Alive
2020-10-30 02:16:55 V/Net 1291517893: Recv: Heartbeat.Alive.Response
2020-10-30 02:17:55 V/Net 1291517893: Send: Heartbeat.Alive
2020-10-30 02:17:55 V/Net 1291517893: Recv: Heartbeat.Alive.Response
2020-10-30 02:18:55 V/Net 1291517893: Send: Heartbeat.Alive
2020-10-30 02:18:55 V/Net 1291517893: Recv: Heartbeat.Alive.Response
2020-10-30 02:19:55 V/Net 1291517893: Send: Heartbeat.Alive
2020-10-30 02:19:55 V/Net 1291517893: Recv: Heartbeat.Alive.Response
2020-10-30 02:20:55 V/Net 1291517893: Send: Heartbeat.Alive
2020-10-30 02:20:55 V/Net 1291517893: Recv: Heartbeat.Alive.Response
2020-10-30 02:21:55 V/Net 1291517893: Send: Heartbeat.Alive
2020-10-30 02:21:55 V/Net 1291517893: Recv: Heartbeat.Alive.Response
2020-10-30 02:22:40 I/Net 1291517893: Connected to server 42.81.172.147:443
2020-10-30 02:22:40 V/Net 1291517893: Send: wtlogin.login
2020-10-30 02:22:40 V/Net 1291517893: Recv: LoginPacketResponse.Success
2020-10-30 02:22:40 I/Net 1291517893: Login successful
2020-10-30 02:22:55 V/Net 1291517893: Send: StatSvc.register
2020-10-30 02:22:55 V/Net 1291517893: Recv: Response(StatSvc.register)
2020-10-30 02:22:55 I/Net 1291517893: Syncing friend message history...
2020-10-30 02:22:55 V/Net 1291517893: Send: MessageSvc.PbGetMsg
2020-10-30 02:22:55 I/Net 1291517893: Syncing friend message history: Success
2020-10-30 02:22:58 V/Net 1291517893: Recv: ConfigPushSvc.PushReq.PushReqResponse.Success
2020-10-30 02:22:58 V/Net 1291517893: Send: ConfigPushSvc.PushResp
2020-10-30 02:22:58 D/Net 1291517893: Received unknown commandName: ConfigPushSvc.PushDomain
2020-10-30 02:22:58 V/Net 1291517893: Recv: ConfigPushSvc.PushReq.PushReqResponse.Success
2020-10-30 02:22:58 V/Net 1291517893: Send: ConfigPushSvc.PushResp
2020-10-30 02:23:55 V/Net 1291517893: Send: Heartbeat.Alive
2020-10-30 02:23:55 V/Net 1291517893: Recv: Heartbeat.Alive.Response
2020-10-30 02:24:55 V/Net 1291517893: Send: Heartbeat.Alive
2020-10-30 02:24:55 V/Net 1291517893: Recv: Heartbeat.Alive.Response
2020-10-30 02:25:55 V/Net 1291517893: Send: Heartbeat.Alive
2020-10-30 02:25:55 V/Net 1291517893: Recv: Heartbeat.Alive.Response
2020-10-30 02:26:55 V/Net 1291517893: Send: Heartbeat.Alive
2020-10-30 02:26:55 V/Net 1291517893: Recv: Heartbeat.Alive.Response
2020-10-30 02:27:55 V/Net 1291517893: Send: Heartbeat.Alive
2020-10-30 02:27:55 V/Net 1291517893: Recv: Heartbeat.Alive.Response
2020-10-30 02:28:55 V/Net 1291517893: Send: Heartbeat.Alive
2020-10-30 02:28:55 V/Net 1291517893: Recv: Heartbeat.Alive.Response
2020-10-30 02:29:46 V/Net 1291517893: Send: MessageSvc.PbSendMsg
2020-10-30 02:29:47 V/Net 1291517893: Recv: MessageSvcPbSendMsg.Response.SUCCESS
2020-10-30 02:29:55 V/Net 1291517893: Send: Heartbeat.Alive
2020-10-30 02:29:55 V/Net 1291517893: Recv: Heartbeat.Alive.Response
2020-10-30 02:29:55 V/Net 1291517893: Send: OnlinePush.RespPush
2020-10-30 02:30:04 V/Net 1291517893: Send: OnlinePush.RespPush
2020-10-30 02:30:55 V/Net 1291517893: Send: Heartbeat.Alive
2020-10-30 02:30:55 V/Net 1291517893: Recv: Heartbeat.Alive.Response
2020-10-30 02:31:32 V/Net 1291517893: Send: MessageSvc.PbSendMsg
2020-10-30 02:31:32 V/Net 1291517893: Recv: MessageSvcPbSendMsg.Response.SUCCESS
2020-10-30 02:31:42 V/Net 1291517893: Send: ImgStore.GroupPicUp
2020-10-30 02:31:42 V/Net 1291517893: Recv: FileExists(fileId=2215672383, fileInfo=ImgInfo(fileMd5=[8, 12, -49, -23, -110, -73, 49, 116, -56, -14, 48, -98, -13, 35, -105, 72], fileType=1000, fileSize=221730, fileWidth=0, fileHeight=0))
2020-10-30 02:31:42 V/Net 1291517893: Send: MessageSvc.PbSendMsg
2020-10-30 02:31:43 V/Net 1291517893: Recv: MessageSvcPbSendMsg.Response.SUCCESS
2020-10-30 02:31:49 V/Net 1291517893: Send: MessageSvc.PbSendMsg
2020-10-30 02:31:49 V/Net 1291517893: Recv: MessageSvcPbSendMsg.Response.SUCCESS
2020-10-30 02:31:55 V/Net 1291517893: Send: Heartbeat.Alive
2020-10-30 02:31:55 V/Net 1291517893: Recv: Heartbeat.Alive.Response
2020-10-30 02:32:33 V/Net 1291517893: Send: MessageSvc.PbSendMsg
2020-10-30 02:32:33 V/Net 1291517893: Send: MessageSvc.PbSendMsg
2020-10-30 02:32:33 V/Net 1291517893: Send: MessageSvc.PbSendMsg
2020-10-30 02:32:33 V/Net 1291517893: Send: MessageSvc.PbSendMsg
2020-10-30 02:32:33 V/Net 1291517893: Recv: MessageSvcPbSendMsg.Response.SUCCESS
2020-10-30 02:32:34 V/Net 1291517893: Recv: MessageSvcPbSendMsg.Response.SUCCESS
2020-10-30 02:32:34 V/Net 1291517893: Recv: MessageSvcPbSendMsg.Response.SUCCESS
2020-10-30 02:32:34 V/Net 1291517893: Recv: MessageSvcPbSendMsg.Response.SUCCESS
2020-10-30 02:32:55 V/Net 1291517893: Send: Heartbeat.Alive
2020-10-30 02:32:55 V/Net 1291517893: Recv: Heartbeat.Alive.Response
2020-10-30 02:33:24 V/Net 1291517893: Send: MessageSvc.PbSendMsg
2020-10-30 02:33:24 V/Net 1291517893: Recv: MessageSvcPbSendMsg.Response.SUCCESS
2020-10-30 02:33:52 V/Net 1291517893: Send: MessageSvc.PbSendMsg
2020-10-30 02:33:52 V/Net 1291517893: Recv: MessageSvcPbSendMsg.Response.SUCCESS
2020-10-30 02:33:55 V/Net 1291517893: Send: Heartbeat.Alive
2020-10-30 02:33:55 V/Net 1291517893: Recv: Heartbeat.Alive.Response
2020-10-30 02:34:55 V/Net 1291517893: Send: Heartbeat.Alive
2020-10-30 02:34:55 V/Net 1291517893: Recv: Heartbeat.Alive.Response
2020-10-30 02:35:01 V/Net 1291517893: Send: MessageSvc.PbSendMsg
2020-10-30 02:35:01 V/Net 1291517893: Recv: MessageSvcPbSendMsg.Response.SUCCESS
2020-10-30 02:35:55 V/Net 1291517893: Send: Heartbeat.Alive
2020-10-30 02:35:55 V/Net 1291517893: Recv: Heartbeat.Alive.Response
2020-10-30 02:36:35 V/Net 1291517893: Send: MessageSvc.PbSendMsg
2020-10-30 02:36:35 V/Net 1291517893: Recv: MessageSvcPbSendMsg.Response.SUCCESS
2020-10-30 02:36:55 V/Net 1291517893: Send: Heartbeat.Alive
2020-10-30 02:36:55 V/Net 1291517893: Recv: Heartbeat.Alive.Response
2020-10-30 02:37:48 V/Net 1291517893: Send: MessageSvc.PbSendMsg
2020-10-30 02:37:48 V/Net 1291517893: Recv: MessageSvcPbSendMsg.Response.SUCCESS
2020-10-30 02:37:55 V/Net 1291517893: Send: Heartbeat.Alive
2020-10-30 02:37:55 V/Net 1291517893: Recv: Heartbeat.Alive.Response
2020-10-30 02:38:55 V/Net 1291517893: Send: Heartbeat.Alive
2020-10-30 02:38:55 V/Net 1291517893: Recv: Heartbeat.Alive.Response
2020-10-30 02:39:55 V/Net 1291517893: Send: Heartbeat.Alive
2020-10-30 02:39:55 V/Net 1291517893: Recv: Heartbeat.Alive.Response
2020-10-30 02:40:22 V/Net 1291517893: Send: MessageSvc.PbSendMsg
2020-10-30 02:40:22 V/Net 1291517893: Recv: MessageSvcPbSendMsg.Response.SUCCESS
2020-10-30 02:40:55 V/Net 1291517893: Send: Heartbeat.Alive
2020-10-30 02:40:56 V/Net 1291517893: Recv: Heartbeat.Alive.Response
2020-10-30 02:41:56 V/Net 1291517893: Send: Heartbeat.Alive
2020-10-30 02:41:56 V/Net 1291517893: Recv: Heartbeat.Alive.Response
2020-10-30 02:42:56 V/Net 1291517893: Send: Heartbeat.Alive
2020-10-30 02:42:56 V/Net 1291517893: Recv: Heartbeat.Alive.Response
2020-10-30 02:43:56 V/Net 1291517893: Send: Heartbeat.Alive
2020-10-30 02:43:56 V/Net 1291517893: Recv: Heartbeat.Alive.Response
2020-10-30 02:44:56 V/Net 1291517893: Send: Heartbeat.Alive
2020-10-30 02:44:56 V/Net 1291517893: Recv: Heartbeat.Alive.Response
2020-10-30 02:45:56 V/Net 1291517893: Send: Heartbeat.Alive
2020-10-30 02:45:56 V/Net 1291517893: Recv: Heartbeat.Alive.Response
2020-10-30 02:46:56 V/Net 1291517893: Send: Heartbeat.Alive
2020-10-30 02:46:56 V/Net 1291517893: Recv: Heartbeat.Alive.Response
2020-10-30 02:47:56 V/Net 1291517893: Send: Heartbeat.Alive
2020-10-30 02:47:56 V/Net 1291517893: Recv: Heartbeat.Alive.Response
2020-10-30 02:48:56 V/Net 1291517893: Send: Heartbeat.Alive
2020-10-30 02:48:56 V/Net 1291517893: Recv: Heartbeat.Alive.Response
2020-10-30 02:49:56 V/Net 1291517893: Send: Heartbeat.Alive
2020-10-30 02:49:56 V/Net 1291517893: Recv: Heartbeat.Alive.Response
2020-10-30 02:50:56 V/Net 1291517893: Send: Heartbeat.Alive
2020-10-30 02:50:56 V/Net 1291517893: Recv: Heartbeat.Alive.Response
2020-10-30 02:51:56 V/Net 1291517893: Send: Heartbeat.Alive
2020-10-30 02:51:56 V/Net 1291517893: Recv: Heartbeat.Alive.Response
2020-10-30 02:52:56 V/Net 1291517893: Send: Heartbeat.Alive
2020-10-30 02:52:56 V/Net 1291517893: Recv: Heartbeat.Alive.Response
2020-10-30 02:53:56 V/Net 1291517893: Send: Heartbeat.Alive
2020-10-30 02:53:56 V/Net 1291517893: Recv: Heartbeat.Alive.Response
2020-10-30 02:54:56 V/Net 1291517893: Send: Heartbeat.Alive
2020-10-30 02:54:56 V/Net 1291517893: Recv: Heartbeat.Alive.Response
2020-10-30 02:55:41 V/Net 1291517893: Send: MessageSvc.PbSendMsg
2020-10-30 02:55:41 V/Net 1291517893: Recv: MessageSvcPbSendMsg.Response.SUCCESS
2020-10-30 02:55:56 V/Net 1291517893: Send: Heartbeat.Alive
2020-10-30 02:55:56 V/Net 1291517893: Recv: Heartbeat.Alive.Response
2020-10-30 02:56:03 V/Net 1291517893: Send: MessageSvc.PbSendMsg
2020-10-30 02:56:03 V/Net 1291517893: Recv: MessageSvcPbSendMsg.Response.SUCCESS
2020-10-30 02:56:56 V/Net 1291517893: Send: Heartbeat.Alive
2020-10-30 02:56:56 V/Net 1291517893: Recv: Heartbeat.Alive.Response
2020-10-30 02:57:56 V/Net 1291517893: Send: Heartbeat.Alive
2020-10-30 02:57:56 V/Net 1291517893: Recv: Heartbeat.Alive.Response
2020-10-30 02:58:56 V/Net 1291517893: Send: Heartbeat.Alive
2020-10-30 02:58:56 V/Net 1291517893: Recv: Heartbeat.Alive.Response
2020-10-30 02:59:56 V/Net 1291517893: Send: Heartbeat.Alive
2020-10-30 02:59:56 V/Net 1291517893: Recv: Heartbeat.Alive.Response
2020-10-30 03:00:56 V/Net 1291517893: Send: Heartbeat.Alive
2020-10-30 03:00:56 V/Net 1291517893: Recv: Heartbeat.Alive.Response
2020-10-30 03:01:56 V/Net 1291517893: Send: Heartbeat.Alive
2020-10-30 03:01:56 V/Net 1291517893: Recv: Heartbeat.Alive.Response
2020-10-30 03:02:56 V/Net 1291517893: Send: Heartbeat.Alive
2020-10-30 03:02:56 V/Net 1291517893: Recv: Heartbeat.Alive.Response
2020-10-30 03:03:56 V/Net 1291517893: Send: Heartbeat.Alive
2020-10-30 03:03:56 V/Net 1291517893: Recv: Heartbeat.Alive.Response
2020-10-30 03:04:56 V/Net 1291517893: Send: Heartbeat.Alive
2020-10-30 03:04:56 V/Net 1291517893: Recv: Heartbeat.Alive.Response
2020-10-30 03:05:56 V/Net 1291517893: Send: Heartbeat.Alive
2020-10-30 03:05:56 V/Net 1291517893: Recv: Heartbeat.Alive.Response
2020-10-30 03:06:56 V/Net 1291517893: Send: Heartbeat.Alive
2020-10-30 03:06:56 V/Net 1291517893: Recv: Heartbeat.Alive.Response
2020-10-30 03:07:56 V/Net 1291517893: Send: Heartbeat.Alive
2020-10-30 03:07:56 V/Net 1291517893: Recv: Heartbeat.Alive.Response
2020-10-30 03:08:56 V/Net 1291517893: Send: Heartbeat.Alive
2020-10-30 03:08:56 V/Net 1291517893: Recv: Heartbeat.Alive.Response
2020-10-30 03:09:56 V/Net 1291517893: Send: Heartbeat.Alive
2020-10-30 03:09:56 V/Net 1291517893: Recv: Heartbeat.Alive.Response
2020-10-30 03:10:56 V/Net 1291517893: Send: Heartbeat.Alive
2020-10-30 03:10:56 V/Net 1291517893: Recv: Heartbeat.Alive.Response
2020-10-30 03:11:56 V/Net 1291517893: Send: Heartbeat.Alive
2020-10-30 03:11:56 V/Net 1291517893: Recv: Heartbeat.Alive.Response
2020-10-30 03:12:26 I/Net 1291517893: Connected to server 125.94.60.146:80
2020-10-30 03:12:26 V/Net 1291517893: Send: wtlogin.login
2020-10-30 03:12:26 V/Net 1291517893: Recv: LoginPacketResponse.Success
2020-10-30 03:12:26 I/Net 1291517893: Login successful
2020-10-30 03:12:41 V/Net 1291517893: Send: StatSvc.register
2020-10-30 03:12:41 V/Net 1291517893: Recv: Response(StatSvc.register)
2020-10-30 03:12:41 I/Net 1291517893: Syncing friend message history...
2020-10-30 03:12:41 V/Net 1291517893: Send: MessageSvc.PbGetMsg
2020-10-30 03:12:41 I/Net 1291517893: Syncing friend message history: Success
2020-10-30 03:12:44 D/Net 1291517893: Received unknown commandName: ConfigPushSvc.PushDomain
2020-10-30 03:12:44 V/Net 1291517893: Recv: ConfigPushSvc.PushReq.PushReqResponse.Success
2020-10-30 03:12:44 V/Net 1291517893: Recv: ConfigPushSvc.PushReq.PushReqResponse.Success
2020-10-30 03:12:44 V/Net 1291517893: Send: ConfigPushSvc.PushResp
2020-10-30 03:12:44 V/Net 1291517893: Send: ConfigPushSvc.PushResp
2020-10-30 03:13:41 V/Net 1291517893: Send: Heartbeat.Alive
2020-10-30 03:13:41 V/Net 1291517893: Recv: Heartbeat.Alive.Response
2020-10-30 03:14:41 V/Net 1291517893: Send: Heartbeat.Alive
2020-10-30 03:14:41 V/Net 1291517893: Recv: Heartbeat.Alive.Response
2020-10-30 03:15:41 V/Net 1291517893: Send: Heartbeat.Alive
2020-10-30 03:15:41 V/Net 1291517893: Recv: Heartbeat.Alive.Response
2020-10-30 03:16:41 V/Net 1291517893: Send: Heartbeat.Alive
2020-10-30 03:16:41 V/Net 1291517893: Recv: Heartbeat.Alive.Response
2020-10-30 03:17:41 V/Net 1291517893: Send: Heartbeat.Alive
2020-10-30 03:17:41 V/Net 1291517893: Recv: Heartbeat.Alive.Response
2020-10-30 03:18:41 V/Net 1291517893: Send: Heartbeat.Alive
2020-10-30 03:18:41 V/Net 1291517893: Recv: Heartbeat.Alive.Response
2020-10-30 03:19:41 V/Net 1291517893: Send: Heartbeat.Alive
2020-10-30 03:19:41 V/Net 1291517893: Recv: Heartbeat.Alive.Response
2020-10-30 03:20:41 V/Net 1291517893: Send: Heartbeat.Alive
2020-10-30 03:20:41 V/Net 1291517893: Recv: Heartbeat.Alive.Response
2020-10-30 03:21:41 V/Net 1291517893: Send: Heartbeat.Alive
2020-10-30 03:21:41 V/Net 1291517893: Recv: Heartbeat.Alive.Response
2020-10-30 03:22:41 V/Net 1291517893: Send: Heartbeat.Alive
2020-10-30 03:22:41 V/Net 1291517893: Recv: Heartbeat.Alive.Response
2020-10-30 03:23:41 V/Net 1291517893: Send: Heartbeat.Alive
2020-10-30 03:23:41 V/Net 1291517893: Recv: Heartbeat.Alive.Response
2020-10-30 03:24:41 V/Net 1291517893: Send: Heartbeat.Alive
2020-10-30 03:24:41 V/Net 1291517893: Recv: Heartbeat.Alive.Response
2020-10-30 03:25:42 V/Net 1291517893: Send: Heartbeat.Alive
2020-10-30 03:25:42 V/Net 1291517893: Recv: Heartbeat.Alive.Response
2020-10-30 03:26:42 V/Net 1291517893: Send: Heartbeat.Alive
2020-10-30 03:26:42 V/Net 1291517893: Recv: Heartbeat.Alive.Response
2020-10-30 03:27:42 V/Net 1291517893: Send: Heartbeat.Alive
2020-10-30 03:27:42 V/Net 1291517893: Recv: Heartbeat.Alive.Response
2020-10-30 03:28:42 V/Net 1291517893: Send: Heartbeat.Alive
2020-10-30 03:28:42 V/Net 1291517893: Recv: Heartbeat.Alive.Response
2020-10-30 03:29:27 I/Net 1291517893: Connected to server 114.221.144.215:80
2020-10-30 03:29:27 V/Net 1291517893: Send: wtlogin.login
2020-10-30 03:29:27 V/Net 1291517893: Recv: LoginPacketResponse.Success
2020-10-30 03:29:27 I/Net 1291517893: Login successful
2020-10-30 03:29:42 V/Net 1291517893: Send: StatSvc.register
2020-10-30 03:29:42 V/Net 1291517893: Recv: Response(StatSvc.register)
2020-10-30 03:29:42 I/Net 1291517893: Syncing friend message history...
2020-10-30 03:29:42 V/Net 1291517893: Send: MessageSvc.PbGetMsg
2020-10-30 03:29:42 I/Net 1291517893: Syncing friend message history: Success
2020-10-30 03:29:45 D/Net 1291517893: Received unknown commandName: ConfigPushSvc.PushDomain
2020-10-30 03:29:45 V/Net 1291517893: Recv: ConfigPushSvc.PushReq.PushReqResponse.Success
2020-10-30 03:29:45 V/Net 1291517893: Send: ConfigPushSvc.PushResp
2020-10-30 03:29:45 V/Net 1291517893: Recv: ConfigPushSvc.PushReq.PushReqResponse.Success
2020-10-30 03:29:45 V/Net 1291517893: Send: ConfigPushSvc.PushResp
2020-10-30 03:30:42 V/Net 1291517893: Send: Heartbeat.Alive
2020-10-30 03:30:42 V/Net 1291517893: Recv: Heartbeat.Alive.Response
2020-10-30 03:31:42 V/Net 1291517893: Send: Heartbeat.Alive
2020-10-30 03:31:42 V/Net 1291517893: Recv: Heartbeat.Alive.Response
2020-10-30 03:32:42 V/Net 1291517893: Send: Heartbeat.Alive
2020-10-30 03:32:42 V/Net 1291517893: Recv: Heartbeat.Alive.Response
2020-10-30 03:33:42 V/Net 1291517893: Send: Heartbeat.Alive
2020-10-30 03:33:42 V/Net 1291517893: Recv: Heartbeat.Alive.Response
2020-10-30 03:34:42 V/Net 1291517893: Send: Heartbeat.Alive
2020-10-30 03:34:42 V/Net 1291517893: Recv: Heartbeat.Alive.Response
2020-10-30 03:35:42 V/Net 1291517893: Send: Heartbeat.Alive
2020-10-30 03:35:42 V/Net 1291517893: Recv: Heartbeat.Alive.Response
2020-10-30 03:36:42 V/Net 1291517893: Send: Heartbeat.Alive
2020-10-30 03:36:42 V/Net 1291517893: Recv: Heartbeat.Alive.Response
2020-10-30 03:37:23 V/Net 1291517893: Send: MessageSvc.PbSendMsg
2020-10-30 03:37:23 V/Net 1291517893: Recv: MessageSvcPbSendMsg.Response.SUCCESS
2020-10-30 03:37:32 V/Net 1291517893: Send: MessageSvc.PbSendMsg
2020-10-30 03:37:32 V/Net 1291517893: Recv: MessageSvcPbSendMsg.Response.SUCCESS
2020-10-30 03:37:32 V/Net 1291517893: Send: MessageSvc.PbSendMsg
2020-10-30 03:37:32 V/Net 1291517893: Recv: MessageSvcPbSendMsg.Response.SUCCESS
2020-10-30 03:37:42 V/Net 1291517893: Send: Heartbeat.Alive
2020-10-30 03:37:42 V/Net 1291517893: Recv: Heartbeat.Alive.Response
2020-10-30 03:37:49 V/Net 1291517893: Send: MessageSvc.PbSendMsg
2020-10-30 03:37:49 V/Net 1291517893: Recv: MessageSvcPbSendMsg.Response.SUCCESS
2020-10-30 03:37:49 V/Net 1291517893: Send: MessageSvc.PbSendMsg
2020-10-30 03:37:50 V/Net 1291517893: Recv: MessageSvcPbSendMsg.Response.SUCCESS
2020-10-30 03:37:50 V/Net 1291517893: Send: ImgStore.GroupPicUp
2020-10-30 03:37:50 V/Net 1291517893: Recv: RequireUpload(fileId=3071693732, uKey=[-12, 113, -75, 120, -57, -124, 40, 124, -50, 77, -101, 3, 62, -119, 127, -126, 50, -31, 31, -99, -107, 17, 95, -41, 99, -123, -65, 107, -78, 72, -25, -47, 125, -44, 123, 106, -27, -22, 20, -43, 82, -99, -106, 48, -29, 40, -21, -12, 70, 68, 22, -49, -12, 75, -49, 27, 27, 87, -60, -11, -6, -107, 93, 42, -28, -10, 53, -64, 62, -63, -109, 44, 95, -122, 80, -112, 80, -53, -119, -32, 54, -73, -29, 113, 29, -1, 26, -79, -46, 76, -52, -86, -89, -40, 108, -24, -102, 71, 65, -17, 34, 115, -104, -43, 62, -18, -69, -82, -57, 76, 109, -4, 107, 60, -79, -26, 110, -51, 90, 10, -99, -62, -126, -36, 43, -31, -94, -25])
2020-10-30 03:37:50 V/Net 1291517893: [Highway] Uploading group image to 123.150.76.170:80, size=709.65 KiB
2020-10-30 03:37:52 V/Net 1291517893: [Highway] Uploading group image: succeed at 448 KiB/s
2020-10-30 03:37:52 V/Net 1291517893: Send: MessageSvc.PbSendMsg
2020-10-30 03:37:52 V/Net 1291517893: Recv: MessageSvcPbSendMsg.Response.SUCCESS
2020-10-30 03:38:42 V/Net 1291517893: Send: Heartbeat.Alive
2020-10-30 03:38:42 V/Net 1291517893: Recv: Heartbeat.Alive.Response
2020-10-30 03:39:42 V/Net 1291517893: Send: Heartbeat.Alive
2020-10-30 03:39:42 V/Net 1291517893: Recv: Heartbeat.Alive.Response
2020-10-30 03:40:42 V/Net 1291517893: Send: Heartbeat.Alive
2020-10-30 03:40:43 V/Net 1291517893: Recv: Heartbeat.Alive.Response
2020-10-30 03:41:43 V/Net 1291517893: Send: Heartbeat.Alive
2020-10-30 03:41:43 V/Net 1291517893: Recv: Heartbeat.Alive.Response
2020-10-30 03:42:43 V/Net 1291517893: Send: Heartbeat.Alive
2020-10-30 03:42:43 V/Net 1291517893: Recv: Heartbeat.Alive.Response
2020-10-30 03:43:43 V/Net 1291517893: Send: Heartbeat.Alive
2020-10-30 03:43:43 V/Net 1291517893: Recv: Heartbeat.Alive.Response
2020-10-30 03:44:43 V/Net 1291517893: Send: Heartbeat.Alive
2020-10-30 03:44:43 V/Net 1291517893: Recv: Heartbeat.Alive.Response
2020-10-30 03:45:43 V/Net 1291517893: Send: Heartbeat.Alive
2020-10-30 03:45:43 V/Net 1291517893: Recv: Heartbeat.Alive.Response
2020-10-30 03:46:43 V/Net 1291517893: Send: Heartbeat.Alive
2020-10-30 03:46:43 V/Net 1291517893: Recv: Heartbeat.Alive.Response
2020-10-30 03:47:43 V/Net 1291517893: Send: Heartbeat.Alive
2020-10-30 03:47:43 V/Net 1291517893: Recv: Heartbeat.Alive.Response
2020-10-30 03:48:43 V/Net 1291517893: Send: Heartbeat.Alive
2020-10-30 03:48:43 V/Net 1291517893: Recv: Heartbeat.Alive.Response
2020-10-30 03:49:43 V/Net 1291517893: Send: Heartbeat.Alive
2020-10-30 03:49:43 V/Net 1291517893: Recv: Heartbeat.Alive.Response
2020-10-30 03:50:43 V/Net 1291517893: Send: Heartbeat.Alive
2020-10-30 03:50:43 V/Net 1291517893: Recv: Heartbeat.Alive.Response
2020-10-30 03:51:43 V/Net 1291517893: Send: Heartbeat.Alive
2020-10-30 03:51:43 V/Net 1291517893: Recv: Heartbeat.Alive.Response
2020-10-30 03:52:43 V/Net 1291517893: Send: Heartbeat.Alive
2020-10-30 03:52:43 V/Net 1291517893: Recv: Heartbeat.Alive.Response
2020-10-30 03:53:43 V/Net 1291517893: Send: Heartbeat.Alive
2020-10-30 03:53:43 V/Net 1291517893: Recv: Heartbeat.Alive.Response
2020-10-30 03:54:48 V/Net 1291517893: Send: Heartbeat.Alive
2020-10-30 03:54:48 I/Net 1291517893: Connected to server 42.81.172.22:80
2020-10-30 03:54:48 V/Net 1291517893: Send: wtlogin.login
2020-10-30 03:54:48 V/Net 1291517893: Recv: LoginPacketResponse.Success
2020-10-30 03:54:48 I/Net 1291517893: Login successful
2020-10-30 03:55:03 V/Net 1291517893: Send: StatSvc.register
2020-10-30 03:55:03 V/Net 1291517893: Recv: Response(StatSvc.register)
2020-10-30 03:55:03 I/Net 1291517893: Syncing friend message history...
2020-10-30 03:55:03 V/Net 1291517893: Send: MessageSvc.PbGetMsg
2020-10-30 03:55:04 I/Net 1291517893: Syncing friend message history: Success
2020-10-30 03:55:06 V/Net 1291517893: Recv: ConfigPushSvc.PushReq.PushReqResponse.Success
2020-10-30 03:55:06 V/Net 1291517893: Send: ConfigPushSvc.PushResp
2020-10-30 03:55:06 D/Net 1291517893: Received unknown commandName: ConfigPushSvc.PushDomain
2020-10-30 03:55:07 V/Net 1291517893: Recv: ConfigPushSvc.PushReq.PushReqResponse.Success
2020-10-30 03:55:07 V/Net 1291517893: Send: ConfigPushSvc.PushResp
2020-10-30 03:56:03 V/Net 1291517893: Send: Heartbeat.Alive
2020-10-30 03:56:03 V/Net 1291517893: Recv: Heartbeat.Alive.Response
2020-10-30 03:57:03 V/Net 1291517893: Send: Heartbeat.Alive
2020-10-30 03:57:04 V/Net 1291517893: Recv: Heartbeat.Alive.Response
2020-10-30 03:58:04 V/Net 1291517893: Send: Heartbeat.Alive
2020-10-30 03:58:04 V/Net 1291517893: Recv: Heartbeat.Alive.Response
2020-10-30 03:59:04 V/Net 1291517893: Send: Heartbeat.Alive
2020-10-30 03:59:04 V/Net 1291517893: Recv: Heartbeat.Alive.Response
2020-10-30 04:00:04 V/Net 1291517893: Send: Heartbeat.Alive
2020-10-30 04:00:04 V/Net 1291517893: Recv: Heartbeat.Alive.Response
2020-10-30 04:01:04 V/Net 1291517893: Send: Heartbeat.Alive
2020-10-30 04:01:04 V/Net 1291517893: Recv: Heartbeat.Alive.Response
2020-10-30 04:02:04 V/Net 1291517893: Send: Heartbeat.Alive
2020-10-30 04:02:04 V/Net 1291517893: Recv: Heartbeat.Alive.Response
2020-10-30 04:03:04 V/Net 1291517893: Send: Heartbeat.Alive
2020-10-30 04:03:04 V/Net 1291517893: Recv: Heartbeat.Alive.Response
2020-10-30 04:04:04 V/Net 1291517893: Send: Heartbeat.Alive
2020-10-30 04:04:04 V/Net 1291517893: Recv: Heartbeat.Alive.Response
2020-10-30 04:05:04 V/Net 1291517893: Send: Heartbeat.Alive
2020-10-30 04:05:04 V/Net 1291517893: Recv: Heartbeat.Alive.Response
2020-10-30 04:06:04 V/Net 1291517893: Send: Heartbeat.Alive
2020-10-30 04:06:04 V/Net 1291517893: Recv: Heartbeat.Alive.Response
2020-10-30 04:07:04 V/Net 1291517893: Send: Heartbeat.Alive
2020-10-30 04:07:04 V/Net 1291517893: Recv: Heartbeat.Alive.Response
2020-10-30 04:08:04 V/Net 1291517893: Send: Heartbeat.Alive
2020-10-30 04:08:04 V/Net 1291517893: Recv: Heartbeat.Alive.Response
2020-10-30 04:09:04 V/Net 1291517893: Send: Heartbeat.Alive
2020-10-30 04:09:04 V/Net 1291517893: Recv: Heartbeat.Alive.Response
