2020-11-21 21:46:24 I/Net 1291517893: Connected to server 42.81.169.46:8080
2020-11-21 21:46:24 V/Net 1291517893: Send: wtlogin.login
2020-11-21 21:46:24 V/Net 1291517893: Recv: LoginPacketResponse.Success
2020-11-21 21:46:24 I/Net 1291517893: Login successful
2020-11-21 21:46:30 V/Net 1291517893: Send: StatSvc.register
2020-11-21 21:46:30 V/Net 1291517893: Recv: Response(StatSvc.register)
2020-11-21 21:46:30 I/Net 1291517893: 开始加载好友信息
2020-11-21 21:46:30 I/Net 1291517893: 开始加载群组列表与群成员列表
2020-11-21 21:46:30 V/Net 1291517893: Send: friendlist.getFriendGroupList
2020-11-21 21:46:30 V/Net 1291517893: Send: friendlist.GetTroopListReqV2
2020-11-21 21:46:30 V/Net 1291517893: Recv: FriendList.GetFriendGroupList.Response
2020-11-21 21:46:30 V/Net 1291517893: 正在加载好友列表 3/3
2020-11-21 21:46:30 I/Net 1291517893: 好友列表加载完成, 共 3个
2020-11-21 21:46:30 V/Net 1291517893: Recv: FriendList.GetFriendGroupList.Response
2020-11-21 21:46:30 V/Net 1291517893: Send: OidbSvc.0x88d_7
2020-11-21 21:46:30 V/Net 1291517893: Send: OidbSvc.0x88d_7
2020-11-21 21:46:30 V/Net 1291517893: Send: OidbSvc.0x88d_7
2020-11-21 21:46:30 V/Net 1291517893: Send: OidbSvc.0x88d_7
2020-11-21 21:46:30 V/Net 1291517893: Send: friendlist.GetTroopMemberListReq
2020-11-21 21:46:30 V/Net 1291517893: Send: friendlist.GetTroopMemberListReq
2020-11-21 21:46:30 V/Net 1291517893: Send: friendlist.GetTroopMemberListReq
2020-11-21 21:46:30 V/Net 1291517893: Send: friendlist.GetTroopMemberListReq
2020-11-21 21:46:30 V/Net 1291517893: Recv: FriendList.GetTroopMemberList.Response
2020-11-21 21:46:30 V/Net 1291517893: Recv: FriendList.GetTroopMemberList.Response
2020-11-21 21:46:30 V/Net 1291517893: Recv: FriendList.GetTroopMemberList.Response
2020-11-21 21:46:30 V/Net 1291517893: Send: friendlist.GetTroopMemberListReq
2020-11-21 21:46:31 V/Net 1291517893: Recv: FriendList.GetTroopMemberList.Response
2020-11-21 21:46:31 V/Net 1291517893: Send: friendlist.GetTroopMemberListReq
2020-11-21 21:46:31 V/Net 1291517893: Recv: FriendList.GetTroopMemberList.Response
2020-11-21 21:46:31 V/Net 1291517893: Recv: FriendList.GetTroopMemberList.Response
2020-11-21 21:46:31 I/Net 1291517893: 群组列表与群成员加载完成, 共 4个
2020-11-21 21:46:31 I/Net 1291517893: Awaiting ConfigPushSvc.PushReq
2020-11-21 21:46:31 I/Net 1291517893: Syncing friend message history...
2020-11-21 21:46:31 V/Net 1291517893: Send: MessageSvc.PbGetMsg
2020-11-21 21:46:31 V/Net 1291517893: Send: MessageSvc.PbDeleteMsg
2020-11-21 21:46:31 V/Net 1291517893: Send: MessageSvc.PbGetMsg
2020-11-21 21:46:31 V/Net 1291517893: Send: MessageSvc.PbDeleteMsg
2020-11-21 21:46:31 I/Net 1291517893: Syncing friend message history: Success
2020-11-21 21:46:33 V/Net 1291517893: Recv: ConfigPushSvc.PushReq.PushReqResponse.Success
2020-11-21 21:46:33 V/Net 1291517893: Send: ConfigPushSvc.PushResp
2020-11-21 21:46:33 I/Net 1291517893: ConfigPushSvc.PushReq: Success
2020-11-21 21:46:33 D/Net 1291517893: Received unknown commandName: ConfigPushSvc.PushDomain
2020-11-21 21:46:33 V/Net 1291517893: Recv: ConfigPushSvc.PushReq.PushReqResponse.Success
2020-11-21 21:46:33 V/Net 1291517893: Send: ConfigPushSvc.PushResp
2020-11-21 21:47:30 V/Net 1291517893: Send: Heartbeat.Alive
2020-11-21 21:47:30 V/Net 1291517893: Recv: Heartbeat.Alive.Response
2020-11-21 21:48:30 V/Net 1291517893: Send: Heartbeat.Alive
2020-11-21 21:48:30 V/Net 1291517893: Recv: Heartbeat.Alive.Response
2020-11-21 21:49:30 V/Net 1291517893: Send: Heartbeat.Alive
2020-11-21 21:49:30 V/Net 1291517893: Recv: Heartbeat.Alive.Response
2020-11-21 21:50:28 V/Net 1291517893: Send: MessageSvc.PbSendMsg
2020-11-21 21:50:28 V/Net 1291517893: Recv: MessageSvcPbSendMsg.Response.SUCCESS
2020-11-21 21:50:30 V/Net 1291517893: Send: Heartbeat.Alive
2020-11-21 21:50:30 V/Net 1291517893: Recv: Heartbeat.Alive.Response
2020-11-21 21:50:30 V/Net 1291517893: Send: OnlinePush.RespPush
2020-11-21 21:50:38 V/Net 1291517893: Send: OnlinePush.RespPush
2020-11-21 21:50:40 V/Net 1291517893: Send: MessageSvc.PbSendMsg
2020-11-21 21:50:40 V/Net 1291517893: Recv: MessageSvcPbSendMsg.Response.SUCCESS
2020-11-21 21:51:30 V/Net 1291517893: Send: Heartbeat.Alive
2020-11-21 21:51:30 V/Net 1291517893: Recv: Heartbeat.Alive.Response
2020-11-21 21:52:30 V/Net 1291517893: Send: Heartbeat.Alive
2020-11-21 21:52:30 V/Net 1291517893: Recv: Heartbeat.Alive.Response
2020-11-21 21:53:30 V/Net 1291517893: Send: Heartbeat.Alive
2020-11-21 21:53:30 V/Net 1291517893: Recv: Heartbeat.Alive.Response
2020-11-21 21:54:30 V/Net 1291517893: Send: Heartbeat.Alive
2020-11-21 21:54:30 V/Net 1291517893: Recv: Heartbeat.Alive.Response
2020-11-21 21:55:30 V/Net 1291517893: Send: Heartbeat.Alive
2020-11-21 21:55:30 V/Net 1291517893: Recv: Heartbeat.Alive.Response
2020-11-21 21:56:30 V/Net 1291517893: Send: Heartbeat.Alive
2020-11-21 21:56:30 V/Net 1291517893: Recv: Heartbeat.Alive.Response
2020-11-21 21:57:30 V/Net 1291517893: Send: Heartbeat.Alive
2020-11-21 21:57:30 V/Net 1291517893: Recv: Heartbeat.Alive.Response
2020-11-21 21:58:30 V/Net 1291517893: Send: Heartbeat.Alive
2020-11-21 21:58:30 V/Net 1291517893: Recv: Heartbeat.Alive.Response
2020-11-21 21:59:13 V/Net 1291517893: Send: MessageSvc.PbSendMsg
2020-11-21 21:59:13 V/Net 1291517893: Recv: MessageSvcPbSendMsg.Response.SUCCESS
2020-11-21 21:59:30 V/Net 1291517893: Send: Heartbeat.Alive
2020-11-21 21:59:30 V/Net 1291517893: Recv: Heartbeat.Alive.Response
2020-11-21 22:00:30 V/Net 1291517893: Send: Heartbeat.Alive
2020-11-21 22:00:30 V/Net 1291517893: Recv: Heartbeat.Alive.Response
2020-11-21 22:01:30 V/Net 1291517893: Send: Heartbeat.Alive
2020-11-21 22:01:30 V/Net 1291517893: Recv: Heartbeat.Alive.Response
2020-11-21 22:02:30 V/Net 1291517893: Send: Heartbeat.Alive
2020-11-21 22:02:31 V/Net 1291517893: Recv: Heartbeat.Alive.Response
2020-11-21 22:03:31 V/Net 1291517893: Send: Heartbeat.Alive
2020-11-21 22:03:31 V/Net 1291517893: Recv: Heartbeat.Alive.Response
2020-11-21 22:04:31 V/Net 1291517893: Send: Heartbeat.Alive
2020-11-21 22:04:31 V/Net 1291517893: Recv: Heartbeat.Alive.Response
2020-11-21 22:05:31 V/Net 1291517893: Send: Heartbeat.Alive
2020-11-21 22:05:31 V/Net 1291517893: Recv: Heartbeat.Alive.Response
2020-11-21 22:06:31 V/Net 1291517893: Send: Heartbeat.Alive
2020-11-21 22:06:31 V/Net 1291517893: Recv: Heartbeat.Alive.Response
2020-11-21 22:06:42 V/Net 1291517893: Send: MessageSvc.PbSendMsg
2020-11-21 22:06:43 V/Net 1291517893: Recv: MessageSvcPbSendMsg.Response.SUCCESS
2020-11-21 22:07:31 V/Net 1291517893: Send: Heartbeat.Alive
2020-11-21 22:07:31 V/Net 1291517893: Recv: Heartbeat.Alive.Response
2020-11-21 22:08:31 V/Net 1291517893: Send: Heartbeat.Alive
2020-11-21 22:08:31 V/Net 1291517893: Recv: Heartbeat.Alive.Response
2020-11-21 22:09:31 V/Net 1291517893: Send: Heartbeat.Alive
2020-11-21 22:09:31 V/Net 1291517893: Recv: Heartbeat.Alive.Response
2020-11-21 22:10:31 V/Net 1291517893: Send: Heartbeat.Alive
2020-11-21 22:10:31 V/Net 1291517893: Recv: Heartbeat.Alive.Response
2020-11-21 22:11:31 V/Net 1291517893: Send: Heartbeat.Alive
2020-11-21 22:11:31 V/Net 1291517893: Recv: Heartbeat.Alive.Response
2020-11-21 22:12:31 V/Net 1291517893: Send: Heartbeat.Alive
2020-11-21 22:12:31 V/Net 1291517893: Recv: Heartbeat.Alive.Response
2020-11-21 22:13:31 V/Net 1291517893: Send: Heartbeat.Alive
2020-11-21 22:13:31 V/Net 1291517893: Recv: Heartbeat.Alive.Response
2020-11-21 22:14:31 V/Net 1291517893: Send: Heartbeat.Alive
2020-11-21 22:14:31 V/Net 1291517893: Recv: Heartbeat.Alive.Response
2020-11-21 22:15:31 V/Net 1291517893: Send: Heartbeat.Alive
2020-11-21 22:15:31 V/Net 1291517893: Recv: Heartbeat.Alive.Response
2020-11-21 22:16:31 V/Net 1291517893: Send: Heartbeat.Alive
2020-11-21 22:16:31 V/Net 1291517893: Recv: Heartbeat.Alive.Response
2020-11-21 22:17:31 V/Net 1291517893: Send: Heartbeat.Alive
2020-11-21 22:17:31 V/Net 1291517893: Recv: Heartbeat.Alive.Response
2020-11-21 22:18:31 V/Net 1291517893: Send: Heartbeat.Alive
2020-11-21 22:18:31 V/Net 1291517893: Recv: Heartbeat.Alive.Response
2020-11-21 22:19:31 V/Net 1291517893: Send: Heartbeat.Alive
2020-11-21 22:19:31 V/Net 1291517893: Recv: Heartbeat.Alive.Response
2020-11-21 22:20:31 V/Net 1291517893: Send: Heartbeat.Alive
2020-11-21 22:20:31 V/Net 1291517893: Recv: Heartbeat.Alive.Response
2020-11-21 22:21:10 V/Net 1291517893: Send: OnlinePush.RespPush
2020-11-21 22:21:13 V/Net 1291517893: Send: OnlinePush.RespPush
2020-11-21 22:21:19 V/Net 1291517893: Send: OnlinePush.RespPush
2020-11-21 22:21:22 V/Net 1291517893: Send: OnlinePush.RespPush
2020-11-21 22:21:31 V/Net 1291517893: Send: Heartbeat.Alive
2020-11-21 22:21:32 V/Net 1291517893: Recv: Heartbeat.Alive.Response
2020-11-21 22:21:49 V/Net 1291517893: Send: OnlinePush.RespPush
2020-11-21 22:21:54 V/Net 1291517893: Send: OnlinePush.RespPush
2020-11-21 22:21:57 V/Net 1291517893: Send: OnlinePush.RespPush
2020-11-21 22:21:58 V/Net 1291517893: Send: OnlinePush.RespPush
2020-11-21 22:21:58 V/Net 1291517893: Send: OnlinePush.RespPush
2020-11-21 22:21:58 V/Net 1291517893: Send: OnlinePush.RespPush
2020-11-21 22:22:01 V/Net 1291517893: Send: OnlinePush.RespPush
2020-11-21 22:22:02 V/Net 1291517893: Send: OnlinePush.RespPush
2020-11-21 22:22:03 V/Net 1291517893: Send: OnlinePush.RespPush
2020-11-21 22:22:06 V/Net 1291517893: Send: OnlinePush.RespPush
2020-11-21 22:22:07 V/Net 1291517893: Send: OnlinePush.RespPush
2020-11-21 22:22:07 V/Net 1291517893: Send: OnlinePush.RespPush
2020-11-21 22:22:09 V/Net 1291517893: Send: OnlinePush.RespPush
2020-11-21 22:22:09 V/Net 1291517893: Send: OnlinePush.RespPush
2020-11-21 22:22:09 V/Net 1291517893: Send: OnlinePush.RespPush
2020-11-21 22:22:09 V/Net 1291517893: Send: OnlinePush.RespPush
2020-11-21 22:22:13 V/Net 1291517893: Send: OnlinePush.RespPush
2020-11-21 22:22:13 V/Net 1291517893: Send: OnlinePush.RespPush
2020-11-21 22:22:15 V/Net 1291517893: Send: OnlinePush.RespPush
2020-11-21 22:22:17 V/Net 1291517893: Send: OnlinePush.RespPush
2020-11-21 22:22:18 V/Net 1291517893: Send: OnlinePush.RespPush
2020-11-21 22:22:21 V/Net 1291517893: Send: OnlinePush.RespPush
2020-11-21 22:22:22 V/Net 1291517893: Send: OnlinePush.RespPush
2020-11-21 22:22:24 V/Net 1291517893: Send: OnlinePush.RespPush
2020-11-21 22:22:32 V/Net 1291517893: Send: Heartbeat.Alive
2020-11-21 22:22:32 V/Net 1291517893: Recv: Heartbeat.Alive.Response
2020-11-21 22:23:29 I/Net 1291517893: Connected to server 42.81.172.81:80
2020-11-21 22:23:29 V/Net 1291517893: Send: wtlogin.login
2020-11-21 22:23:29 V/Net 1291517893: Recv: LoginPacketResponse.Success
2020-11-21 22:23:29 I/Net 1291517893: Login successful
2020-11-21 22:23:34 V/Net 1291517893: Send: StatSvc.register
2020-11-21 22:23:34 V/Net 1291517893: Recv: Response(StatSvc.register)
2020-11-21 22:23:34 I/Net 1291517893: Syncing friend message history...
2020-11-21 22:23:34 V/Net 1291517893: Send: MessageSvc.PbGetMsg
2020-11-21 22:23:34 V/Net 1291517893: Send: MessageSvc.PbDeleteMsg
2020-11-21 22:23:34 I/Net 1291517893: Syncing friend message history: Success
2020-11-21 22:23:37 V/Net 1291517893: Recv: ConfigPushSvc.PushReq.PushReqResponse.Success
2020-11-21 22:23:37 V/Net 1291517893: Send: ConfigPushSvc.PushResp
2020-11-21 22:23:37 D/Net 1291517893: Received unknown commandName: ConfigPushSvc.PushDomain
2020-11-21 22:23:37 V/Net 1291517893: Recv: ConfigPushSvc.PushReq.PushReqResponse.Success
2020-11-21 22:23:37 V/Net 1291517893: Send: ConfigPushSvc.PushResp
2020-11-21 22:24:34 V/Net 1291517893: Send: Heartbeat.Alive
2020-11-21 22:24:34 V/Net 1291517893: Recv: Heartbeat.Alive.Response
2020-11-21 22:25:34 V/Net 1291517893: Send: Heartbeat.Alive
2020-11-21 22:25:34 V/Net 1291517893: Recv: Heartbeat.Alive.Response
2020-11-21 22:26:34 V/Net 1291517893: Send: Heartbeat.Alive
2020-11-21 22:26:34 V/Net 1291517893: Recv: Heartbeat.Alive.Response
2020-11-21 22:27:34 V/Net 1291517893: Send: Heartbeat.Alive
2020-11-21 22:27:34 V/Net 1291517893: Recv: Heartbeat.Alive.Response
2020-11-21 22:28:34 V/Net 1291517893: Send: Heartbeat.Alive
2020-11-21 22:28:34 V/Net 1291517893: Recv: Heartbeat.Alive.Response
2020-11-21 22:28:59 V/Net 1291517893: Send: MessageSvc.PbSendMsg
2020-11-21 22:28:59 V/Net 1291517893: Recv: MessageSvcPbSendMsg.Response.SUCCESS
2020-11-21 22:29:34 V/Net 1291517893: Send: Heartbeat.Alive
2020-11-21 22:29:34 V/Net 1291517893: Recv: Heartbeat.Alive.Response
2020-11-21 22:30:34 V/Net 1291517893: Send: Heartbeat.Alive
2020-11-21 22:30:34 V/Net 1291517893: Recv: Heartbeat.Alive.Response
2020-11-21 22:31:34 V/Net 1291517893: Send: Heartbeat.Alive
2020-11-21 22:31:34 V/Net 1291517893: Recv: Heartbeat.Alive.Response
2020-11-21 22:32:34 V/Net 1291517893: Send: Heartbeat.Alive
2020-11-21 22:32:35 V/Net 1291517893: Recv: Heartbeat.Alive.Response
2020-11-21 22:33:35 V/Net 1291517893: Send: Heartbeat.Alive
2020-11-21 22:33:35 V/Net 1291517893: Recv: Heartbeat.Alive.Response
2020-11-21 22:34:35 V/Net 1291517893: Send: Heartbeat.Alive
2020-11-21 22:34:35 V/Net 1291517893: Recv: Heartbeat.Alive.Response
2020-11-21 22:35:35 V/Net 1291517893: Send: Heartbeat.Alive
2020-11-21 22:35:35 V/Net 1291517893: Recv: Heartbeat.Alive.Response
2020-11-21 22:36:03 V/Net 1291517893: Send: MessageSvc.PbSendMsg
2020-11-21 22:36:03 V/Net 1291517893: Recv: MessageSvcPbSendMsg.Response.SUCCESS
2020-11-21 22:36:35 V/Net 1291517893: Send: Heartbeat.Alive
2020-11-21 22:36:35 V/Net 1291517893: Recv: Heartbeat.Alive.Response
2020-11-21 22:37:35 V/Net 1291517893: Send: Heartbeat.Alive
2020-11-21 22:37:35 V/Net 1291517893: Recv: Heartbeat.Alive.Response
2020-11-21 22:38:35 V/Net 1291517893: Send: Heartbeat.Alive
2020-11-21 22:38:35 V/Net 1291517893: Recv: Heartbeat.Alive.Response
2020-11-21 22:39:35 V/Net 1291517893: Send: Heartbeat.Alive
2020-11-21 22:39:35 V/Net 1291517893: Recv: Heartbeat.Alive.Response
2020-11-21 22:40:35 V/Net 1291517893: Send: Heartbeat.Alive
2020-11-21 22:40:35 V/Net 1291517893: Recv: Heartbeat.Alive.Response
2020-11-21 22:41:35 V/Net 1291517893: Send: Heartbeat.Alive
2020-11-21 22:41:35 V/Net 1291517893: Recv: Heartbeat.Alive.Response
2020-11-21 22:42:35 V/Net 1291517893: Send: Heartbeat.Alive
2020-11-21 22:42:35 V/Net 1291517893: Recv: Heartbeat.Alive.Response
2020-11-21 22:43:35 V/Net 1291517893: Send: Heartbeat.Alive
2020-11-21 22:43:35 V/Net 1291517893: Recv: Heartbeat.Alive.Response
2020-11-21 22:44:35 V/Net 1291517893: Send: Heartbeat.Alive
2020-11-21 22:44:35 V/Net 1291517893: Recv: Heartbeat.Alive.Response
2020-11-21 22:45:35 V/Net 1291517893: Send: Heartbeat.Alive
2020-11-21 22:45:35 V/Net 1291517893: Recv: Heartbeat.Alive.Response
2020-11-21 22:46:35 V/Net 1291517893: Send: Heartbeat.Alive
2020-11-21 22:46:35 V/Net 1291517893: Recv: Heartbeat.Alive.Response
2020-11-21 22:47:35 V/Net 1291517893: Send: Heartbeat.Alive
2020-11-21 22:47:35 V/Net 1291517893: Recv: Heartbeat.Alive.Response
2020-11-21 22:48:35 V/Net 1291517893: Send: Heartbeat.Alive
2020-11-21 22:48:35 V/Net 1291517893: Recv: Heartbeat.Alive.Response
2020-11-21 22:49:35 V/Net 1291517893: Send: Heartbeat.Alive
2020-11-21 22:49:35 V/Net 1291517893: Recv: Heartbeat.Alive.Response
2020-11-21 22:50:35 V/Net 1291517893: Send: Heartbeat.Alive
2020-11-21 22:50:35 V/Net 1291517893: Recv: Heartbeat.Alive.Response
2020-11-21 22:51:35 V/Net 1291517893: Send: Heartbeat.Alive
2020-11-21 22:51:35 V/Net 1291517893: Recv: Heartbeat.Alive.Response
2020-11-21 22:52:35 V/Net 1291517893: Send: Heartbeat.Alive
2020-11-21 22:52:35 V/Net 1291517893: Recv: Heartbeat.Alive.Response
2020-11-21 22:52:48 I/Net 1291517893: Connected to server 114.221.148.59:14000
2020-11-21 22:52:48 V/Net 1291517893: Send: wtlogin.login
2020-11-21 22:52:48 V/Net 1291517893: Recv: LoginPacketResponse.Success
2020-11-21 22:52:48 I/Net 1291517893: Login successful
2020-11-21 22:52:53 V/Net 1291517893: Send: StatSvc.register
2020-11-21 22:52:53 V/Net 1291517893: Recv: Response(StatSvc.register)
2020-11-21 22:52:53 I/Net 1291517893: Syncing friend message history...
2020-11-21 22:52:53 V/Net 1291517893: Send: MessageSvc.PbGetMsg
2020-11-21 22:52:53 V/Net 1291517893: Send: MessageSvc.PbDeleteMsg
2020-11-21 22:52:53 I/Net 1291517893: Syncing friend message history: Success
2020-11-21 22:52:56 V/Net 1291517893: Recv: ConfigPushSvc.PushReq.PushReqResponse.Success
2020-11-21 22:52:56 V/Net 1291517893: Send: ConfigPushSvc.PushResp
2020-11-21 22:52:56 D/Net 1291517893: Received unknown commandName: ConfigPushSvc.PushDomain
2020-11-21 22:52:56 V/Net 1291517893: Recv: ConfigPushSvc.PushReq.PushReqResponse.Success
2020-11-21 22:52:56 V/Net 1291517893: Send: ConfigPushSvc.PushResp
2020-11-21 22:53:53 V/Net 1291517893: Send: Heartbeat.Alive
2020-11-21 22:53:53 V/Net 1291517893: Recv: Heartbeat.Alive.Response
2020-11-21 22:53:59 V/Net 1291517893: Send: OnlinePush.RespPush
2020-11-21 22:53:59 V/Net 1291517893: Recv: net.mamoe.mirai.qqandroid.network.protocol.data.jce.RequestPushNotify@60859592
2020-11-21 22:53:59 V/Net 1291517893: Send: MessageSvc.PbGetMsg
2020-11-21 22:53:59 V/Net 1291517893: Send: MessageSvc.PbDeleteMsg
2020-11-21 22:54:08 V/Net 1291517893: Send: OnlinePush.RespPush
2020-11-21 22:54:53 V/Net 1291517893: Send: Heartbeat.Alive
2020-11-21 22:54:54 V/Net 1291517893: Recv: Heartbeat.Alive.Response
2020-11-21 22:55:54 V/Net 1291517893: Send: Heartbeat.Alive
2020-11-21 22:55:54 V/Net 1291517893: Recv: Heartbeat.Alive.Response
2020-11-21 22:56:54 V/Net 1291517893: Send: Heartbeat.Alive
2020-11-21 22:56:54 V/Net 1291517893: Recv: Heartbeat.Alive.Response
2020-11-21 22:57:54 V/Net 1291517893: Send: Heartbeat.Alive
2020-11-21 22:57:54 V/Net 1291517893: Recv: Heartbeat.Alive.Response
2020-11-21 22:58:54 V/Net 1291517893: Send: Heartbeat.Alive
2020-11-21 22:58:54 V/Net 1291517893: Recv: Heartbeat.Alive.Response
2020-11-21 22:59:54 V/Net 1291517893: Send: Heartbeat.Alive
2020-11-21 22:59:54 V/Net 1291517893: Recv: Heartbeat.Alive.Response
2020-11-21 23:00:54 V/Net 1291517893: Send: Heartbeat.Alive
2020-11-21 23:00:54 V/Net 1291517893: Recv: Heartbeat.Alive.Response
2020-11-21 23:01:54 V/Net 1291517893: Send: Heartbeat.Alive
2020-11-21 23:01:59 V/Net 1291517893: Send: Heartbeat.Alive
2020-11-21 23:02:04 V/Net 1291517893: Send: Heartbeat.Alive
2020-11-21 23:02:09 V/Net 1291517893: Send: Heartbeat.Alive
2020-11-21 23:02:14 V/Net 1291517893: Send: Heartbeat.Alive
2020-11-21 23:02:19 V/Net 1291517893: Send: Heartbeat.Alive
2020-11-21 23:02:30 W/Net 1291517893: No route to host (Mostly due to no Internet connection). Retrying in 3s...
2020-11-21 23:02:33 W/Net 1291517893: No route to host (Mostly due to no Internet connection). Retrying in 3s...
2020-11-21 23:02:36 W/Net 1291517893: No route to host (Mostly due to no Internet connection). Retrying in 3s...
2020-11-21 23:02:39 W/Net 1291517893: No route to host (Mostly due to no Internet connection). Retrying in 3s...
2020-11-21 23:02:42 W/Net 1291517893: No route to host (Mostly due to no Internet connection). Retrying in 3s...
2020-11-21 23:02:45 W/Net 1291517893: No route to host (Mostly due to no Internet connection). Retrying in 3s...
2020-11-21 23:02:48 W/Net 1291517893: No route to host (Mostly due to no Internet connection). Retrying in 3s...
2020-11-21 23:02:51 W/Net 1291517893: No route to host (Mostly due to no Internet connection). Retrying in 3s...
2020-11-21 23:02:55 W/Net 1291517893: No route to host (Mostly due to no Internet connection). Retrying in 3s...
2020-11-21 23:02:58 W/Net 1291517893: No route to host (Mostly due to no Internet connection). Retrying in 3s...
2020-11-21 23:03:01 W/Net 1291517893: No route to host (Mostly due to no Internet connection). Retrying in 3s...
2020-11-21 23:03:04 W/Net 1291517893: No route to host (Mostly due to no Internet connection). Retrying in 3s...
2020-11-21 23:03:07 W/Net 1291517893: No route to host (Mostly due to no Internet connection). Retrying in 3s...
2020-11-21 23:03:10 W/Net 1291517893: No route to host (Mostly due to no Internet connection). Retrying in 3s...
2020-11-21 23:03:13 W/Net 1291517893: No route to host (Mostly due to no Internet connection). Retrying in 3s...
2020-11-21 23:03:16 W/Net 1291517893: No route to host (Mostly due to no Internet connection). Retrying in 3s...
2020-11-21 23:03:19 W/Net 1291517893: No route to host (Mostly due to no Internet connection). Retrying in 3s...
2020-11-21 23:03:22 W/Net 1291517893: No route to host (Mostly due to no Internet connection). Retrying in 3s...
2020-11-21 23:03:25 W/Net 1291517893: No route to host (Mostly due to no Internet connection). Retrying in 3s...
2020-11-21 23:03:28 W/Net 1291517893: No route to host (Mostly due to no Internet connection). Retrying in 3s...
2020-11-21 23:03:31 W/Net 1291517893: No route to host (Mostly due to no Internet connection). Retrying in 3s...
2020-11-21 23:03:34 W/Net 1291517893: No route to host (Mostly due to no Internet connection). Retrying in 3s...
2020-11-21 23:03:37 W/Net 1291517893: No route to host (Mostly due to no Internet connection). Retrying in 3s...
2020-11-21 23:03:43 W/Net 1291517893: No route to host (Mostly due to no Internet connection). Retrying in 3s...
2020-11-21 23:03:46 W/Net 1291517893: No route to host (Mostly due to no Internet connection). Retrying in 3s...
2020-11-21 23:03:52 W/Net 1291517893: No route to host (Mostly due to no Internet connection). Retrying in 3s...
2020-11-21 23:03:55 W/Net 1291517893: No route to host (Mostly due to no Internet connection). Retrying in 3s...
2020-11-21 23:04:01 W/Net 1291517893: No route to host (Mostly due to no Internet connection). Retrying in 3s...
2020-11-21 23:04:04 W/Net 1291517893: No route to host (Mostly due to no Internet connection). Retrying in 3s...
2020-11-21 23:04:09 W/Net 1291517893: No route to host (Mostly due to no Internet connection). Retrying in 3s...
2020-11-21 23:04:12 W/Net 1291517893: No route to host (Mostly due to no Internet connection). Retrying in 3s...
2020-11-21 23:04:15 W/Net 1291517893: No route to host (Mostly due to no Internet connection). Retrying in 3s...
2020-11-21 23:04:18 W/Net 1291517893: No route to host (Mostly due to no Internet connection). Retrying in 3s...
2020-11-21 23:04:22 W/Net 1291517893: No route to host (Mostly due to no Internet connection). Retrying in 3s...
2020-11-21 23:04:25 W/Net 1291517893: No route to host (Mostly due to no Internet connection). Retrying in 3s...
2020-11-21 23:04:28 W/Net 1291517893: No route to host (Mostly due to no Internet connection). Retrying in 3s...
2020-11-21 23:04:31 W/Net 1291517893: No route to host (Mostly due to no Internet connection). Retrying in 3s...
2020-11-21 23:04:34 W/Net 1291517893: No route to host (Mostly due to no Internet connection). Retrying in 3s...
2020-11-21 23:04:40 W/Net 1291517893: No route to host (Mostly due to no Internet connection). Retrying in 3s...
2020-11-21 23:04:43 W/Net 1291517893: No route to host (Mostly due to no Internet connection). Retrying in 3s...
2020-11-21 23:04:49 W/Net 1291517893: No route to host (Mostly due to no Internet connection). Retrying in 3s...
2020-11-21 23:04:52 W/Net 1291517893: No route to host (Mostly due to no Internet connection). Retrying in 3s...
2020-11-21 23:04:57 W/Net 1291517893: No route to host (Mostly due to no Internet connection). Retrying in 3s...
2020-11-21 23:05:00 W/Net 1291517893: No route to host (Mostly due to no Internet connection). Retrying in 3s...
2020-11-21 23:05:03 W/Net 1291517893: No route to host (Mostly due to no Internet connection). Retrying in 3s...
2020-11-21 23:05:09 W/Net 1291517893: No route to host (Mostly due to no Internet connection). Retrying in 3s...
2020-11-21 23:05:12 W/Net 1291517893: No route to host (Mostly due to no Internet connection). Retrying in 3s...
2020-11-21 23:05:17 W/Net 1291517893: No route to host (Mostly due to no Internet connection). Retrying in 3s...
2020-11-21 23:05:20 W/Net 1291517893: No route to host (Mostly due to no Internet connection). Retrying in 3s...
2020-11-21 23:05:26 W/Net 1291517893: No route to host (Mostly due to no Internet connection). Retrying in 3s...
2020-11-21 23:05:29 W/Net 1291517893: No route to host (Mostly due to no Internet connection). Retrying in 3s...
2020-11-21 23:05:35 W/Net 1291517893: No route to host (Mostly due to no Internet connection). Retrying in 3s...
2020-11-21 23:05:38 W/Net 1291517893: No route to host (Mostly due to no Internet connection). Retrying in 3s...
2020-11-21 23:05:44 W/Net 1291517893: No route to host (Mostly due to no Internet connection). Retrying in 3s...
2020-11-21 23:05:47 W/Net 1291517893: No route to host (Mostly due to no Internet connection). Retrying in 3s...
2020-11-21 23:05:50 W/Net 1291517893: No route to host (Mostly due to no Internet connection). Retrying in 3s...
2020-11-21 23:05:53 W/Net 1291517893: No route to host (Mostly due to no Internet connection). Retrying in 3s...
2020-11-21 23:05:57 W/Net 1291517893: No route to host (Mostly due to no Internet connection). Retrying in 3s...
2020-11-21 23:06:00 W/Net 1291517893: No route to host (Mostly due to no Internet connection). Retrying in 3s...
2020-11-21 23:06:03 W/Net 1291517893: No route to host (Mostly due to no Internet connection). Retrying in 3s...
2020-11-21 23:06:06 W/Net 1291517893: No route to host (Mostly due to no Internet connection). Retrying in 3s...
2020-11-21 23:06:09 W/Net 1291517893: No route to host (Mostly due to no Internet connection). Retrying in 3s...
2020-11-21 23:06:16 W/Net 1291517893: No route to host (Mostly due to no Internet connection). Retrying in 3s...
2020-11-21 23:06:19 W/Net 1291517893: No route to host (Mostly due to no Internet connection). Retrying in 3s...
2020-11-21 23:06:25 W/Net 1291517893: No route to host (Mostly due to no Internet connection). Retrying in 3s...
2020-11-21 23:06:28 W/Net 1291517893: No route to host (Mostly due to no Internet connection). Retrying in 3s...
2020-11-21 23:06:33 W/Net 1291517893: No route to host (Mostly due to no Internet connection). Retrying in 3s...
2020-11-21 23:06:36 W/Net 1291517893: No route to host (Mostly due to no Internet connection). Retrying in 3s...
2020-11-21 23:06:42 W/Net 1291517893: No route to host (Mostly due to no Internet connection). Retrying in 3s...
2020-11-21 23:06:45 W/Net 1291517893: No route to host (Mostly due to no Internet connection). Retrying in 3s...
2020-11-21 23:06:51 W/Net 1291517893: No route to host (Mostly due to no Internet connection). Retrying in 3s...
2020-11-21 23:06:54 W/Net 1291517893: No route to host (Mostly due to no Internet connection). Retrying in 3s...
2020-11-21 23:06:57 W/Net 1291517893: No route to host (Mostly due to no Internet connection). Retrying in 3s...
2020-11-21 23:07:00 W/Net 1291517893: No route to host (Mostly due to no Internet connection). Retrying in 3s...
2020-11-21 23:07:06 W/Net 1291517893: No route to host (Mostly due to no Internet connection). Retrying in 3s...
2020-11-21 23:07:09 W/Net 1291517893: No route to host (Mostly due to no Internet connection). Retrying in 3s...
2020-11-21 23:07:15 W/Net 1291517893: No route to host (Mostly due to no Internet connection). Retrying in 3s...
2020-11-21 23:07:19 W/Net 1291517893: No route to host (Mostly due to no Internet connection). Retrying in 3s...
2020-11-21 23:07:25 W/Net 1291517893: No route to host (Mostly due to no Internet connection). Retrying in 3s...
2020-11-21 23:07:28 W/Net 1291517893: No route to host (Mostly due to no Internet connection). Retrying in 3s...
2020-11-21 23:07:34 W/Net 1291517893: No route to host (Mostly due to no Internet connection). Retrying in 3s...
2020-11-21 23:07:37 W/Net 1291517893: No route to host (Mostly due to no Internet connection). Retrying in 3s...
2020-11-21 23:07:43 W/Net 1291517893: No route to host (Mostly due to no Internet connection). Retrying in 3s...
2020-11-21 23:07:46 W/Net 1291517893: No route to host (Mostly due to no Internet connection). Retrying in 3s...
2020-11-21 23:07:52 W/Net 1291517893: No route to host (Mostly due to no Internet connection). Retrying in 3s...
2020-11-21 23:07:55 W/Net 1291517893: No route to host (Mostly due to no Internet connection). Retrying in 3s...
2020-11-21 23:08:01 W/Net 1291517893: No route to host (Mostly due to no Internet connection). Retrying in 3s...
2020-11-21 23:08:04 W/Net 1291517893: No route to host (Mostly due to no Internet connection). Retrying in 3s...
2020-11-21 23:08:10 W/Net 1291517893: No route to host (Mostly due to no Internet connection). Retrying in 3s...
2020-11-21 23:08:13 W/Net 1291517893: No route to host (Mostly due to no Internet connection). Retrying in 3s...
2020-11-21 23:08:19 W/Net 1291517893: No route to host (Mostly due to no Internet connection). Retrying in 3s...
2020-11-21 23:08:22 W/Net 1291517893: No route to host (Mostly due to no Internet connection). Retrying in 3s...
2020-11-21 23:08:28 W/Net 1291517893: No route to host (Mostly due to no Internet connection). Retrying in 3s...
2020-11-21 23:08:31 W/Net 1291517893: No route to host (Mostly due to no Internet connection). Retrying in 3s...
2020-11-21 23:08:37 W/Net 1291517893: No route to host (Mostly due to no Internet connection). Retrying in 3s...
2020-11-21 23:08:40 W/Net 1291517893: No route to host (Mostly due to no Internet connection). Retrying in 3s...
2020-11-21 23:08:43 W/Net 1291517893: No route to host (Mostly due to no Internet connection). Retrying in 3s...
2020-11-21 23:08:49 W/Net 1291517893: No route to host (Mostly due to no Internet connection). Retrying in 3s...
2020-11-21 23:08:53 W/Net 1291517893: No route to host (Mostly due to no Internet connection). Retrying in 3s...
2020-11-21 23:08:56 W/Net 1291517893: No route to host (Mostly due to no Internet connection). Retrying in 3s...
2020-11-21 23:09:02 W/Net 1291517893: No route to host (Mostly due to no Internet connection). Retrying in 3s...
2020-11-21 23:09:05 W/Net 1291517893: No route to host (Mostly due to no Internet connection). Retrying in 3s...
2020-11-21 23:09:09 W/Net 1291517893: No route to host (Mostly due to no Internet connection). Retrying in 3s...
2020-11-21 23:09:12 W/Net 1291517893: No route to host (Mostly due to no Internet connection). Retrying in 3s...
2020-11-21 23:09:15 W/Net 1291517893: No route to host (Mostly due to no Internet connection). Retrying in 3s...
2020-11-21 23:09:21 W/Net 1291517893: No route to host (Mostly due to no Internet connection). Retrying in 3s...
2020-11-21 23:09:24 W/Net 1291517893: No route to host (Mostly due to no Internet connection). Retrying in 3s...
2020-11-21 23:09:28 W/Net 1291517893: No route to host (Mostly due to no Internet connection). Retrying in 3s...
2020-11-21 23:09:31 W/Net 1291517893: No route to host (Mostly due to no Internet connection). Retrying in 3s...
2020-11-21 23:09:34 W/Net 1291517893: No route to host (Mostly due to no Internet connection). Retrying in 3s...
2020-11-21 23:09:40 W/Net 1291517893: No route to host (Mostly due to no Internet connection). Retrying in 3s...
2020-11-21 23:09:43 W/Net 1291517893: No route to host (Mostly due to no Internet connection). Retrying in 3s...
2020-11-21 23:09:49 W/Net 1291517893: No route to host (Mostly due to no Internet connection). Retrying in 3s...
2020-11-21 23:09:52 W/Net 1291517893: No route to host (Mostly due to no Internet connection). Retrying in 3s...
2020-11-21 23:10:01 W/Net 1291517893: No route to host (Mostly due to no Internet connection). Retrying in 3s...
2020-11-21 23:10:04 W/Net 1291517893: No route to host (Mostly due to no Internet connection). Retrying in 3s...
2020-11-21 23:12:17 W/Net 1291517893: No route to host (Mostly due to no Internet connection). Retrying in 3s...
2020-11-21 23:12:22 I/Net 1291517893: Connected to server 42.81.172.147:443
2020-11-21 23:12:22 V/Net 1291517893: Send: wtlogin.login
2020-11-21 23:12:22 V/Net 1291517893: Recv: LoginPacketResponse.Success
2020-11-21 23:12:22 I/Net 1291517893: Login successful
2020-11-21 23:12:32 V/Net 1291517893: Send: StatSvc.register
2020-11-21 23:12:32 V/Net 1291517893: Recv: Response(StatSvc.register)
2020-11-21 23:12:32 I/Net 1291517893: Syncing friend message history...
2020-11-21 23:12:32 V/Net 1291517893: Send: MessageSvc.PbGetMsg
2020-11-21 23:12:32 I/Net 1291517893: Syncing friend message history...
2020-11-21 23:12:32 V/Net 1291517893: Send: MessageSvc.PbGetMsg
2020-11-21 23:12:32 V/Net 1291517893: Send: MessageSvc.PbDeleteMsg
2020-11-21 23:12:32 I/Net 1291517893: Syncing friend message history: Success
2020-11-21 23:12:32 V/Net 1291517893: Send: MessageSvc.PbDeleteMsg
2020-11-21 23:12:32 I/Net 1291517893: Syncing friend message history: Success
2020-11-21 23:12:35 V/Net 1291517893: Recv: ConfigPushSvc.PushReq.PushReqResponse.Success
2020-11-21 23:12:35 V/Net 1291517893: Send: ConfigPushSvc.PushResp
2020-11-21 23:12:35 D/Net 1291517893: Received unknown commandName: ConfigPushSvc.PushDomain
2020-11-21 23:12:35 V/Net 1291517893: Recv: ConfigPushSvc.PushReq.PushReqResponse.Success
2020-11-21 23:12:35 V/Net 1291517893: Send: ConfigPushSvc.PushResp
2020-11-21 23:13:32 V/Net 1291517893: Send: Heartbeat.Alive
2020-11-21 23:13:32 V/Net 1291517893: Recv: Heartbeat.Alive.Response
2020-11-21 23:14:32 V/Net 1291517893: Send: Heartbeat.Alive
2020-11-21 23:14:32 V/Net 1291517893: Recv: Heartbeat.Alive.Response
2020-11-21 23:15:32 V/Net 1291517893: Send: Heartbeat.Alive
2020-11-21 23:15:32 V/Net 1291517893: Recv: Heartbeat.Alive.Response
2020-11-21 23:16:32 V/Net 1291517893: Send: Heartbeat.Alive
2020-11-21 23:16:32 V/Net 1291517893: Recv: Heartbeat.Alive.Response
2020-11-21 23:17:32 V/Net 1291517893: Send: Heartbeat.Alive
2020-11-21 23:17:32 V/Net 1291517893: Recv: Heartbeat.Alive.Response
2020-11-21 23:18:32 V/Net 1291517893: Send: Heartbeat.Alive
2020-11-21 23:18:33 V/Net 1291517893: Recv: Heartbeat.Alive.Response
2020-11-21 23:19:33 V/Net 1291517893: Send: Heartbeat.Alive
2020-11-21 23:19:33 V/Net 1291517893: Recv: Heartbeat.Alive.Response
2020-11-21 23:20:20 V/Net 1291517893: Send: MessageSvc.PbSendMsg
2020-11-21 23:20:21 V/Net 1291517893: Recv: MessageSvcPbSendMsg.Response.SUCCESS
2020-11-21 23:20:33 V/Net 1291517893: Send: Heartbeat.Alive
2020-11-21 23:20:33 V/Net 1291517893: Recv: Heartbeat.Alive.Response
2020-11-21 23:20:37 V/Net 1291517893: Send: MessageSvc.PbSendMsg
2020-11-21 23:20:37 V/Net 1291517893: Recv: MessageSvcPbSendMsg.Response.SUCCESS
2020-11-21 23:21:33 V/Net 1291517893: Send: Heartbeat.Alive
2020-11-21 23:21:33 V/Net 1291517893: Recv: Heartbeat.Alive.Response
2020-11-21 23:22:33 V/Net 1291517893: Send: Heartbeat.Alive
2020-11-21 23:22:33 V/Net 1291517893: Recv: Heartbeat.Alive.Response
2020-11-21 23:23:33 V/Net 1291517893: Send: Heartbeat.Alive
2020-11-21 23:23:33 V/Net 1291517893: Recv: Heartbeat.Alive.Response
2020-11-21 23:24:33 V/Net 1291517893: Send: Heartbeat.Alive
2020-11-21 23:24:33 V/Net 1291517893: Recv: Heartbeat.Alive.Response
2020-11-21 23:25:33 V/Net 1291517893: Send: Heartbeat.Alive
2020-11-21 23:25:33 V/Net 1291517893: Recv: Heartbeat.Alive.Response
2020-11-21 23:26:33 V/Net 1291517893: Send: Heartbeat.Alive
2020-11-21 23:26:33 V/Net 1291517893: Recv: Heartbeat.Alive.Response
2020-11-21 23:27:33 V/Net 1291517893: Send: Heartbeat.Alive
2020-11-21 23:27:33 V/Net 1291517893: Recv: Heartbeat.Alive.Response
2020-11-21 23:28:22 V/Net 1291517893: Send: OnlinePush.RespPush
2020-11-21 23:28:31 V/Net 1291517893: Send: OnlinePush.RespPush
2020-11-21 23:28:33 V/Net 1291517893: Send: Heartbeat.Alive
2020-11-21 23:28:33 V/Net 1291517893: Recv: Heartbeat.Alive.Response
