2020-11-27 20:28:51 I/Net 1291517893: Connected to server 42.81.169.46:8080
2020-11-27 20:28:51 V/Net 1291517893: Send: wtlogin.login
2020-11-27 20:28:51 V/Net 1291517893: Recv: LoginPacketResponse.Success
2020-11-27 20:28:51 I/Net 1291517893: Login successful
2020-11-27 20:28:51 V/Net 1291517893: Send: StatSvc.register
2020-11-27 20:28:51 V/Net 1291517893: Recv: Response(StatSvc.register)
2020-11-27 20:28:51 I/Net 1291517893: 开始加载好友信息
2020-11-27 20:28:51 I/Net 1291517893: 开始加载群组列表与群成员列表
2020-11-27 20:28:51 V/Net 1291517893: Send: friendlist.getFriendGroupList
2020-11-27 20:28:51 V/Net 1291517893: Send: friendlist.GetTroopListReqV2
2020-11-27 20:28:51 V/Net 1291517893: Recv: FriendList.GetFriendGroupList.Response
2020-11-27 20:28:51 V/Net 1291517893: Recv: FriendList.GetFriendGroupList.Response
2020-11-27 20:28:51 V/Net 1291517893: 正在加载好友列表 3/3
2020-11-27 20:28:51 I/Net 1291517893: 好友列表加载完成, 共 3个
2020-11-27 20:28:51 V/Net 1291517893: Send: OidbSvc.0x88d_7
2020-11-27 20:28:51 V/Net 1291517893: Send: OidbSvc.0x88d_7
2020-11-27 20:28:51 V/Net 1291517893: Send: OidbSvc.0x88d_7
2020-11-27 20:28:51 V/Net 1291517893: Send: OidbSvc.0x88d_7
2020-11-27 20:28:51 V/Net 1291517893: Send: OidbSvc.0x88d_7
2020-11-27 20:28:51 V/Net 1291517893: Send: friendlist.GetTroopMemberListReq
2020-11-27 20:28:51 V/Net 1291517893: Send: friendlist.GetTroopMemberListReq
2020-11-27 20:28:51 V/Net 1291517893: Send: friendlist.GetTroopMemberListReq
2020-11-27 20:28:51 V/Net 1291517893: Send: friendlist.GetTroopMemberListReq
2020-11-27 20:28:51 V/Net 1291517893: Send: friendlist.GetTroopMemberListReq
2020-11-27 20:28:51 V/Net 1291517893: Recv: FriendList.GetTroopMemberList.Response
2020-11-27 20:28:51 V/Net 1291517893: Recv: FriendList.GetTroopMemberList.Response
2020-11-27 20:28:51 V/Net 1291517893: Recv: FriendList.GetTroopMemberList.Response
2020-11-27 20:28:51 V/Net 1291517893: Recv: FriendList.GetTroopMemberList.Response
2020-11-27 20:28:51 V/Net 1291517893: Send: friendlist.GetTroopMemberListReq
2020-11-27 20:28:52 V/Net 1291517893: Recv: FriendList.GetTroopMemberList.Response
2020-11-27 20:28:52 V/Net 1291517893: Send: friendlist.GetTroopMemberListReq
2020-11-27 20:28:52 V/Net 1291517893: Recv: FriendList.GetTroopMemberList.Response
2020-11-27 20:28:52 V/Net 1291517893: Recv: FriendList.GetTroopMemberList.Response
2020-11-27 20:28:52 I/Net 1291517893: 群组列表与群成员加载完成, 共 5个
2020-11-27 20:28:52 I/Net 1291517893: Awaiting ConfigPushSvc.PushReq
2020-11-27 20:28:52 I/Net 1291517893: Syncing friend message history...
2020-11-27 20:28:52 V/Net 1291517893: Send: MessageSvc.PbGetMsg
2020-11-27 20:28:52 V/Net 1291517893: Send: MessageSvc.PbDeleteMsg
2020-11-27 20:28:52 V/Net 1291517893: Send: MessageSvc.PbGetMsg
2020-11-27 20:28:52 V/Net 1291517893: Send: MessageSvc.PbDeleteMsg
2020-11-27 20:28:52 I/Net 1291517893: Syncing friend message history: Success
2020-11-27 20:28:54 V/Net 1291517893: Recv: ConfigPushSvc.PushReq.PushReqResponse.Success
2020-11-27 20:28:54 V/Net 1291517893: Send: ConfigPushSvc.PushResp
2020-11-27 20:28:54 I/Net 1291517893: ConfigPushSvc.PushReq: Success
2020-11-27 20:28:54 D/Net 1291517893: Received unknown commandName: ConfigPushSvc.PushDomain
2020-11-27 20:28:54 V/Net 1291517893: Recv: ConfigPushSvc.PushReq.PushReqResponse.Success
2020-11-27 20:28:54 V/Net 1291517893: Send: ConfigPushSvc.PushResp
2020-11-27 20:29:51 V/Net 1291517893: Send: Heartbeat.Alive
2020-11-27 20:29:51 V/Net 1291517893: Recv: Heartbeat.Alive.Response
2020-11-27 20:30:51 V/Net 1291517893: Send: Heartbeat.Alive
2020-11-27 20:30:51 V/Net 1291517893: Recv: Heartbeat.Alive.Response
2020-11-27 20:31:34 V/Net 1291517893: Send: OnlinePush.RespPush
2020-11-27 20:31:44 V/Net 1291517893: Send: OnlinePush.RespPush
2020-11-27 20:31:51 V/Net 1291517893: Send: Heartbeat.Alive
2020-11-27 20:31:51 V/Net 1291517893: Recv: Heartbeat.Alive.Response
2020-11-27 20:32:51 V/Net 1291517893: Send: Heartbeat.Alive
2020-11-27 20:32:51 V/Net 1291517893: Recv: Heartbeat.Alive.Response
2020-11-27 20:33:21 V/Net 1291517893: Send: OnlinePush.RespPush
2020-11-27 20:33:29 V/Net 1291517893: Send: OnlinePush.RespPush
2020-11-27 20:33:48 V/Net 1291517893: Send: MessageSvc.PbSendMsg
2020-11-27 20:33:49 V/Net 1291517893: Recv: MessageSvcPbSendMsg.Response.SUCCESS
2020-11-27 20:33:50 V/Net 1291517893: Send: OnlinePush.RespPush
2020-11-27 20:33:51 V/Net 1291517893: Send: Heartbeat.Alive
2020-11-27 20:33:51 V/Net 1291517893: Recv: Heartbeat.Alive.Response
2020-11-27 20:33:52 V/Net 1291517893: Send: MessageSvc.PbSendMsg
2020-11-27 20:33:52 V/Net 1291517893: Recv: MessageSvcPbSendMsg.Response.SUCCESS
2020-11-27 20:33:57 V/Net 1291517893: Send: MessageSvc.PbSendMsg
2020-11-27 20:33:57 V/Net 1291517893: Recv: MessageSvcPbSendMsg.Response.SUCCESS
2020-11-27 20:33:58 V/Net 1291517893: Send: OnlinePush.RespPush
2020-11-27 20:34:05 V/Net 1291517893: Send: ImgStore.GroupPicUp
2020-11-27 20:34:06 V/Net 1291517893: Recv: RequireUpload(fileId=3212134950, uKey=[24, -125, 68, -95, 45, -121, -57, 110, -63, 5, 62, 0, 35, -49, -83, -92, 98, -118, 79, -29, 88, -102, -94, -83, 41, -60, -110, -17, 69, 105, 20, 0, 57, -50, -127, 87, 97, -72, -51, 121, 38, 56, -85, 42, 46, -37, 40, 36, 33, -22, -8, -12, 23, -16, -98, -28, 11, 63, 75, -22, 118, -22, -55, 119, -93, -7, -107, 28, 125, 59, 25, 126, -20, 88, -94, -126, -107, 41, 94, -42, -75, 57, 17, 55, 44, 82, -125, -33, 13, -51, 63, -36, -51, -23, -28, 9, -117, -95, 23, -24, -80, 41, -121, -65, -78, -118, -67, -23, 126, 68, -61, -83, -61, -88, 89, -77, -9, 16, 19, -1, -19, -115, -11, -43, -84, -28, -50, -7])
2020-11-27 20:34:06 V/Net 1291517893: [Highway] Uploading group image to 120.241.186.254:8080, size=216.53 KiB
2020-11-27 20:34:06 V/Net 1291517893: [Highway] Uploading group image: succeed at 326 KiB/s
2020-11-27 20:34:06 V/Net 1291517893: Send: MessageSvc.PbSendMsg
2020-11-27 20:34:07 V/Net 1291517893: Recv: MessageSvcPbSendMsg.Response.SUCCESS
2020-11-27 20:34:07 V/Net 1291517893: Send: MessageSvc.PbSendMsg
2020-11-27 20:34:07 V/Net 1291517893: Recv: MessageSvcPbSendMsg.Response.SUCCESS
2020-11-27 20:34:27 V/Net 1291517893: Send: MessageSvc.PbSendMsg
2020-11-27 20:34:27 V/Net 1291517893: Send: MessageSvc.PbSendMsg
2020-11-27 20:34:27 V/Net 1291517893: Recv: MessageSvcPbSendMsg.Response.SUCCESS
2020-11-27 20:34:27 V/Net 1291517893: Recv: MessageSvcPbSendMsg.Response.SUCCESS
2020-11-27 20:34:36 V/Net 1291517893: Send: MessageSvc.PbSendMsg
2020-11-27 20:34:36 V/Net 1291517893: Recv: MessageSvcPbSendMsg.Response.SUCCESS
2020-11-27 20:34:51 V/Net 1291517893: Send: Heartbeat.Alive
2020-11-27 20:34:51 V/Net 1291517893: Recv: Heartbeat.Alive.Response
2020-11-27 20:35:00 V/Net 1291517893: Send: MessageSvc.PbSendMsg
2020-11-27 20:35:00 V/Net 1291517893: Recv: MessageSvcPbSendMsg.Response.SUCCESS
2020-11-27 20:35:15 V/Net 1291517893: Send: MessageSvc.PbSendMsg
2020-11-27 20:35:15 V/Net 1291517893: Recv: MessageSvcPbSendMsg.Response.SUCCESS
2020-11-27 20:35:43 V/Net 1291517893: Send: MessageSvc.PbSendMsg
2020-11-27 20:35:43 V/Net 1291517893: Recv: MessageSvcPbSendMsg.Response.SUCCESS
2020-11-27 20:35:51 V/Net 1291517893: Send: Heartbeat.Alive
2020-11-27 20:35:51 V/Net 1291517893: Recv: Heartbeat.Alive.Response
2020-11-27 20:36:21 V/Net 1291517893: Send: ImgStore.GroupPicUp
2020-11-27 20:36:21 V/Net 1291517893: Recv: FileExists(fileId=2404562832, fileInfo=ImgInfo(fileMd5=[8, 12, -49, -23, -110, -73, 49, 116, -56, -14, 48, -98, -13, 35, -105, 72], fileType=1000, fileSize=221730, fileWidth=0, fileHeight=0))
2020-11-27 20:36:21 V/Net 1291517893: Send: MessageSvc.PbSendMsg
2020-11-27 20:36:21 V/Net 1291517893: Recv: MessageSvcPbSendMsg.Response.SUCCESS
2020-11-27 20:36:44 V/Net 1291517893: Send: OnlinePush.RespPush
2020-11-27 20:36:47 V/Net 1291517893: Send: MessageSvc.PbSendMsg
2020-11-27 20:36:47 V/Net 1291517893: Recv: MessageSvcPbSendMsg.Response.SUCCESS
2020-11-27 20:36:51 V/Net 1291517893: Send: Heartbeat.Alive
2020-11-27 20:36:51 V/Net 1291517893: Recv: Heartbeat.Alive.Response
2020-11-27 20:36:52 V/Net 1291517893: Send: OnlinePush.RespPush
2020-11-27 20:37:51 V/Net 1291517893: Send: Heartbeat.Alive
2020-11-27 20:37:51 V/Net 1291517893: Recv: Heartbeat.Alive.Response
2020-11-27 20:38:14 V/Net 1291517893: Send: OnlinePush.RespPush
2020-11-27 20:38:22 V/Net 1291517893: Send: OnlinePush.RespPush
2020-11-27 20:38:43 V/Net 1291517893: Send: OnlinePush.RespPush
2020-11-27 20:38:51 V/Net 1291517893: Send: OnlinePush.RespPush
2020-11-27 20:38:51 V/Net 1291517893: Send: Heartbeat.Alive
2020-11-27 20:38:51 V/Net 1291517893: Recv: Heartbeat.Alive.Response
2020-11-27 20:38:52 V/Net 1291517893: Send: OnlinePush.RespPush
2020-11-27 20:39:01 V/Net 1291517893: Send: OnlinePush.RespPush
2020-11-27 21:03:49 I/Net 1291517893: Connected to server 42.81.169.46:8080
2020-11-27 21:03:49 V/Net 1291517893: Send: wtlogin.login
2020-11-27 21:03:50 V/Net 1291517893: Recv: LoginPacketResponse.Success
2020-11-27 21:03:50 I/Net 1291517893: Login successful
2020-11-27 21:03:50 V/Net 1291517893: Send: StatSvc.register
2020-11-27 21:03:50 V/Net 1291517893: Recv: Response(StatSvc.register)
2020-11-27 21:03:50 I/Net 1291517893: 开始加载好友信息
2020-11-27 21:03:50 I/Net 1291517893: 开始加载群组列表与群成员列表
2020-11-27 21:03:50 V/Net 1291517893: Send: friendlist.getFriendGroupList
2020-11-27 21:03:50 V/Net 1291517893: Send: friendlist.GetTroopListReqV2
2020-11-27 21:03:50 V/Net 1291517893: Recv: FriendList.GetFriendGroupList.Response
2020-11-27 21:03:50 V/Net 1291517893: 正在加载好友列表 3/3
2020-11-27 21:03:50 I/Net 1291517893: 好友列表加载完成, 共 3个
2020-11-27 21:03:50 V/Net 1291517893: Recv: FriendList.GetFriendGroupList.Response
2020-11-27 21:03:50 V/Net 1291517893: Send: OidbSvc.0x88d_7
2020-11-27 21:03:50 V/Net 1291517893: Send: OidbSvc.0x88d_7
2020-11-27 21:03:50 V/Net 1291517893: Send: OidbSvc.0x88d_7
2020-11-27 21:03:50 V/Net 1291517893: Send: OidbSvc.0x88d_7
2020-11-27 21:03:50 V/Net 1291517893: Send: OidbSvc.0x88d_7
2020-11-27 21:03:50 V/Net 1291517893: Send: friendlist.GetTroopMemberListReq
2020-11-27 21:03:50 V/Net 1291517893: Send: friendlist.GetTroopMemberListReq
2020-11-27 21:03:50 V/Net 1291517893: Send: friendlist.GetTroopMemberListReq
2020-11-27 21:03:50 V/Net 1291517893: Send: friendlist.GetTroopMemberListReq
2020-11-27 21:03:50 V/Net 1291517893: Send: friendlist.GetTroopMemberListReq
2020-11-27 21:03:50 V/Net 1291517893: Recv: FriendList.GetTroopMemberList.Response
2020-11-27 21:03:50 V/Net 1291517893: Recv: FriendList.GetTroopMemberList.Response
2020-11-27 21:03:50 V/Net 1291517893: Recv: FriendList.GetTroopMemberList.Response
2020-11-27 21:03:50 V/Net 1291517893: Send: friendlist.GetTroopMemberListReq
2020-11-27 21:03:50 V/Net 1291517893: Recv: FriendList.GetTroopMemberList.Response
2020-11-27 21:03:50 V/Net 1291517893: Send: friendlist.GetTroopMemberListReq
2020-11-27 21:03:51 V/Net 1291517893: Recv: FriendList.GetTroopMemberList.Response
2020-11-27 21:03:51 V/Net 1291517893: Recv: FriendList.GetTroopMemberList.Response
2020-11-27 21:03:51 V/Net 1291517893: Recv: FriendList.GetTroopMemberList.Response
2020-11-27 21:03:51 I/Net 1291517893: 群组列表与群成员加载完成, 共 5个
2020-11-27 21:03:51 I/Net 1291517893: Syncing friend message history...
2020-11-27 21:03:51 I/Net 1291517893: Awaiting ConfigPushSvc.PushReq
2020-11-27 21:03:51 V/Net 1291517893: Send: MessageSvc.PbGetMsg
2020-11-27 21:03:51 V/Net 1291517893: Send: MessageSvc.PbDeleteMsg
2020-11-27 21:03:51 V/Net 1291517893: Send: MessageSvc.PbGetMsg
2020-11-27 21:03:51 V/Net 1291517893: Send: MessageSvc.PbDeleteMsg
2020-11-27 21:03:51 I/Net 1291517893: Syncing friend message history: Success
2020-11-27 21:03:53 V/Net 1291517893: Recv: ConfigPushSvc.PushReq.PushReqResponse.Success
2020-11-27 21:03:53 V/Net 1291517893: Send: ConfigPushSvc.PushResp
2020-11-27 21:03:53 I/Net 1291517893: ConfigPushSvc.PushReq: Success
2020-11-27 21:03:53 D/Net 1291517893: Received unknown commandName: ConfigPushSvc.PushDomain
2020-11-27 21:03:53 V/Net 1291517893: Recv: ConfigPushSvc.PushReq.PushReqResponse.Success
2020-11-27 21:03:53 V/Net 1291517893: Send: ConfigPushSvc.PushResp
2020-11-27 21:04:50 V/Net 1291517893: Send: Heartbeat.Alive
2020-11-27 21:04:50 V/Net 1291517893: Recv: Heartbeat.Alive.Response
