2020-11-11 00:03:07 I/Net 1291517893: Connected to server 42.81.169.46:8080
2020-11-11 00:03:07 V/Net 1291517893: Send: wtlogin.login
2020-11-11 00:03:07 V/Net 1291517893: Recv: LoginPacketResponse.Success
2020-11-11 00:03:07 I/Net 1291517893: Login successful
2020-11-11 00:03:08 V/Net 1291517893: Send: StatSvc.register
2020-11-11 00:03:08 V/Net 1291517893: Recv: Response(StatSvc.register)
2020-11-11 00:03:08 I/Net 1291517893: 开始加载好友信息
2020-11-11 00:03:08 I/Net 1291517893: 开始加载群组列表与群成员列表
2020-11-11 00:03:08 V/Net 1291517893: Send: friendlist.getFriendGroupList
2020-11-11 00:03:08 V/Net 1291517893: Send: friendlist.GetTroopListReqV2
2020-11-11 00:03:08 V/Net 1291517893: Recv: FriendList.GetFriendGroupList.Response
2020-11-11 00:03:08 V/Net 1291517893: 正在加载好友列表 3/3
2020-11-11 00:03:08 I/Net 1291517893: 好友列表加载完成, 共 3个
2020-11-11 00:03:08 V/Net 1291517893: Recv: FriendList.GetFriendGroupList.Response
2020-11-11 00:03:08 V/Net 1291517893: Send: OidbSvc.0x88d_7
2020-11-11 00:03:08 V/Net 1291517893: Send: OidbSvc.0x88d_7
2020-11-11 00:03:08 V/Net 1291517893: Send: OidbSvc.0x88d_7
2020-11-11 00:03:08 V/Net 1291517893: Send: OidbSvc.0x88d_7
2020-11-11 00:03:08 V/Net 1291517893: Send: friendlist.GetTroopMemberListReq
2020-11-11 00:03:08 V/Net 1291517893: Send: friendlist.GetTroopMemberListReq
2020-11-11 00:03:08 V/Net 1291517893: Send: friendlist.GetTroopMemberListReq
2020-11-11 00:03:08 V/Net 1291517893: Send: friendlist.GetTroopMemberListReq
2020-11-11 00:03:09 V/Net 1291517893: Recv: FriendList.GetTroopMemberList.Response
2020-11-11 00:03:09 V/Net 1291517893: Send: friendlist.GetTroopMemberListReq
2020-11-11 00:03:09 V/Net 1291517893: Recv: FriendList.GetTroopMemberList.Response
2020-11-11 00:03:09 V/Net 1291517893: Recv: FriendList.GetTroopMemberList.Response
2020-11-11 00:03:09 V/Net 1291517893: Recv: FriendList.GetTroopMemberList.Response
2020-11-11 00:03:09 V/Net 1291517893: Send: friendlist.GetTroopMemberListReq
2020-11-11 00:03:09 V/Net 1291517893: Recv: FriendList.GetTroopMemberList.Response
2020-11-11 00:03:09 V/Net 1291517893: Recv: FriendList.GetTroopMemberList.Response
2020-11-11 00:03:09 I/Net 1291517893: 群组列表与群成员加载完成, 共 4个
2020-11-11 00:03:09 I/Net 1291517893: Awaiting ConfigPushSvc.PushReq
2020-11-11 00:03:09 I/Net 1291517893: Syncing friend message history...
2020-11-11 00:03:09 V/Net 1291517893: Send: MessageSvc.PbGetMsg
2020-11-11 00:03:09 V/Net 1291517893: Send: MessageSvc.PbDeleteMsg
2020-11-11 00:03:09 V/Net 1291517893: Send: MessageSvc.PbGetMsg
2020-11-11 00:03:09 V/Net 1291517893: Send: MessageSvc.PbDeleteMsg
2020-11-11 00:03:09 I/Net 1291517893: Syncing friend message history: Success
2020-11-11 00:03:11 V/Net 1291517893: Recv: ConfigPushSvc.PushReq.PushReqResponse.Success
2020-11-11 00:03:11 V/Net 1291517893: Send: ConfigPushSvc.PushResp
2020-11-11 00:03:11 I/Net 1291517893: ConfigPushSvc.PushReq: Success
2020-11-11 00:03:11 D/Net 1291517893: Received unknown commandName: ConfigPushSvc.PushDomain
2020-11-11 00:03:11 V/Net 1291517893: Recv: ConfigPushSvc.PushReq.PushReqResponse.Success
2020-11-11 00:03:11 V/Net 1291517893: Send: ConfigPushSvc.PushResp
2020-11-11 00:04:08 V/Net 1291517893: Send: Heartbeat.Alive
2020-11-11 00:04:08 V/Net 1291517893: Recv: Heartbeat.Alive.Response
2020-11-11 00:04:36 V/Net 1291517893: Send: MessageSvc.PbSendMsg
2020-11-11 00:04:36 V/Net 1291517893: Recv: MessageSvcPbSendMsg.Response.SUCCESS
2020-11-11 00:04:36 V/Net 1291517893: Send: MessageSvc.PbSendMsg
2020-11-11 00:04:36 V/Net 1291517893: Recv: MessageSvcPbSendMsg.Response.SUCCESS
2020-11-11 00:04:37 V/Net 1291517893: Send: MessageSvc.PbSendMsg
2020-11-11 00:04:37 V/Net 1291517893: Recv: MessageSvcPbSendMsg.Response.SUCCESS
2020-11-11 00:04:37 V/Net 1291517893: Send: MessageSvc.PbSendMsg
2020-11-11 00:04:37 V/Net 1291517893: Recv: MessageSvcPbSendMsg.Response.SUCCESS
2020-11-11 00:05:08 V/Net 1291517893: Send: Heartbeat.Alive
2020-11-11 00:05:08 V/Net 1291517893: Recv: Heartbeat.Alive.Response
2020-11-11 00:05:55 V/Net 1291517893: Send: OnlinePush.RespPush
2020-11-11 00:06:04 V/Net 1291517893: Send: OnlinePush.RespPush
2020-11-11 00:06:08 V/Net 1291517893: Send: Heartbeat.Alive
2020-11-11 00:06:08 V/Net 1291517893: Recv: Heartbeat.Alive.Response
2020-11-11 00:07:08 V/Net 1291517893: Send: Heartbeat.Alive
2020-11-11 00:07:08 V/Net 1291517893: Recv: Heartbeat.Alive.Response
2020-11-11 00:08:08 V/Net 1291517893: Send: Heartbeat.Alive
2020-11-11 00:08:08 V/Net 1291517893: Recv: Heartbeat.Alive.Response
2020-11-11 00:09:08 V/Net 1291517893: Send: Heartbeat.Alive
2020-11-11 00:09:08 V/Net 1291517893: Recv: Heartbeat.Alive.Response
2020-11-11 00:10:08 V/Net 1291517893: Send: Heartbeat.Alive
2020-11-11 00:10:08 V/Net 1291517893: Recv: Heartbeat.Alive.Response
2020-11-11 00:11:08 V/Net 1291517893: Send: Heartbeat.Alive
2020-11-11 00:11:09 V/Net 1291517893: Recv: Heartbeat.Alive.Response
2020-11-11 00:12:12 I/Net 1291517893: Connected to server 42.81.169.46:8080
2020-11-11 00:12:13 V/Net 1291517893: Send: wtlogin.login
2020-11-11 00:12:13 V/Net 1291517893: Recv: LoginPacketResponse.Success
2020-11-11 00:12:13 I/Net 1291517893: Login successful
2020-11-11 00:12:13 V/Net 1291517893: Send: StatSvc.register
2020-11-11 00:12:13 V/Net 1291517893: Recv: Response(StatSvc.register)
2020-11-11 00:12:13 I/Net 1291517893: 开始加载好友信息
2020-11-11 00:12:13 I/Net 1291517893: 开始加载群组列表与群成员列表
2020-11-11 00:12:13 V/Net 1291517893: Send: friendlist.getFriendGroupList
2020-11-11 00:12:13 V/Net 1291517893: Send: friendlist.GetTroopListReqV2
2020-11-11 00:12:13 V/Net 1291517893: Recv: FriendList.GetFriendGroupList.Response
2020-11-11 00:12:13 V/Net 1291517893: 正在加载好友列表 3/3
2020-11-11 00:12:13 I/Net 1291517893: 好友列表加载完成, 共 3个
2020-11-11 00:12:13 V/Net 1291517893: Recv: FriendList.GetFriendGroupList.Response
2020-11-11 00:12:13 V/Net 1291517893: Send: OidbSvc.0x88d_7
2020-11-11 00:12:13 V/Net 1291517893: Send: OidbSvc.0x88d_7
2020-11-11 00:12:13 V/Net 1291517893: Send: OidbSvc.0x88d_7
2020-11-11 00:12:13 V/Net 1291517893: Send: OidbSvc.0x88d_7
2020-11-11 00:12:13 V/Net 1291517893: Send: friendlist.GetTroopMemberListReq
2020-11-11 00:12:14 V/Net 1291517893: Send: friendlist.GetTroopMemberListReq
2020-11-11 00:12:14 V/Net 1291517893: Send: friendlist.GetTroopMemberListReq
2020-11-11 00:12:14 V/Net 1291517893: Send: friendlist.GetTroopMemberListReq
2020-11-11 00:12:14 V/Net 1291517893: Recv: FriendList.GetTroopMemberList.Response
2020-11-11 00:12:14 V/Net 1291517893: Send: friendlist.GetTroopMemberListReq
2020-11-11 00:12:14 V/Net 1291517893: Recv: FriendList.GetTroopMemberList.Response
2020-11-11 00:12:14 V/Net 1291517893: Send: friendlist.GetTroopMemberListReq
2020-11-11 00:12:14 V/Net 1291517893: Recv: FriendList.GetTroopMemberList.Response
2020-11-11 00:12:14 V/Net 1291517893: Recv: FriendList.GetTroopMemberList.Response
2020-11-11 00:12:14 V/Net 1291517893: Recv: FriendList.GetTroopMemberList.Response
2020-11-11 00:12:14 V/Net 1291517893: Recv: FriendList.GetTroopMemberList.Response
2020-11-11 00:12:14 I/Net 1291517893: 群组列表与群成员加载完成, 共 4个
2020-11-11 00:12:14 I/Net 1291517893: Syncing friend message history...
2020-11-11 00:12:14 I/Net 1291517893: Awaiting ConfigPushSvc.PushReq
2020-11-11 00:12:14 V/Net 1291517893: Send: MessageSvc.PbGetMsg
2020-11-11 00:12:14 V/Net 1291517893: Send: MessageSvc.PbDeleteMsg
2020-11-11 00:12:14 V/Net 1291517893: Send: MessageSvc.PbGetMsg
2020-11-11 00:12:14 V/Net 1291517893: Send: MessageSvc.PbDeleteMsg
2020-11-11 00:12:14 I/Net 1291517893: Syncing friend message history: Success
2020-11-11 00:12:16 D/Net 1291517893: Received unknown commandName: ConfigPushSvc.PushDomain
2020-11-11 00:12:16 V/Net 1291517893: Recv: ConfigPushSvc.PushReq.PushReqResponse.Success
2020-11-11 00:12:16 V/Net 1291517893: Send: ConfigPushSvc.PushResp
2020-11-11 00:12:16 I/Net 1291517893: ConfigPushSvc.PushReq: Success
2020-11-11 00:12:56 I/Net 1291517893: Connected to server 42.81.169.46:8080
2020-11-11 00:12:56 V/Net 1291517893: Send: wtlogin.login
2020-11-11 00:12:57 V/Net 1291517893: Recv: LoginPacketResponse.Success
2020-11-11 00:12:57 I/Net 1291517893: Login successful
2020-11-11 00:12:57 V/Net 1291517893: Send: StatSvc.register
2020-11-11 00:12:57 V/Net 1291517893: Recv: Response(StatSvc.register)
2020-11-11 00:12:57 I/Net 1291517893: 开始加载好友信息
2020-11-11 00:12:57 I/Net 1291517893: 开始加载群组列表与群成员列表
2020-11-11 00:12:57 V/Net 1291517893: Send: friendlist.getFriendGroupList
2020-11-11 00:12:57 V/Net 1291517893: Send: friendlist.GetTroopListReqV2
2020-11-11 00:12:57 V/Net 1291517893: Recv: FriendList.GetFriendGroupList.Response
2020-11-11 00:12:57 V/Net 1291517893: 正在加载好友列表 3/3
2020-11-11 00:12:57 I/Net 1291517893: 好友列表加载完成, 共 3个
2020-11-11 00:12:57 V/Net 1291517893: Recv: FriendList.GetFriendGroupList.Response
2020-11-11 00:12:57 V/Net 1291517893: Send: OidbSvc.0x88d_7
2020-11-11 00:12:57 V/Net 1291517893: Send: OidbSvc.0x88d_7
2020-11-11 00:12:57 V/Net 1291517893: Send: OidbSvc.0x88d_7
2020-11-11 00:12:57 V/Net 1291517893: Send: OidbSvc.0x88d_7
2020-11-11 00:12:57 V/Net 1291517893: Send: friendlist.GetTroopMemberListReq
2020-11-11 00:12:57 V/Net 1291517893: Send: friendlist.GetTroopMemberListReq
2020-11-11 00:12:57 V/Net 1291517893: Send: friendlist.GetTroopMemberListReq
2020-11-11 00:12:57 V/Net 1291517893: Send: friendlist.GetTroopMemberListReq
2020-11-11 00:12:58 V/Net 1291517893: Recv: FriendList.GetTroopMemberList.Response
2020-11-11 00:12:58 V/Net 1291517893: Send: friendlist.GetTroopMemberListReq
2020-11-11 00:12:58 V/Net 1291517893: Recv: FriendList.GetTroopMemberList.Response
2020-11-11 00:12:58 V/Net 1291517893: Recv: FriendList.GetTroopMemberList.Response
2020-11-11 00:12:58 V/Net 1291517893: Recv: FriendList.GetTroopMemberList.Response
2020-11-11 00:12:58 V/Net 1291517893: Send: friendlist.GetTroopMemberListReq
2020-11-11 00:12:58 V/Net 1291517893: Recv: FriendList.GetTroopMemberList.Response
2020-11-11 00:12:58 V/Net 1291517893: Recv: FriendList.GetTroopMemberList.Response
2020-11-11 00:12:58 I/Net 1291517893: 群组列表与群成员加载完成, 共 4个
2020-11-11 00:12:58 I/Net 1291517893: Awaiting ConfigPushSvc.PushReq
2020-11-11 00:12:58 I/Net 1291517893: Syncing friend message history...
2020-11-11 00:12:58 V/Net 1291517893: Send: MessageSvc.PbGetMsg
2020-11-11 00:12:58 V/Net 1291517893: Send: MessageSvc.PbDeleteMsg
2020-11-11 00:12:58 V/Net 1291517893: Send: MessageSvc.PbGetMsg
2020-11-11 00:12:58 V/Net 1291517893: Send: MessageSvc.PbDeleteMsg
2020-11-11 00:12:58 I/Net 1291517893: Syncing friend message history: Success
2020-11-11 00:13:00 D/Net 1291517893: Received unknown commandName: ConfigPushSvc.PushDomain
2020-11-11 00:13:00 V/Net 1291517893: Recv: ConfigPushSvc.PushReq.PushReqResponse.Success
2020-11-11 00:13:00 V/Net 1291517893: Send: ConfigPushSvc.PushResp
2020-11-11 00:13:00 I/Net 1291517893: ConfigPushSvc.PushReq: Success
2020-11-11 00:13:55 V/Net 1291517893: Send: ImgStore.GroupPicUp
2020-11-11 00:13:55 V/Net 1291517893: Recv: FileExists(fileId=2488663522, fileInfo=ImgInfo(fileMd5=[18, 36, -79, 76, -76, 71, 119, 92, -71, 84, 46, 47, 79, 30, -121, 27], fileType=1000, fileSize=726678, fileWidth=0, fileHeight=0))
2020-11-11 00:13:55 V/Net 1291517893: Send: MessageSvc.PbSendMsg
2020-11-11 00:13:55 V/Net 1291517893: Recv: MessageSvcPbSendMsg.Response.SUCCESS
2020-11-11 00:13:57 V/Net 1291517893: Send: Heartbeat.Alive
2020-11-11 00:13:57 V/Net 1291517893: Recv: Heartbeat.Alive.Response
