[92m2021-01-04 17:16:34 I/Net 1291517893: Connected to server 42.81.172.147:443[0m
[0m2021-01-04 17:16:34 V/Net 1291517893: Send: wtlogin.login[0m
[0m2021-01-04 17:16:35 V/Net 1291517893: Recv: LoginPacketResponse.Success[0m
[92m2021-01-04 17:16:35 I/Net 1291517893: Login successful[0m
[0m2021-01-04 17:16:35 V/Net 1291517893: Send: StatSvc.register[0m
[0m2021-01-04 17:16:35 V/Net 1291517893: Recv: Response(StatSvc.register)[0m
[0m2021-01-04 17:16:35 V/Net 1291517893: Send: StatSvc.GetDevLoginInfo[0m
[0m2021-01-04 17:16:35 V/Net 1291517893: Recv: StatSvc.GetDevLoginInfo.Response(deviceList.size=2)[0m
[92m2021-01-04 17:16:35 I/Net 1291517893: Start loading friend list...[0m
[92m2021-01-04 17:16:35 I/Net 1291517893: Start loading group list...[0m
[0m2021-01-04 17:16:35 V/Net 1291517893: Send: friendlist.getFriendGroupList[0m
[0m2021-01-04 17:16:35 V/Net 1291517893: Send: friendlist.GetTroopListReqV2[0m
[0m2021-01-04 17:16:35 V/Net 1291517893: Recv: FriendList.GetFriendGroupList.Response[0m
[0m2021-01-04 17:16:35 V/Net 1291517893: Loading friend list: 3/3[0m
[92m2021-01-04 17:16:35 I/Net 1291517893: Successfully loaded friend list: 3 in total[0m
[0m2021-01-04 17:16:35 V/Net 1291517893: Recv: FriendList.GetFriendGroupList.Response[0m
[0m2021-01-04 17:16:35 V/Net 1291517893: Send: friendlist.GetTroopMemberListReq[0m
[0m2021-01-04 17:16:35 V/Net 1291517893: Send: friendlist.GetTroopMemberListReq[0m
[0m2021-01-04 17:16:35 V/Net 1291517893: Send: friendlist.GetTroopMemberListReq[0m
[0m2021-01-04 17:16:35 V/Net 1291517893: Send: friendlist.GetTroopMemberListReq[0m
[0m2021-01-04 17:16:35 V/Net 1291517893: Send: friendlist.GetTroopMemberListReq[0m
[0m2021-01-04 17:16:36 V/Net 1291517893: Recv: FriendList.GetTroopMemberList.Response[0m
[0m2021-01-04 17:16:36 V/Net 1291517893: Recv: FriendList.GetTroopMemberList.Response[0m
[0m2021-01-04 17:16:36 V/Net 1291517893: Recv: FriendList.GetTroopMemberList.Response[0m
[0m2021-01-04 17:16:36 V/Net 1291517893: Recv: FriendList.GetTroopMemberList.Response[0m
[0m2021-01-04 17:16:36 V/Net 1291517893: Send: friendlist.GetTroopMemberListReq[0m
[0m2021-01-04 17:16:36 V/Net 1291517893: Recv: FriendList.GetTroopMemberList.Response[0m
[0m2021-01-04 17:16:36 V/Net 1291517893: Send: friendlist.GetTroopMemberListReq[0m
[0m2021-01-04 17:16:36 V/Net 1291517893: Recv: FriendList.GetTroopMemberList.Response[0m
[0m2021-01-04 17:16:36 V/Net 1291517893: Recv: FriendList.GetTroopMemberList.Response[0m
[92m2021-01-04 17:16:36 I/Net 1291517893: Successfully loaded group list: 5 in total.[0m
[92m2021-01-04 17:16:36 I/Net 1291517893: Awaiting ConfigPushSvc.PushReq.[0m
[92m2021-01-04 17:16:36 I/Net 1291517893: Syncing friend message history...[0m
[0m2021-01-04 17:16:36 V/Net 1291517893: Send: MessageSvc.PbGetMsg[0m
[0m2021-01-04 17:16:36 V/Net 1291517893: Send: MessageSvc.PbDeleteMsg[0m
[92m2021-01-04 17:16:36 I/Net 1291517893: Syncing friend message history: Success.[0m
[0m2021-01-04 17:16:38 V/Net 1291517893: Recv: ConfigPushSvc.PushReq.PushReqResponse.Success[0m
[0m2021-01-04 17:16:38 V/Net 1291517893: Send: ConfigPushSvc.PushResp[0m
[92m2021-01-04 17:16:38 I/Net 1291517893: ConfigPushSvc.PushReq: Success.[0m
[96m2021-01-04 17:16:38 D/Net 1291517893: Received unknown commandName: ConfigPushSvc.PushDomain[0m
[0m2021-01-04 17:16:38 V/Net 1291517893: Recv: ConfigPushSvc.PushReq.PushReqResponse.Success[0m
[0m2021-01-04 17:16:38 V/Net 1291517893: Send: ConfigPushSvc.PushResp[0m
[92m2021-01-04 17:20:23 I/Net 1291517893: Connected to server 42.81.172.147:443[0m
[0m2021-01-04 17:20:23 V/Net 1291517893: Send: wtlogin.login[0m
[0m2021-01-04 17:20:23 V/Net 1291517893: Recv: LoginPacketResponse.Success[0m
[92m2021-01-04 17:20:23 I/Net 1291517893: Login successful[0m
[0m2021-01-04 17:20:23 V/Net 1291517893: Send: StatSvc.register[0m
[0m2021-01-04 17:20:23 V/Net 1291517893: Recv: Response(StatSvc.register)[0m
[0m2021-01-04 17:20:23 V/Net 1291517893: Send: StatSvc.GetDevLoginInfo[0m
[0m2021-01-04 17:20:23 V/Net 1291517893: Recv: StatSvc.GetDevLoginInfo.Response(deviceList.size=2)[0m
[92m2021-01-04 17:20:23 I/Net 1291517893: Start loading friend list...[0m
[92m2021-01-04 17:20:23 I/Net 1291517893: Start loading group list...[0m
[0m2021-01-04 17:20:23 V/Net 1291517893: Send: friendlist.getFriendGroupList[0m
[0m2021-01-04 17:20:23 V/Net 1291517893: Send: friendlist.GetTroopListReqV2[0m
[0m2021-01-04 17:20:24 V/Net 1291517893: Recv: FriendList.GetFriendGroupList.Response[0m
[0m2021-01-04 17:20:24 V/Net 1291517893: Loading friend list: 3/3[0m
[92m2021-01-04 17:20:24 I/Net 1291517893: Successfully loaded friend list: 3 in total[0m
[0m2021-01-04 17:20:24 V/Net 1291517893: Recv: FriendList.GetFriendGroupList.Response[0m
[0m2021-01-04 17:20:24 V/Net 1291517893: Send: friendlist.GetTroopMemberListReq[0m
[0m2021-01-04 17:20:24 V/Net 1291517893: Send: friendlist.GetTroopMemberListReq[0m
[0m2021-01-04 17:20:24 V/Net 1291517893: Send: friendlist.GetTroopMemberListReq[0m
[0m2021-01-04 17:20:24 V/Net 1291517893: Send: friendlist.GetTroopMemberListReq[0m
[0m2021-01-04 17:20:24 V/Net 1291517893: Send: friendlist.GetTroopMemberListReq[0m
[0m2021-01-04 17:20:24 V/Net 1291517893: Recv: FriendList.GetTroopMemberList.Response[0m
[0m2021-01-04 17:20:24 V/Net 1291517893: Recv: FriendList.GetTroopMemberList.Response[0m
[0m2021-01-04 17:20:24 V/Net 1291517893: Recv: FriendList.GetTroopMemberList.Response[0m
[0m2021-01-04 17:20:24 V/Net 1291517893: Send: friendlist.GetTroopMemberListReq[0m
[0m2021-01-04 17:20:24 V/Net 1291517893: Recv: FriendList.GetTroopMemberList.Response[0m
[0m2021-01-04 17:20:24 V/Net 1291517893: Recv: FriendList.GetTroopMemberList.Response[0m
[0m2021-01-04 17:20:24 V/Net 1291517893: Send: friendlist.GetTroopMemberListReq[0m
[0m2021-01-04 17:20:24 V/Net 1291517893: Recv: FriendList.GetTroopMemberList.Response[0m
[0m2021-01-04 17:20:24 V/Net 1291517893: Recv: FriendList.GetTroopMemberList.Response[0m
[92m2021-01-04 17:20:24 I/Net 1291517893: Successfully loaded group list: 5 in total.[0m
[92m2021-01-04 17:20:24 I/Net 1291517893: Awaiting ConfigPushSvc.PushReq.[0m
[92m2021-01-04 17:20:24 I/Net 1291517893: Syncing friend message history...[0m
[0m2021-01-04 17:20:24 V/Net 1291517893: Send: MessageSvc.PbGetMsg[0m
[0m2021-01-04 17:20:24 V/Net 1291517893: Send: MessageSvc.PbDeleteMsg[0m
[92m2021-01-04 17:20:24 I/Net 1291517893: Syncing friend message history: Success.[0m
[0m2021-01-04 17:20:26 V/Net 1291517893: Recv: ConfigPushSvc.PushReq.PushReqResponse.Success[0m
[0m2021-01-04 17:20:26 V/Net 1291517893: Send: ConfigPushSvc.PushResp[0m
[92m2021-01-04 17:20:26 I/Net 1291517893: ConfigPushSvc.PushReq: Success.[0m
[96m2021-01-04 17:20:26 D/Net 1291517893: Received unknown commandName: ConfigPushSvc.PushDomain[0m
[0m2021-01-04 17:20:26 V/Net 1291517893: Recv: ConfigPushSvc.PushReq.PushReqResponse.Success[0m
[0m2021-01-04 17:20:26 V/Net 1291517893: Send: ConfigPushSvc.PushResp[0m
[92m2021-01-04 17:29:53 I/Net 1291517893: Connected to server 42.81.172.147:443[0m
[0m2021-01-04 17:29:54 V/Net 1291517893: Send: wtlogin.login[0m
[0m2021-01-04 17:29:54 V/Net 1291517893: Recv: LoginPacketResponse.Success[0m
[92m2021-01-04 17:29:54 I/Net 1291517893: Login successful[0m
[0m2021-01-04 17:29:54 V/Net 1291517893: Send: StatSvc.register[0m
[0m2021-01-04 17:29:54 V/Net 1291517893: Recv: Response(StatSvc.register)[0m
[0m2021-01-04 17:29:54 V/Net 1291517893: Send: StatSvc.GetDevLoginInfo[0m
[0m2021-01-04 17:29:54 V/Net 1291517893: Recv: StatSvc.GetDevLoginInfo.Response(deviceList.size=1)[0m
[92m2021-01-04 17:29:54 I/Net 1291517893: Start loading friend list...[0m
[92m2021-01-04 17:29:54 I/Net 1291517893: Start loading group list...[0m
[0m2021-01-04 17:29:54 V/Net 1291517893: Send: friendlist.getFriendGroupList[0m
[0m2021-01-04 17:29:54 V/Net 1291517893: Send: friendlist.GetTroopListReqV2[0m
[0m2021-01-04 17:29:54 V/Net 1291517893: Recv: FriendList.GetFriendGroupList.Response[0m
[0m2021-01-04 17:29:54 V/Net 1291517893: Loading friend list: 3/3[0m
[92m2021-01-04 17:29:54 I/Net 1291517893: Successfully loaded friend list: 3 in total[0m
[0m2021-01-04 17:29:55 V/Net 1291517893: Recv: FriendList.GetFriendGroupList.Response[0m
[0m2021-01-04 17:29:55 V/Net 1291517893: Send: friendlist.GetTroopMemberListReq[0m
[0m2021-01-04 17:29:55 V/Net 1291517893: Send: friendlist.GetTroopMemberListReq[0m
[0m2021-01-04 17:29:55 V/Net 1291517893: Send: friendlist.GetTroopMemberListReq[0m
[0m2021-01-04 17:29:55 V/Net 1291517893: Send: friendlist.GetTroopMemberListReq[0m
[0m2021-01-04 17:29:55 V/Net 1291517893: Send: friendlist.GetTroopMemberListReq[0m
[0m2021-01-04 17:29:55 V/Net 1291517893: Recv: FriendList.GetTroopMemberList.Response[0m
[0m2021-01-04 17:29:55 V/Net 1291517893: Recv: FriendList.GetTroopMemberList.Response[0m
[0m2021-01-04 17:29:55 V/Net 1291517893: Recv: FriendList.GetTroopMemberList.Response[0m
[0m2021-01-04 17:29:55 V/Net 1291517893: Recv: FriendList.GetTroopMemberList.Response[0m
[0m2021-01-04 17:29:55 V/Net 1291517893: Send: friendlist.GetTroopMemberListReq[0m
[0m2021-01-04 17:29:55 V/Net 1291517893: Recv: FriendList.GetTroopMemberList.Response[0m
[0m2021-01-04 17:29:55 V/Net 1291517893: Send: friendlist.GetTroopMemberListReq[0m
[0m2021-01-04 17:29:55 V/Net 1291517893: Recv: FriendList.GetTroopMemberList.Response[0m
[0m2021-01-04 17:29:55 V/Net 1291517893: Recv: FriendList.GetTroopMemberList.Response[0m
[92m2021-01-04 17:29:55 I/Net 1291517893: Successfully loaded group list: 5 in total.[0m
[92m2021-01-04 17:29:55 I/Net 1291517893: Syncing friend message history...[0m
[92m2021-01-04 17:29:55 I/Net 1291517893: Awaiting ConfigPushSvc.PushReq.[0m
[0m2021-01-04 17:29:55 V/Net 1291517893: Send: MessageSvc.PbGetMsg[0m
[0m2021-01-04 17:29:55 V/Net 1291517893: Send: MessageSvc.PbDeleteMsg[0m
[92m2021-01-04 17:29:55 I/Net 1291517893: Syncing friend message history: Success.[0m
[0m2021-01-04 17:29:57 V/Net 1291517893: Recv: ConfigPushSvc.PushReq.PushReqResponse.Success[0m
[96m2021-01-04 17:29:57 D/Net 1291517893: Received unknown commandName: ConfigPushSvc.PushDomain[0m
[0m2021-01-04 17:29:57 V/Net 1291517893: Send: ConfigPushSvc.PushResp[0m
[92m2021-01-04 17:29:57 I/Net 1291517893: ConfigPushSvc.PushReq: Success.[0m
[0m2021-01-04 17:29:57 V/Net 1291517893: Recv: ConfigPushSvc.PushReq.PushReqResponse.Success[0m
[0m2021-01-04 17:29:57 V/Net 1291517893: Send: ConfigPushSvc.PushResp[0m
[0m2021-01-04 17:34:24 V/Net 1291517893: Send: Heartbeat.Alive[0m
[0m2021-01-04 17:34:29 V/Net 1291517893: Send: Heartbeat.Alive[0m
[0m2021-01-04 17:34:34 V/Net 1291517893: Send: Heartbeat.Alive[0m
[0m2021-01-04 17:34:39 V/Net 1291517893: Send: Heartbeat.Alive[0m
[0m2021-01-04 17:34:44 V/Net 1291517893: Send: Heartbeat.Alive[0m
[0m2021-01-04 17:34:49 V/Net 1291517893: Send: Heartbeat.Alive[0m
[92m2021-01-04 17:34:59 I/Net 1291517893: Connected to server 42.81.172.81:80[0m
[0m2021-01-04 17:34:59 V/Net 1291517893: Send: wtlogin.login[0m
[0m2021-01-04 17:34:59 V/Net 1291517893: Recv: LoginPacketResponse.Success[0m
[92m2021-01-04 17:34:59 I/Net 1291517893: Login successful[0m
[0m2021-01-04 17:35:00 V/Net 1291517893: Send: StatSvc.register[0m
[0m2021-01-04 17:35:00 V/Net 1291517893: Recv: Response(StatSvc.register)[0m
[0m2021-01-04 17:35:00 V/Net 1291517893: Send: StatSvc.GetDevLoginInfo[0m
[0m2021-01-04 17:35:00 V/Net 1291517893: Recv: StatSvc.GetDevLoginInfo.Response(deviceList.size=1)[0m
[92m2021-01-04 17:35:00 I/Net 1291517893: Syncing friend message history...[0m
[0m2021-01-04 17:35:00 V/Net 1291517893: Send: MessageSvc.PbGetMsg[0m
[92m2021-01-04 17:35:00 I/Net 1291517893: Syncing friend message history: Success.[0m
[0m2021-01-04 17:35:03 V/Net 1291517893: Recv: ConfigPushSvc.PushReq.PushReqResponse.Success[0m
[0m2021-01-04 17:35:03 V/Net 1291517893: Send: ConfigPushSvc.PushResp[0m
[96m2021-01-04 17:35:03 D/Net 1291517893: Received unknown commandName: ConfigPushSvc.PushDomain[0m
[0m2021-01-04 17:35:03 V/Net 1291517893: Recv: ConfigPushSvc.PushReq.PushReqResponse.Success[0m
[0m2021-01-04 17:35:03 V/Net 1291517893: Send: ConfigPushSvc.PushResp[0m
[0m2021-01-04 17:39:30 V/Net 1291517893: Send: Heartbeat.Alive[0m
[0m2021-01-04 17:39:35 V/Net 1291517893: Send: Heartbeat.Alive[0m
[0m2021-01-04 17:39:40 V/Net 1291517893: Send: Heartbeat.Alive[0m
[0m2021-01-04 17:39:45 V/Net 1291517893: Send: Heartbeat.Alive[0m
[0m2021-01-04 17:39:50 V/Net 1291517893: Send: Heartbeat.Alive[0m
[0m2021-01-04 17:39:55 V/Net 1291517893: Send: Heartbeat.Alive[0m
[92m2021-01-04 17:40:05 I/Net 1291517893: Connected to server 114.221.144.215:80[0m
[0m2021-01-04 17:40:05 V/Net 1291517893: Send: wtlogin.login[0m
[0m2021-01-04 17:40:05 V/Net 1291517893: Recv: LoginPacketResponse.Success[0m
[92m2021-01-04 17:40:05 I/Net 1291517893: Login successful[0m
[0m2021-01-04 17:40:05 V/Net 1291517893: Send: StatSvc.register[0m
[0m2021-01-04 17:40:05 V/Net 1291517893: Recv: Response(StatSvc.register)[0m
[0m2021-01-04 17:40:05 V/Net 1291517893: Send: StatSvc.GetDevLoginInfo[0m
[0m2021-01-04 17:40:05 V/Net 1291517893: Recv: StatSvc.GetDevLoginInfo.Response(deviceList.size=1)[0m
[92m2021-01-04 17:40:05 I/Net 1291517893: Syncing friend message history...[0m
[0m2021-01-04 17:40:05 V/Net 1291517893: Send: MessageSvc.PbGetMsg[0m
[92m2021-01-04 17:40:05 I/Net 1291517893: Syncing friend message history: Success.[0m
[0m2021-01-04 17:40:08 V/Net 1291517893: Recv: ConfigPushSvc.PushReq.PushReqResponse.Success[0m
[0m2021-01-04 17:40:08 V/Net 1291517893: Send: ConfigPushSvc.PushResp[0m
[96m2021-01-04 17:40:08 D/Net 1291517893: Received unknown commandName: ConfigPushSvc.PushDomain[0m
[0m2021-01-04 17:40:08 V/Net 1291517893: Recv: ConfigPushSvc.PushReq.PushReqResponse.Success[0m
[0m2021-01-04 17:40:08 V/Net 1291517893: Send: ConfigPushSvc.PushResp[0m
[92m2021-01-04 19:24:32 I/Net 1291517893: Connected to server 125.94.60.146:80[0m
[0m2021-01-04 19:24:32 V/Net 1291517893: Send: wtlogin.login[0m
[0m2021-01-04 19:24:32 V/Net 1291517893: Recv: LoginPacketResponse.Success[0m
[92m2021-01-04 19:24:32 I/Net 1291517893: Login successful[0m
[0m2021-01-04 19:24:32 V/Net 1291517893: Send: StatSvc.register[0m
[0m2021-01-04 19:24:32 V/Net 1291517893: Recv: Response(StatSvc.register)[0m
[0m2021-01-04 19:24:32 V/Net 1291517893: Send: StatSvc.GetDevLoginInfo[0m
[0m2021-01-04 19:24:33 V/Net 1291517893: Recv: StatSvc.GetDevLoginInfo.Response(deviceList.size=1)[0m
[92m2021-01-04 19:24:33 I/Net 1291517893: Start loading friend list...[0m
[92m2021-01-04 19:24:33 I/Net 1291517893: Start loading group list...[0m
[0m2021-01-04 19:24:33 V/Net 1291517893: Send: friendlist.getFriendGroupList[0m
[0m2021-01-04 19:24:33 V/Net 1291517893: Send: friendlist.GetTroopListReqV2[0m
[0m2021-01-04 19:24:33 V/Net 1291517893: Recv: FriendList.GetFriendGroupList.Response[0m
[0m2021-01-04 19:24:33 V/Net 1291517893: Loading friend list: 3/3[0m
[92m2021-01-04 19:24:33 I/Net 1291517893: Successfully loaded friend list: 3 in total[0m
[0m2021-01-04 19:24:33 V/Net 1291517893: Recv: FriendList.GetFriendGroupList.Response[0m
[0m2021-01-04 19:24:33 V/Net 1291517893: Send: friendlist.GetTroopMemberListReq[0m
[0m2021-01-04 19:24:33 V/Net 1291517893: Send: friendlist.GetTroopMemberListReq[0m
[0m2021-01-04 19:24:33 V/Net 1291517893: Send: friendlist.GetTroopMemberListReq[0m
[0m2021-01-04 19:24:33 V/Net 1291517893: Send: friendlist.GetTroopMemberListReq[0m
[0m2021-01-04 19:24:33 V/Net 1291517893: Send: friendlist.GetTroopMemberListReq[0m
[0m2021-01-04 19:24:33 V/Net 1291517893: Recv: FriendList.GetTroopMemberList.Response[0m
[0m2021-01-04 19:24:33 V/Net 1291517893: Recv: FriendList.GetTroopMemberList.Response[0m
[0m2021-01-04 19:24:33 V/Net 1291517893: Send: friendlist.GetTroopMemberListReq[0m
[0m2021-01-04 19:24:33 V/Net 1291517893: Recv: FriendList.GetTroopMemberList.Response[0m
[0m2021-01-04 19:24:33 V/Net 1291517893: Recv: FriendList.GetTroopMemberList.Response[0m
[0m2021-01-04 19:24:33 V/Net 1291517893: Recv: FriendList.GetTroopMemberList.Response[0m
[0m2021-01-04 19:24:33 V/Net 1291517893: Send: friendlist.GetTroopMemberListReq[0m
[0m2021-01-04 19:24:33 V/Net 1291517893: Recv: FriendList.GetTroopMemberList.Response[0m
[0m2021-01-04 19:24:33 V/Net 1291517893: Recv: FriendList.GetTroopMemberList.Response[0m
[92m2021-01-04 19:24:33 I/Net 1291517893: Successfully loaded group list: 5 in total.[0m
[92m2021-01-04 19:24:33 I/Net 1291517893: Awaiting ConfigPushSvc.PushReq.[0m
[92m2021-01-04 19:24:33 I/Net 1291517893: Syncing friend message history...[0m
[0m2021-01-04 19:24:33 V/Net 1291517893: Send: MessageSvc.PbGetMsg[0m
[0m2021-01-04 19:24:34 V/Net 1291517893: Send: MessageSvc.PbDeleteMsg[0m
[92m2021-01-04 19:24:34 I/Net 1291517893: Syncing friend message history: Success.[0m
[0m2021-01-04 19:24:35 V/Net 1291517893: Recv: ConfigPushSvc.PushReq.PushReqResponse.Success[0m
[96m2021-01-04 19:24:35 D/Net 1291517893: Received unknown commandName: ConfigPushSvc.PushDomain[0m
[0m2021-01-04 19:24:35 V/Net 1291517893: Send: ConfigPushSvc.PushResp[0m
[92m2021-01-04 19:24:35 I/Net 1291517893: ConfigPushSvc.PushReq: Success.[0m
[0m2021-01-04 19:24:35 V/Net 1291517893: Recv: ConfigPushSvc.PushReq.PushReqResponse.Success[0m
[0m2021-01-04 19:24:35 V/Net 1291517893: Send: ConfigPushSvc.PushResp[0m
[92m2021-01-04 19:26:27 I/Net 1291517893: Connected to server 125.94.60.146:80[0m
[0m2021-01-04 19:26:27 V/Net 1291517893: Send: wtlogin.login[0m
[0m2021-01-04 19:26:27 V/Net 1291517893: Recv: LoginPacketResponse.Success[0m
[92m2021-01-04 19:26:27 I/Net 1291517893: Login successful[0m
[0m2021-01-04 19:26:27 V/Net 1291517893: Send: StatSvc.register[0m
[0m2021-01-04 19:26:28 V/Net 1291517893: Recv: Response(StatSvc.register)[0m
[0m2021-01-04 19:26:28 V/Net 1291517893: Send: StatSvc.GetDevLoginInfo[0m
[0m2021-01-04 19:26:28 V/Net 1291517893: Recv: StatSvc.GetDevLoginInfo.Response(deviceList.size=1)[0m
[92m2021-01-04 19:26:28 I/Net 1291517893: Start loading friend list...[0m
[92m2021-01-04 19:26:28 I/Net 1291517893: Start loading group list...[0m
[0m2021-01-04 19:26:28 V/Net 1291517893: Send: friendlist.getFriendGroupList[0m
[0m2021-01-04 19:26:28 V/Net 1291517893: Send: friendlist.GetTroopListReqV2[0m
[0m2021-01-04 19:26:28 V/Net 1291517893: Recv: FriendList.GetFriendGroupList.Response[0m
[0m2021-01-04 19:26:28 V/Net 1291517893: Loading friend list: 3/3[0m
[92m2021-01-04 19:26:28 I/Net 1291517893: Successfully loaded friend list: 3 in total[0m
[0m2021-01-04 19:26:28 V/Net 1291517893: Recv: FriendList.GetFriendGroupList.Response[0m
[0m2021-01-04 19:26:28 V/Net 1291517893: Send: friendlist.GetTroopMemberListReq[0m
[0m2021-01-04 19:26:28 V/Net 1291517893: Send: friendlist.GetTroopMemberListReq[0m
[0m2021-01-04 19:26:28 V/Net 1291517893: Send: friendlist.GetTroopMemberListReq[0m
[0m2021-01-04 19:26:28 V/Net 1291517893: Send: friendlist.GetTroopMemberListReq[0m
[0m2021-01-04 19:26:28 V/Net 1291517893: Send: friendlist.GetTroopMemberListReq[0m
[0m2021-01-04 19:26:28 V/Net 1291517893: Recv: FriendList.GetTroopMemberList.Response[0m
[0m2021-01-04 19:26:28 V/Net 1291517893: Recv: FriendList.GetTroopMemberList.Response[0m
[0m2021-01-04 19:26:28 V/Net 1291517893: Recv: FriendList.GetTroopMemberList.Response[0m
[0m2021-01-04 19:26:28 V/Net 1291517893: Send: friendlist.GetTroopMemberListReq[0m
[0m2021-01-04 19:26:28 V/Net 1291517893: Recv: FriendList.GetTroopMemberList.Response[0m
[0m2021-01-04 19:26:28 V/Net 1291517893: Recv: FriendList.GetTroopMemberList.Response[0m
[0m2021-01-04 19:26:28 V/Net 1291517893: Send: friendlist.GetTroopMemberListReq[0m
[0m2021-01-04 19:26:28 V/Net 1291517893: Recv: FriendList.GetTroopMemberList.Response[0m
[0m2021-01-04 19:26:29 V/Net 1291517893: Recv: FriendList.GetTroopMemberList.Response[0m
[92m2021-01-04 19:26:29 I/Net 1291517893: Successfully loaded group list: 5 in total.[0m
[92m2021-01-04 19:26:29 I/Net 1291517893: Syncing friend message history...[0m
[92m2021-01-04 19:26:29 I/Net 1291517893: Awaiting ConfigPushSvc.PushReq.[0m
[0m2021-01-04 19:26:29 V/Net 1291517893: Send: MessageSvc.PbGetMsg[0m
[0m2021-01-04 19:26:29 V/Net 1291517893: Send: MessageSvc.PbDeleteMsg[0m
[92m2021-01-04 19:26:29 I/Net 1291517893: Syncing friend message history: Success.[0m
[96m2021-01-04 19:26:31 D/Net 1291517893: Received unknown commandName: ConfigPushSvc.PushDomain[0m
[0m2021-01-04 19:26:31 V/Net 1291517893: Recv: ConfigPushSvc.PushReq.PushReqResponse.Success[0m
[0m2021-01-04 19:26:31 V/Net 1291517893: Send: ConfigPushSvc.PushResp[0m
[92m2021-01-04 19:26:31 I/Net 1291517893: ConfigPushSvc.PushReq: Success.[0m
[0m2021-01-04 19:26:31 V/Net 1291517893: Recv: ConfigPushSvc.PushReq.PushReqResponse.Success[0m
[0m2021-01-04 19:26:31 V/Net 1291517893: Send: ConfigPushSvc.PushResp[0m
[0m2021-01-04 19:26:48 V/Net 1291517893: Send: MessageSvc.PbSendMsg[0m
[0m2021-01-04 19:26:48 V/Net 1291517893: Recv: MessageSvcPbSendMsg.Response.SUCCESS[0m
[0m2021-01-04 19:26:57 V/Net 1291517893: Send: MessageSvc.PbSendMsg[0m
[0m2021-01-04 19:26:57 V/Net 1291517893: Recv: MessageSvcPbSendMsg.Response.SUCCESS[0m
[0m2021-01-04 19:26:58 V/Net 1291517893: Send: MessageSvc.PbSendMsg[0m
[0m2021-01-04 19:26:58 V/Net 1291517893: Recv: MessageSvcPbSendMsg.Response.SUCCESS[0m
[0m2021-01-04 19:27:54 V/Net 1291517893: Send: MessageSvc.PbSendMsg[0m
[0m2021-01-04 19:27:54 V/Net 1291517893: Recv: MessageSvcPbSendMsg.Response.SUCCESS[0m
[0m2021-01-04 19:27:54 V/Net 1291517893: Send: MessageSvc.PbSendMsg[0m
[0m2021-01-04 19:27:55 V/Net 1291517893: Recv: MessageSvcPbSendMsg.Response.SUCCESS[0m
[0m2021-01-04 19:30:58 V/Net 1291517893: Send: Heartbeat.Alive[0m
[0m2021-01-04 19:30:58 V/Net 1291517893: Recv: Heartbeat.Alive.Response[0m
[0m2021-01-04 19:31:52 V/Net 1291517893: Send: MessageSvc.PbSendMsg[0m
[0m2021-01-04 19:31:52 V/Net 1291517893: Recv: MessageSvcPbSendMsg.Response.SUCCESS[0m
[0m2021-01-04 19:32:17 V/Net 1291517893: Send: OnlinePush.RespPush[0m
[0m2021-01-04 19:32:26 V/Net 1291517893: Send: OnlinePush.RespPush[0m
[0m2021-01-04 19:35:28 V/Net 1291517893: Send: Heartbeat.Alive[0m
[0m2021-01-04 19:35:28 V/Net 1291517893: Recv: Heartbeat.Alive.Response[0m
[92m2021-01-04 19:36:05 I/Net 1291517893: Connected to server 42.81.172.81:80[0m
[0m2021-01-04 19:36:05 V/Net 1291517893: Send: wtlogin.login[0m
[0m2021-01-04 19:36:05 V/Net 1291517893: Recv: LoginPacketResponse.Success[0m
[92m2021-01-04 19:36:05 I/Net 1291517893: Login successful[0m
[0m2021-01-04 19:36:09 V/Net 1291517893: Send: StatSvc.register[0m
[0m2021-01-04 19:36:10 V/Net 1291517893: Recv: Response(StatSvc.register)[0m
[0m2021-01-04 19:36:10 V/Net 1291517893: Send: StatSvc.GetDevLoginInfo[0m
[0m2021-01-04 19:36:10 V/Net 1291517893: Recv: StatSvc.GetDevLoginInfo.Response(deviceList.size=1)[0m
[92m2021-01-04 19:36:10 I/Net 1291517893: Start loading friend list...[0m
[92m2021-01-04 19:36:10 I/Net 1291517893: Start loading group list...[0m
[0m2021-01-04 19:36:10 V/Net 1291517893: Send: friendlist.getFriendGroupList[0m
[0m2021-01-04 19:36:10 V/Net 1291517893: Send: friendlist.GetTroopListReqV2[0m
[0m2021-01-04 19:36:10 V/Net 1291517893: Recv: FriendList.GetFriendGroupList.Response[0m
[0m2021-01-04 19:36:10 V/Net 1291517893: Loading friend list: 3/3[0m
[92m2021-01-04 19:36:10 I/Net 1291517893: Successfully loaded friend list: 3 in total[0m
[0m2021-01-04 19:36:10 V/Net 1291517893: Recv: FriendList.GetFriendGroupList.Response[0m
[0m2021-01-04 19:36:10 V/Net 1291517893: Send: friendlist.GetTroopMemberListReq[0m
[0m2021-01-04 19:36:10 V/Net 1291517893: Send: friendlist.GetTroopMemberListReq[0m
[0m2021-01-04 19:36:10 V/Net 1291517893: Send: friendlist.GetTroopMemberListReq[0m
[0m2021-01-04 19:36:10 V/Net 1291517893: Send: friendlist.GetTroopMemberListReq[0m
[0m2021-01-04 19:36:10 V/Net 1291517893: Send: friendlist.GetTroopMemberListReq[0m
[0m2021-01-04 19:36:10 V/Net 1291517893: Recv: FriendList.GetTroopMemberList.Response[0m
[0m2021-01-04 19:36:10 V/Net 1291517893: Recv: FriendList.GetTroopMemberList.Response[0m
[0m2021-01-04 19:36:10 V/Net 1291517893: Recv: FriendList.GetTroopMemberList.Response[0m
[0m2021-01-04 19:36:10 V/Net 1291517893: Recv: FriendList.GetTroopMemberList.Response[0m
[0m2021-01-04 19:36:10 V/Net 1291517893: Send: friendlist.GetTroopMemberListReq[0m
[0m2021-01-04 19:36:10 V/Net 1291517893: Recv: FriendList.GetTroopMemberList.Response[0m
[0m2021-01-04 19:36:10 V/Net 1291517893: Send: friendlist.GetTroopMemberListReq[0m
[0m2021-01-04 19:36:10 V/Net 1291517893: Recv: FriendList.GetTroopMemberList.Response[0m
[0m2021-01-04 19:36:11 V/Net 1291517893: Recv: FriendList.GetTroopMemberList.Response[0m
[92m2021-01-04 19:36:11 I/Net 1291517893: Successfully loaded group list: 5 in total.[0m
[92m2021-01-04 19:36:11 I/Net 1291517893: Awaiting ConfigPushSvc.PushReq.[0m
[92m2021-01-04 19:36:11 I/Net 1291517893: Syncing friend message history...[0m
[0m2021-01-04 19:36:11 V/Net 1291517893: Send: MessageSvc.PbGetMsg[0m
[0m2021-01-04 19:36:11 V/Net 1291517893: Send: MessageSvc.PbDeleteMsg[0m
[92m2021-01-04 19:36:11 I/Net 1291517893: Syncing friend message history: Success.[0m
[0m2021-01-04 19:36:13 V/Net 1291517893: Recv: ConfigPushSvc.PushReq.PushReqResponse.Success[0m
[0m2021-01-04 19:36:13 V/Net 1291517893: Send: ConfigPushSvc.PushResp[0m
[92m2021-01-04 19:36:13 I/Net 1291517893: ConfigPushSvc.PushReq: Success.[0m
[96m2021-01-04 19:36:13 D/Net 1291517893: Received unknown commandName: ConfigPushSvc.PushDomain[0m
[0m2021-01-04 19:36:13 V/Net 1291517893: Recv: ConfigPushSvc.PushReq.PushReqResponse.Success[0m
[0m2021-01-04 19:36:13 V/Net 1291517893: Send: ConfigPushSvc.PushResp[0m
